{ "timestamp":"2018-01-31T03:51:44Z", "event":"Fileheader", "part":1, "language":"English\\UK", "gameversion":"2.4", "build":"r160439/r0 " }
{ "timestamp":"2018-01-31T03:51:44Z", "event":"Music", "MusicTrack":"NoTrack" }
{ "timestamp":"2018-01-31T03:51:44Z", "event":"Music", "MusicTrack":"MainMenu" }
{ "timestamp":"2018-01-31T03:52:18Z", "event":"Friends", "Status":"Online", "Name":"Natalie Portman" }
{ "timestamp":"2018-01-31T03:52:18Z", "event":"Friends", "Status":"Online", "Name":"Klutz" }
{ "timestamp":"2018-01-31T03:52:18Z", "event":"Friends", "Status":"Online", "Name":"Aquafunkalisticbooty" }
{ "timestamp":"2018-01-31T03:52:18Z", "event":"Friends", "Status":"Online", "Name":"BlindiRL" }
{ "timestamp":"2018-01-31T03:52:42Z", "event":"Cargo", "Inventory":[  ] }
{ "timestamp":"2018-01-31T03:52:42Z", "event":"Loadout", "Ship":"Asp", "ShipID":1, "ShipName":"asp long runner", "ShipIdent":"bpe271", "Modules":[ { "Slot":"PaintJob", "Item":"PaintJob_Asp_Stripe1_04", "On":true, "Priority":1, "Health":1.000000, "Value":0 }, { "Slot":"Armour", "Item":"Asp_Armour_Grade1", "On":true, "Priority":1, "Health":1.000000, "Value":0 }, { "Slot":"PowerPlant", "Item":"Int_Powerplant_Size3_Class5", "On":true, "Priority":1, "Health":1.000000, "Value":507912 }, { "Slot":"MainEngines", "Item":"Int_Engine_Size4_Class2", "On":true, "Priority":0, "Health":1.000000, "Value":59633 }, { "Slot":"FrameShiftDrive", "Item":"Int_Hyperdrive_Size5_Class4", "On":true, "Priority":0, "Health":1.000000, "Value":1701318 }, { "Slot":"LifeSupport", "Item":"Int_LifeSupport_Size4_Class2", "On":true, "Priority":0, "Health":1.000000, "Value":28373 }, { "Slot":"PowerDistributor", "Item":"Int_PowerDistributor_Size1_Class2", "On":true, "Priority":0, "Health":1.000000, "Value":1293 }, { "Slot":"Radar", "Item":"Int_Sensors_Size5_Class2", "On":true, "Priority":0, "Health":1.000000, "Value":79444 }, { "Slot":"FuelTank", "Item":"Int_FuelTank_Size5_Class3", "On":true, "Priority":1, "Health":1.000000, "Value":97754 }, { "Slot":"Decal1", "Item":"Decal_Explorer_Starblazer", "On":true, "Priority":1, "Health":1.000000, "Value":0 }, { "Slot":"Decal2", "Item":"Decal_Explorer_Starblazer", "On":true, "Priority":1, "Health":1.000000, "Value":0 }, { "Slot":"Decal3", "Item":"Decal_Explorer_Starblazer", "On":true, "Priority":1, "Health":1.000000, "Value":0 }, { "Slot":"ShipName0", "Item":"Nameplate_Expedition02_Black", "On":true, "Priority":1, "Health":1.000000, "Value":0 }, { "Slot":"ShipName1", "Item":"Nameplate_Expedition02_Black", "On":true, "Priority":1, "Health":1.000000, "Value":0 }, { "Slot":"ShipID0", "Item":"Nameplate_ShipID_SingleLine_White", "On":true, "Priority":1, "Health":1.000000, "Value":0 }, { "Slot":"ShipID1", "Item":"Nameplate_ShipID_SingleLine_White", "On":true, "Priority":1, "Health":1.000000, "Value":0 }, { "Slot":"Slot01_Size6", "Item":"Int_FuelScoop_Size6_Class5", "On":true, "Priority":1, "Health":1.000000, "Value":28763610 }, { "Slot":"Slot02_Size5", "Item":"Int_ShieldGenerator_Size3_Class2", "On":true, "Priority":0, "Health":1.000000, "Value":18812 }, { "Slot":"Slot03_Size3", "Item":"Int_BuggyBay_Size2_Class2", "On":true, "Priority":1, "Health":1.000000, "Value":21600 }, { "Slot":"Slot04_Size3", "Item":"Int_Repairer_Size3_Class4", "On":false, "Priority":2, "AmmoInClip":4300, "Health":1.000000, "Value":874800 }, { "Slot":"Slot06_Size2", "Item":"Int_DetailedSurfaceScanner_Tiny", "On":true, "Priority":1, "Health":1.000000, "Value":250000 }, { "Slot":"Slot07_Size2", "Item":"Int_StellarBodyDiscoveryScanner_Advanced", "On":true, "Priority":1, "Health":1.000000, "Value":1545000 }, { "Slot":"PlanetaryApproachSuite", "Item":"Int_PlanetApproachSuite", "On":true, "Priority":1, "Health":1.000000, "Value":500 }, { "Slot":"ShipCockpit", "Item":"Asp_Cockpit", "On":true, "Priority":1, "Health":1.000000, "Value":0 }, { "Slot":"CargoHatch", "Item":"ModularCargoBayDoor", "On":false, "Priority":0, "Health":1.000000, "Value":0 } ] }
{ "timestamp":"2018-01-31T03:52:42Z", "event":"Materials", "Raw":[ { "Name":"nickel", "Count":115 }, { "Name":"vanadium", "Count":162 }, { "Name":"sulphur", "Count":69 }, { "Name":"iron", "Count":96 }, { "Name":"germanium", "Count":96 }, { "Name":"arsenic", "Count":66 }, { "Name":"polonium", "Count":15 }, { "Name":"molybdenum", "Count":66 }, { "Name":"tin", "Count":13 }, { "Name":"phosphorus", "Count":42 }, { "Name":"zinc", "Count":69 }, { "Name":"niobium", "Count":56 }, { "Name":"cadmium", "Count":63 }, { "Name":"zirconium", "Count":7 }, { "Name":"selenium", "Count":12 }, { "Name":"tungsten", "Count":3 }, { "Name":"yttrium", "Count":12 }, { "Name":"chromium", "Count":34 } ], "Manufactured":[  ], "Encoded":[ { "Name":"bulkscandata", "Count":7 }, { "Name":"wakesolutions", "Count":1 }, { "Name":"scrambledemissiondata", "Count":2 }, { "Name":"legacyfirmware", "Count":4 }, { "Name":"shielddensityreports", "Count":3 }, { "Name":"shieldcyclerecordings", "Count":9 }, { "Name":"disruptedwakeechoes", "Count":3 }, { "Name":"securityfirmware", "Count":1 }, { "Name":"fsdtelemetry", "Count":1 } ] }
{ "timestamp":"2018-01-31T03:52:42Z", "event":"LoadGame", "Commander":"JaredCrue", "Ship":"Asp", "ShipID":1, "ShipName":"asp long runner", "ShipIdent":"bpe271", "FuelLevel":32.000000, "FuelCapacity":32.000000, "GameMode":"Group", "Group":"FleetComm", "Credits":18126822, "Loan":0 }
{ "timestamp":"2018-01-31T03:52:42Z", "event":"Rank", "Combat":0, "Trade":2, "Explore":7, "Empire":0, "Federation":0, "CQC":0 }
{ "timestamp":"2018-01-31T03:52:42Z", "event":"Progress", "Combat":30, "Trade":67, "Explore":71, "Empire":100, "Federation":80, "CQC":0 }
{ "timestamp":"2018-01-31T03:52:54Z", "event":"Location", "Docked":false, "StarSystem":"Plipoe BP-R d4-2859", "StarPos":[-464.156,1457.469,27563.188], "SystemAllegiance":"", "SystemEconomy":"$economy_None;", "SystemEconomy_Localised":"None", "SystemGovernment":"$government_None;", "SystemGovernment_Localised":"None", "SystemSecurity":"$GAlAXY_MAP_INFO_state_anarchy;", "SystemSecurity_Localised":"Anarchy", "Population":0, "Body":"Plipoe BP-R d4-2859", "BodyType":"Star" }
{ "timestamp":"2018-01-31T03:52:54Z", "event":"Music", "MusicTrack":"NoTrack" }
{ "timestamp":"2018-01-31T03:52:54Z", "event":"Music", "MusicTrack":"Exploration" }
{ "timestamp":"2018-01-31T03:53:00Z", "event":"Music", "MusicTrack":"GalaxyMap" }
{ "timestamp":"2018-01-31T03:53:18Z", "event":"Music", "MusicTrack":"Exploration" }
{ "timestamp":"2018-01-31T03:53:31Z", "event":"Music", "MusicTrack":"SystemMap" }
{ "timestamp":"2018-01-31T03:53:41Z", "event":"Music", "MusicTrack":"Exploration" }
{ "timestamp":"2018-01-31T03:54:00Z", "event":"StartJump", "JumpType":"Hyperspace", "StarSystem":"Plipoe JQ-F c11-122", "StarClass":"G" }
{ "timestamp":"2018-01-31T03:54:06Z", "event":"Music", "MusicTrack":"NoTrack" }
{ "timestamp":"2018-01-31T03:54:19Z", "event":"FSDJump", "StarSystem":"Plipoe JQ-F c11-122", "StarPos":[-477.563,1445.938,27583.531], "SystemAllegiance":"", "SystemEconomy":"$economy_None;", "SystemEconomy_Localised":"None", "SystemGovernment":"$government_None;", "SystemGovernment_Localised":"None", "SystemSecurity":"$GAlAXY_MAP_INFO_state_anarchy;", "SystemSecurity_Localised":"Anarchy", "Population":0, "JumpDist":26.955, "FuelUsed":3.995125, "FuelLevel":28.004875 }
{ "timestamp":"2018-01-31T03:54:19Z", "event":"Music", "MusicTrack":"Supercruise" }
{ "timestamp":"2018-01-31T03:54:26Z", "event":"Friends", "Status":"Online", "Name":"Natalie Portman" }
{ "timestamp":"2018-01-31T03:54:26Z", "event":"Friends", "Status":"Online", "Name":"Klutz" }
{ "timestamp":"2018-01-31T03:54:26Z", "event":"Friends", "Status":"Online", "Name":"Aquafunkalisticbooty" }
{ "timestamp":"2018-01-31T03:54:26Z", "event":"Friends", "Status":"Online", "Name":"BlindiRL" }
{ "timestamp":"2018-01-31T03:54:27Z", "event":"Music", "MusicTrack":"SystemMap" }
{ "timestamp":"2018-01-31T03:54:32Z", "event":"Music", "MusicTrack":"Supercruise" }
{ "timestamp":"2018-01-31T03:54:41Z", "event":"Scan", "BodyName":"Plipoe JQ-F c11-122 A", "DistanceFromArrivalLS":0.000000, "StarType":"G", "StellarMass":0.816406, "Radius":662983296.000000, "AbsoluteMagnitude":5.130112, "Age_MY":10496, "SurfaceTemperature":5523.000000, "Luminosity":"Vab", "SemiMajorAxis":10268080865280.000000, "Eccentricity":0.109690, "OrbitalInclination":14.215250, "Periapsis":60.620087, "OrbitalPeriod":39835754496.000000, "RotationPeriod":331163.437500, "AxialTilt":0.000000, "Rings":[ { "Name":"Plipoe JQ-F c11-122 A A Belt", "RingClass":"eRingClass_MetalRich", "MassMT":3.3273e+13, "InnerRad":1.2223e+09, "OuterRad":2.2553e+09 } ] }
{ "timestamp":"2018-01-31T03:54:57Z", "event":"Music", "MusicTrack":"GalaxyMap" }
{ "timestamp":"2018-01-31T03:54:57Z", "event":"FuelScoop", "Scooped":3.995132, "Total":32.000000 }
{ "timestamp":"2018-01-31T03:55:09Z", "event":"Music", "MusicTrack":"Supercruise" }
{ "timestamp":"2018-01-31T03:55:14Z", "event":"Music", "MusicTrack":"SystemMap" }
{ "timestamp":"2018-01-31T03:55:18Z", "event":"Music", "MusicTrack":"Supercruise" }
{ "timestamp":"2018-01-31T03:55:34Z", "event":"StartJump", "JumpType":"Hyperspace", "StarSystem":"Plipoe EV-P d5-1845", "StarClass":"F" }
{ "timestamp":"2018-01-31T03:55:39Z", "event":"Music", "MusicTrack":"NoTrack" }
{ "timestamp":"2018-01-31T03:55:52Z", "event":"FSDJump", "StarSystem":"Plipoe EV-P d5-1845", "StarPos":[-483.125,1436.469,27607.719], "SystemAllegiance":"", "SystemEconomy":"$economy_None;", "SystemEconomy_Localised":"None", "SystemGovernment":"$government_None;", "SystemGovernment_Localised":"None", "SystemSecurity":"$GAlAXY_MAP_INFO_state_anarchy;", "SystemSecurity_Localised":"Anarchy", "Population":0, "JumpDist":26.564, "FuelUsed":3.854291, "FuelLevel":28.145710 }
{ "timestamp":"2018-01-31T03:55:53Z", "event":"Music", "MusicTrack":"Supercruise" }
{ "timestamp":"2018-01-31T03:56:01Z", "event":"Music", "MusicTrack":"SystemMap" }
{ "timestamp":"2018-01-31T03:56:02Z", "event":"Music", "MusicTrack":"Supercruise" }
{ "timestamp":"2018-01-31T03:56:14Z", "event":"Scan", "BodyName":"Plipoe EV-P d5-1845 A", "DistanceFromArrivalLS":0.000000, "StarType":"F", "StellarMass":1.199219, "Radius":739987520.000000, "AbsoluteMagnitude":4.275711, "Age_MY":1342, "SurfaceTemperature":6364.000000, "Luminosity":"Vb", "SemiMajorAxis":45123117056.000000, "Eccentricity":0.101555, "OrbitalInclination":16.396490, "Periapsis":353.738098, "OrbitalPeriod":27730850.000000, "RotationPeriod":438538.531250, "AxialTilt":0.000000 }
{ "timestamp":"2018-01-31T03:56:31Z", "event":"FuelScoop", "Scooped":3.854286, "Total":32.000000 }
{ "timestamp":"2018-01-31T03:56:34Z", "event":"Music", "MusicTrack":"SystemMap" }
{ "timestamp":"2018-01-31T03:56:35Z", "event":"Music", "MusicTrack":"Supercruise" }
{ "timestamp":"2018-01-31T03:56:40Z", "event":"FuelScoop", "Scooped":0.118344, "Total":31.488348 }
{ "timestamp":"2018-01-31T03:57:07Z", "event":"StartJump", "JumpType":"Hyperspace", "StarSystem":"Plipoe PX-U e2-4486", "StarClass":"A" }
{ "timestamp":"2018-01-31T03:57:13Z", "event":"Music", "MusicTrack":"NoTrack" }
{ "timestamp":"2018-01-31T03:57:26Z", "event":"FSDJump", "StarSystem":"Plipoe PX-U e2-4486", "StarPos":[-490.063,1421.906,27628.938], "SystemAllegiance":"", "SystemEconomy":"$economy_None;", "SystemEconomy_Localised":"None", "SystemGovernment":"$government_None;", "SystemGovernment_Localised":"None", "SystemSecurity":"$GAlAXY_MAP_INFO_state_anarchy;", "SystemSecurity_Localised":"Anarchy", "Population":0, "JumpDist":26.654, "FuelUsed":3.873354, "FuelLevel":27.614994 }
{ "timestamp":"2018-01-31T03:57:26Z", "event":"Music", "MusicTrack":"Supercruise" }
{ "timestamp":"2018-01-31T03:57:36Z", "event":"Music", "MusicTrack":"SystemMap" }
{ "timestamp":"2018-01-31T03:57:37Z", "event":"Music", "MusicTrack":"Supercruise" }
{ "timestamp":"2018-01-31T03:57:48Z", "event":"Scan", "BodyName":"Plipoe PX-U e2-4486", "DistanceFromArrivalLS":0.000000, "StarType":"A", "StellarMass":2.437500, "Radius":1182634368.000000, "AbsoluteMagnitude":1.455719, "Age_MY":30, "SurfaceTemperature":9635.000000, "Luminosity":"Vz", "RotationPeriod":61248.269531, "AxialTilt":0.000000 }
{ "timestamp":"2018-01-31T03:58:04Z", "event":"FuelScoop", "Scooped":4.385009, "Total":32.000000 }
{ "timestamp":"2018-01-31T03:58:11Z", "event":"Music", "MusicTrack":"SystemMap" }
{ "timestamp":"2018-01-31T03:58:12Z", "event":"Music", "MusicTrack":"Supercruise" }
{ "timestamp":"2018-01-31T03:58:33Z", "event":"StartJump", "JumpType":"Hyperspace", "StarSystem":"Plipoe NW-D c12-148", "StarClass":"M" }
{ "timestamp":"2018-01-31T03:58:39Z", "event":"Music", "MusicTrack":"NoTrack" }
{ "timestamp":"2018-01-31T03:58:52Z", "event":"FSDJump", "StarSystem":"Plipoe NW-D c12-148", "StarPos":[-498.313,1415.625,27653.781], "SystemAllegiance":"", "SystemEconomy":"$economy_None;", "SystemEconomy_Localised":"None", "SystemGovernment":"$government_None;", "SystemGovernment_Localised":"None", "SystemSecurity":"$GAlAXY_MAP_INFO_state_anarchy;", "SystemSecurity_Localised":"Anarchy", "Population":0, "JumpDist":26.921, "FuelUsed":3.982505, "FuelLevel":28.017494 }
{ "timestamp":"2018-01-31T03:58:52Z", "event":"Music", "MusicTrack":"Supercruise" }
{ "timestamp":"2018-01-31T03:59:00Z", "event":"Music", "MusicTrack":"SystemMap" }
{ "timestamp":"2018-01-31T03:59:02Z", "event":"Music", "MusicTrack":"Supercruise" }
{ "timestamp":"2018-01-31T03:59:14Z", "event":"Scan", "BodyName":"Plipoe NW-D c12-148", "DistanceFromArrivalLS":0.000000, "StarType":"M", "StellarMass":0.554688, "Radius":524617664.000000, "AbsoluteMagnitude":7.392822, "Age_MY":5770, "SurfaceTemperature":3688.000000, "Luminosity":"Va", "RotationPeriod":252813.203125, "AxialTilt":0.000000 }
