{ "timestamp":"2018-01-22T23:19:41Z", "event":"Fileheader", "part":1, "language":"English\\UK", "gameversion":"2.4", "build":"r160439/r0 " }
{ "timestamp":"2018-01-22T23:19:41Z", "event":"Music", "MusicTrack":"NoTrack" }
{ "timestamp":"2018-01-22T23:19:41Z", "event":"Music", "MusicTrack":"MainMenu" }
{ "timestamp":"2018-01-22T23:20:24Z", "event":"Friends", "Status":"Online", "Name":"Alex 'Alkhol' Hardin" }
{ "timestamp":"2018-01-22T23:20:24Z", "event":"Friends", "Status":"Online", "Name":"Arcanic" }
{ "timestamp":"2018-01-22T23:20:24Z", "event":"Friends", "Status":"Online", "Name":"Zhixian Wu" }
{ "timestamp":"2018-01-22T23:20:24Z", "event":"Friends", "Status":"Online", "Name":"Vegassimus" }
{ "timestamp":"2018-01-22T23:20:24Z", "event":"Friends", "Status":"Online", "Name":"Huskeer42" }
{ "timestamp":"2018-01-22T23:20:24Z", "event":"Friends", "Status":"Online", "Name":"is0kix" }
{ "timestamp":"2018-01-22T23:20:24Z", "event":"Friends", "Status":"Online", "Name":"Katie Chan" }
{ "timestamp":"2018-01-22T23:20:24Z", "event":"Friends", "Status":"Online", "Name":"KodiakWulfe" }
{ "timestamp":"2018-01-22T23:20:24Z", "event":"Friends", "Status":"Online", "Name":"Ragnar Starquester" }
{ "timestamp":"2018-01-22T23:20:33Z", "event":"Friends", "Status":"Online", "Name":"Alex 'Alkhol' Hardin" }
{ "timestamp":"2018-01-22T23:20:33Z", "event":"Friends", "Status":"Online", "Name":"Zhixian Wu" }
{ "timestamp":"2018-01-22T23:20:33Z", "event":"Friends", "Status":"Online", "Name":"Vegassimus" }
{ "timestamp":"2018-01-22T23:20:33Z", "event":"Friends", "Status":"Online", "Name":"Huskeer42" }
{ "timestamp":"2018-01-22T23:20:33Z", "event":"Friends", "Status":"Online", "Name":"is0kix" }
{ "timestamp":"2018-01-22T23:20:33Z", "event":"Friends", "Status":"Online", "Name":"Katie Chan" }
{ "timestamp":"2018-01-22T23:20:33Z", "event":"Friends", "Status":"Online", "Name":"KodiakWulfe" }
{ "timestamp":"2018-01-22T23:20:33Z", "event":"Friends", "Status":"Online", "Name":"Ragnar Starquester" }
{ "timestamp":"2018-01-22T23:20:34Z", "event":"Cargo", "Inventory":[  ] }
{ "timestamp":"2018-01-22T23:20:34Z", "event":"Loadout", "Ship":"Asp", "ShipID":1, "ShipName":"asp long runner", "ShipIdent":"bpe271", "Modules":[ { "Slot":"PaintJob", "Item":"PaintJob_Asp_Stripe1_04", "On":true, "Priority":1, "Health":1.000000, "Value":0 }, { "Slot":"Armour", "Item":"Asp_Armour_Grade1", "On":true, "Priority":1, "Health":1.000000, "Value":0 }, { "Slot":"PowerPlant", "Item":"Int_Powerplant_Size3_Class5", "On":true, "Priority":1, "Health":1.000000, "Value":507912 }, { "Slot":"MainEngines", "Item":"Int_Engine_Size4_Class2", "On":true, "Priority":0, "Health":1.000000, "Value":59633 }, { "Slot":"FrameShiftDrive", "Item":"Int_Hyperdrive_Size5_Class4", "On":true, "Priority":0, "Health":1.000000, "Value":1701318 }, { "Slot":"LifeSupport", "Item":"Int_LifeSupport_Size4_Class2", "On":true, "Priority":0, "Health":1.000000, "Value":28373 }, { "Slot":"PowerDistributor", "Item":"Int_PowerDistributor_Size1_Class2", "On":true, "Priority":0, "Health":1.000000, "Value":1293 }, { "Slot":"Radar", "Item":"Int_Sensors_Size5_Class2", "On":true, "Priority":0, "Health":1.000000, "Value":79444 }, { "Slot":"FuelTank", "Item":"Int_FuelTank_Size5_Class3", "On":true, "Priority":1, "Health":1.000000, "Value":97754 }, { "Slot":"Decal1", "Item":"Decal_Explorer_Starblazer", "On":true, "Priority":1, "Health":1.000000, "Value":0 }, { "Slot":"Decal2", "Item":"Decal_Explorer_Starblazer", "On":true, "Priority":1, "Health":1.000000, "Value":0 }, { "Slot":"Decal3", "Item":"Decal_Explorer_Starblazer", "On":true, "Priority":1, "Health":1.000000, "Value":0 }, { "Slot":"ShipName0", "Item":"Nameplate_Expedition02_Black", "On":true, "Priority":1, "Health":1.000000, "Value":0 }, { "Slot":"ShipName1", "Item":"Nameplate_Expedition02_Black", "On":true, "Priority":1, "Health":1.000000, "Value":0 }, { "Slot":"ShipID0", "Item":"Nameplate_ShipID_SingleLine_White", "On":true, "Priority":1, "Health":1.000000, "Value":0 }, { "Slot":"ShipID1", "Item":"Nameplate_ShipID_SingleLine_White", "On":true, "Priority":1, "Health":1.000000, "Value":0 }, { "Slot":"Slot01_Size6", "Item":"Int_FuelScoop_Size6_Class5", "On":true, "Priority":1, "Health":1.000000, "Value":28763610 }, { "Slot":"Slot02_Size5", "Item":"Int_ShieldGenerator_Size3_Class2", "On":true, "Priority":0, "Health":1.000000, "Value":18812 }, { "Slot":"Slot03_Size3", "Item":"Int_BuggyBay_Size2_Class2", "On":true, "Priority":1, "Health":1.000000, "Value":21600 }, { "Slot":"Slot04_Size3", "Item":"Int_Repairer_Size3_Class4", "On":false, "Priority":2, "AmmoInClip":4300, "Health":1.000000, "Value":874800 }, { "Slot":"Slot06_Size2", "Item":"Int_DetailedSurfaceScanner_Tiny", "On":true, "Priority":1, "Health":1.000000, "Value":250000 }, { "Slot":"Slot07_Size2", "Item":"Int_StellarBodyDiscoveryScanner_Advanced", "On":true, "Priority":1, "Health":1.000000, "Value":1545000 }, { "Slot":"PlanetaryApproachSuite", "Item":"Int_PlanetApproachSuite", "On":true, "Priority":1, "Health":1.000000, "Value":500 }, { "Slot":"ShipCockpit", "Item":"Asp_Cockpit", "On":true, "Priority":1, "Health":1.000000, "Value":0 }, { "Slot":"CargoHatch", "Item":"ModularCargoBayDoor", "On":false, "Priority":0, "Health":1.000000, "Value":0 } ] }
{ "timestamp":"2018-01-22T23:20:34Z", "event":"Materials", "Raw":[ { "Name":"nickel", "Count":115 }, { "Name":"vanadium", "Count":162 }, { "Name":"sulphur", "Count":70 }, { "Name":"iron", "Count":96 }, { "Name":"germanium", "Count":96 }, { "Name":"arsenic", "Count":66 }, { "Name":"polonium", "Count":15 }, { "Name":"molybdenum", "Count":66 }, { "Name":"tin", "Count":13 }, { "Name":"phosphorus", "Count":43 }, { "Name":"zinc", "Count":69 }, { "Name":"niobium", "Count":56 }, { "Name":"cadmium", "Count":63 }, { "Name":"zirconium", "Count":7 }, { "Name":"selenium", "Count":12 }, { "Name":"tungsten", "Count":3 }, { "Name":"yttrium", "Count":12 }, { "Name":"chromium", "Count":34 } ], "Manufactured":[  ], "Encoded":[ { "Name":"bulkscandata", "Count":7 }, { "Name":"wakesolutions", "Count":1 }, { "Name":"scrambledemissiondata", "Count":2 }, { "Name":"legacyfirmware", "Count":4 }, { "Name":"shielddensityreports", "Count":3 }, { "Name":"shieldcyclerecordings", "Count":9 }, { "Name":"disruptedwakeechoes", "Count":3 }, { "Name":"securityfirmware", "Count":1 }, { "Name":"fsdtelemetry", "Count":1 } ] }
{ "timestamp":"2018-01-22T23:20:34Z", "event":"LoadGame", "Commander":"JaredCrue", "Ship":"Asp", "ShipID":1, "ShipName":"asp long runner", "ShipIdent":"bpe271", "FuelLevel":23.540724, "FuelCapacity":32.000000, "GameMode":"Group", "Group":"FleetComm", "Credits":18126822, "Loan":0 }
{ "timestamp":"2018-01-22T23:20:34Z", "event":"Rank", "Combat":0, "Trade":2, "Explore":7, "Empire":0, "Federation":0, "CQC":0 }
{ "timestamp":"2018-01-22T23:20:34Z", "event":"Progress", "Combat":30, "Trade":67, "Explore":71, "Empire":100, "Federation":80, "CQC":0 }
{ "timestamp":"2018-01-22T23:20:58Z", "event":"Location", "Docked":false, "StarSystem":"Dryoea Pra NK-C d14-4349", "StarPos":[-4454.938,-1377.375,21920.438], "SystemAllegiance":"", "SystemEconomy":"$economy_None;", "SystemEconomy_Localised":"None", "SystemGovernment":"$government_None;", "SystemGovernment_Localised":"None", "SystemSecurity":"$GAlAXY_MAP_INFO_state_anarchy;", "SystemSecurity_Localised":"Anarchy", "Population":0, "Body":"Dryoea Pra NK-C d14-4349", "BodyType":"Star" }
{ "timestamp":"2018-01-22T23:20:59Z", "event":"Music", "MusicTrack":"NoTrack" }
{ "timestamp":"2018-01-22T23:20:59Z", "event":"Music", "MusicTrack":"Exploration" }
{ "timestamp":"2018-01-22T23:21:14Z", "event":"Music", "MusicTrack":"GalaxyMap" }
{ "timestamp":"2018-01-22T23:21:57Z", "event":"Music", "MusicTrack":"Exploration" }
{ "timestamp":"2018-01-22T23:25:07Z", "event":"StartJump", "JumpType":"Hyperspace", "StarSystem":"Dryoea Pra AV-E c28-173", "StarClass":"K" }
{ "timestamp":"2018-01-22T23:25:13Z", "event":"Music", "MusicTrack":"NoTrack" }
{ "timestamp":"2018-01-22T23:25:26Z", "event":"FSDJump", "StarSystem":"Dryoea Pra AV-E c28-173", "StarPos":[-4429.938,-1370.563,21927.219], "SystemAllegiance":"", "SystemEconomy":"$economy_None;", "SystemEconomy_Localised":"None", "SystemGovernment":"$government_None;", "SystemGovernment_Localised":"None", "SystemSecurity":"$GAlAXY_MAP_INFO_state_anarchy;", "SystemSecurity_Localised":"Anarchy", "Population":0, "JumpDist":26.784, "FuelUsed":3.719206, "FuelLevel":19.821518 }
{ "timestamp":"2018-01-22T23:25:26Z", "event":"Music", "MusicTrack":"Supercruise" }
{ "timestamp":"2018-01-22T23:25:35Z", "event":"Music", "MusicTrack":"SystemMap" }
{ "timestamp":"2018-01-22T23:25:42Z", "event":"Music", "MusicTrack":"Supercruise" }
{ "timestamp":"2018-01-22T23:25:48Z", "event":"Scan", "BodyName":"Dryoea Pra AV-E c28-173 A", "DistanceFromArrivalLS":0.000000, "StarType":"K", "StellarMass":0.640625, "Radius":515660768.000000, "AbsoluteMagnitude":6.797760, "Age_MY":8880, "SurfaceTemperature":4266.000000, "Luminosity":"Va", "SemiMajorAxis":14945950367744.000000, "Eccentricity":0.354750, "OrbitalInclination":-30.312159, "Periapsis":10.511405, "OrbitalPeriod":122104422400.000000, "RotationPeriod":234087.203125, "AxialTilt":0.000000 }
{ "timestamp":"2018-01-22T23:26:15Z", "event":"Music", "MusicTrack":"SystemMap" }
{ "timestamp":"2018-01-22T23:26:16Z", "event":"Music", "MusicTrack":"Supercruise" }
{ "timestamp":"2018-01-22T23:26:31Z", "event":"FuelScoop", "Scooped":5.010413, "Total":24.831930 }
{ "timestamp":"2018-01-22T23:26:36Z", "event":"FuelScoop", "Scooped":5.008192, "Total":29.840149 }
{ "timestamp":"2018-01-22T23:26:41Z", "event":"FuelScoop", "Scooped":2.159854, "Total":32.000000 }
{ "timestamp":"2018-01-22T23:27:04Z", "event":"Friends", "Status":"Online", "Name":"Leigh Fury" }
{ "timestamp":"2018-01-22T23:27:07Z", "event":"StartJump", "JumpType":"Hyperspace", "StarSystem":"Dryoea Pra NK-C d14-3952", "StarClass":"F" }
{ "timestamp":"2018-01-22T23:27:12Z", "event":"Music", "MusicTrack":"NoTrack" }
{ "timestamp":"2018-01-22T23:27:26Z", "event":"FSDJump", "StarSystem":"Dryoea Pra NK-C d14-3952", "StarPos":[-4404.969,-1363.813,21934.031], "SystemAllegiance":"", "SystemEconomy":"$economy_None;", "SystemEconomy_Localised":"None", "SystemGovernment":"$government_None;", "SystemGovernment_Localised":"None", "SystemSecurity":"$GAlAXY_MAP_INFO_state_anarchy;", "SystemSecurity_Localised":"Anarchy", "Population":0, "JumpDist":26.747, "FuelUsed":3.919688, "FuelLevel":28.080311 }
{ "timestamp":"2018-01-22T23:27:26Z", "event":"Music", "MusicTrack":"Supercruise" }
{ "timestamp":"2018-01-22T23:27:37Z", "event":"Music", "MusicTrack":"SystemMap" }
{ "timestamp":"2018-01-22T23:27:38Z", "event":"Music", "MusicTrack":"Supercruise" }
{ "timestamp":"2018-01-22T23:27:49Z", "event":"Scan", "BodyName":"Dryoea Pra NK-C d14-3952 A", "DistanceFromArrivalLS":0.000000, "StarType":"F", "StellarMass":1.285156, "Radius":885548416.000000, "AbsoluteMagnitude":3.997009, "Age_MY":1262, "SurfaceTemperature":6203.000000, "Luminosity":"Vab", "SemiMajorAxis":6616529764352.000000, "Eccentricity":0.083540, "OrbitalInclination":-50.341904, "Periapsis":18.350113, "OrbitalPeriod":57158180864.000000, "RotationPeriod":479696.687500, "AxialTilt":0.000000 }
{ "timestamp":"2018-01-22T23:28:05Z", "event":"FuelScoop", "Scooped":3.919695, "Total":32.000000 }
{ "timestamp":"2018-01-22T23:28:21Z", "event":"Music", "MusicTrack":"GalaxyMap" }
{ "timestamp":"2018-01-22T23:28:32Z", "event":"Music", "MusicTrack":"Supercruise" }
{ "timestamp":"2018-01-22T23:28:49Z", "event":"StartJump", "JumpType":"Hyperspace", "StarSystem":"Dryoea Pra OK-C d14-973", "StarClass":"N" }
{ "timestamp":"2018-01-22T23:28:54Z", "event":"Music", "MusicTrack":"NoTrack" }
{ "timestamp":"2018-01-22T23:29:07Z", "event":"FSDJump", "StarSystem":"Dryoea Pra OK-C d14-973", "StarPos":[-4378.906,-1362.000,21939.313], "SystemAllegiance":"", "SystemEconomy":"$economy_None;", "SystemEconomy_Localised":"None", "SystemGovernment":"$government_None;", "SystemGovernment_Localised":"None", "SystemSecurity":"$GAlAXY_MAP_INFO_state_anarchy;", "SystemSecurity_Localised":"Anarchy", "Population":0, "JumpDist":26.654, "FuelUsed":3.886567, "FuelLevel":28.113434 }
{ "timestamp":"2018-01-22T23:29:08Z", "event":"Music", "MusicTrack":"Supercruise" }
{ "timestamp":"2018-01-22T23:29:17Z", "event":"Music", "MusicTrack":"SystemMap" }
{ "timestamp":"2018-01-22T23:29:18Z", "event":"Music", "MusicTrack":"Supercruise" }
{ "timestamp":"2018-01-22T23:29:27Z", "event":"Scan", "BodyName":"Dryoea Pra OK-C d14-973 A", "DistanceFromArrivalLS":0.000000, "StarType":"N", "StellarMass":0.796875, "Radius":10800.781250, "AbsoluteMagnitude":4.330994, "Age_MY":7168, "SurfaceTemperature":4982168.000000, "Luminosity":"VII", "SemiMajorAxis":739936567296.000000, "Eccentricity":0.187575, "OrbitalInclination":-71.013977, "Periapsis":144.798767, "OrbitalPeriod":1728853760.000000, "RotationPeriod":1.301002, "AxialTilt":0.000000 }
{ "timestamp":"2018-01-22T23:29:33Z", "event":"Music", "MusicTrack":"SystemMap" }
{ "timestamp":"2018-01-22T23:29:34Z", "event":"Music", "MusicTrack":"Supercruise" }
{ "timestamp":"2018-01-22T23:30:06Z", "event":"StartJump", "JumpType":"Hyperspace", "StarSystem":"Dryoea Pra OK-C d14-3251", "StarClass":"G" }
{ "timestamp":"2018-01-22T23:30:11Z", "event":"Music", "MusicTrack":"NoTrack" }
{ "timestamp":"2018-01-22T23:30:24Z", "event":"FSDJump", "StarSystem":"Dryoea Pra OK-C d14-3251", "StarPos":[-4352.281,-1365.719,21942.250], "SystemAllegiance":"", "SystemEconomy":"$economy_None;", "SystemEconomy_Localised":"None", "SystemGovernment":"$government_None;", "SystemGovernment_Localised":"None", "SystemSecurity":"$GAlAXY_MAP_INFO_state_anarchy;", "SystemSecurity_Localised":"Anarchy", "Population":0, "JumpDist":27.043, "FuelUsed":3.925683, "FuelLevel":24.187750 }
{ "timestamp":"2018-01-22T23:30:25Z", "event":"Music", "MusicTrack":"Supercruise" }
{ "timestamp":"2018-01-22T23:30:33Z", "event":"Music", "MusicTrack":"SystemMap" }
{ "timestamp":"2018-01-22T23:30:46Z", "event":"Scan", "BodyName":"Dryoea Pra OK-C d14-3251", "DistanceFromArrivalLS":0.000000, "StarType":"G", "StellarMass":0.984375, "Radius":698365312.000000, "AbsoluteMagnitude":4.933792, "Age_MY":8670, "SurfaceTemperature":5630.000000, "Luminosity":"Vab", "RotationPeriod":304864.281250, "AxialTilt":0.000000 }
{ "timestamp":"2018-01-22T23:30:52Z", "event":"Music", "MusicTrack":"Supercruise" }
{ "timestamp":"2018-01-22T23:31:08Z", "event":"FuelScoop", "Scooped":5.006319, "Total":29.194073 }
{ "timestamp":"2018-01-22T23:31:11Z", "event":"FuelScoop", "Scooped":2.805928, "Total":32.000000 }
{ "timestamp":"2018-01-22T23:31:40Z", "event":"Music", "MusicTrack":"GalaxyMap" }
{ "timestamp":"2018-01-22T23:31:59Z", "event":"Music", "MusicTrack":"Supercruise" }
{ "timestamp":"2018-01-22T23:32:37Z", "event":"Scan", "BodyName":"Dryoea Pra OK-C d14-3251 1", "DistanceFromArrivalLS":351.065155, "TidalLock":true, "TerraformState":"", "PlanetClass":"High metal content body", "Atmosphere":"hot thick carbon dioxide atmosphere", "AtmosphereType":"CarbonDioxide", "AtmosphereComposition":[ { "Name":"CarbonDioxide", "Percent":98.960510 }, { "Name":"SulphurDioxide", "Percent":1.039376 } ], "Volcanism":"", "MassEM":0.566020, "Radius":5102763.000000, "SurfaceGravity":8.664244, "SurfaceTemperature":818.390747, "SurfacePressure":8045069.500000, "Landable":false, "SemiMajorAxis":119313512.000000, "Eccentricity":0.141634, "OrbitalInclination":6.551993, "Periapsis":286.927734, "OrbitalPeriod":1834236.500000, "RotationPeriod":2976275.250000, "AxialTilt":0.685154 }
{ "timestamp":"2018-01-22T23:32:49Z", "event":"Music", "MusicTrack":"SystemMap" }
{ "timestamp":"2018-01-22T23:32:52Z", "event":"Music", "MusicTrack":"Supercruise" }
{ "timestamp":"2018-01-22T23:33:05Z", "event":"Music", "MusicTrack":"SystemMap" }
{ "timestamp":"2018-01-22T23:33:06Z", "event":"Music", "MusicTrack":"Supercruise" }
{ "timestamp":"2018-01-22T23:33:16Z", "event":"Scan", "BodyName":"Dryoea Pra OK-C d14-3251 2", "DistanceFromArrivalLS":352.144653, "TidalLock":false, "TerraformState":"", "PlanetClass":"High metal content body", "Atmosphere":"carbon dioxide atmosphere", "AtmosphereType":"CarbonDioxide", "AtmosphereComposition":[ { "Name":"CarbonDioxide", "Percent":98.989784 }, { "Name":"SulphurDioxide", "Percent":0.989898 } ], "Volcanism":"", "MassEM":0.346634, "Radius":4404760.000000, "SurfaceGravity":7.120909, "SurfaceTemperature":471.270477, "SurfacePressure":73352.843750, "Landable":false, "SemiMajorAxis":194827904.000000, "Eccentricity":0.141634, "OrbitalInclination":6.551993, "Periapsis":106.927719, "OrbitalPeriod":1834236.500000, "RotationPeriod":1552748.000000, "AxialTilt":-0.386547 }
{ "timestamp":"2018-01-22T23:33:17Z", "event":"Music", "MusicTrack":"SystemMap" }
{ "timestamp":"2018-01-22T23:33:24Z", "event":"Music", "MusicTrack":"Supercruise" }
{ "timestamp":"2018-01-22T23:35:27Z", "event":"Scan", "BodyName":"Dryoea Pra OK-C d14-3251 3", "DistanceFromArrivalLS":667.740051, "TidalLock":false, "TerraformState":"Terraformable", "PlanetClass":"Water world", "Atmosphere":"carbon dioxide rich atmosphere", "AtmosphereType":"CarbonDioxideRich", "AtmosphereComposition":[ { "Name":"Oxygen", "Percent":93.712646 }, { "Name":"CarbonDioxide", "Percent":6.225105 }, { "Name":"SulphurDioxide", "Percent":0.062251 } ], "Volcanism":"", "MassEM":0.168029, "Radius":3510980.500000, "SurfaceGravity":5.432971, "SurfaceTemperature":252.096542, "SurfacePressure":15958.816406, "Landable":false, "SemiMajorAxis":200185741312.000000, "Eccentricity":0.000014, "OrbitalInclination":-0.000455, "Periapsis":213.071518, "OrbitalPeriod":49231780.000000, "RotationPeriod":146105.937500, "AxialTilt":0.357426 }
{ "timestamp":"2018-01-22T23:35:29Z", "event":"Music", "MusicTrack":"SystemMap" }
{ "timestamp":"2018-01-22T23:35:30Z", "event":"Music", "MusicTrack":"Supercruise" }
{ "timestamp":"2018-01-22T23:35:33Z", "event":"Music", "MusicTrack":"SystemMap" }
{ "timestamp":"2018-01-22T23:35:35Z", "event":"Music", "MusicTrack":"Supercruise" }
{ "timestamp":"2018-01-22T23:36:08Z", "event":"StartJump", "JumpType":"Hyperspace", "StarSystem":"Dryoea Pra HB-D c29-241", "StarClass":"G" }
{ "timestamp":"2018-01-22T23:36:14Z", "event":"Music", "MusicTrack":"NoTrack" }
{ "timestamp":"2018-01-22T23:36:27Z", "event":"FSDJump", "StarSystem":"Dryoea Pra HB-D c29-241", "StarPos":[-4327.688,-1359.563,21948.938], "SystemAllegiance":"", "SystemEconomy":"$economy_None;", "SystemEconomy_Localised":"None", "SystemGovernment":"$government_None;", "SystemGovernment_Localised":"None", "SystemSecurity":"$GAlAXY_MAP_INFO_state_anarchy;", "SystemSecurity_Localised":"Anarchy", "Population":0, "JumpDist":26.220, "FuelUsed":3.733374, "FuelLevel":28.266626 }
{ "timestamp":"2018-01-22T23:36:27Z", "event":"Music", "MusicTrack":"Supercruise" }
{ "timestamp":"2018-01-22T23:36:51Z", "event":"Scan", "BodyName":"Dryoea Pra HB-D c29-241 A", "DistanceFromArrivalLS":0.000000, "StarType":"G", "StellarMass":0.773438, "Radius":535590976.000000, "AbsoluteMagnitude":5.773438, "Age_MY":11684, "SurfaceTemperature":5299.000000, "Luminosity":"Vab", "SemiMajorAxis":587385077760.000000, "Eccentricity":0.121892, "OrbitalInclination":-10.671043, "Periapsis":34.251221, "OrbitalPeriod":1106229248.000000, "RotationPeriod":313582.281250, "AxialTilt":0.000000 }
{ "timestamp":"2018-01-22T23:36:56Z", "event":"Music", "MusicTrack":"SystemMap" }
{ "timestamp":"2018-01-22T23:36:58Z", "event":"Music", "MusicTrack":"Supercruise" }
{ "timestamp":"2018-01-22T23:37:13Z", "event":"FuelScoop", "Scooped":3.733400, "Total":32.000000 }
{ "timestamp":"2018-01-22T23:37:52Z", "event":"StartJump", "JumpType":"Hyperspace", "StarSystem":"Dryoea Pra PK-C d14-3445", "StarClass":"N" }
{ "timestamp":"2018-01-22T23:37:57Z", "event":"Music", "MusicTrack":"NoTrack" }
{ "timestamp":"2018-01-22T23:38:11Z", "event":"FSDJump", "StarSystem":"Dryoea Pra PK-C d14-3445", "StarPos":[-4302.219,-1355.781,21957.063], "SystemAllegiance":"", "SystemEconomy":"$economy_None;", "SystemEconomy_Localised":"None", "SystemGovernment":"$government_None;", "SystemGovernment_Localised":"None", "SystemSecurity":"$GAlAXY_MAP_INFO_state_anarchy;", "SystemSecurity_Localised":"Anarchy", "Population":0, "JumpDist":26.999, "FuelUsed":4.010990, "FuelLevel":27.989010 }
{ "timestamp":"2018-01-22T23:38:11Z", "event":"Music", "MusicTrack":"Supercruise" }
{ "timestamp":"2018-01-22T23:38:21Z", "event":"Music", "MusicTrack":"SystemMap" }
{ "timestamp":"2018-01-22T23:38:22Z", "event":"Music", "MusicTrack":"Supercruise" }
{ "timestamp":"2018-01-22T23:38:30Z", "event":"Scan", "BodyName":"Dryoea Pra PK-C d14-3445 A", "DistanceFromArrivalLS":0.000000, "StarType":"N", "StellarMass":0.683594, "Radius":11425.781250, "AbsoluteMagnitude":4.727066, "Age_MY":13060, "SurfaceTemperature":1475517.000000, "Luminosity":"VII", "SemiMajorAxis":1322826203136.000000, "Eccentricity":0.188542, "OrbitalInclination":-30.167446, "Periapsis":235.018280, "OrbitalPeriod":2505597952.000000, "RotationPeriod":1.277230, "AxialTilt":0.000000 }
{ "timestamp":"2018-01-22T23:39:22Z", "event":"StartJump", "JumpType":"Hyperspace", "StarSystem":"Dryoea Pra TN-E b59-5", "StarClass":"M" }
{ "timestamp":"2018-01-22T23:39:27Z", "event":"Music", "MusicTrack":"NoTrack" }
{ "timestamp":"2018-01-22T23:39:41Z", "event":"FSDJump", "StarSystem":"Dryoea Pra TN-E b59-5", "StarPos":[-4275.500,-1354.250,21959.500], "SystemAllegiance":"", "SystemEconomy":"$economy_None;", "SystemEconomy_Localised":"None", "SystemGovernment":"$government_None;", "SystemGovernment_Localised":"None", "SystemSecurity":"$GAlAXY_MAP_INFO_state_anarchy;", "SystemSecurity_Localised":"Anarchy", "Population":0, "JumpDist":26.873, "FuelUsed":3.862286, "FuelLevel":24.126724 }
{ "timestamp":"2018-01-22T23:39:41Z", "event":"Music", "MusicTrack":"Supercruise" }
{ "timestamp":"2018-01-22T23:39:51Z", "event":"Music", "MusicTrack":"SystemMap" }
{ "timestamp":"2018-01-22T23:39:52Z", "event":"Music", "MusicTrack":"Supercruise" }
{ "timestamp":"2018-01-22T23:40:03Z", "event":"Scan", "BodyName":"Dryoea Pra TN-E b59-5 A", "DistanceFromArrivalLS":0.000000, "StarType":"M", "StellarMass":0.199219, "Radius":277474080.000000, "AbsoluteMagnitude":10.833008, "Age_MY":1946, "SurfaceTemperature":2297.000000, "Luminosity":"Va", "SemiMajorAxis":13897166749696.000000, "Eccentricity":0.142958, "OrbitalInclination":45.942871, "Periapsis":39.154156, "OrbitalPeriod":408440307712.000000, "RotationPeriod":130888.703125, "AxialTilt":0.000000 }
{ "timestamp":"2018-01-22T23:40:25Z", "event":"FuelScoop", "Scooped":5.003351, "Total":29.130087 }
{ "timestamp":"2018-01-22T23:40:29Z", "event":"FuelScoop", "Scooped":1.742588, "Total":30.872663 }
{ "timestamp":"2018-01-22T23:40:51Z", "event":"StartJump", "JumpType":"Hyperspace", "StarSystem":"Dryoea Pra JB-D c29-250", "StarClass":"K" }
{ "timestamp":"2018-01-22T23:40:57Z", "event":"Music", "MusicTrack":"NoTrack" }
{ "timestamp":"2018-01-22T23:41:10Z", "event":"FSDJump", "StarSystem":"Dryoea Pra JB-D c29-250", "StarPos":[-4249.375,-1353.719,21964.531], "SystemAllegiance":"", "SystemEconomy":"$economy_None;", "SystemEconomy_Localised":"None", "SystemGovernment":"$government_None;", "SystemGovernment_Localised":"None", "SystemSecurity":"$GAlAXY_MAP_INFO_state_anarchy;", "SystemSecurity_Localised":"Anarchy", "Population":0, "JumpDist":26.610, "FuelUsed":3.842559, "FuelLevel":27.030104 }
{ "timestamp":"2018-01-22T23:41:10Z", "event":"Music", "MusicTrack":"Supercruise" }
{ "timestamp":"2018-01-22T23:41:21Z", "event":"Music", "MusicTrack":"SystemMap" }
{ "timestamp":"2018-01-22T23:41:24Z", "event":"Music", "MusicTrack":"Supercruise" }
{ "timestamp":"2018-01-22T23:41:32Z", "event":"Scan", "BodyName":"Dryoea Pra JB-D c29-250 A", "DistanceFromArrivalLS":0.000000, "StarType":"K", "StellarMass":0.488281, "Radius":485075584.000000, "AbsoluteMagnitude":7.322449, "Age_MY":10952, "SurfaceTemperature":3898.000000, "Luminosity":"Va", "SemiMajorAxis":5672897347584.000000, "Eccentricity":0.301754, "OrbitalInclination":5.174250, "Periapsis":252.508728, "OrbitalPeriod":52027678720.000000, "RotationPeriod":204403.687500, "AxialTilt":0.000000 }
{ "timestamp":"2018-01-22T23:41:48Z", "event":"FuelScoop", "Scooped":4.969911, "Total":32.000000 }
{ "timestamp":"2018-01-22T23:42:15Z", "event":"StartJump", "JumpType":"Hyperspace", "StarSystem":"Dryoea Pra KB-D c29-223", "StarClass":"K" }
{ "timestamp":"2018-01-22T23:42:20Z", "event":"Music", "MusicTrack":"NoTrack" }
{ "timestamp":"2018-01-22T23:42:34Z", "event":"FSDJump", "StarSystem":"Dryoea Pra KB-D c29-223", "StarPos":[-4222.813,-1354.875,21969.875], "SystemAllegiance":"", "SystemEconomy":"$economy_None;", "SystemEconomy_Localised":"None", "SystemGovernment":"$government_None;", "SystemGovernment_Localised":"None", "SystemSecurity":"$GAlAXY_MAP_INFO_state_anarchy;", "SystemSecurity_Localised":"Anarchy", "Population":0, "JumpDist":27.119, "FuelUsed":4.055006, "FuelLevel":27.944994 }
{ "timestamp":"2018-01-22T23:42:34Z", "event":"Music", "MusicTrack":"Supercruise" }
{ "timestamp":"2018-01-22T23:42:47Z", "event":"Music", "MusicTrack":"SystemMap" }
{ "timestamp":"2018-01-22T23:42:55Z", "event":"Music", "MusicTrack":"Supercruise" }
{ "timestamp":"2018-01-22T23:42:57Z", "event":"Scan", "BodyName":"Dryoea Pra KB-D c29-223", "DistanceFromArrivalLS":0.000000, "StarType":"K", "StellarMass":0.859375, "Radius":591009408.000000, "AbsoluteMagnitude":5.797165, "Age_MY":1580, "SurfaceTemperature":5017.000000, "Luminosity":"Vab", "RotationPeriod":335194.437500, "AxialTilt":0.000000, "Rings":[ { "Name":"Dryoea Pra KB-D c29-223 A Belt", "RingClass":"eRingClass_Rocky", "MassMT":1.6096e+13, "InnerRad":9.7517e+08, "OuterRad":2.4786e+09 }, { "Name":"Dryoea Pra KB-D c29-223 B Belt", "RingClass":"eRingClass_Rocky", "MassMT":4.9682e+14, "InnerRad":2.806e+09, "OuterRad":4.2297e+11 } ] }
{ "timestamp":"2018-01-22T23:43:16Z", "event":"FuelScoop", "Scooped":4.054994, "Total":32.000000 }
{ "timestamp":"2018-01-22T23:43:46Z", "event":"StartJump", "JumpType":"Hyperspace", "StarSystem":"Dryoea Pra QK-C d14-964", "StarClass":"F" }
{ "timestamp":"2018-01-22T23:43:51Z", "event":"Music", "MusicTrack":"NoTrack" }
{ "timestamp":"2018-01-22T23:44:25Z", "event":"Music", "MusicTrack":"MainMenu" }
