{ "timestamp":"2018-03-31T02:07:39Z", "event":"Fileheader", "part":1, "language":"English\\UK", "gameversion":"3.0.5.402 EDH", "build":"r168330/r0 " }
{ "timestamp":"2018-03-31T02:07:39Z", "event":"Music", "MusicTrack":"NoTrack" }
{ "timestamp":"2018-03-31T02:07:39Z", "event":"Music", "MusicTrack":"MainMenu" }
{ "timestamp":"2018-03-31T02:08:14Z", "event":"Friends", "Status":"Online", "Name":"Zhixian Wu" }
{ "timestamp":"2018-03-31T02:08:14Z", "event":"Friends", "Status":"Online", "Name":"John Allbright" }
{ "timestamp":"2018-03-31T02:08:14Z", "event":"Friends", "Status":"Online", "Name":"omicrontheta" }
{ "timestamp":"2018-03-31T02:08:14Z", "event":"Friends", "Status":"Online", "Name":"Steyla" }
{ "timestamp":"2018-03-31T02:08:24Z", "event":"Commander", "Name":"JaredCrue" }
{ "timestamp":"2018-03-31T02:08:24Z", "event":"Materials", "Raw":[ { "Name":"nickel", "Count":241 }, { "Name":"vanadium", "Count":169 }, { "Name":"sulphur", "Count":276 }, { "Name":"iron", "Count":267 }, { "Name":"germanium", "Count":127 }, { "Name":"arsenic", "Count":56 }, { "Name":"polonium", "Count":13 }, { "Name":"tin", "Count":22 }, { "Name":"phosphorus", "Count":195 }, { "Name":"zinc", "Count":77 }, { "Name":"niobium", "Count":78 }, { "Name":"cadmium", "Count":102 }, { "Name":"selenium", "Count":12 }, { "Name":"yttrium", "Count":22 }, { "Name":"chromium", "Count":250 }, { "Name":"carbon", "Count":208 }, { "Name":"molybdenum", "Count":45 }, { "Name":"tungsten", "Count":9 }, { "Name":"tellurium", "Count":21 }, { "Name":"manganese", "Count":44 } ], "Manufactured":[ { "Name":"mechanicalequipment", "Name_Localised":"Mechanical Equipment", "Count":15 }, { "Name":"mechanicalscrap", "Name_Localised":"Mechanical Scrap", "Count":18 }, { "Name":"wornshieldemitters", "Name_Localised":"Worn Shield Emitters", "Count":9 }, { "Name":"salvagedalloys", "Name_Localised":"Salvaged Alloys", "Count":12 }, { "Name":"chemicalprocessors", "Name_Localised":"Chemical Processors", "Count":17 }, { "Name":"conductivecomponents", "Name_Localised":"Conductive Components", "Count":12 }, { "Name":"refinedfocuscrystals", "Name_Localised":"Refined Focus Crystals", "Count":9 }, { "Name":"shieldemitters", "Name_Localised":"Shield Emitters", "Count":12 }, { "Name":"compoundshielding", "Name_Localised":"Compound Shielding", "Count":1 }, { "Name":"focuscrystals", "Name_Localised":"Focus Crystals", "Count":5 }, { "Name":"heatdispersionplate", "Name_Localised":"Heat Dispersion Plate", "Count":9 }, { "Name":"mechanicalcomponents", "Name_Localised":"Mechanical Components", "Count":12 }, { "Name":"chemicalmanipulators", "Name_Localised":"Chemical Manipulators", "Count":1 }, { "Name":"heatvanes", "Name_Localised":"Heat Vanes", "Count":3 }, { "Name":"heatexchangers", "Name_Localised":"Heat Exchangers", "Count":9 }, { "Name":"heatconductionwiring", "Name_Localised":"Heat Conduction Wiring", "Count":9 }, { "Name":"conductiveceramics", "Name_Localised":"Conductive Ceramics", "Count":3 }, { "Name":"basicconductors", "Name_Localised":"Basic Conductors", "Count":3 }, { "Name":"uncutfocuscrystals", "Name_Localised":"Flawed Focus Crystals", "Count":11 } ], "Encoded":[ { "Name":"bulkscandata", "Name_Localised":"Anomalous Bulk Scan Data", "Count":16 }, { "Name":"wakesolutions", "Name_Localised":"Strange Wake Solutions", "Count":19 }, { "Name":"scrambledemissiondata", "Name_Localised":"Exceptional Scrambled Emission Data", "Count":8 }, { "Name":"legacyfirmware", "Name_Localised":"Specialised Legacy Firmware", "Count":7 }, { "Name":"shielddensityreports", "Name_Localised":"Untypical Shield Scans ", "Count":6 }, { "Name":"shieldcyclerecordings", "Name_Localised":"Distorted Shield Cycle Recordings", "Count":27 }, { "Name":"disruptedwakeechoes", "Name_Localised":"Atypical Disrupted Wake Echoes", "Count":124 }, { "Name":"securityfirmware", "Name_Localised":"Security Firmware Patch", "Count":1 }, { "Name":"fsdtelemetry", "Name_Localised":"Anomalous FSD Telemetry", "Count":31 }, { "Name":"shieldsoakanalysis", "Name_Localised":"Inconsistent Shield Soak Analysis", "Count":6 }, { "Name":"shieldpatternanalysis", "Name_Localised":"Aberrant Shield Pattern Analysis", "Count":3 }, { "Name":"dataminedwake", "Name_Localised":"Datamined Wake Exceptions", "Count":4 }, { "Name":"scanarchives", "Name_Localised":"Unidentified Scan Archives", "Count":6 }, { "Name":"scandatabanks", "Name_Localised":"Classified Scan Databanks", "Count":3 }, { "Name":"decodedemissiondata", "Name_Localised":"Decoded Emission Data", "Count":3 }, { "Name":"emissiondata", "Name_Localised":"Unexpected Emission Data", "Count":6 }, { "Name":"consumerfirmware", "Name_Localised":"Modified Consumer Firmware", "Count":3 }, { "Name":"symmetrickeys", "Name_Localised":"Open Symmetric Keys", "Count":1 }, { "Name":"encryptionarchives", "Name_Localised":"Atypical Encryption Archives", "Count":5 } ] }
{ "timestamp":"2018-03-31T02:08:24Z", "event":"LoadGame", "Commander":"JaredCrue", "Horizons":true, "Ship":"Anaconda", "ShipID":7, "ShipName":"Hawking Explorer", "ShipIdent":"BPE271", "FuelLevel":24.028008, "FuelCapacity":32.000000, "GameMode":"Group", "Group":"FleetComm", "Credits":432688504, "Loan":0 }
{ "timestamp":"2018-03-31T02:08:24Z", "event":"Rank", "Combat":0, "Trade":2, "Explore":8, "Empire":0, "Federation":0, "CQC":0 }
{ "timestamp":"2018-03-31T02:08:24Z", "event":"Progress", "Combat":35, "Trade":88, "Explore":100, "Empire":100, "Federation":80, "CQC":0 }
{ "timestamp":"2018-03-31T02:08:24Z", "event":"Reputation", "Empire":15.330100, "Federation":92.233398 }
{ "timestamp":"2018-03-31T02:08:30Z", "event":"Loadout", "Ship":"Anaconda", "ShipID":7, "ShipName":"Hawking Explorer", "ShipIdent":"BPE271", "HullValue":125004659, "ModulesValue":105796079, "Rebuy":11540038, "Modules":[ { "Slot":"TinyHardpoint1", "Item":"Hpt_CloudScanner_Size0_Class5", "On":true, "Priority":0, "Health":1.000000, "Value":962702 }, { "Slot":"TinyHardpoint2", "Item":"Hpt_HeatSinkLauncher_Turret_Tiny", "On":true, "Priority":0, "AmmoInClip":1, "AmmoInHopper":2, "Health":1.000000, "Value":3072 }, { "Slot":"TinyHardpoint3", "Item":"Hpt_HeatSinkLauncher_Turret_Tiny", "On":true, "Priority":0, "AmmoInClip":1, "AmmoInHopper":2, "Health":1.000000, "Value":3072 }, { "Slot":"TinyHardpoint4", "Item":"Hpt_HeatSinkLauncher_Turret_Tiny", "On":true, "Priority":0, "AmmoInClip":1, "AmmoInHopper":2, "Health":1.000000, "Value":3072 }, { "Slot":"Armour", "Item":"Anaconda_Armour_Grade1", "On":true, "Priority":1, "Health":1.000000 }, { "Slot":"PaintJob", "Item":"PaintJob_Anaconda_Vibrant_Green", "On":true, "Priority":1, "Health":1.000000 }, { "Slot":"PowerPlant", "Item":"Int_Powerplant_Size5_Class5", "On":true, "Priority":1, "Health":1.000000, "Value":3794047 }, { "Slot":"MainEngines", "Item":"Int_Engine_Size5_Class2", "On":true, "Priority":0, "Health":1.000000, "Value":165879 }, { "Slot":"FrameShiftDrive", "Item":"Int_Hyperdrive_Size6_Class5", "On":true, "Priority":0, "Health":1.000000, "Value":14197539, "Engineering":{ "Engineer":"Felicity Farseer", "EngineerID":300100, "BlueprintID":128673694, "BlueprintName":"FSD_LongRange", "Level":5, "Quality":1.000000, "ExperimentalEffect":"special_fsd_heavy", "ExperimentalEffect_Localised":"Mass Manager", "Modifiers":[ { "Label":"Mass", "Value":52.000000, "OriginalValue":40.000000, "LessIsGood":1 }, { "Label":"Integrity", "Value":110.262009, "OriginalValue":141.000000, "LessIsGood":0 }, { "Label":"PowerDraw", "Value":0.862500, "OriginalValue":0.750000, "LessIsGood":1 }, { "Label":"FSDOptimalMass", "Value":2901.599854, "OriginalValue":1800.000000, "LessIsGood":0 } ] } }, { "Slot":"LifeSupport", "Item":"Int_LifeSupport_Size5_Class2", "On":true, "Priority":0, "Health":1.000000, "Value":69713 }, { "Slot":"PowerDistributor", "Item":"Int_PowerDistributor_Size1_Class2", "On":true, "Priority":0, "Health":1.000000, "Value":1135 }, { "Slot":"Radar", "Item":"Int_Sensors_Size8_Class2", "On":true, "Priority":0, "Health":1.000000, "Value":1530326 }, { "Slot":"FuelTank", "Item":"Int_FuelTank_Size5_Class3", "On":true, "Priority":1, "Health":1.000000, "Value":85779 }, { "Slot":"Decal1", "Item":"Decal_Explorer_Elite", "On":true, "Priority":1, "Health":1.000000 }, { "Slot":"Decal2", "Item":"Decal_Explorer_Elite", "On":true, "Priority":1, "Health":1.000000 }, { "Slot":"Decal3", "Item":"Decal_Explorer_Elite", "On":true, "Priority":1, "Health":1.000000 }, { "Slot":"ShipName0", "Item":"Nameplate_Expedition01_White", "On":true, "Priority":1, "Health":1.000000 }, { "Slot":"ShipName1", "Item":"Nameplate_Expedition02_White", "On":true, "Priority":1, "Health":1.000000 }, { "Slot":"ShipID0", "Item":"Nameplate_ShipID_White", "On":true, "Priority":1, "Health":1.000000 }, { "Slot":"ShipID1", "Item":"Nameplate_ShipID_White", "On":true, "Priority":1, "Health":1.000000 }, { "Slot":"Slot01_Size7", "Item":"Int_FuelScoop_Size7_Class5", "On":true, "Priority":0, "Health":1.000000, "Value":80011016 }, { "Slot":"Slot02_Size6", "Item":"Int_FighterBay_Size5_Class1", "On":true, "Priority":0, "Health":1.000000, "Value":505128 }, { "Slot":"Slot03_Size6", "Item":"Int_ShieldGenerator_Size3_Class2", "On":true, "Priority":0, "Health":1.000000, "Value":16508 }, { "Slot":"Slot04_Size6", "Item":"Int_CargoRack_Size4_Class1", "On":true, "Priority":1, "Health":1.000000, "Value":30124 }, { "Slot":"Slot05_Size5", "Item":"Int_DroneControl_FuelTransfer_Size1_Class2", "On":true, "Priority":0, "Health":1.000000, "Value":1053 }, { "Slot":"Slot06_Size5", "Item":"Int_DroneControl_Repair_Size1_Class2", "On":true, "Priority":0, "Health":1.000000, "Value":1053 }, { "Slot":"Slot07_Size5", "Item":"Int_Repairer_Size4_Class4", "On":false, "Priority":0, "AmmoInClip":5900, "Health":1.000000, "Value":1381747 }, { "Slot":"Slot08_Size4", "Item":"Int_Repairer_Size4_Class4", "On":false, "Priority":0, "AmmoInClip":5900, "Health":1.000000, "Value":1381747 }, { "Slot":"Slot09_Size4", "Item":"Int_BuggyBay_Size4_Class2", "On":true, "Priority":0, "Health":1.000000, "Value":75816 }, { "Slot":"Slot10_Size4", "Item":"Int_DetailedSurfaceScanner_Tiny", "On":true, "Priority":1, "Health":1.000000, "Value":219375, "Engineering":{ "Engineer":"Felicity Farseer", "EngineerID":300100, "BlueprintID":128740154, "BlueprintName":"Sensor_FastScan", "Level":3, "Quality":1.000000, "Modifiers":[ { "Label":"Mass", "Value":2.080000, "OriginalValue":1.300000, "LessIsGood":1 }, { "Label":"DSS_RateMult", "Value":50.000000, "OriginalValue":0.000000, "LessIsGood":0 } ] } }, { "Slot":"Slot13_Size2", "Item":"Int_StellarBodyDiscoveryScanner_Advanced", "On":true, "Priority":1, "Health":1.000000, "Value":1355738 }, { "Slot":"PlanetaryApproachSuite", "Item":"Int_PlanetApproachSuite", "On":true, "Priority":1, "Health":1.000000, "Value":438 }, { "Slot":"VesselVoice", "Item":"VoicePack_Verity", "On":true, "Priority":1, "Health":1.000000 }, { "Slot":"ShipCockpit", "Item":"Anaconda_Cockpit", "On":true, "Priority":1, "Health":1.000000 }, { "Slot":"CargoHatch", "Item":"ModularCargoBayDoor", "On":true, "Priority":2, "Health":1.000000 } ] }
{ "timestamp":"2018-03-31T02:08:37Z", "event":"Location", "Docked":false, "StarSystem":"Juenoe XO-A e2213", "SystemAddress":9505851009476, "StarPos":[-8541.81250,-742.46875,25931.84375], "SystemAllegiance":"", "SystemEconomy":"$economy_None;", "SystemEconomy_Localised":"None", "SystemSecondEconomy":"$economy_None;", "SystemSecondEconomy_Localised":"None", "SystemGovernment":"$government_None;", "SystemGovernment_Localised":"None", "SystemSecurity":"$GAlAXY_MAP_INFO_state_anarchy;", "SystemSecurity_Localised":"Anarchy", "Population":0, "Body":"Juenoe XO-A e2213", "BodyID":0, "BodyType":"Star" }
{ "timestamp":"2018-03-31T02:08:37Z", "event":"Powerplay", "Power":"Felicia Winters", "Rank":0, "Merits":0, "Votes":0, "TimePledged":525322 }
{ "timestamp":"2018-03-31T02:08:38Z", "event":"Music", "MusicTrack":"NoTrack" }
{ "timestamp":"2018-03-31T02:08:38Z", "event":"Missions", "Active":[  ], "Failed":[  ], "Complete":[  ] }
{ "timestamp":"2018-03-31T02:08:38Z", "event":"Cargo", "Inventory":[ { "Name":"drones", "Name_Localised":"Limpet", "Count":16, "Stolen":0 } ] }
{ "timestamp":"2018-03-31T02:08:38Z", "event":"Music", "MusicTrack":"Exploration" }
{ "timestamp":"2018-03-31T02:08:38Z", "event":"Statistics", "Bank_Account":{ "Current_Wealth":725418340, "Spent_On_Ships":427091961, "Spent_On_Outfitting":485714197, "Spent_On_Repairs":1931209, "Spent_On_Fuel":10811, "Spent_On_Ammo_Consumables":8652, "Insurance_Claims":0, "Spent_On_Insurance":0 }, "Combat":{ "Bounties_Claimed":1, "Bounty_Hunting_Profit":750, "Combat_Bonds":0, "Combat_Bond_Profits":0, "Assassinations":0, "Assassination_Profits":0, "Highest_Single_Reward":1000, "Skimmers_Killed":8 }, "Crime":{ "Notoriety":0, "Fines":8, "Total_Fines":17474, "Bounties_Received":0, "Total_Bounties":0, "Highest_Bounty":0 }, "Smuggling":{ "Black_Markets_Traded_With":0, "Black_Markets_Profits":0, "Resources_Smuggled":0, "Average_Profit":0, "Highest_Single_Transaction":0 }, "Trading":{ "Markets_Traded_With":12, "Market_Profits":244184, "Resources_Traded":55, "Average_Profit":11099.272727273, "Highest_Single_Transaction":137325 }, "Mining":{ "Mining_Profits":411, "Quantity_Mined":3, "Materials_Collected":3659 }, "Exploration":{ "Systems_Visited":10130, "Exploration_Profits":787795624, "Planets_Scanned_To_Level_2":17, "Planets_Scanned_To_Level_3":6204, "Highest_Payout":4090900, "Total_Hyperspace_Distance":262970, "Total_Hyperspace_Jumps":10313, "Greatest_Distance_From_Start":65222.47204614, "Time_Played":2105940 }, "Passengers":{ "Passengers_Missions_Bulk":0, "Passengers_Missions_VIP":0, "Passengers_Missions_Delivered":0, "Passengers_Missions_Ejected":0 }, "Search_And_Rescue":{ "SearchRescue_Traded":6, "SearchRescue_Profit":140105, "SearchRescue_Count":2 }, "Crafting":{ "Count_Of_Used_Engineers":2, "Recipes_Generated":45, "Recipes_Generated_Rank_1":6, "Recipes_Generated_Rank_2":8, "Recipes_Generated_Rank_3":10, "Recipes_Generated_Rank_4":13, "Recipes_Generated_Rank_5":8 }, "Crew":{  }, "Multicrew":{ "Multicrew_Time_Total":155, "Multicrew_Gunner_Time_Total":0, "Multicrew_Fighter_Time_Total":0, "Multicrew_Credits_Total":0, "Multicrew_Fines_Total":0 }, "Material_Trader_Stats":{ "Trades_Completed":5, "Materials_Traded":86, "Encoded_Materials_Traded":50, "Grade_2_Materials_Traded":19, "Grade_3_Materials_Traded":14, "Grade_4_Materials_Traded":53 } }
{ "timestamp":"2018-03-31T02:08:50Z", "event":"StartJump", "JumpType":"Supercruise" }
{ "timestamp":"2018-03-31T02:08:55Z", "event":"SupercruiseEntry", "StarSystem":"Juenoe XO-A e2213", "SystemAddress":9505851009476 }
{ "timestamp":"2018-03-31T02:08:55Z", "event":"Music", "MusicTrack":"Supercruise" }
{ "timestamp":"2018-03-31T02:09:08Z", "event":"Scan", "ScanType":"Detailed", "BodyName":"Juenoe XO-A e2213", "BodyID":0, "DistanceFromArrivalLS":0.000000, "StarType":"B", "StellarMass":3.539063, "Radius":1586205952.000000, "AbsoluteMagnitude":-0.182297, "Age_MY":290, "SurfaceTemperature":12130.000000, "Luminosity":"IVab", "RotationPeriod":69329.281250, "AxialTilt":0.000000 }
{ "timestamp":"2018-03-31T02:09:12Z", "event":"Music", "MusicTrack":"SystemMap" }
{ "timestamp":"2018-03-31T02:09:14Z", "event":"Music", "MusicTrack":"Supercruise" }
{ "timestamp":"2018-03-31T02:09:27Z", "event":"Music", "MusicTrack":"GalaxyMap" }
{ "timestamp":"2018-03-31T02:09:31Z", "event":"Friends", "Status":"Online", "Name":"Zhixian Wu" }
{ "timestamp":"2018-03-31T02:09:31Z", "event":"Friends", "Status":"Online", "Name":"John Allbright" }
{ "timestamp":"2018-03-31T02:09:31Z", "event":"Friends", "Status":"Online", "Name":"omicrontheta" }
{ "timestamp":"2018-03-31T02:09:31Z", "event":"Friends", "Status":"Online", "Name":"Steyla" }
{ "timestamp":"2018-03-31T02:10:16Z", "event":"Music", "MusicTrack":"Supercruise" }
{ "timestamp":"2018-03-31T02:11:06Z", "event":"StartJump", "JumpType":"Hyperspace", "StarSystem":"Juenoe AV-X d1-5107", "SystemAddress":175483882689427, "StarClass":"G" }
{ "timestamp":"2018-03-31T02:11:11Z", "event":"Music", "MusicTrack":"NoTrack" }
{ "timestamp":"2018-03-31T02:11:24Z", "event":"FSDJump", "StarSystem":"Juenoe AV-X d1-5107", "SystemAddress":175483882689427, "StarPos":[-8535.37500,-744.53125,25987.31250], "SystemAllegiance":"", "SystemEconomy":"$economy_None;", "SystemEconomy_Localised":"None", "SystemSecondEconomy":"$economy_None;", "SystemSecondEconomy_Localised":"None", "SystemGovernment":"$government_None;", "SystemGovernment_Localised":"None", "SystemSecurity":"$GAlAXY_MAP_INFO_state_anarchy;", "SystemSecurity_Localised":"Anarchy", "Population":0, "JumpDist":55.879, "FuelUsed":7.728832, "FuelLevel":16.299175 }
{ "timestamp":"2018-03-31T02:11:24Z", "event":"Music", "MusicTrack":"Supercruise" }
{ "timestamp":"2018-03-31T02:11:30Z", "event":"DiscoveryScan", "SystemAddress":175483882689427, "Bodies":10 }
{ "timestamp":"2018-03-31T02:11:31Z", "event":"DiscoveryScan", "SystemAddress":175483882689427, "Bodies":37 }
{ "timestamp":"2018-03-31T02:11:33Z", "event":"Music", "MusicTrack":"SystemMap" }
{ "timestamp":"2018-03-31T02:11:37Z", "event":"Music", "MusicTrack":"Supercruise" }
{ "timestamp":"2018-03-31T02:11:42Z", "event":"Scan", "ScanType":"Detailed", "BodyName":"Juenoe AV-X d1-5107", "BodyID":0, "DistanceFromArrivalLS":0.000000, "StarType":"G", "StellarMass":1.210938, "Radius":771336768.000000, "AbsoluteMagnitude":4.490204, "Age_MY":2894, "SurfaceTemperature":5933.000000, "Luminosity":"Vab", "RotationPeriod":413553.125000, "AxialTilt":0.000000, "Rings":[ { "Name":"Juenoe AV-X d1-5107 A Belt", "RingClass":"eRingClass_Metalic", "MassMT":7.8567e+12, "InnerRad":1.3598e+09, "OuterRad":2.572e+09 }, { "Name":"Juenoe AV-X d1-5107 B Belt", "RingClass":"eRingClass_MetalRich", "MassMT":4.9241e+15, "InnerRad":6.921e+09, "OuterRad":1.1074e+11 } ] }
{ "timestamp":"2018-03-31T02:12:04Z", "event":"FuelScoop", "Scooped":5.014558, "Total":21.313761 }
{ "timestamp":"2018-03-31T02:12:09Z", "event":"FuelScoop", "Scooped":5.011580, "Total":26.325335 }
{ "timestamp":"2018-03-31T02:12:13Z", "event":"FuelScoop", "Scooped":5.001438, "Total":31.326780 }
{ "timestamp":"2018-03-31T02:12:14Z", "event":"FuelScoop", "Scooped":0.673218, "Total":32.000000 }
{ "timestamp":"2018-03-31T02:12:48Z", "event":"StartJump", "JumpType":"Hyperspace", "StarSystem":"Juenoe GR-T c4-363", "SystemAddress":99850237945642, "StarClass":"K" }
{ "timestamp":"2018-03-31T02:12:54Z", "event":"Music", "MusicTrack":"NoTrack" }
{ "timestamp":"2018-03-31T02:13:07Z", "event":"FSDJump", "StarSystem":"Juenoe GR-T c4-363", "SystemAddress":99850237945642, "StarPos":[-8525.59375,-745.43750,26040.96875], "SystemAllegiance":"", "SystemEconomy":"$economy_None;", "SystemEconomy_Localised":"None", "SystemSecondEconomy":"$economy_None;", "SystemSecondEconomy_Localised":"None", "SystemGovernment":"$government_None;", "SystemGovernment_Localised":"None", "SystemSecurity":"$GAlAXY_MAP_INFO_state_anarchy;", "SystemSecurity_Localised":"Anarchy", "Population":0, "JumpDist":54.548, "FuelUsed":7.502506, "FuelLevel":24.497494 }
{ "timestamp":"2018-03-31T02:13:07Z", "event":"Music", "MusicTrack":"Supercruise" }
{ "timestamp":"2018-03-31T02:13:13Z", "event":"DiscoveryScan", "SystemAddress":99850237945642, "Bodies":1 }
{ "timestamp":"2018-03-31T02:13:14Z", "event":"DiscoveryScan", "SystemAddress":99850237945642, "Bodies":8 }
{ "timestamp":"2018-03-31T02:13:16Z", "event":"Music", "MusicTrack":"SystemMap" }
{ "timestamp":"2018-03-31T02:13:17Z", "event":"Music", "MusicTrack":"Supercruise" }
{ "timestamp":"2018-03-31T02:13:24Z", "event":"Scan", "ScanType":"Detailed", "BodyName":"Juenoe GR-T c4-363 A", "BodyID":1, "Parents":[ {"Null":0} ], "DistanceFromArrivalLS":0.000000, "StarType":"K", "StellarMass":0.894531, "Radius":694290176.000000, "AbsoluteMagnitude":5.300095, "Age_MY":10336, "SurfaceTemperature":5190.000000, "Luminosity":"Va", "SemiMajorAxis":16997424300032.000000, "Eccentricity":0.198093, "OrbitalInclination":-32.263496, "Periapsis":24.862856, "OrbitalPeriod":245237432320.000000, "RotationPeriod":324564.093750, "AxialTilt":0.000000 }
{ "timestamp":"2018-03-31T02:13:43Z", "event":"FuelScoop", "Scooped":5.004114, "Total":29.501606 }
{ "timestamp":"2018-03-31T02:13:44Z", "event":"Music", "MusicTrack":"SystemMap" }
{ "timestamp":"2018-03-31T02:13:45Z", "event":"Music", "MusicTrack":"Supercruise" }
{ "timestamp":"2018-03-31T02:13:46Z", "event":"FuelScoop", "Scooped":2.498402, "Total":32.000000 }
{ "timestamp":"2018-03-31T02:14:26Z", "event":"Music", "MusicTrack":"GalaxyMap" }
{ "timestamp":"2018-03-31T02:14:52Z", "event":"Music", "MusicTrack":"SystemMap" }
{ "timestamp":"2018-03-31T02:15:00Z", "event":"Music", "MusicTrack":"Supercruise" }
{ "timestamp":"2018-03-31T02:15:08Z", "event":"Music", "MusicTrack":"SystemMap" }
{ "timestamp":"2018-03-31T02:15:11Z", "event":"Music", "MusicTrack":"Supercruise" }
{ "timestamp":"2018-03-31T02:15:32Z", "event":"StartJump", "JumpType":"Hyperspace", "StarSystem":"Juenoe EB-W d2-1143", "SystemAddress":39281879798683, "StarClass":"A" }
{ "timestamp":"2018-03-31T02:15:37Z", "event":"Music", "MusicTrack":"NoTrack" }
{ "timestamp":"2018-03-31T02:15:50Z", "event":"FSDJump", "StarSystem":"Juenoe EB-W d2-1143", "SystemAddress":39281879798683, "StarPos":[-8516.31250,-744.62500,26095.87500], "SystemAllegiance":"", "SystemEconomy":"$economy_None;", "SystemEconomy_Localised":"None", "SystemSecondEconomy":"$economy_None;", "SystemSecondEconomy_Localised":"None", "SystemGovernment":"$government_None;", "SystemGovernment_Localised":"None", "SystemSecurity":"$GAlAXY_MAP_INFO_state_anarchy;", "SystemSecurity_Localised":"Anarchy", "Population":0, "JumpDist":55.691, "FuelUsed":7.883382, "FuelLevel":23.046619 }
{ "timestamp":"2018-03-31T02:15:50Z", "event":"Music", "MusicTrack":"Supercruise" }
{ "timestamp":"2018-03-31T02:15:56Z", "event":"DiscoveryScan", "SystemAddress":39281879798683, "Bodies":1 }
{ "timestamp":"2018-03-31T02:15:59Z", "event":"Music", "MusicTrack":"SystemMap" }
{ "timestamp":"2018-03-31T02:16:01Z", "event":"Music", "MusicTrack":"Supercruise" }
{ "timestamp":"2018-03-31T02:16:07Z", "event":"Scan", "ScanType":"Detailed", "BodyName":"Juenoe EB-W d2-1143", "BodyID":0, "DistanceFromArrivalLS":0.000000, "StarType":"A", "StellarMass":1.503906, "Radius":935405824.000000, "AbsoluteMagnitude":3.007706, "Age_MY":174, "SurfaceTemperature":7579.000000, "Luminosity":"Vz", "RotationPeriod":137215.703125, "AxialTilt":0.000000 }
{ "timestamp":"2018-03-31T02:16:31Z", "event":"FuelScoop", "Scooped":5.007033, "Total":28.053667 }
{ "timestamp":"2018-03-31T02:16:35Z", "event":"FuelScoop", "Scooped":3.946323, "Total":32.000000 }
{ "timestamp":"2018-03-31T02:17:07Z", "event":"StartJump", "JumpType":"Hyperspace", "StarSystem":"Juenoe IH-U d3-1007", "SystemAddress":34608955380643, "StarClass":"F" }
{ "timestamp":"2018-03-31T02:17:12Z", "event":"Music", "MusicTrack":"NoTrack" }
{ "timestamp":"2018-03-31T02:17:25Z", "event":"FSDJump", "StarSystem":"Juenoe IH-U d3-1007", "SystemAddress":34608955380643, "StarPos":[-8512.78125,-742.53125,26151.53125], "SystemAllegiance":"", "SystemEconomy":"$economy_None;", "SystemEconomy_Localised":"None", "SystemSecondEconomy":"$economy_None;", "SystemSecondEconomy_Localised":"None", "SystemGovernment":"$government_None;", "SystemGovernment_Localised":"None", "SystemSecurity":"$GAlAXY_MAP_INFO_state_anarchy;", "SystemSecurity_Localised":"Anarchy", "Population":0, "JumpDist":55.807, "FuelUsed":7.961028, "FuelLevel":24.038973 }
{ "timestamp":"2018-03-31T02:17:25Z", "event":"Music", "MusicTrack":"Supercruise" }
{ "timestamp":"2018-03-31T02:17:31Z", "event":"DiscoveryScan", "SystemAddress":34608955380643, "Bodies":1 }
{ "timestamp":"2018-03-31T02:17:32Z", "event":"DiscoveryScan", "SystemAddress":34608955380643, "Bodies":25 }
{ "timestamp":"2018-03-31T02:17:34Z", "event":"Music", "MusicTrack":"SystemMap" }
{ "timestamp":"2018-03-31T02:17:41Z", "event":"Music", "MusicTrack":"Supercruise" }
{ "timestamp":"2018-03-31T02:17:42Z", "event":"Scan", "ScanType":"Detailed", "BodyName":"Juenoe IH-U d3-1007 A", "BodyID":1, "Parents":[ {"Null":0} ], "DistanceFromArrivalLS":0.000000, "StarType":"F", "StellarMass":1.367188, "Radius":774478080.000000, "AbsoluteMagnitude":3.471970, "Age_MY":1682, "SurfaceTemperature":7485.000000, "Luminosity":"VI", "SemiMajorAxis":78647623680.000000, "Eccentricity":0.079074, "OrbitalInclination":-98.638939, "Periapsis":233.357056, "OrbitalPeriod":34854816.000000, "RotationPeriod":232848.390625, "AxialTilt":0.000000 }
{ "timestamp":"2018-03-31T02:18:00Z", "event":"FuelScoop", "Scooped":5.009861, "Total":29.048849 }
{ "timestamp":"2018-03-31T02:18:03Z", "event":"FuelScoop", "Scooped":2.951162, "Total":32.000000 }
{ "timestamp":"2018-03-31T02:18:05Z", "event":"Music", "MusicTrack":"SystemMap" }
{ "timestamp":"2018-03-31T02:18:06Z", "event":"Music", "MusicTrack":"Supercruise" }
{ "timestamp":"2018-03-31T02:18:36Z", "event":"StartJump", "JumpType":"Hyperspace", "StarSystem":"Juenoe UV-X b17-0", "SystemAddress":556867014297, "StarClass":"M" }
{ "timestamp":"2018-03-31T02:18:41Z", "event":"Music", "MusicTrack":"NoTrack" }
{ "timestamp":"2018-03-31T02:18:54Z", "event":"FSDJump", "StarSystem":"Juenoe UV-X b17-0", "SystemAddress":556867014297, "StarPos":[-8500.46875,-738.46875,26205.90625], "SystemAllegiance":"", "SystemEconomy":"$economy_None;", "SystemEconomy_Localised":"None", "SystemSecondEconomy":"$economy_None;", "SystemSecondEconomy_Localised":"None", "SystemGovernment":"$government_None;", "SystemGovernment_Localised":"None", "SystemSecurity":"$GAlAXY_MAP_INFO_state_anarchy;", "SystemSecurity_Localised":"Anarchy", "Population":0, "JumpDist":55.899, "FuelUsed":7.995197, "FuelLevel":24.004803 }
{ "timestamp":"2018-03-31T02:18:54Z", "event":"Powerplay", "Power":"Felicia Winters", "Rank":0, "Merits":0, "Votes":0, "TimePledged":525939 }
{ "timestamp":"2018-03-31T02:18:55Z", "event":"Music", "MusicTrack":"Supercruise" }
{ "timestamp":"2018-03-31T02:19:00Z", "event":"DiscoveryScan", "SystemAddress":556867014297, "Bodies":1 }
{ "timestamp":"2018-03-31T02:19:06Z", "event":"Music", "MusicTrack":"SystemMap" }
{ "timestamp":"2018-03-31T02:19:08Z", "event":"Music", "MusicTrack":"Supercruise" }
{ "timestamp":"2018-03-31T02:19:14Z", "event":"Scan", "ScanType":"Detailed", "BodyName":"Juenoe UV-X b17-0", "BodyID":0, "DistanceFromArrivalLS":0.000000, "StarType":"M", "StellarMass":0.292969, "Radius":336161152.000000, "AbsoluteMagnitude":10.005188, "Age_MY":9660, "SurfaceTemperature":2525.000000, "Luminosity":"Va", "RotationPeriod":171347.312500, "AxialTilt":0.000000 }
{ "timestamp":"2018-03-31T02:19:37Z", "event":"FuelScoop", "Scooped":5.011143, "Total":29.015923 }
{ "timestamp":"2018-03-31T02:19:42Z", "event":"FuelScoop", "Scooped":2.588040, "Total":31.603958 }
{ "timestamp":"2018-03-31T02:20:04Z", "event":"StartJump", "JumpType":"Hyperspace", "StarSystem":"Juenoe MN-S d4-2620", "SystemAddress":90031213368235, "StarClass":"A" }
{ "timestamp":"2018-03-31T02:20:10Z", "event":"Music", "MusicTrack":"NoTrack" }
{ "timestamp":"2018-03-31T02:20:23Z", "event":"FSDJump", "StarSystem":"Juenoe MN-S d4-2620", "SystemAddress":90031213368235, "StarPos":[-8496.62500,-736.18750,26261.56250], "SystemAllegiance":"", "SystemEconomy":"$economy_None;", "SystemEconomy_Localised":"None", "SystemSecondEconomy":"$economy_None;", "SystemSecondEconomy_Localised":"None", "SystemGovernment":"$government_None;", "SystemGovernment_Localised":"None", "SystemSecurity":"$GAlAXY_MAP_INFO_state_anarchy;", "SystemSecurity_Localised":"Anarchy", "Population":0, "JumpDist":55.835, "FuelUsed":7.958477, "FuelLevel":23.645481 }
{ "timestamp":"2018-03-31T02:20:23Z", "event":"Music", "MusicTrack":"Supercruise" }
{ "timestamp":"2018-03-31T02:20:29Z", "event":"DiscoveryScan", "SystemAddress":90031213368235, "Bodies":1 }
{ "timestamp":"2018-03-31T02:20:29Z", "event":"DiscoveryScan", "SystemAddress":90031213368235, "Bodies":2 }
{ "timestamp":"2018-03-31T02:20:31Z", "event":"Music", "MusicTrack":"SystemMap" }
{ "timestamp":"2018-03-31T02:20:33Z", "event":"Music", "MusicTrack":"Supercruise" }
{ "timestamp":"2018-03-31T02:20:40Z", "event":"Scan", "ScanType":"Detailed", "BodyName":"Juenoe MN-S d4-2620 A", "BodyID":1, "Parents":[ {"Null":0} ], "DistanceFromArrivalLS":0.000000, "StarType":"A", "StellarMass":1.757813, "Radius":1051018240.000000, "AbsoluteMagnitude":2.117126, "Age_MY":2468, "SurfaceTemperature":8777.000000, "Luminosity":"VI", "SemiMajorAxis":2257483202560.000000, "Eccentricity":0.282939, "OrbitalInclination":-48.248444, "Periapsis":18.901308, "OrbitalPeriod":9430089728.000000, "RotationPeriod":59358.839844, "AxialTilt":0.000000 }
{ "timestamp":"2018-03-31T02:20:57Z", "event":"FuelScoop", "Scooped":5.000583, "Total":28.646053 }
{ "timestamp":"2018-03-31T02:21:00Z", "event":"FuelScoop", "Scooped":3.353958, "Total":32.000000 }
{ "timestamp":"2018-03-31T02:21:32Z", "event":"StartJump", "JumpType":"Hyperspace", "StarSystem":"Juenoe QT-Q d5-229", "SystemAddress":7877078930355, "StarClass":"G" }
{ "timestamp":"2018-03-31T02:21:38Z", "event":"Music", "MusicTrack":"NoTrack" }
{ "timestamp":"2018-03-31T02:21:51Z", "event":"FSDJump", "StarSystem":"Juenoe QT-Q d5-229", "SystemAddress":7877078930355, "StarPos":[-8485.43750,-734.12500,26315.81250], "SystemAllegiance":"", "SystemEconomy":"$economy_None;", "SystemEconomy_Localised":"None", "SystemSecondEconomy":"$economy_None;", "SystemSecondEconomy_Localised":"None", "SystemGovernment":"$government_None;", "SystemGovernment_Localised":"None", "SystemSecurity":"$GAlAXY_MAP_INFO_state_anarchy;", "SystemSecurity_Localised":"Anarchy", "Population":0, "JumpDist":55.430, "FuelUsed":7.821399, "FuelLevel":24.178600 }
{ "timestamp":"2018-03-31T02:21:51Z", "event":"Music", "MusicTrack":"Supercruise" }
{ "timestamp":"2018-03-31T02:21:57Z", "event":"DiscoveryScan", "SystemAddress":7877078930355, "Bodies":5 }
{ "timestamp":"2018-03-31T02:21:57Z", "event":"DiscoveryScan", "SystemAddress":7877078930355, "Bodies":1 }
{ "timestamp":"2018-03-31T02:22:01Z", "event":"DiscoveryScan", "SystemAddress":7877078930355, "Bodies":20 }
{ "timestamp":"2018-03-31T02:22:03Z", "event":"Music", "MusicTrack":"SystemMap" }
{ "timestamp":"2018-03-31T02:22:07Z", "event":"Music", "MusicTrack":"Supercruise" }
{ "timestamp":"2018-03-31T02:22:11Z", "event":"Scan", "ScanType":"Detailed", "BodyName":"Juenoe QT-Q d5-229", "BodyID":0, "DistanceFromArrivalLS":0.000000, "StarType":"G", "StellarMass":1.203125, "Radius":767749760.000000, "AbsoluteMagnitude":4.563034, "Age_MY":2162, "SurfaceTemperature":5848.000000, "Luminosity":"Vab", "RotationPeriod":285895.562500, "AxialTilt":0.000000, "Rings":[ { "Name":"Juenoe QT-Q d5-229 A Belt", "RingClass":"eRingClass_Metalic", "MassMT":5.0093e+13, "InnerRad":1.5268e+09, "OuterRad":2.5665e+09 }, { "Name":"Juenoe QT-Q d5-229 B Belt", "RingClass":"eRingClass_Rocky", "MassMT":1.3963e+15, "InnerRad":2.8728e+09, "OuterRad":4.6329e+11 } ] }
{ "timestamp":"2018-03-31T02:22:15Z", "event":"Music", "MusicTrack":"SystemMap" }
{ "timestamp":"2018-03-31T02:22:17Z", "event":"Music", "MusicTrack":"Supercruise" }
{ "timestamp":"2018-03-31T02:22:33Z", "event":"FuelScoop", "Scooped":5.004880, "Total":29.183447 }
{ "timestamp":"2018-03-31T02:22:36Z", "event":"FuelScoop", "Scooped":2.816550, "Total":32.000000 }
{ "timestamp":"2018-03-31T02:22:38Z", "event":"Music", "MusicTrack":"SystemMap" }
{ "timestamp":"2018-03-31T02:22:39Z", "event":"Music", "MusicTrack":"Supercruise" }
{ "timestamp":"2018-03-31T02:22:56Z", "event":"Music", "MusicTrack":"GalaxyMap" }
{ "timestamp":"2018-03-31T02:23:16Z", "event":"Music", "MusicTrack":"Supercruise" }
{ "timestamp":"2018-03-31T02:25:33Z", "event":"StartJump", "JumpType":"Hyperspace", "StarSystem":"Juenoe QT-Q d5-3682", "SystemAddress":126521255515059, "StarClass":"G" }
{ "timestamp":"2018-03-31T02:25:38Z", "event":"Music", "MusicTrack":"NoTrack" }
{ "timestamp":"2018-03-31T02:25:52Z", "event":"FSDJump", "StarSystem":"Juenoe QT-Q d5-3682", "SystemAddress":126521255515059, "StarPos":[-8474.40625,-728.40625,26370.03125], "SystemAllegiance":"", "SystemEconomy":"$economy_None;", "SystemEconomy_Localised":"None", "SystemSecondEconomy":"$economy_None;", "SystemSecondEconomy_Localised":"None", "SystemGovernment":"$government_None;", "SystemGovernment_Localised":"None", "SystemSecurity":"$GAlAXY_MAP_INFO_state_anarchy;", "SystemSecurity_Localised":"Anarchy", "Population":0, "JumpDist":55.624, "FuelUsed":7.893100, "FuelLevel":24.106899 }
{ "timestamp":"2018-03-31T02:25:52Z", "event":"Music", "MusicTrack":"Supercruise" }
{ "timestamp":"2018-03-31T02:25:58Z", "event":"DiscoveryScan", "SystemAddress":126521255515059, "Bodies":1 }
{ "timestamp":"2018-03-31T02:25:59Z", "event":"DiscoveryScan", "SystemAddress":126521255515059, "Bodies":2 }
{ "timestamp":"2018-03-31T02:26:03Z", "event":"Music", "MusicTrack":"SystemMap" }
{ "timestamp":"2018-03-31T02:26:08Z", "event":"Music", "MusicTrack":"Supercruise" }
{ "timestamp":"2018-03-31T02:26:11Z", "event":"Scan", "ScanType":"Detailed", "BodyName":"Juenoe QT-Q d5-3682 A", "BodyID":1, "Parents":[ {"Null":0} ], "DistanceFromArrivalLS":0.000000, "StarType":"G", "StellarMass":0.812500, "Radius":762252544.000000, "AbsoluteMagnitude":4.589798, "Age_MY":8574, "SurfaceTemperature":5833.000000, "Luminosity":"Vab", "SemiMajorAxis":7566900330496.000000, "Eccentricity":0.079331, "OrbitalInclination":54.472488, "Periapsis":47.202446, "OrbitalPeriod":57985298432.000000, "RotationPeriod":441884.062500, "AxialTilt":0.000000 }
{ "timestamp":"2018-03-31T02:26:31Z", "event":"FuelScoop", "Scooped":5.245692, "Total":29.352594 }
{ "timestamp":"2018-03-31T02:26:32Z", "event":"Music", "MusicTrack":"SystemMap" }
{ "timestamp":"2018-03-31T02:26:33Z", "event":"Music", "MusicTrack":"Supercruise" }
{ "timestamp":"2018-03-31T02:26:34Z", "event":"FuelScoop", "Scooped":2.647414, "Total":32.000000 }
{ "timestamp":"2018-03-31T02:27:59Z", "event":"Music", "MusicTrack":"SystemMap" }
{ "timestamp":"2018-03-31T02:28:05Z", "event":"Music", "MusicTrack":"Supercruise" }
{ "timestamp":"2018-03-31T02:28:38Z", "event":"Music", "MusicTrack":"GalaxyMap" }
{ "timestamp":"2018-03-31T02:29:16Z", "event":"Music", "MusicTrack":"Supercruise" }
{ "timestamp":"2018-03-31T02:29:18Z", "event":"Music", "MusicTrack":"SystemMap" }
{ "timestamp":"2018-03-31T02:29:19Z", "event":"Music", "MusicTrack":"Supercruise" }
{ "timestamp":"2018-03-31T02:31:16Z", "event":"Friends", "Status":"Online", "Name":"Ragnar Starquester" }
{ "timestamp":"2018-03-31T02:33:33Z", "event":"StartJump", "JumpType":"Hyperspace", "StarSystem":"Juenoe UZ-O d6-1971", "SystemAddress":67731743167419, "StarClass":"F" }
{ "timestamp":"2018-03-31T02:33:38Z", "event":"Music", "MusicTrack":"NoTrack" }
{ "timestamp":"2018-03-31T02:33:51Z", "event":"FSDJump", "StarSystem":"Juenoe UZ-O d6-1971", "SystemAddress":67731743167419, "StarPos":[-8470.31250,-726.40625,26425.31250], "SystemAllegiance":"", "SystemEconomy":"$economy_None;", "SystemEconomy_Localised":"None", "SystemSecondEconomy":"$economy_None;", "SystemSecondEconomy_Localised":"None", "SystemGovernment":"$government_None;", "SystemGovernment_Localised":"None", "SystemSecurity":"$GAlAXY_MAP_INFO_state_anarchy;", "SystemSecurity_Localised":"Anarchy", "Population":0, "JumpDist":55.469, "FuelUsed":7.835584, "FuelLevel":24.164415 }
{ "timestamp":"2018-03-31T02:33:51Z", "event":"Powerplay", "Power":"Felicia Winters", "Rank":0, "Merits":0, "Votes":0, "TimePledged":526836 }
{ "timestamp":"2018-03-31T02:33:52Z", "event":"Music", "MusicTrack":"Supercruise" }
{ "timestamp":"2018-03-31T02:33:53Z", "event":"Friends", "Status":"Online", "Name":"Ragnar Starquester" }
{ "timestamp":"2018-03-31T02:33:58Z", "event":"DiscoveryScan", "SystemAddress":67731743167419, "Bodies":1 }
{ "timestamp":"2018-03-31T02:33:58Z", "event":"DiscoveryScan", "SystemAddress":67731743167419, "Bodies":10 }
{ "timestamp":"2018-03-31T02:34:04Z", "event":"Music", "MusicTrack":"SystemMap" }
{ "timestamp":"2018-03-31T02:34:09Z", "event":"Scan", "ScanType":"Detailed", "BodyName":"Juenoe UZ-O d6-1971", "BodyID":0, "DistanceFromArrivalLS":0.000000, "StarType":"F", "StellarMass":1.230469, "Radius":805381696.000000, "AbsoluteMagnitude":3.774002, "Age_MY":694, "SurfaceTemperature":6847.000000, "Luminosity":"Vb", "RotationPeriod":463230.906250, "AxialTilt":0.000000 }
{ "timestamp":"2018-03-31T02:34:17Z", "event":"Music", "MusicTrack":"Supercruise" }
{ "timestamp":"2018-03-31T02:35:54Z", "event":"Music", "MusicTrack":"SystemMap" }
{ "timestamp":"2018-03-31T02:35:55Z", "event":"Music", "MusicTrack":"Supercruise" }
{ "timestamp":"2018-03-31T02:36:09Z", "event":"Scan", "ScanType":"Detailed", "BodyName":"Juenoe UZ-O d6-1971 3", "BodyID":3, "Parents":[ {"Star":0} ], "DistanceFromArrivalLS":1059.632813, "TidalLock":false, "TerraformState":"Terraformable", "PlanetClass":"Water world", "Atmosphere":"thick ammonia atmosphere", "AtmosphereType":"Ammonia", "AtmosphereComposition":[ { "Name":"Ammonia", "Percent":77.330276 }, { "Name":"Nitrogen", "Percent":18.126730 }, { "Name":"Oxygen", "Percent":4.168980 } ], "Volcanism":"major rocky magma volcanism", "MassEM":0.748456, "Radius":5562925.000000, "SurfaceGravity":9.639832, "SurfaceTemperature":342.117767, "SurfacePressure":566325.250000, "Landable":false, "Composition":{ "Ice":0.000000, "Rock":0.662704, "Metal":0.337296 }, "SemiMajorAxis":317757423616.000000, "Eccentricity":0.001187, "OrbitalInclination":-0.868123, "Periapsis":249.635193, "OrbitalPeriod":88060528.000000, "RotationPeriod":43931.496094, "AxialTilt":0.292393 }
{ "timestamp":"2018-03-31T02:39:19Z", "event":"StartJump", "JumpType":"Hyperspace", "StarSystem":"Juenoe ZF-N d7-4691", "SystemAddress":161190248305603, "StarClass":"F" }
{ "timestamp":"2018-03-31T02:39:24Z", "event":"Music", "MusicTrack":"NoTrack" }
{ "timestamp":"2018-03-31T02:39:38Z", "event":"FSDJump", "StarSystem":"Juenoe ZF-N d7-4691", "SystemAddress":161190248305603, "StarPos":[-8455.18750,-725.46875,26479.00000], "SystemAllegiance":"", "SystemEconomy":"$economy_None;", "SystemEconomy_Localised":"None", "SystemSecondEconomy":"$economy_None;", "SystemSecondEconomy_Localised":"None", "SystemGovernment":"$government_None;", "SystemGovernment_Localised":"None", "SystemSecurity":"$GAlAXY_MAP_INFO_state_anarchy;", "SystemSecurity_Localised":"Anarchy", "Population":0, "JumpDist":55.785, "FuelUsed":7.699477, "FuelLevel":16.464939 }
{ "timestamp":"2018-03-31T02:39:38Z", "event":"Powerplay", "Power":"Felicia Winters", "Rank":0, "Merits":0, "Votes":0, "TimePledged":527183 }
{ "timestamp":"2018-03-31T02:39:38Z", "event":"Music", "MusicTrack":"Supercruise" }
{ "timestamp":"2018-03-31T02:39:44Z", "event":"DiscoveryScan", "SystemAddress":161190248305603, "Bodies":1 }
{ "timestamp":"2018-03-31T02:39:44Z", "event":"DiscoveryScan", "SystemAddress":161190248305603, "Bodies":10 }
{ "timestamp":"2018-03-31T02:39:49Z", "event":"Music", "MusicTrack":"SystemMap" }
{ "timestamp":"2018-03-31T02:39:52Z", "event":"Music", "MusicTrack":"Supercruise" }
{ "timestamp":"2018-03-31T02:39:55Z", "event":"Scan", "ScanType":"Detailed", "BodyName":"Juenoe ZF-N d7-4691", "BodyID":0, "DistanceFromArrivalLS":0.000000, "StarType":"F", "StellarMass":1.476563, "Radius":933813952.000000, "AbsoluteMagnitude":3.503693, "Age_MY":1728, "SurfaceTemperature":6767.000000, "Luminosity":"Vab", "RotationPeriod":253513.796875, "AxialTilt":0.000000 }
{ "timestamp":"2018-03-31T02:40:15Z", "event":"Music", "MusicTrack":"SystemMap" }
{ "timestamp":"2018-03-31T02:40:21Z", "event":"Music", "MusicTrack":"Supercruise" }
{ "timestamp":"2018-03-31T02:40:40Z", "event":"FuelScoop", "Scooped":1.656116, "Total":18.121035 }
{ "timestamp":"2018-03-31T02:42:41Z", "event":"Scan", "ScanType":"Detailed", "BodyName":"Juenoe ZF-N d7-4691 1", "BodyID":1, "Parents":[ {"Star":0} ], "DistanceFromArrivalLS":892.694092, "TidalLock":false, "TerraformState":"Terraformable", "PlanetClass":"High metal content body", "Atmosphere":"hot thick carbon dioxide atmosphere", "AtmosphereType":"CarbonDioxide", "AtmosphereComposition":[ { "Name":"CarbonDioxide", "Percent":96.213882 }, { "Name":"Nitrogen", "Percent":2.823764 }, { "Name":"SulphurDioxide", "Percent":0.962139 } ], "Volcanism":"major rocky magma volcanism", "MassEM":0.996944, "Radius":6078135.000000, "SurfaceGravity":10.755722, "SurfaceTemperature":781.718201, "SurfacePressure":17235356.000000, "Landable":false, "Composition":{ "Ice":0.000000, "Rock":0.671510, "Metal":0.328490 }, "SemiMajorAxis":267655839744.000000, "Eccentricity":0.000444, "OrbitalInclination":0.046517, "Periapsis":164.925781, "OrbitalPeriod":62146276.000000, "RotationPeriod":103387.695313, "AxialTilt":0.304363 }
{ "timestamp":"2018-03-31T02:42:43Z", "event":"Music", "MusicTrack":"SystemMap" }
{ "timestamp":"2018-03-31T02:42:47Z", "event":"Music", "MusicTrack":"Supercruise" }
{ "timestamp":"2018-03-31T02:45:21Z", "event":"Scan", "ScanType":"Detailed", "BodyName":"Juenoe ZF-N d7-4691 2", "BodyID":3, "Parents":[ {"Null":2}, {"Star":0} ], "DistanceFromArrivalLS":1226.981567, "TidalLock":true, "TerraformState":"Terraformable", "PlanetClass":"Water world", "Atmosphere":"nitrogen atmosphere", "AtmosphereType":"Nitrogen", "AtmosphereComposition":[ { "Name":"Nitrogen", "Percent":85.434212 }, { "Name":"Oxygen", "Percent":9.703318 }, { "Name":"Water", "Percent":3.381128 } ], "Volcanism":"", "MassEM":0.599869, "Radius":5214949.500000, "SurfaceGravity":8.791552, "SurfaceTemperature":325.902802, "SurfacePressure":94779.835938, "Landable":false, "Composition":{ "Ice":0.000000, "Rock":0.671510, "Metal":0.328490 }, "SemiMajorAxis":218899584.000000, "Eccentricity":0.133844, "OrbitalInclination":-8.511409, "Periapsis":45.532166, "OrbitalPeriod":3741779.750000, "RotationPeriod":5798693.000000, "AxialTilt":-0.252377 }
{ "timestamp":"2018-03-31T02:45:24Z", "event":"Music", "MusicTrack":"SystemMap" }
{ "timestamp":"2018-03-31T02:45:27Z", "event":"Music", "MusicTrack":"Supercruise" }
{ "timestamp":"2018-03-31T02:45:49Z", "event":"Scan", "ScanType":"Detailed", "BodyName":"Juenoe ZF-N d7-4691 3", "BodyID":4, "Parents":[ {"Null":2}, {"Star":0} ], "DistanceFromArrivalLS":1228.211426, "TidalLock":true, "TerraformState":"Terraformable", "PlanetClass":"Water world", "Atmosphere":"nitrogen atmosphere", "AtmosphereType":"Nitrogen", "AtmosphereComposition":[ { "Name":"Nitrogen", "Percent":82.542458 }, { "Name":"Oxygen", "Percent":10.907450 }, { "Name":"Water", "Percent":4.263116 } ], "Volcanism":"", "MassEM":0.427984, "Radius":4702387.500000, "SurfaceGravity":7.714355, "SurfaceTemperature":329.279419, "SurfacePressure":58800.281250, "Landable":false, "Composition":{ "Ice":0.000000, "Rock":0.671510, "Metal":0.328491 }, "SemiMajorAxis":306813408.000000, "Eccentricity":0.133844, "OrbitalInclination":-8.511409, "Periapsis":225.532150, "OrbitalPeriod":3741779.750000, "RotationPeriod":4897963.000000, "AxialTilt":0.013855 }
{ "timestamp":"2018-03-31T02:45:52Z", "event":"Music", "MusicTrack":"SystemMap" }
{ "timestamp":"2018-03-31T02:45:55Z", "event":"Music", "MusicTrack":"Supercruise" }
{ "timestamp":"2018-03-31T02:48:12Z", "event":"Scan", "ScanType":"Detailed", "BodyName":"Juenoe ZF-N d7-4691 4", "BodyID":5, "Parents":[ {"Star":0} ], "DistanceFromArrivalLS":1645.986084, "TidalLock":false, "TerraformState":"", "PlanetClass":"Water world", "Atmosphere":"carbon dioxide atmosphere", "AtmosphereType":"CarbonDioxide", "AtmosphereComposition":[ { "Name":"CarbonDioxide", "Percent":93.258316 }, { "Name":"Oxygen", "Percent":5.621888 }, { "Name":"SulphurDioxide", "Percent":0.950614 } ], "Volcanism":"", "MassEM":0.256210, "Radius":4009744.250000, "SurfaceGravity":6.351451, "SurfaceTemperature":305.422546, "SurfacePressure":66118.875000, "Landable":false, "Composition":{ "Ice":0.000000, "Rock":0.671510, "Metal":0.328490 }, "SemiMajorAxis":497058086912.000000, "Eccentricity":0.007491, "OrbitalInclination":-0.058739, "Periapsis":357.369843, "OrbitalPeriod":157275360.000000, "RotationPeriod":44608.792969, "AxialTilt":0.084838 }
{ "timestamp":"2018-03-31T02:48:14Z", "event":"Music", "MusicTrack":"SystemMap" }
{ "timestamp":"2018-03-31T02:48:21Z", "event":"Music", "MusicTrack":"Supercruise" }
{ "timestamp":"2018-03-31T02:51:46Z", "event":"Music", "MusicTrack":"SystemMap" }
{ "timestamp":"2018-03-31T02:51:50Z", "event":"Scan", "ScanType":"Detailed", "BodyName":"Juenoe ZF-N d7-4691 5", "BodyID":6, "Parents":[ {"Star":0} ], "DistanceFromArrivalLS":2124.091309, "TidalLock":false, "TerraformState":"", "PlanetClass":"High metal content body", "Atmosphere":"thick methane rich atmosphere", "AtmosphereType":"MethaneRich", "AtmosphereComposition":[ { "Name":"Ammonia", "Percent":31.808107 }, { "Name":"Methane", "Percent":31.808107 }, { "Name":"Nitrogen", "Percent":31.808107 } ], "Volcanism":"minor silicate vapour geysers volcanism", "MassEM":1.447011, "Radius":6785574.000000, "SurfaceGravity":12.525877, "SurfaceTemperature":457.377106, "SurfacePressure":2355524.500000, "Landable":false, "Composition":{ "Ice":0.000000, "Rock":0.671509, "Metal":0.328491 }, "SemiMajorAxis":632509366272.000000, "Eccentricity":0.021970, "OrbitalInclination":0.057918, "Periapsis":113.729317, "OrbitalPeriod":225761776.000000, "RotationPeriod":61995.875000, "AxialTilt":-0.505185 }
{ "timestamp":"2018-03-31T02:54:45Z", "event":"Music", "MusicTrack":"Supercruise" }
{ "timestamp":"2018-03-31T02:55:20Z", "event":"StartJump", "JumpType":"Hyperspace", "StarSystem":"Juenoe CS-Y c15-327", "SystemAddress":89954767546250, "StarClass":"K" }
{ "timestamp":"2018-03-31T02:55:25Z", "event":"Music", "MusicTrack":"NoTrack" }
{ "timestamp":"2018-03-31T02:55:38Z", "event":"FSDJump", "StarSystem":"Juenoe CS-Y c15-327", "SystemAddress":89954767546250, "StarPos":[-8446.53125,-726.96875,26533.78125], "SystemAllegiance":"", "SystemEconomy":"$economy_None;", "SystemEconomy_Localised":"None", "SystemSecondEconomy":"$economy_None;", "SystemSecondEconomy_Localised":"None", "SystemGovernment":"$government_None;", "SystemGovernment_Localised":"None", "SystemSecurity":"$GAlAXY_MAP_INFO_state_anarchy;", "SystemSecurity_Localised":"Anarchy", "Population":0, "JumpDist":55.481, "FuelUsed":7.368251, "FuelLevel":9.682783 }
{ "timestamp":"2018-03-31T02:55:38Z", "event":"Powerplay", "Power":"Felicia Winters", "Rank":0, "Merits":0, "Votes":0, "TimePledged":528143 }
{ "timestamp":"2018-03-31T02:55:39Z", "event":"Music", "MusicTrack":"Supercruise" }
{ "timestamp":"2018-03-31T02:55:44Z", "event":"DiscoveryScan", "SystemAddress":89954767546250, "Bodies":1 }
{ "timestamp":"2018-03-31T02:55:44Z", "event":"DiscoveryScan", "SystemAddress":89954767546250, "Bodies":3 }
{ "timestamp":"2018-03-31T02:55:44Z", "event":"DiscoveryScan", "SystemAddress":89954767546250, "Bodies":1 }
{ "timestamp":"2018-03-31T02:55:45Z", "event":"DiscoveryScan", "SystemAddress":89954767546250, "Bodies":60 }
{ "timestamp":"2018-03-31T02:55:56Z", "event":"Scan", "ScanType":"Detailed", "BodyName":"Juenoe CS-Y c15-327 A", "BodyID":1, "Parents":[ {"Null":0} ], "DistanceFromArrivalLS":0.000000, "StarType":"K", "StellarMass":0.851563, "Radius":633013632.000000, "AbsoluteMagnitude":5.632492, "Age_MY":3220, "SurfaceTemperature":5035.000000, "Luminosity":"Va", "SemiMajorAxis":17917999579136.000000, "Eccentricity":0.224142, "OrbitalInclination":-3.767680, "Periapsis":76.229149, "OrbitalPeriod":90176536576.000000, "RotationPeriod":326141.343750, "AxialTilt":0.000000, "Rings":[ { "Name":"Juenoe CS-Y c15-327 A A Belt", "RingClass":"eRingClass_MetalRich", "MassMT":1.6778e+13, "InnerRad":1.083e+09, "OuterRad":2.2872e+09 }, { "Name":"Juenoe CS-Y c15-327 A B Belt", "RingClass":"eRingClass_MetalRich", "MassMT":3.9872e+15, "InnerRad":3.8499e+10, "OuterRad":3.8804e+11 } ] }
{ "timestamp":"2018-03-31T02:55:58Z", "event":"Music", "MusicTrack":"SystemMap" }
{ "timestamp":"2018-03-31T02:56:04Z", "event":"Music", "MusicTrack":"Supercruise" }
{ "timestamp":"2018-03-31T02:56:48Z", "event":"FuelScoop", "Scooped":5.003358, "Total":14.686127 }
{ "timestamp":"2018-03-31T02:57:05Z", "event":"FuelScoop", "Scooped":5.003481, "Total":19.689617 }
{ "timestamp":"2018-03-31T02:57:23Z", "event":"FuelScoop", "Scooped":5.001328, "Total":24.690929 }
{ "timestamp":"2018-03-31T02:57:40Z", "event":"FuelScoop", "Scooped":5.001310, "Total":29.692232 }
{ "timestamp":"2018-03-31T02:57:46Z", "event":"Music", "MusicTrack":"SystemMap" }
{ "timestamp":"2018-03-31T02:57:48Z", "event":"FuelScoop", "Scooped":2.307739, "Total":32.000000 }
{ "timestamp":"2018-03-31T02:57:49Z", "event":"Music", "MusicTrack":"Supercruise" }
{ "timestamp":"2018-03-31T03:01:41Z", "event":"StartJump", "JumpType":"Hyperspace", "StarSystem":"Juenoe DM-L d8-957", "SystemAddress":32890985239499, "StarClass":"A" }
{ "timestamp":"2018-03-31T03:01:46Z", "event":"Music", "MusicTrack":"NoTrack" }
{ "timestamp":"2018-03-31T03:01:59Z", "event":"FSDJump", "StarSystem":"Juenoe DM-L d8-957", "SystemAddress":32890985239499, "StarPos":[-8433.59375,-727.40625,26588.03125], "SystemAllegiance":"", "SystemEconomy":"$economy_None;", "SystemEconomy_Localised":"None", "SystemSecondEconomy":"$economy_None;", "SystemSecondEconomy_Localised":"None", "SystemGovernment":"$government_None;", "SystemGovernment_Localised":"None", "SystemSecurity":"$GAlAXY_MAP_INFO_state_anarchy;", "SystemSecurity_Localised":"Anarchy", "Population":0, "JumpDist":55.773, "FuelUsed":7.948111, "FuelLevel":24.051889 }
{ "timestamp":"2018-03-31T03:01:59Z", "event":"Powerplay", "Power":"Felicia Winters", "Rank":0, "Merits":0, "Votes":0, "TimePledged":528524 }
{ "timestamp":"2018-03-31T03:01:59Z", "event":"Music", "MusicTrack":"Supercruise" }
{ "timestamp":"2018-03-31T03:02:05Z", "event":"DiscoveryScan", "SystemAddress":32890985239499, "Bodies":1 }
{ "timestamp":"2018-03-31T03:02:07Z", "event":"DiscoveryScan", "SystemAddress":32890985239499, "Bodies":25 }
{ "timestamp":"2018-03-31T03:02:09Z", "event":"Music", "MusicTrack":"SystemMap" }
{ "timestamp":"2018-03-31T03:02:12Z", "event":"Music", "MusicTrack":"Supercruise" }
{ "timestamp":"2018-03-31T03:02:17Z", "event":"Scan", "ScanType":"Detailed", "BodyName":"Juenoe DM-L d8-957", "BodyID":0, "DistanceFromArrivalLS":0.000000, "StarType":"A", "StellarMass":1.730469, "Radius":974841856.000000, "AbsoluteMagnitude":2.850357, "Age_MY":1720, "SurfaceTemperature":7698.000000, "Luminosity":"Vb", "RotationPeriod":59567.945313, "AxialTilt":0.000000, "Rings":[ { "Name":"Juenoe DM-L d8-957 A Belt", "RingClass":"eRingClass_MetalRich", "MassMT":4.745e+16, "InnerRad":7.5032e+09, "OuterRad":3.0251e+11 } ] }
{ "timestamp":"2018-03-31T03:02:44Z", "event":"Music", "MusicTrack":"SystemMap" }
{ "timestamp":"2018-03-31T03:02:46Z", "event":"Music", "MusicTrack":"Supercruise" }
{ "timestamp":"2018-03-31T03:03:02Z", "event":"Music", "MusicTrack":"SystemMap" }
{ "timestamp":"2018-03-31T03:03:04Z", "event":"Music", "MusicTrack":"Supercruise" }
{ "timestamp":"2018-03-31T03:03:17Z", "event":"FuelScoop", "Scooped":5.001511, "Total":29.053389 }
{ "timestamp":"2018-03-31T03:03:20Z", "event":"FuelScoop", "Scooped":2.946617, "Total":32.000000 }
{ "timestamp":"2018-03-31T03:03:26Z", "event":"Friends", "Status":"Online", "Name":"Klutz" }
{ "timestamp":"2018-03-31T03:04:19Z", "event":"Music", "MusicTrack":"SystemMap" }
{ "timestamp":"2018-03-31T03:04:21Z", "event":"Music", "MusicTrack":"Supercruise" }
{ "timestamp":"2018-03-31T03:04:23Z", "event":"SupercruiseExit", "StarSystem":"Juenoe DM-L d8-957", "SystemAddress":32890985239499, "Body":"Juenoe DM-L d8-957", "BodyID":0, "BodyType":"Star" }
{ "timestamp":"2018-03-31T03:04:23Z", "event":"Music", "MusicTrack":"Exploration" }
{ "timestamp":"2018-03-31T03:04:29Z", "event":"LaunchFighter", "Loadout":"two", "PlayerControlled":true }
{ "timestamp":"2018-03-31T03:04:32Z", "event":"Loadout", "Ship":"Federation_Fighter", "ShipID":10, "ShipName":"", "ShipIdent":"JA-30F", "Rebuy":927, "Modules":[ { "Slot":"Federation_Fighter_Shield", "Item":"Ext_Emitter_Standard", "On":true, "Priority":2, "Health":1.000000 }, { "Slot":"SmallHardpoint1", "Item":"Hpt_PlasmaRepeater_Fixed_Fed_Fighter", "On":true, "Priority":2, "AmmoInClip":30, "AmmoInHopper":30, "Health":1.000000 }, { "Slot":"TinyHardpoint1", "Item":"Hpt_PlasmaPointDefence_Turret_Tiny", "On":true, "Priority":2, "AmmoInClip":12, "AmmoInHopper":10000, "Health":1.000000, "Value":18546 }, { "Slot":"SmallHardpoint2", "Item":"Hpt_PlasmaRepeater_Fixed_Fed_Fighter", "On":true, "Priority":2, "AmmoInClip":30, "AmmoInHopper":30, "Health":1.000000 }, { "Slot":"ShieldGenerator", "Item":"Int_ShieldGenerator_Fighter_Class1", "On":true, "Priority":2, "Health":1.000000 }, { "Slot":"Armour", "Item":"Federation_Fighter_Armour_Standard", "On":true, "Priority":2, "Health":1.000000 }, { "Slot":"VesselVoice", "Item":"VoicePack_Verity", "On":true, "Priority":2, "Health":1.000000 }, { "Slot":"ShipCockpit", "Item":"Federation_Fighter_Cockpit", "On":true, "Priority":2, "Health":1.000000 } ] }
{ "timestamp":"2018-03-31T03:05:16Z", "event":"Music", "MusicTrack":"SystemMap" }
{ "timestamp":"2018-03-31T03:05:18Z", "event":"Music", "MusicTrack":"Exploration" }
{ "timestamp":"2018-03-31T03:15:46Z", "event":"ShipTargeted", "TargetLocked":true, "Ship":"anaconda", "ScanStage":0 }
{ "timestamp":"2018-03-31T03:15:47Z", "event":"ShipTargeted", "TargetLocked":true, "Ship":"anaconda", "ScanStage":1, "PilotName":"$RolePanel2_unmanned; $cmdr_decorate:#name=JaredCrue;", "PilotName_Localised":"unmanned CMDR JaredCrue", "PilotRank":"Harmless" }
{ "timestamp":"2018-03-31T03:15:49Z", "event":"ShipTargeted", "TargetLocked":true, "Ship":"anaconda", "ScanStage":2, "PilotName":"$RolePanel2_unmanned; $cmdr_decorate:#name=JaredCrue;", "PilotName_Localised":"unmanned CMDR JaredCrue", "PilotRank":"Harmless", "ShieldHealth":100.000000, "HullHealth":100.000000 }
{ "timestamp":"2018-03-31T03:15:51Z", "event":"ShipTargeted", "TargetLocked":true, "Ship":"anaconda", "ScanStage":3, "PilotName":"$RolePanel2_unmanned; $cmdr_decorate:#name=JaredCrue;", "PilotName_Localised":"unmanned CMDR JaredCrue", "PilotRank":"Harmless", "ShieldHealth":100.000000, "HullHealth":100.000000, "LegalStatus":"Lawless" }
{ "timestamp":"2018-03-31T03:17:55Z", "event":"ShipTargeted", "TargetLocked":false }
{ "timestamp":"2018-03-31T03:20:33Z", "event":"DockFighter" }
{ "timestamp":"2018-03-31T03:20:43Z", "event":"FighterRebuilt", "Loadout":"two" }
{ "timestamp":"2018-03-31T03:20:57Z", "event":"StartJump", "JumpType":"Supercruise" }
{ "timestamp":"2018-03-31T03:21:02Z", "event":"SupercruiseEntry", "StarSystem":"Juenoe DM-L d8-957", "SystemAddress":32890985239499 }
{ "timestamp":"2018-03-31T03:21:02Z", "event":"Powerplay", "Power":"Felicia Winters", "Rank":0, "Merits":0, "Votes":0, "TimePledged":529667 }
{ "timestamp":"2018-03-31T03:21:02Z", "event":"Music", "MusicTrack":"Supercruise" }
{ "timestamp":"2018-03-31T03:27:45Z", "event":"Shutdown" }
