{ "timestamp":"2018-03-29T21:01:01Z", "event":"Fileheader", "part":1, "language":"English\\UK", "gameversion":"3.0.5.402 EDH", "build":"r168330/r0 " }
{ "timestamp":"2018-03-29T21:01:01Z", "event":"Music", "MusicTrack":"NoTrack" }
{ "timestamp":"2018-03-29T21:01:02Z", "event":"Music", "MusicTrack":"MainMenu" }
{ "timestamp":"2018-03-29T21:01:44Z", "event":"Friends", "Status":"Online", "Name":"Voodoo Le Strange" }
{ "timestamp":"2018-03-29T21:01:44Z", "event":"Friends", "Status":"Online", "Name":"Alex 'Alkhol' Hardin" }
{ "timestamp":"2018-03-29T21:01:44Z", "event":"Friends", "Status":"Online", "Name":"Art Fusky" }
{ "timestamp":"2018-03-29T21:01:44Z", "event":"Friends", "Status":"Online", "Name":"Astro-Knot" }
{ "timestamp":"2018-03-29T21:01:44Z", "event":"Friends", "Status":"Online", "Name":"Steyla" }
{ "timestamp":"2018-03-29T21:01:51Z", "event":"Friends", "Status":"Online", "Name":"Voodoo Le Strange" }
{ "timestamp":"2018-03-29T21:01:51Z", "event":"Friends", "Status":"Online", "Name":"Alex 'Alkhol' Hardin" }
{ "timestamp":"2018-03-29T21:01:51Z", "event":"Friends", "Status":"Online", "Name":"Art Fusky" }
{ "timestamp":"2018-03-29T21:01:51Z", "event":"Friends", "Status":"Online", "Name":"Astro-Knot" }
{ "timestamp":"2018-03-29T21:01:51Z", "event":"Friends", "Status":"Online", "Name":"Steyla" }
{ "timestamp":"2018-03-29T21:02:04Z", "event":"Commander", "Name":"JaredCrue" }
{ "timestamp":"2018-03-29T21:02:04Z", "event":"Materials", "Raw":[ { "Name":"nickel", "Count":241 }, { "Name":"vanadium", "Count":169 }, { "Name":"sulphur", "Count":276 }, { "Name":"iron", "Count":267 }, { "Name":"germanium", "Count":127 }, { "Name":"arsenic", "Count":56 }, { "Name":"polonium", "Count":13 }, { "Name":"tin", "Count":22 }, { "Name":"phosphorus", "Count":195 }, { "Name":"zinc", "Count":77 }, { "Name":"niobium", "Count":78 }, { "Name":"cadmium", "Count":102 }, { "Name":"selenium", "Count":12 }, { "Name":"yttrium", "Count":22 }, { "Name":"chromium", "Count":250 }, { "Name":"carbon", "Count":208 }, { "Name":"molybdenum", "Count":45 }, { "Name":"tungsten", "Count":9 }, { "Name":"tellurium", "Count":21 }, { "Name":"manganese", "Count":44 } ], "Manufactured":[ { "Name":"mechanicalequipment", "Name_Localised":"Mechanical Equipment", "Count":15 }, { "Name":"mechanicalscrap", "Name_Localised":"Mechanical Scrap", "Count":18 }, { "Name":"wornshieldemitters", "Name_Localised":"Worn Shield Emitters", "Count":9 }, { "Name":"salvagedalloys", "Name_Localised":"Salvaged Alloys", "Count":12 }, { "Name":"chemicalprocessors", "Name_Localised":"Chemical Processors", "Count":17 }, { "Name":"conductivecomponents", "Name_Localised":"Conductive Components", "Count":12 }, { "Name":"refinedfocuscrystals", "Name_Localised":"Refined Focus Crystals", "Count":9 }, { "Name":"shieldemitters", "Name_Localised":"Shield Emitters", "Count":12 }, { "Name":"compoundshielding", "Name_Localised":"Compound Shielding", "Count":1 }, { "Name":"focuscrystals", "Name_Localised":"Focus Crystals", "Count":5 }, { "Name":"heatdispersionplate", "Name_Localised":"Heat Dispersion Plate", "Count":9 }, { "Name":"mechanicalcomponents", "Name_Localised":"Mechanical Components", "Count":12 }, { "Name":"chemicalmanipulators", "Name_Localised":"Chemical Manipulators", "Count":1 }, { "Name":"heatvanes", "Name_Localised":"Heat Vanes", "Count":3 }, { "Name":"heatexchangers", "Name_Localised":"Heat Exchangers", "Count":9 }, { "Name":"heatconductionwiring", "Name_Localised":"Heat Conduction Wiring", "Count":9 }, { "Name":"conductiveceramics", "Name_Localised":"Conductive Ceramics", "Count":3 }, { "Name":"basicconductors", "Name_Localised":"Basic Conductors", "Count":3 }, { "Name":"uncutfocuscrystals", "Name_Localised":"Flawed Focus Crystals", "Count":11 } ], "Encoded":[ { "Name":"bulkscandata", "Name_Localised":"Anomalous Bulk Scan Data", "Count":16 }, { "Name":"wakesolutions", "Name_Localised":"Strange Wake Solutions", "Count":19 }, { "Name":"scrambledemissiondata", "Name_Localised":"Exceptional Scrambled Emission Data", "Count":8 }, { "Name":"legacyfirmware", "Name_Localised":"Specialised Legacy Firmware", "Count":7 }, { "Name":"shielddensityreports", "Name_Localised":"Untypical Shield Scans ", "Count":6 }, { "Name":"shieldcyclerecordings", "Name_Localised":"Distorted Shield Cycle Recordings", "Count":27 }, { "Name":"disruptedwakeechoes", "Name_Localised":"Atypical Disrupted Wake Echoes", "Count":124 }, { "Name":"securityfirmware", "Name_Localised":"Security Firmware Patch", "Count":1 }, { "Name":"fsdtelemetry", "Name_Localised":"Anomalous FSD Telemetry", "Count":31 }, { "Name":"shieldsoakanalysis", "Name_Localised":"Inconsistent Shield Soak Analysis", "Count":6 }, { "Name":"shieldpatternanalysis", "Name_Localised":"Aberrant Shield Pattern Analysis", "Count":3 }, { "Name":"dataminedwake", "Name_Localised":"Datamined Wake Exceptions", "Count":4 }, { "Name":"scanarchives", "Name_Localised":"Unidentified Scan Archives", "Count":6 }, { "Name":"scandatabanks", "Name_Localised":"Classified Scan Databanks", "Count":3 }, { "Name":"decodedemissiondata", "Name_Localised":"Decoded Emission Data", "Count":3 }, { "Name":"emissiondata", "Name_Localised":"Unexpected Emission Data", "Count":6 }, { "Name":"consumerfirmware", "Name_Localised":"Modified Consumer Firmware", "Count":3 }, { "Name":"symmetrickeys", "Name_Localised":"Open Symmetric Keys", "Count":1 }, { "Name":"encryptionarchives", "Name_Localised":"Atypical Encryption Archives", "Count":5 } ] }
{ "timestamp":"2018-03-29T21:02:04Z", "event":"LoadGame", "Commander":"JaredCrue", "Horizons":true, "Ship":"Anaconda", "ShipID":7, "ShipName":"Hawking Explorer", "ShipIdent":"BPE271", "FuelLevel":30.930000, "FuelCapacity":32.000000, "GameMode":"Group", "Group":"FleetComm", "Credits":400167034, "Loan":0 }
{ "timestamp":"2018-03-29T21:02:04Z", "event":"Rank", "Combat":0, "Trade":2, "Explore":8, "Empire":0, "Federation":0, "CQC":0 }
{ "timestamp":"2018-03-29T21:02:04Z", "event":"Progress", "Combat":35, "Trade":88, "Explore":100, "Empire":100, "Federation":80, "CQC":0 }
{ "timestamp":"2018-03-29T21:02:04Z", "event":"Reputation", "Empire":15.330100, "Federation":94.830803 }
{ "timestamp":"2018-03-29T21:02:15Z", "event":"Loadout", "Ship":"Anaconda", "ShipID":7, "ShipName":"Hawking Explorer", "ShipIdent":"BPE271", "HullValue":125004659, "ModulesValue":105796079, "Rebuy":11540038, "Modules":[ { "Slot":"TinyHardpoint1", "Item":"Hpt_CloudScanner_Size0_Class5", "On":true, "Priority":0, "Health":1.000000, "Value":962702 }, { "Slot":"TinyHardpoint2", "Item":"Hpt_HeatSinkLauncher_Turret_Tiny", "On":true, "Priority":0, "AmmoInClip":1, "AmmoInHopper":1, "Health":1.000000, "Value":3072 }, { "Slot":"TinyHardpoint3", "Item":"Hpt_HeatSinkLauncher_Turret_Tiny", "On":true, "Priority":0, "AmmoInClip":1, "AmmoInHopper":1, "Health":1.000000, "Value":3072 }, { "Slot":"TinyHardpoint4", "Item":"Hpt_HeatSinkLauncher_Turret_Tiny", "On":true, "Priority":0, "AmmoInClip":1, "AmmoInHopper":1, "Health":1.000000, "Value":3072 }, { "Slot":"Armour", "Item":"Anaconda_Armour_Grade1", "On":true, "Priority":1, "Health":1.000000 }, { "Slot":"PaintJob", "Item":"PaintJob_Anaconda_Vibrant_Green", "On":true, "Priority":1, "Health":1.000000 }, { "Slot":"PowerPlant", "Item":"Int_Powerplant_Size5_Class5", "On":true, "Priority":1, "Health":1.000000, "Value":3794047 }, { "Slot":"MainEngines", "Item":"Int_Engine_Size5_Class2", "On":true, "Priority":0, "Health":1.000000, "Value":165879 }, { "Slot":"FrameShiftDrive", "Item":"Int_Hyperdrive_Size6_Class5", "On":true, "Priority":0, "Health":1.000000, "Value":14197539, "Engineering":{ "Engineer":"Felicity Farseer", "EngineerID":300100, "BlueprintID":128673694, "BlueprintName":"FSD_LongRange", "Level":5, "Quality":1.000000, "ExperimentalEffect":"special_fsd_heavy", "ExperimentalEffect_Localised":"Mass Manager", "Modifiers":[ { "Label":"Mass", "Value":52.000000, "OriginalValue":40.000000, "LessIsGood":1 }, { "Label":"Integrity", "Value":110.262009, "OriginalValue":141.000000, "LessIsGood":0 }, { "Label":"PowerDraw", "Value":0.862500, "OriginalValue":0.750000, "LessIsGood":1 }, { "Label":"FSDOptimalMass", "Value":2901.599854, "OriginalValue":1800.000000, "LessIsGood":0 } ] } }, { "Slot":"LifeSupport", "Item":"Int_LifeSupport_Size5_Class2", "On":true, "Priority":0, "Health":1.000000, "Value":69713 }, { "Slot":"PowerDistributor", "Item":"Int_PowerDistributor_Size1_Class2", "On":true, "Priority":0, "Health":1.000000, "Value":1135 }, { "Slot":"Radar", "Item":"Int_Sensors_Size8_Class2", "On":true, "Priority":0, "Health":1.000000, "Value":1530326 }, { "Slot":"FuelTank", "Item":"Int_FuelTank_Size5_Class3", "On":true, "Priority":1, "Health":1.000000, "Value":85779 }, { "Slot":"Decal1", "Item":"Decal_Explorer_Elite", "On":true, "Priority":1, "Health":1.000000 }, { "Slot":"Decal2", "Item":"Decal_Explorer_Elite", "On":true, "Priority":1, "Health":1.000000 }, { "Slot":"Decal3", "Item":"Decal_Explorer_Elite", "On":true, "Priority":1, "Health":1.000000 }, { "Slot":"ShipName0", "Item":"Nameplate_Expedition01_White", "On":true, "Priority":1, "Health":1.000000 }, { "Slot":"ShipName1", "Item":"Nameplate_Expedition02_White", "On":true, "Priority":1, "Health":1.000000 }, { "Slot":"ShipID0", "Item":"Nameplate_ShipID_White", "On":true, "Priority":1, "Health":1.000000 }, { "Slot":"ShipID1", "Item":"Nameplate_ShipID_White", "On":true, "Priority":1, "Health":1.000000 }, { "Slot":"Slot01_Size7", "Item":"Int_FuelScoop_Size7_Class5", "On":true, "Priority":0, "Health":1.000000, "Value":80011016 }, { "Slot":"Slot02_Size6", "Item":"Int_FighterBay_Size5_Class1", "On":true, "Priority":0, "Health":1.000000, "Value":505128 }, { "Slot":"Slot03_Size6", "Item":"Int_ShieldGenerator_Size3_Class2", "On":true, "Priority":0, "Health":1.000000, "Value":16508 }, { "Slot":"Slot04_Size6", "Item":"Int_CargoRack_Size4_Class1", "On":true, "Priority":1, "Health":1.000000, "Value":30124 }, { "Slot":"Slot05_Size5", "Item":"Int_DroneControl_FuelTransfer_Size1_Class2", "On":true, "Priority":0, "Health":1.000000, "Value":1053 }, { "Slot":"Slot06_Size5", "Item":"Int_DroneControl_Repair_Size1_Class2", "On":true, "Priority":0, "Health":1.000000, "Value":1053 }, { "Slot":"Slot07_Size5", "Item":"Int_Repairer_Size4_Class4", "On":false, "Priority":0, "AmmoInClip":5900, "Health":1.000000, "Value":1381747 }, { "Slot":"Slot08_Size4", "Item":"Int_Repairer_Size4_Class4", "On":false, "Priority":0, "AmmoInClip":5900, "Health":1.000000, "Value":1381747 }, { "Slot":"Slot09_Size4", "Item":"Int_BuggyBay_Size4_Class2", "On":true, "Priority":0, "Health":1.000000, "Value":75816 }, { "Slot":"Slot10_Size4", "Item":"Int_DetailedSurfaceScanner_Tiny", "On":true, "Priority":1, "Health":1.000000, "Value":219375, "Engineering":{ "Engineer":"Felicity Farseer", "EngineerID":300100, "BlueprintID":128740154, "BlueprintName":"Sensor_FastScan", "Level":3, "Quality":1.000000, "Modifiers":[ { "Label":"Mass", "Value":2.080000, "OriginalValue":1.300000, "LessIsGood":1 }, { "Label":"DSS_RateMult", "Value":50.000000, "OriginalValue":0.000000, "LessIsGood":0 } ] } }, { "Slot":"Slot13_Size2", "Item":"Int_StellarBodyDiscoveryScanner_Advanced", "On":true, "Priority":1, "Health":1.000000, "Value":1355738 }, { "Slot":"PlanetaryApproachSuite", "Item":"Int_PlanetApproachSuite", "On":true, "Priority":1, "Health":1.000000, "Value":438 }, { "Slot":"VesselVoice", "Item":"VoicePack_Verity", "On":true, "Priority":1, "Health":1.000000 }, { "Slot":"ShipCockpit", "Item":"Anaconda_Cockpit", "On":true, "Priority":1, "Health":1.000000 }, { "Slot":"CargoHatch", "Item":"ModularCargoBayDoor", "On":true, "Priority":2, "Health":1.000000 } ] }
{ "timestamp":"2018-03-29T21:02:34Z", "event":"Location", "Docked":false, "StarSystem":"Clooku ZZ-C b30-36", "SystemAddress":79756333103361, "StarPos":[-5916.81250,-513.43750,12393.46875], "SystemAllegiance":"", "SystemEconomy":"$economy_None;", "SystemEconomy_Localised":"None", "SystemSecondEconomy":"$economy_None;", "SystemSecondEconomy_Localised":"None", "SystemGovernment":"$government_None;", "SystemGovernment_Localised":"None", "SystemSecurity":"$GAlAXY_MAP_INFO_state_anarchy;", "SystemSecurity_Localised":"Anarchy", "Population":0, "Body":"Clooku ZZ-C b30-36 AB", "BodyID":0, "BodyType":"Null" }
{ "timestamp":"2018-03-29T21:02:34Z", "event":"Powerplay", "Power":"Felicia Winters", "Rank":0, "Merits":0, "Votes":0, "TimePledged":420559 }
{ "timestamp":"2018-03-29T21:02:34Z", "event":"Music", "MusicTrack":"NoTrack" }
{ "timestamp":"2018-03-29T21:02:34Z", "event":"Missions", "Active":[  ], "Failed":[  ], "Complete":[  ] }
{ "timestamp":"2018-03-29T21:02:34Z", "event":"Cargo", "Inventory":[ { "Name":"drones", "Name_Localised":"Limpet", "Count":16, "Stolen":0 } ] }
{ "timestamp":"2018-03-29T21:02:34Z", "event":"Music", "MusicTrack":"Exploration" }
{ "timestamp":"2018-03-29T21:02:34Z", "event":"Statistics", "Bank_Account":{ "Current_Wealth":692896870, "Spent_On_Ships":427091961, "Spent_On_Outfitting":485714197, "Spent_On_Repairs":1000441, "Spent_On_Fuel":10811, "Spent_On_Ammo_Consumables":8577, "Insurance_Claims":0, "Spent_On_Insurance":0 }, "Combat":{ "Bounties_Claimed":0, "Bounty_Hunting_Profit":0, "Combat_Bonds":0, "Combat_Bond_Profits":0, "Assassinations":0, "Assassination_Profits":0, "Highest_Single_Reward":0, "Skimmers_Killed":8 }, "Crime":{ "Notoriety":0, "Fines":8, "Total_Fines":17474, "Bounties_Received":0, "Total_Bounties":0, "Highest_Bounty":0 }, "Smuggling":{ "Black_Markets_Traded_With":0, "Black_Markets_Profits":0, "Resources_Smuggled":0, "Average_Profit":0, "Highest_Single_Transaction":0 }, "Trading":{ "Markets_Traded_With":12, "Market_Profits":244184, "Resources_Traded":55, "Average_Profit":11099.272727273, "Highest_Single_Transaction":137325 }, "Mining":{ "Mining_Profits":411, "Quantity_Mined":3, "Materials_Collected":3659 }, "Exploration":{ "Systems_Visited":9866, "Exploration_Profits":754329791, "Planets_Scanned_To_Level_2":17, "Planets_Scanned_To_Level_3":5908, "Highest_Payout":4090900, "Total_Hyperspace_Distance":248432, "Total_Hyperspace_Jumps":10048, "Greatest_Distance_From_Start":65222.47204614, "Time_Played":2050440 }, "Passengers":{ "Passengers_Missions_Bulk":0, "Passengers_Missions_VIP":0, "Passengers_Missions_Delivered":0, "Passengers_Missions_Ejected":0 }, "Search_And_Rescue":{ "SearchRescue_Traded":6, "SearchRescue_Profit":140105, "SearchRescue_Count":2 }, "Crafting":{ "Count_Of_Used_Engineers":2, "Recipes_Generated":45, "Recipes_Generated_Rank_1":6, "Recipes_Generated_Rank_2":8, "Recipes_Generated_Rank_3":10, "Recipes_Generated_Rank_4":13, "Recipes_Generated_Rank_5":8 }, "Crew":{  }, "Multicrew":{ "Multicrew_Time_Total":155, "Multicrew_Gunner_Time_Total":0, "Multicrew_Fighter_Time_Total":0, "Multicrew_Credits_Total":0, "Multicrew_Fines_Total":0 }, "Material_Trader_Stats":{ "Trades_Completed":5, "Materials_Traded":86, "Encoded_Materials_Traded":50, "Grade_2_Materials_Traded":19, "Grade_3_Materials_Traded":14, "Grade_4_Materials_Traded":53 } }
{ "timestamp":"2018-03-29T21:03:23Z", "event":"Music", "MusicTrack":"GalaxyMap" }
{ "timestamp":"2018-03-29T21:03:24Z", "event":"Music", "MusicTrack":"Exploration" }
{ "timestamp":"2018-03-29T21:09:57Z", "event":"StartJump", "JumpType":"Hyperspace", "StarSystem":"Clooku KS-X b32-7", "SystemAddress":15984390256921, "StarClass":"M" }
{ "timestamp":"2018-03-29T21:10:02Z", "event":"Music", "MusicTrack":"NoTrack" }
{ "timestamp":"2018-03-29T21:10:15Z", "event":"FSDJump", "StarSystem":"Clooku KS-X b32-7", "SystemAddress":15984390256921, "StarPos":[-5943.71875,-519.06250,12441.50000], "SystemAllegiance":"", "SystemEconomy":"$economy_None;", "SystemEconomy_Localised":"None", "SystemSecondEconomy":"$economy_None;", "SystemSecondEconomy_Localised":"None", "SystemGovernment":"$government_None;", "SystemGovernment_Localised":"None", "SystemSecurity":"$GAlAXY_MAP_INFO_state_anarchy;", "SystemSecurity_Localised":"Anarchy", "Population":0, "JumpDist":55.341, "FuelUsed":7.755053, "FuelLevel":23.174948 }
{ "timestamp":"2018-03-29T21:10:16Z", "event":"Music", "MusicTrack":"Supercruise" }
{ "timestamp":"2018-03-29T21:10:22Z", "event":"DiscoveryScan", "SystemAddress":15984390256921, "Bodies":8 }
{ "timestamp":"2018-03-29T21:10:22Z", "event":"DiscoveryScan", "SystemAddress":15984390256921, "Bodies":20 }
{ "timestamp":"2018-03-29T21:10:24Z", "event":"Music", "MusicTrack":"SystemMap" }
{ "timestamp":"2018-03-29T21:10:32Z", "event":"Scan", "ScanType":"Detailed", "BodyName":"Clooku KS-X b32-7", "BodyID":0, "DistanceFromArrivalLS":0.000000, "StarType":"M", "StellarMass":0.441406, "Radius":415712352.000000, "AbsoluteMagnitude":8.423370, "Age_MY":3574, "SurfaceTemperature":3268.000000, "Luminosity":"Va", "RotationPeriod":280411.562500, "AxialTilt":0.000000, "Rings":[ { "Name":"Clooku KS-X b32-7 A Belt", "RingClass":"eRingClass_Rocky", "MassMT":2.6699e+09, "InnerRad":6.2367e+08, "OuterRad":1.8373e+09 } ] }
{ "timestamp":"2018-03-29T21:10:37Z", "event":"Music", "MusicTrack":"Supercruise" }
{ "timestamp":"2018-03-29T21:11:13Z", "event":"FuelScoop", "Scooped":5.001984, "Total":28.176924 }
{ "timestamp":"2018-03-29T21:11:28Z", "event":"FuelScoop", "Scooped":3.823071, "Total":32.000000 }
{ "timestamp":"2018-03-29T21:12:47Z", "event":"Scan", "ScanType":"Detailed", "BodyName":"Clooku KS-X b32-7 1", "BodyID":7, "Parents":[ {"Star":0} ], "DistanceFromArrivalLS":16.451647, "TidalLock":true, "TerraformState":"", "PlanetClass":"High metal content body", "Atmosphere":"", "AtmosphereType":"None", "Volcanism":"", "MassEM":0.000186, "Radius":378727.093750, "SurfaceGravity":0.517997, "SurfaceTemperature":602.163025, "SurfacePressure":0.000000, "Landable":true, "Materials":[ { "Name":"iron", "Percent":22.818457 }, { "Name":"nickel", "Percent":17.258924 }, { "Name":"sulphur", "Percent":16.209938 }, { "Name":"carbon", "Percent":13.630878 }, { "Name":"manganese", "Percent":9.423790 }, { "Name":"phosphorus", "Percent":8.726724 }, { "Name":"germanium", "Percent":4.769387 }, { "Name":"selenium", "Percent":2.536993 }, { "Name":"cadmium", "Percent":1.771957 }, { "Name":"molybdenum", "Percent":1.490032 }, { "Name":"yttrium", "Percent":1.362919 } ], "Composition":{ "Ice":0.000000, "Rock":0.670781, "Metal":0.329219 }, "SemiMajorAxis":4932072448.000000, "Eccentricity":0.000002, "OrbitalInclination":0.007580, "Periapsis":34.754761, "OrbitalPeriod":284298.281250, "RotationPeriod":284317.562500, "AxialTilt":0.186846 }
{ "timestamp":"2018-03-29T21:15:14Z", "event":"Music", "MusicTrack":"SystemMap" }
{ "timestamp":"2018-03-29T21:17:56Z", "event":"Friends", "Status":"Online", "Name":"omicrontheta" }
{ "timestamp":"2018-03-29T21:18:15Z", "event":"Music", "MusicTrack":"Supercruise" }
{ "timestamp":"2018-03-29T21:18:20Z", "event":"Music", "MusicTrack":"GalaxyMap" }
{ "timestamp":"2018-03-29T21:18:21Z", "event":"Music", "MusicTrack":"Supercruise" }
{ "timestamp":"2018-03-29T21:18:26Z", "event":"Music", "MusicTrack":"SystemMap" }
{ "timestamp":"2018-03-29T21:18:37Z", "event":"Music", "MusicTrack":"Supercruise" }
{ "timestamp":"2018-03-29T21:19:25Z", "event":"Music", "MusicTrack":"SystemMap" }
{ "timestamp":"2018-03-29T21:19:28Z", "event":"Music", "MusicTrack":"Supercruise" }
{ "timestamp":"2018-03-29T21:20:02Z", "event":"Scan", "ScanType":"Detailed", "BodyName":"Clooku KS-X b32-7 6", "BodyID":12, "Parents":[ {"Star":0} ], "DistanceFromArrivalLS":105.522705, "TidalLock":true, "TerraformState":"Terraformable", "PlanetClass":"Water world", "Atmosphere":"ammonia atmosphere", "AtmosphereType":"Ammonia", "AtmosphereComposition":[ { "Name":"Ammonia", "Percent":67.766556 }, { "Name":"Nitrogen", "Percent":22.549057 }, { "Name":"Oxygen", "Percent":5.783119 } ], "Volcanism":"", "MassEM":0.655670, "Radius":5356812.500000, "SurfaceGravity":9.107141, "SurfaceTemperature":430.597504, "SurfacePressure":394287.062500, "Landable":false, "Composition":{ "Ice":0.000000, "Rock":0.670781, "Metal":0.329219 }, "SemiMajorAxis":31631888384.000000, "Eccentricity":0.000097, "OrbitalInclination":-0.000003, "Periapsis":286.892426, "OrbitalPeriod":4617615.000000, "RotationPeriod":4617928.500000, "AxialTilt":0.345412 }
{ "timestamp":"2018-03-29T21:20:25Z", "event":"StartJump", "JumpType":"Hyperspace", "StarSystem":"Clooku RE-U b34-34", "SystemAddress":75357749721385, "StarClass":"M" }
{ "timestamp":"2018-03-29T21:20:30Z", "event":"Music", "MusicTrack":"NoTrack" }
{ "timestamp":"2018-03-29T21:20:43Z", "event":"FSDJump", "StarSystem":"Clooku RE-U b34-34", "SystemAddress":75357749721385, "StarPos":[-5964.03125,-519.56250,12493.21875], "SystemAllegiance":"", "SystemEconomy":"$economy_None;", "SystemEconomy_Localised":"None", "SystemSecondEconomy":"$economy_None;", "SystemSecondEconomy_Localised":"None", "SystemGovernment":"$government_None;", "SystemGovernment_Localised":"None", "SystemSecurity":"$GAlAXY_MAP_INFO_state_anarchy;", "SystemSecurity_Localised":"Anarchy", "Population":0, "JumpDist":55.567, "FuelUsed":7.872166, "FuelLevel":24.127834 }
{ "timestamp":"2018-03-29T21:20:43Z", "event":"Powerplay", "Power":"Felicia Winters", "Rank":0, "Merits":0, "Votes":0, "TimePledged":421648 }
{ "timestamp":"2018-03-29T21:20:44Z", "event":"Music", "MusicTrack":"Supercruise" }
{ "timestamp":"2018-03-29T21:20:50Z", "event":"DiscoveryScan", "SystemAddress":75357749721385, "Bodies":4 }
{ "timestamp":"2018-03-29T21:20:50Z", "event":"DiscoveryScan", "SystemAddress":75357749721385, "Bodies":14 }
{ "timestamp":"2018-03-29T21:20:56Z", "event":"Music", "MusicTrack":"SystemMap" }
{ "timestamp":"2018-03-29T21:20:58Z", "event":"Music", "MusicTrack":"Supercruise" }
{ "timestamp":"2018-03-29T21:21:01Z", "event":"Scan", "ScanType":"Detailed", "BodyName":"Clooku RE-U b34-34", "BodyID":0, "DistanceFromArrivalLS":0.000000, "StarType":"M", "StellarMass":0.367188, "Radius":352865184.000000, "AbsoluteMagnitude":8.851761, "Age_MY":4702, "SurfaceTemperature":3214.000000, "Luminosity":"Va", "RotationPeriod":198836.750000, "AxialTilt":0.000000, "Rings":[ { "Name":"Clooku RE-U b34-34 A Belt", "RingClass":"eRingClass_Rocky", "MassMT":8.1728e+13, "InnerRad":5.8223e+08, "OuterRad":1.8043e+09 } ] }
{ "timestamp":"2018-03-29T21:21:17Z", "event":"FuelScoop", "Scooped":5.001316, "Total":29.129152 }
{ "timestamp":"2018-03-29T21:21:19Z", "event":"FuelScoop", "Scooped":2.870854, "Total":32.000000 }
{ "timestamp":"2018-03-29T21:21:24Z", "event":"Music", "MusicTrack":"SystemMap" }
{ "timestamp":"2018-03-29T21:21:25Z", "event":"Music", "MusicTrack":"Supercruise" }
{ "timestamp":"2018-03-29T21:21:42Z", "event":"StartJump", "JumpType":"Hyperspace", "StarSystem":"Clooku BJ-U c18-160", "SystemAddress":44054250888354, "StarClass":"K" }
{ "timestamp":"2018-03-29T21:21:48Z", "event":"Music", "MusicTrack":"NoTrack" }
{ "timestamp":"2018-03-29T21:22:01Z", "event":"FSDJump", "StarSystem":"Clooku BJ-U c18-160", "SystemAddress":44054250888354, "StarPos":[-5988.06250,-519.18750,12543.34375], "SystemAllegiance":"", "SystemEconomy":"$economy_None;", "SystemEconomy_Localised":"None", "SystemSecondEconomy":"$economy_None;", "SystemSecondEconomy_Localised":"None", "SystemGovernment":"$government_None;", "SystemGovernment_Localised":"None", "SystemSecurity":"$GAlAXY_MAP_INFO_state_anarchy;", "SystemSecurity_Localised":"Anarchy", "Population":0, "JumpDist":55.589, "FuelUsed":7.880077, "FuelLevel":24.119923 }
{ "timestamp":"2018-03-29T21:22:01Z", "event":"Music", "MusicTrack":"Supercruise" }
{ "timestamp":"2018-03-29T21:22:07Z", "event":"DiscoveryScan", "SystemAddress":44054250888354, "Bodies":2 }
{ "timestamp":"2018-03-29T21:22:07Z", "event":"DiscoveryScan", "SystemAddress":44054250888354, "Bodies":1 }
{ "timestamp":"2018-03-29T21:22:09Z", "event":"Music", "MusicTrack":"SystemMap" }
{ "timestamp":"2018-03-29T21:22:10Z", "event":"Music", "MusicTrack":"Supercruise" }
{ "timestamp":"2018-03-29T21:22:18Z", "event":"Scan", "ScanType":"Detailed", "BodyName":"Clooku BJ-U c18-160", "BodyID":0, "DistanceFromArrivalLS":0.000000, "StarType":"K", "StellarMass":0.585938, "Radius":489999776.000000, "AbsoluteMagnitude":6.747696, "Age_MY":5326, "SurfaceTemperature":4427.000000, "Luminosity":"Va", "RotationPeriod":227732.625000, "AxialTilt":0.000000 }
{ "timestamp":"2018-03-29T21:22:22Z", "event":"Music", "MusicTrack":"SystemMap" }
{ "timestamp":"2018-03-29T21:22:23Z", "event":"Music", "MusicTrack":"Supercruise" }
{ "timestamp":"2018-03-29T21:22:35Z", "event":"FuelScoop", "Scooped":5.008133, "Total":29.128080 }
{ "timestamp":"2018-03-29T21:22:38Z", "event":"FuelScoop", "Scooped":2.871932, "Total":32.000000 }
{ "timestamp":"2018-03-29T21:23:14Z", "event":"StartJump", "JumpType":"Hyperspace", "StarSystem":"Clooku FP-S c19-39", "SystemAddress":10794024148138, "StarClass":"K" }
{ "timestamp":"2018-03-29T21:23:19Z", "event":"Music", "MusicTrack":"NoTrack" }
{ "timestamp":"2018-03-29T21:23:32Z", "event":"FSDJump", "StarSystem":"Clooku FP-S c19-39", "SystemAddress":10794024148138, "StarPos":[-6013.84375,-531.28125,12591.37500], "SystemAllegiance":"", "SystemEconomy":"$economy_None;", "SystemEconomy_Localised":"None", "SystemSecondEconomy":"$economy_None;", "SystemSecondEconomy_Localised":"None", "SystemGovernment":"$government_None;", "SystemGovernment_Localised":"None", "SystemSecurity":"$GAlAXY_MAP_INFO_state_anarchy;", "SystemSecurity_Localised":"Anarchy", "Population":0, "JumpDist":55.838, "FuelUsed":7.972737, "FuelLevel":24.027264 }
{ "timestamp":"2018-03-29T21:23:32Z", "event":"Powerplay", "Power":"Felicia Winters", "Rank":0, "Merits":0, "Votes":0, "TimePledged":421817 }
{ "timestamp":"2018-03-29T21:23:32Z", "event":"Music", "MusicTrack":"Supercruise" }
{ "timestamp":"2018-03-29T21:23:38Z", "event":"DiscoveryScan", "SystemAddress":10794024148138, "Bodies":31 }
{ "timestamp":"2018-03-29T21:23:38Z", "event":"DiscoveryScan", "SystemAddress":10794024148138, "Bodies":6 }
{ "timestamp":"2018-03-29T21:23:42Z", "event":"Music", "MusicTrack":"SystemMap" }
{ "timestamp":"2018-03-29T21:23:46Z", "event":"Music", "MusicTrack":"Supercruise" }
{ "timestamp":"2018-03-29T21:23:49Z", "event":"Scan", "ScanType":"Detailed", "BodyName":"Clooku FP-S c19-39", "BodyID":0, "DistanceFromArrivalLS":0.000000, "StarType":"K", "StellarMass":0.675781, "Radius":590903296.000000, "AbsoluteMagnitude":6.626953, "Age_MY":5108, "SurfaceTemperature":4145.000000, "Luminosity":"Va", "RotationPeriod":293080.937500, "AxialTilt":0.000000, "Rings":[ { "Name":"Clooku FP-S c19-39 A Belt", "RingClass":"eRingClass_Rocky", "MassMT":5.457e+12, "InnerRad":9.7499e+08, "OuterRad":2.2187e+09 } ] }
{ "timestamp":"2018-03-29T21:24:05Z", "event":"FuelScoop", "Scooped":5.006231, "Total":29.033514 }
{ "timestamp":"2018-03-29T21:24:08Z", "event":"FuelScoop", "Scooped":2.966485, "Total":32.000000 }
{ "timestamp":"2018-03-29T21:24:37Z", "event":"StartJump", "JumpType":"Hyperspace", "StarSystem":"Clooku IV-Q c20-131", "SystemAddress":36082724478130, "StarClass":"K" }
{ "timestamp":"2018-03-29T21:24:43Z", "event":"Music", "MusicTrack":"NoTrack" }
{ "timestamp":"2018-03-29T21:24:56Z", "event":"FSDJump", "StarSystem":"Clooku IV-Q c20-131", "SystemAddress":36082724478130, "StarPos":[-6031.84375,-532.28125,12643.37500], "SystemAllegiance":"", "SystemEconomy":"$economy_None;", "SystemEconomy_Localised":"None", "SystemSecondEconomy":"$economy_None;", "SystemSecondEconomy_Localised":"None", "SystemGovernment":"$government_None;", "SystemGovernment_Localised":"None", "SystemSecurity":"$GAlAXY_MAP_INFO_state_anarchy;", "SystemSecurity_Localised":"Anarchy", "Population":0, "JumpDist":55.036, "FuelUsed":7.678373, "FuelLevel":24.321627 }
{ "timestamp":"2018-03-29T21:24:56Z", "event":"Music", "MusicTrack":"Supercruise" }
{ "timestamp":"2018-03-29T21:25:02Z", "event":"DiscoveryScan", "SystemAddress":36082724478130, "Bodies":1 }
{ "timestamp":"2018-03-29T21:25:03Z", "event":"DiscoveryScan", "SystemAddress":36082724478130, "Bodies":8 }
{ "timestamp":"2018-03-29T21:25:06Z", "event":"Music", "MusicTrack":"SystemMap" }
{ "timestamp":"2018-03-29T21:25:07Z", "event":"Music", "MusicTrack":"Supercruise" }
{ "timestamp":"2018-03-29T21:25:14Z", "event":"Scan", "ScanType":"Detailed", "BodyName":"Clooku IV-Q c20-131", "BodyID":0, "DistanceFromArrivalLS":0.000000, "StarType":"K", "StellarMass":0.605469, "Radius":486773600.000000, "AbsoluteMagnitude":7.041687, "Age_MY":2212, "SurfaceTemperature":4151.000000, "Luminosity":"Va", "RotationPeriod":234271.781250, "AxialTilt":0.000000 }
{ "timestamp":"2018-03-29T21:25:26Z", "event":"Music", "MusicTrack":"SystemMap" }
{ "timestamp":"2018-03-29T21:25:27Z", "event":"Music", "MusicTrack":"Supercruise" }
{ "timestamp":"2018-03-29T21:25:40Z", "event":"FuelScoop", "Scooped":5.000537, "Total":29.322155 }
{ "timestamp":"2018-03-29T21:25:42Z", "event":"FuelScoop", "Scooped":2.677848, "Total":32.000000 }
{ "timestamp":"2018-03-29T21:25:45Z", "event":"Music", "MusicTrack":"SystemMap" }
{ "timestamp":"2018-03-29T21:25:46Z", "event":"Music", "MusicTrack":"Supercruise" }
{ "timestamp":"2018-03-29T21:25:51Z", "event":"Friends", "Status":"Online", "Name":"Astro-Knot" }
{ "timestamp":"2018-03-29T21:26:07Z", "event":"StartJump", "JumpType":"Hyperspace", "StarSystem":"Clooku QH-N c22-114", "SystemAddress":31409800060098, "StarClass":"G" }
{ "timestamp":"2018-03-29T21:26:13Z", "event":"Music", "MusicTrack":"NoTrack" }
{ "timestamp":"2018-03-29T21:26:26Z", "event":"FSDJump", "StarSystem":"Clooku QH-N c22-114", "SystemAddress":31409800060098, "StarPos":[-6049.34375,-530.03125,12695.96875], "SystemAllegiance":"", "SystemEconomy":"$economy_None;", "SystemEconomy_Localised":"None", "SystemSecondEconomy":"$economy_None;", "SystemSecondEconomy_Localised":"None", "SystemGovernment":"$government_None;", "SystemGovernment_Localised":"None", "SystemSecurity":"$GAlAXY_MAP_INFO_state_anarchy;", "SystemSecurity_Localised":"Anarchy", "Population":0, "JumpDist":55.474, "FuelUsed":7.838313, "FuelLevel":24.161686 }
{ "timestamp":"2018-03-29T21:26:26Z", "event":"Music", "MusicTrack":"Supercruise" }
{ "timestamp":"2018-03-29T21:26:32Z", "event":"DiscoveryScan", "SystemAddress":31409800060098, "Bodies":1 }
{ "timestamp":"2018-03-29T21:26:32Z", "event":"DiscoveryScan", "SystemAddress":31409800060098, "Bodies":3 }
{ "timestamp":"2018-03-29T21:26:35Z", "event":"Music", "MusicTrack":"SystemMap" }
{ "timestamp":"2018-03-29T21:26:38Z", "event":"Music", "MusicTrack":"Supercruise" }
{ "timestamp":"2018-03-29T21:26:43Z", "event":"Scan", "ScanType":"Detailed", "BodyName":"Clooku QH-N c22-114 A", "BodyID":2, "Parents":[ {"Null":1}, {"Null":0} ], "DistanceFromArrivalLS":0.000000, "StarType":"G", "StellarMass":0.859375, "Radius":632695232.000000, "AbsoluteMagnitude":5.137558, "Age_MY":1846, "SurfaceTemperature":5644.000000, "Luminosity":"Vab", "SemiMajorAxis":12766991360.000000, "Eccentricity":0.324773, "OrbitalInclination":19.632605, "Periapsis":37.786636, "OrbitalPeriod":1705022.250000, "RotationPeriod":316265.406250, "AxialTilt":0.000000 }
{ "timestamp":"2018-03-29T21:27:12Z", "event":"FuelScoop", "Scooped":5.013109, "Total":29.174789 }
{ "timestamp":"2018-03-29T21:27:14Z", "event":"FuelScoop", "Scooped":2.825216, "Total":32.000000 }
{ "timestamp":"2018-03-29T21:27:22Z", "event":"Music", "MusicTrack":"SystemMap" }
{ "timestamp":"2018-03-29T21:27:23Z", "event":"Music", "MusicTrack":"Supercruise" }
{ "timestamp":"2018-03-29T21:27:47Z", "event":"StartJump", "JumpType":"Hyperspace", "StarSystem":"Clooku NB-X b46-13", "SystemAddress":29176650676625, "StarClass":"M" }
{ "timestamp":"2018-03-29T21:27:52Z", "event":"Music", "MusicTrack":"NoTrack" }
{ "timestamp":"2018-03-29T21:28:05Z", "event":"FSDJump", "StarSystem":"Clooku NB-X b46-13", "SystemAddress":29176650676625, "StarPos":[-6071.00000,-536.75000,12747.06250], "SystemAllegiance":"", "SystemEconomy":"$economy_None;", "SystemEconomy_Localised":"None", "SystemSecondEconomy":"$economy_None;", "SystemSecondEconomy_Localised":"None", "SystemGovernment":"$government_None;", "SystemGovernment_Localised":"None", "SystemSecurity":"$GAlAXY_MAP_INFO_state_anarchy;", "SystemSecurity_Localised":"Anarchy", "Population":0, "JumpDist":55.899, "FuelUsed":7.995259, "FuelLevel":24.004742 }
{ "timestamp":"2018-03-29T21:28:06Z", "event":"Music", "MusicTrack":"Supercruise" }
{ "timestamp":"2018-03-29T21:28:11Z", "event":"DiscoveryScan", "SystemAddress":29176650676625, "Bodies":4 }
{ "timestamp":"2018-03-29T21:28:11Z", "event":"DiscoveryScan", "SystemAddress":29176650676625, "Bodies":12 }
{ "timestamp":"2018-03-29T21:28:17Z", "event":"Music", "MusicTrack":"SystemMap" }
{ "timestamp":"2018-03-29T21:28:18Z", "event":"Music", "MusicTrack":"Supercruise" }
{ "timestamp":"2018-03-29T21:28:23Z", "event":"Scan", "ScanType":"Detailed", "BodyName":"Clooku NB-X b46-13", "BodyID":0, "DistanceFromArrivalLS":0.000000, "StarType":"M", "StellarMass":0.292969, "Radius":314299424.000000, "AbsoluteMagnitude":9.834473, "Age_MY":4824, "SurfaceTemperature":2716.000000, "Luminosity":"Va", "RotationPeriod":201719.718750, "AxialTilt":0.000000, "Rings":[ { "Name":"Clooku NB-X b46-13 A Belt", "RingClass":"eRingClass_Rocky", "MassMT":7.3653e+13, "InnerRad":5.1859e+08, "OuterRad":1.6513e+09 } ] }
{ "timestamp":"2018-03-29T21:28:39Z", "event":"FuelScoop", "Scooped":5.007870, "Total":29.012627 }
{ "timestamp":"2018-03-29T21:28:42Z", "event":"FuelScoop", "Scooped":2.987375, "Total":32.000000 }
{ "timestamp":"2018-03-29T21:28:49Z", "event":"Music", "MusicTrack":"SystemMap" }
{ "timestamp":"2018-03-29T21:28:50Z", "event":"Music", "MusicTrack":"Supercruise" }
{ "timestamp":"2018-03-29T21:29:06Z", "event":"StartJump", "JumpType":"Hyperspace", "StarSystem":"Clooku YT-R b49-8", "SystemAddress":18181265963433, "StarClass":"M" }
{ "timestamp":"2018-03-29T21:29:11Z", "event":"Music", "MusicTrack":"NoTrack" }
{ "timestamp":"2018-03-29T21:29:24Z", "event":"FSDJump", "StarSystem":"Clooku YT-R b49-8", "SystemAddress":18181265963433, "StarPos":[-6090.68750,-534.28125,12799.15625], "SystemAllegiance":"", "SystemEconomy":"$economy_None;", "SystemEconomy_Localised":"None", "SystemSecondEconomy":"$economy_None;", "SystemSecondEconomy_Localised":"None", "SystemGovernment":"$government_None;", "SystemGovernment_Localised":"None", "SystemSecurity":"$GAlAXY_MAP_INFO_state_anarchy;", "SystemSecurity_Localised":"Anarchy", "Population":0, "JumpDist":55.745, "FuelUsed":7.937480, "FuelLevel":24.062519 }
{ "timestamp":"2018-03-29T21:29:24Z", "event":"Music", "MusicTrack":"Supercruise" }
{ "timestamp":"2018-03-29T21:29:30Z", "event":"DiscoveryScan", "SystemAddress":18181265963433, "Bodies":1 }
{ "timestamp":"2018-03-29T21:29:31Z", "event":"DiscoveryScan", "SystemAddress":18181265963433, "Bodies":12 }
{ "timestamp":"2018-03-29T21:29:33Z", "event":"Music", "MusicTrack":"SystemMap" }
{ "timestamp":"2018-03-29T21:29:34Z", "event":"Music", "MusicTrack":"Supercruise" }
{ "timestamp":"2018-03-29T21:29:41Z", "event":"Scan", "ScanType":"Detailed", "BodyName":"Clooku YT-R b49-8", "BodyID":0, "DistanceFromArrivalLS":0.000000, "StarType":"M", "StellarMass":0.257813, "Radius":296937408.000000, "AbsoluteMagnitude":10.640610, "Age_MY":3580, "SurfaceTemperature":2321.000000, "Luminosity":"Va", "RotationPeriod":132512.062500, "AxialTilt":0.000000 }
{ "timestamp":"2018-03-29T21:29:57Z", "event":"FuelScoop", "Scooped":5.014318, "Total":29.076828 }
{ "timestamp":"2018-03-29T21:30:01Z", "event":"FuelScoop", "Scooped":2.607220, "Total":31.684048 }
{ "timestamp":"2018-03-29T21:30:02Z", "event":"Music", "MusicTrack":"SystemMap" }
{ "timestamp":"2018-03-29T21:30:03Z", "event":"Music", "MusicTrack":"Supercruise" }
{ "timestamp":"2018-03-29T21:30:19Z", "event":"StartJump", "JumpType":"Hyperspace", "StarSystem":"Clooku FG-O b51-39", "SystemAddress":86350718450105, "StarClass":"M" }
{ "timestamp":"2018-03-29T21:30:24Z", "event":"Music", "MusicTrack":"NoTrack" }
{ "timestamp":"2018-03-29T21:30:38Z", "event":"FSDJump", "StarSystem":"Clooku FG-O b51-39", "SystemAddress":86350718450105, "StarPos":[-6114.03125,-541.93750,12849.34375], "SystemAllegiance":"", "SystemEconomy":"$economy_None;", "SystemEconomy_Localised":"None", "SystemSecondEconomy":"$economy_None;", "SystemSecondEconomy_Localised":"None", "SystemGovernment":"$government_None;", "SystemGovernment_Localised":"None", "SystemSecurity":"$GAlAXY_MAP_INFO_state_anarchy;", "SystemSecurity_Localised":"Anarchy", "Population":0, "JumpDist":55.878, "FuelUsed":7.976749, "FuelLevel":23.707298 }
{ "timestamp":"2018-03-29T21:30:38Z", "event":"Music", "MusicTrack":"Supercruise" }
{ "timestamp":"2018-03-29T21:30:44Z", "event":"DiscoveryScan", "SystemAddress":86350718450105, "Bodies":1 }
{ "timestamp":"2018-03-29T21:30:44Z", "event":"DiscoveryScan", "SystemAddress":86350718450105, "Bodies":17 }
{ "timestamp":"2018-03-29T21:30:49Z", "event":"Music", "MusicTrack":"SystemMap" }
{ "timestamp":"2018-03-29T21:30:50Z", "event":"Music", "MusicTrack":"Supercruise" }
{ "timestamp":"2018-03-29T21:30:55Z", "event":"Scan", "ScanType":"Detailed", "BodyName":"Clooku FG-O b51-39 A", "BodyID":1, "Parents":[ {"Null":0} ], "DistanceFromArrivalLS":0.000000, "StarType":"M", "StellarMass":0.203125, "Radius":271807040.000000, "AbsoluteMagnitude":10.934937, "Age_MY":5864, "SurfaceTemperature":2267.000000, "Luminosity":"Va", "SemiMajorAxis":31417528483840.000000, "Eccentricity":0.187001, "OrbitalInclination":-97.109642, "Periapsis":333.604218, "OrbitalPeriod":1165315276800.000000, "RotationPeriod":88973.398438, "AxialTilt":0.000000 }
{ "timestamp":"2018-03-29T21:31:12Z", "event":"FuelScoop", "Scooped":5.012813, "Total":27.650118 }
{ "timestamp":"2018-03-29T21:31:16Z", "event":"FuelScoop", "Scooped":2.984571, "Total":30.634678 }
{ "timestamp":"2018-03-29T21:31:18Z", "event":"Music", "MusicTrack":"SystemMap" }
{ "timestamp":"2018-03-29T21:31:19Z", "event":"Music", "MusicTrack":"Supercruise" }
{ "timestamp":"2018-03-29T21:31:46Z", "event":"StartJump", "JumpType":"Hyperspace", "StarSystem":"Clooku QY-I b54-14", "SystemAddress":31374868625873, "StarClass":"M" }
{ "timestamp":"2018-03-29T21:31:51Z", "event":"Music", "MusicTrack":"NoTrack" }
{ "timestamp":"2018-03-29T21:32:05Z", "event":"FSDJump", "StarSystem":"Clooku QY-I b54-14", "SystemAddress":31374868625873, "StarPos":[-6137.71875,-536.25000,12899.62500], "SystemAllegiance":"", "SystemEconomy":"$economy_None;", "SystemEconomy_Localised":"None", "SystemSecondEconomy":"$economy_None;", "SystemSecondEconomy_Localised":"None", "SystemGovernment":"$government_None;", "SystemGovernment_Localised":"None", "SystemSecurity":"$GAlAXY_MAP_INFO_state_anarchy;", "SystemSecurity_Localised":"Anarchy", "Population":0, "JumpDist":55.872, "FuelUsed":7.940214, "FuelLevel":22.694464 }
{ "timestamp":"2018-03-29T21:32:05Z", "event":"Music", "MusicTrack":"Supercruise" }
{ "timestamp":"2018-03-29T21:32:11Z", "event":"DiscoveryScan", "SystemAddress":31374868625873, "Bodies":1 }
{ "timestamp":"2018-03-29T21:32:12Z", "event":"DiscoveryScan", "SystemAddress":31374868625873, "Bodies":8 }
{ "timestamp":"2018-03-29T21:32:14Z", "event":"Music", "MusicTrack":"SystemMap" }
{ "timestamp":"2018-03-29T21:32:15Z", "event":"Music", "MusicTrack":"Supercruise" }
{ "timestamp":"2018-03-29T21:32:22Z", "event":"Scan", "ScanType":"Detailed", "BodyName":"Clooku QY-I b54-14 A", "BodyID":2, "Parents":[ {"Null":1}, {"Null":0} ], "DistanceFromArrivalLS":0.000000, "StarType":"M", "StellarMass":0.417969, "Radius":439059840.000000, "AbsoluteMagnitude":7.792465, "Age_MY":7370, "SurfaceTemperature":3677.000000, "Luminosity":"Va", "SemiMajorAxis":12119892992.000000, "Eccentricity":0.133164, "OrbitalInclination":30.915644, "Periapsis":290.840546, "OrbitalPeriod":8939984.000000, "RotationPeriod":162738.562500, "AxialTilt":0.000000 }
{ "timestamp":"2018-03-29T21:32:36Z", "event":"Friends", "Status":"Online", "Name":"Astro-Knot" }
{ "timestamp":"2018-03-29T21:32:37Z", "event":"FuelScoop", "Scooped":5.007555, "Total":27.702019 }
{ "timestamp":"2018-03-29T21:32:41Z", "event":"FuelScoop", "Scooped":4.297995, "Total":32.000000 }
{ "timestamp":"2018-03-29T21:32:42Z", "event":"Music", "MusicTrack":"SystemMap" }
{ "timestamp":"2018-03-29T21:32:43Z", "event":"Music", "MusicTrack":"Supercruise" }
{ "timestamp":"2018-03-29T21:33:03Z", "event":"StartJump", "JumpType":"Hyperspace", "StarSystem":"Clooku LS-C c28-25", "SystemAddress":6945465015538, "StarClass":"K" }
{ "timestamp":"2018-03-29T21:33:08Z", "event":"Music", "MusicTrack":"NoTrack" }
{ "timestamp":"2018-03-29T21:33:21Z", "event":"FSDJump", "StarSystem":"Clooku LS-C c28-25", "SystemAddress":6945465015538, "StarPos":[-6168.09375,-533.96875,12946.28125], "SystemAllegiance":"", "SystemEconomy":"$economy_None;", "SystemEconomy_Localised":"None", "SystemSecondEconomy":"$economy_None;", "SystemSecondEconomy_Localised":"None", "SystemGovernment":"$government_None;", "SystemGovernment_Localised":"None", "SystemSecurity":"$GAlAXY_MAP_INFO_state_anarchy;", "SystemSecurity_Localised":"Anarchy", "Population":0, "JumpDist":55.719, "FuelUsed":7.928121, "FuelLevel":24.071878 }
{ "timestamp":"2018-03-29T21:33:21Z", "event":"Powerplay", "Power":"Felicia Winters", "Rank":0, "Merits":0, "Votes":0, "TimePledged":422406 }
{ "timestamp":"2018-03-29T21:33:22Z", "event":"Music", "MusicTrack":"Supercruise" }
{ "timestamp":"2018-03-29T21:33:28Z", "event":"DiscoveryScan", "SystemAddress":6945465015538, "Bodies":8 }
{ "timestamp":"2018-03-29T21:33:28Z", "event":"DiscoveryScan", "SystemAddress":6945465015538, "Bodies":37 }
{ "timestamp":"2018-03-29T21:33:32Z", "event":"Music", "MusicTrack":"SystemMap" }
{ "timestamp":"2018-03-29T21:33:35Z", "event":"Music", "MusicTrack":"Supercruise" }
{ "timestamp":"2018-03-29T21:33:40Z", "event":"Scan", "ScanType":"Detailed", "BodyName":"Clooku LS-C c28-25 A", "BodyID":1, "Parents":[ {"Null":0} ], "DistanceFromArrivalLS":0.000000, "StarType":"K", "StellarMass":0.703125, "Radius":518738368.000000, "AbsoluteMagnitude":6.814468, "Age_MY":7516, "SurfaceTemperature":4237.000000, "Luminosity":"Va", "SemiMajorAxis":1279667994624.000000, "Eccentricity":0.041472, "OrbitalInclination":-71.320488, "Periapsis":185.163467, "OrbitalPeriod":8488229888.000000, "RotationPeriod":299184.718750, "AxialTilt":0.000000, "Rings":[ { "Name":"Clooku LS-C c28-25 A A Belt", "RingClass":"eRingClass_Rocky", "MassMT":1.2342e+14, "InnerRad":8.2207e+08, "OuterRad":2.1458e+09 }, { "Name":"Clooku LS-C c28-25 A B Belt", "RingClass":"eRingClass_MetalRich", "MassMT":1.6377e+16, "InnerRad":6.1639e+09, "OuterRad":2.4851e+11 } ] }
{ "timestamp":"2018-03-29T21:33:58Z", "event":"FuelScoop", "Scooped":5.010330, "Total":29.082205 }
{ "timestamp":"2018-03-29T21:34:00Z", "event":"FuelScoop", "Scooped":2.917788, "Total":32.000000 }
{ "timestamp":"2018-03-29T21:34:28Z", "event":"StartJump", "JumpType":"Hyperspace", "StarSystem":"Clooku TG-B d14-85", "SystemAddress":2929763176059, "StarClass":"A" }
{ "timestamp":"2018-03-29T21:34:33Z", "event":"Music", "MusicTrack":"NoTrack" }
{ "timestamp":"2018-03-29T21:34:47Z", "event":"FSDJump", "StarSystem":"Clooku TG-B d14-85", "SystemAddress":2929763176059, "StarPos":[-6193.75000,-540.87500,12993.53125], "SystemAllegiance":"", "SystemEconomy":"$economy_None;", "SystemEconomy_Localised":"None", "SystemSecondEconomy":"$economy_None;", "SystemSecondEconomy_Localised":"None", "SystemGovernment":"$government_None;", "SystemGovernment_Localised":"None", "SystemSecurity":"$GAlAXY_MAP_INFO_state_anarchy;", "SystemSecurity_Localised":"Anarchy", "Population":0, "JumpDist":54.208, "FuelUsed":7.381480, "FuelLevel":24.618521 }
{ "timestamp":"2018-03-29T21:34:47Z", "event":"Music", "MusicTrack":"Supercruise" }
{ "timestamp":"2018-03-29T21:34:53Z", "event":"DiscoveryScan", "SystemAddress":2929763176059, "Bodies":13 }
{ "timestamp":"2018-03-29T21:34:53Z", "event":"DiscoveryScan", "SystemAddress":2929763176059, "Bodies":1 }
{ "timestamp":"2018-03-29T21:34:55Z", "event":"Music", "MusicTrack":"SystemMap" }
{ "timestamp":"2018-03-29T21:34:57Z", "event":"Music", "MusicTrack":"Supercruise" }
{ "timestamp":"2018-03-29T21:35:03Z", "event":"Scan", "ScanType":"Detailed", "BodyName":"Clooku TG-B d14-85 A", "BodyID":1, "Parents":[ {"Null":0} ], "DistanceFromArrivalLS":0.000000, "StarType":"A", "StellarMass":1.785156, "Radius":1074981248.000000, "AbsoluteMagnitude":2.281693, "Age_MY":2150, "SurfaceTemperature":8356.000000, "Luminosity":"Vab", "SemiMajorAxis":687669510144.000000, "Eccentricity":0.397006, "OrbitalInclination":45.565662, "Periapsis":214.662094, "OrbitalPeriod":523585248.000000, "RotationPeriod":77956.351563, "AxialTilt":0.000000 }
{ "timestamp":"2018-03-29T21:35:26Z", "event":"FuelScoop", "Scooped":5.002174, "Total":29.620703 }
{ "timestamp":"2018-03-29T21:35:28Z", "event":"FuelScoop", "Scooped":2.379299, "Total":32.000000 }
{ "timestamp":"2018-03-29T21:35:55Z", "event":"StartJump", "JumpType":"Hyperspace", "StarSystem":"Nuekuae SL-F b1-46", "SystemAddress":101742539061769, "StarClass":"M" }
{ "timestamp":"2018-03-29T21:36:01Z", "event":"Music", "MusicTrack":"NoTrack" }
{ "timestamp":"2018-03-29T21:36:14Z", "event":"FSDJump", "StarSystem":"Nuekuae SL-F b1-46", "SystemAddress":101742539061769, "StarPos":[-6218.31250,-538.68750,13043.09375], "SystemAllegiance":"", "SystemEconomy":"$economy_None;", "SystemEconomy_Localised":"None", "SystemSecondEconomy":"$economy_None;", "SystemSecondEconomy_Localised":"None", "SystemGovernment":"$government_None;", "SystemGovernment_Localised":"None", "SystemSecurity":"$GAlAXY_MAP_INFO_state_anarchy;", "SystemSecurity_Localised":"Anarchy", "Population":0, "JumpDist":55.358, "FuelUsed":7.795085, "FuelLevel":24.204914 }
{ "timestamp":"2018-03-29T21:36:14Z", "event":"Music", "MusicTrack":"Supercruise" }
{ "timestamp":"2018-03-29T21:36:20Z", "event":"DiscoveryScan", "SystemAddress":101742539061769, "Bodies":13 }
{ "timestamp":"2018-03-29T21:36:23Z", "event":"Music", "MusicTrack":"SystemMap" }
{ "timestamp":"2018-03-29T21:36:24Z", "event":"Music", "MusicTrack":"Supercruise" }
{ "timestamp":"2018-03-29T21:36:31Z", "event":"Scan", "ScanType":"Detailed", "BodyName":"Nuekuae SL-F b1-46", "BodyID":0, "DistanceFromArrivalLS":0.000000, "StarType":"M", "StellarMass":0.429688, "Radius":431800896.000000, "AbsoluteMagnitude":7.929062, "Age_MY":6996, "SurfaceTemperature":3593.000000, "Luminosity":"Va", "RotationPeriod":262137.265625, "AxialTilt":0.000000, "Rings":[ { "Name":"Nuekuae SL-F b1-46 A Belt", "RingClass":"eRingClass_MetalRich", "MassMT":9.2313e+13, "InnerRad":7.1247e+08, "OuterRad":1.9235e+09 } ] }
{ "timestamp":"2018-03-29T21:36:51Z", "event":"FuelScoop", "Scooped":5.016302, "Total":29.221207 }
{ "timestamp":"2018-03-29T21:36:54Z", "event":"FuelScoop", "Scooped":2.778788, "Total":32.000000 }
{ "timestamp":"2018-03-29T21:37:15Z", "event":"StartJump", "JumpType":"Hyperspace", "StarSystem":"Nuekuae XV-B c1-0", "SystemAddress":73383124234, "StarClass":"G" }
{ "timestamp":"2018-03-29T21:37:20Z", "event":"Music", "MusicTrack":"NoTrack" }
{ "timestamp":"2018-03-29T21:37:33Z", "event":"FSDJump", "StarSystem":"Nuekuae XV-B c1-0", "SystemAddress":73383124234, "StarPos":[-6245.21875,-542.28125,13091.37500], "SystemAllegiance":"", "SystemEconomy":"$economy_None;", "SystemEconomy_Localised":"None", "SystemSecondEconomy":"$economy_None;", "SystemSecondEconomy_Localised":"None", "SystemGovernment":"$government_None;", "SystemGovernment_Localised":"None", "SystemSecurity":"$GAlAXY_MAP_INFO_state_anarchy;", "SystemSecurity_Localised":"Anarchy", "Population":0, "JumpDist":55.389, "FuelUsed":7.806856, "FuelLevel":24.193144 }
{ "timestamp":"2018-03-29T21:37:34Z", "event":"Music", "MusicTrack":"Supercruise" }
{ "timestamp":"2018-03-29T21:37:40Z", "event":"DiscoveryScan", "SystemAddress":73383124234, "Bodies":1 }
{ "timestamp":"2018-03-29T21:37:40Z", "event":"DiscoveryScan", "SystemAddress":73383124234, "Bodies":2 }
{ "timestamp":"2018-03-29T21:37:53Z", "event":"Scan", "ScanType":"Detailed", "BodyName":"Nuekuae XV-B c1-0", "BodyID":0, "DistanceFromArrivalLS":0.000000, "StarType":"G", "StellarMass":0.835938, "Radius":645451456.000000, "AbsoluteMagnitude":5.160889, "Age_MY":1170, "SurfaceTemperature":5558.000000, "Luminosity":"Vab", "RotationPeriod":306359.250000, "AxialTilt":0.000000 }
{ "timestamp":"2018-03-29T21:37:54Z", "event":"Music", "MusicTrack":"SystemMap" }
{ "timestamp":"2018-03-29T21:37:55Z", "event":"Music", "MusicTrack":"Supercruise" }
{ "timestamp":"2018-03-29T21:38:11Z", "event":"FuelScoop", "Scooped":5.015705, "Total":29.208851 }
{ "timestamp":"2018-03-29T21:38:14Z", "event":"FuelScoop", "Scooped":2.791149, "Total":32.000000 }
{ "timestamp":"2018-03-29T21:45:00Z", "event":"StartJump", "JumpType":"Hyperspace", "StarSystem":"Nuekuae LL-W b5-1", "SystemAddress":2785687190065, "StarClass":"M" }
{ "timestamp":"2018-03-29T21:45:05Z", "event":"Music", "MusicTrack":"NoTrack" }
{ "timestamp":"2018-03-29T21:45:19Z", "event":"FSDJump", "StarSystem":"Nuekuae LL-W b5-1", "SystemAddress":2785687190065, "StarPos":[-6272.65625,-549.18750,13139.50000], "SystemAllegiance":"", "SystemEconomy":"$economy_None;", "SystemEconomy_Localised":"None", "SystemSecondEconomy":"$economy_None;", "SystemSecondEconomy_Localised":"None", "SystemGovernment":"$government_None;", "SystemGovernment_Localised":"None", "SystemSecurity":"$GAlAXY_MAP_INFO_state_anarchy;", "SystemSecurity_Localised":"Anarchy", "Population":0, "JumpDist":55.826, "FuelUsed":7.967931, "FuelLevel":24.032068 }
{ "timestamp":"2018-03-29T21:45:19Z", "event":"Powerplay", "Power":"Felicia Winters", "Rank":0, "Merits":0, "Votes":0, "TimePledged":423124 }
{ "timestamp":"2018-03-29T21:45:19Z", "event":"Music", "MusicTrack":"Supercruise" }
{ "timestamp":"2018-03-29T21:45:25Z", "event":"DiscoveryScan", "SystemAddress":2785687190065, "Bodies":1 }
{ "timestamp":"2018-03-29T21:45:25Z", "event":"DiscoveryScan", "SystemAddress":2785687190065, "Bodies":1 }
{ "timestamp":"2018-03-29T21:45:26Z", "event":"DiscoveryScan", "SystemAddress":2785687190065, "Bodies":1 }
{ "timestamp":"2018-03-29T21:45:37Z", "event":"Scan", "ScanType":"Detailed", "BodyName":"Nuekuae LL-W b5-1 A", "BodyID":2, "Parents":[ {"Null":1}, {"Null":0} ], "DistanceFromArrivalLS":0.000000, "StarType":"M", "StellarMass":0.312500, "Radius":319945248.000000, "AbsoluteMagnitude":9.257950, "Age_MY":1354, "SurfaceTemperature":3074.000000, "Luminosity":"Va", "SemiMajorAxis":2119249280.000000, "Eccentricity":0.174292, "OrbitalInclination":-20.778950, "Periapsis":36.134472, "OrbitalPeriod":1017599.250000, "RotationPeriod":137967.531250, "AxialTilt":0.000000 }
{ "timestamp":"2018-03-29T21:46:08Z", "event":"Music", "MusicTrack":"SystemMap" }
{ "timestamp":"2018-03-29T21:46:09Z", "event":"Music", "MusicTrack":"Supercruise" }
