{ "timestamp":"2018-02-06T23:35:45Z", "event":"Fileheader", "part":1, "language":"English\\UK", "gameversion":"2.4", "build":"r160439/r0 " }
{ "timestamp":"2018-02-06T23:35:45Z", "event":"Music", "MusicTrack":"NoTrack" }
{ "timestamp":"2018-02-06T23:35:45Z", "event":"Music", "MusicTrack":"MainMenu" }
{ "timestamp":"2018-02-06T23:36:23Z", "event":"Friends", "Status":"Online", "Name":"John Allbright" }
{ "timestamp":"2018-02-06T23:36:23Z", "event":"Friends", "Status":"Online", "Name":"Ragnar Starquester" }
{ "timestamp":"2018-02-06T23:36:23Z", "event":"Friends", "Status":"Online", "Name":"Leigh Fury" }
{ "timestamp":"2018-02-06T23:36:36Z", "event":"Cargo", "Inventory":[  ] }
{ "timestamp":"2018-02-06T23:36:36Z", "event":"Loadout", "Ship":"Asp", "ShipID":1, "ShipName":"asp long runner", "ShipIdent":"bpe271", "Modules":[ { "Slot":"PaintJob", "Item":"PaintJob_Asp_Stripe1_04", "On":true, "Priority":1, "Health":1.000000, "Value":0 }, { "Slot":"Armour", "Item":"Asp_Armour_Grade1", "On":true, "Priority":1, "Health":1.000000, "Value":0 }, { "Slot":"PowerPlant", "Item":"Int_Powerplant_Size3_Class5", "On":true, "Priority":1, "Health":1.000000, "Value":507912 }, { "Slot":"MainEngines", "Item":"Int_Engine_Size4_Class2", "On":true, "Priority":0, "Health":1.000000, "Value":59633 }, { "Slot":"FrameShiftDrive", "Item":"Int_Hyperdrive_Size5_Class4", "On":true, "Priority":0, "Health":1.000000, "Value":1701318 }, { "Slot":"LifeSupport", "Item":"Int_LifeSupport_Size4_Class2", "On":true, "Priority":0, "Health":1.000000, "Value":28373 }, { "Slot":"PowerDistributor", "Item":"Int_PowerDistributor_Size1_Class2", "On":true, "Priority":0, "Health":1.000000, "Value":1293 }, { "Slot":"Radar", "Item":"Int_Sensors_Size5_Class2", "On":true, "Priority":0, "Health":1.000000, "Value":79444 }, { "Slot":"FuelTank", "Item":"Int_FuelTank_Size5_Class3", "On":true, "Priority":1, "Health":1.000000, "Value":97754 }, { "Slot":"Decal1", "Item":"Decal_Explorer_Starblazer", "On":true, "Priority":1, "Health":1.000000, "Value":0 }, { "Slot":"Decal2", "Item":"Decal_Explorer_Starblazer", "On":true, "Priority":1, "Health":1.000000, "Value":0 }, { "Slot":"Decal3", "Item":"Decal_Explorer_Starblazer", "On":true, "Priority":1, "Health":1.000000, "Value":0 }, { "Slot":"ShipName0", "Item":"Nameplate_Expedition02_Black", "On":true, "Priority":1, "Health":1.000000, "Value":0 }, { "Slot":"ShipName1", "Item":"Nameplate_Expedition02_Black", "On":true, "Priority":1, "Health":1.000000, "Value":0 }, { "Slot":"ShipID0", "Item":"Nameplate_ShipID_SingleLine_White", "On":true, "Priority":1, "Health":1.000000, "Value":0 }, { "Slot":"ShipID1", "Item":"Nameplate_ShipID_SingleLine_White", "On":true, "Priority":1, "Health":1.000000, "Value":0 }, { "Slot":"Slot01_Size6", "Item":"Int_FuelScoop_Size6_Class5", "On":true, "Priority":1, "Health":1.000000, "Value":28763610 }, { "Slot":"Slot02_Size5", "Item":"Int_ShieldGenerator_Size3_Class2", "On":true, "Priority":0, "Health":1.000000, "Value":18812 }, { "Slot":"Slot03_Size3", "Item":"Int_BuggyBay_Size2_Class2", "On":true, "Priority":1, "Health":1.000000, "Value":21600 }, { "Slot":"Slot04_Size3", "Item":"Int_Repairer_Size3_Class4", "On":false, "Priority":2, "AmmoInClip":4300, "Health":1.000000, "Value":874800 }, { "Slot":"Slot06_Size2", "Item":"Int_DetailedSurfaceScanner_Tiny", "On":true, "Priority":1, "Health":1.000000, "Value":250000 }, { "Slot":"Slot07_Size2", "Item":"Int_StellarBodyDiscoveryScanner_Advanced", "On":true, "Priority":1, "Health":1.000000, "Value":1545000 }, { "Slot":"PlanetaryApproachSuite", "Item":"Int_PlanetApproachSuite", "On":true, "Priority":1, "Health":1.000000, "Value":500 }, { "Slot":"ShipCockpit", "Item":"Asp_Cockpit", "On":true, "Priority":1, "Health":1.000000, "Value":0 }, { "Slot":"CargoHatch", "Item":"ModularCargoBayDoor", "On":false, "Priority":0, "Health":1.000000, "Value":0 } ] }
{ "timestamp":"2018-02-06T23:36:36Z", "event":"Materials", "Raw":[ { "Name":"nickel", "Count":115 }, { "Name":"vanadium", "Count":162 }, { "Name":"sulphur", "Count":69 }, { "Name":"iron", "Count":96 }, { "Name":"germanium", "Count":96 }, { "Name":"arsenic", "Count":66 }, { "Name":"polonium", "Count":15 }, { "Name":"molybdenum", "Count":66 }, { "Name":"tin", "Count":13 }, { "Name":"phosphorus", "Count":42 }, { "Name":"zinc", "Count":69 }, { "Name":"niobium", "Count":56 }, { "Name":"cadmium", "Count":63 }, { "Name":"zirconium", "Count":7 }, { "Name":"selenium", "Count":12 }, { "Name":"tungsten", "Count":3 }, { "Name":"yttrium", "Count":12 }, { "Name":"chromium", "Count":34 } ], "Manufactured":[  ], "Encoded":[ { "Name":"bulkscandata", "Count":7 }, { "Name":"wakesolutions", "Count":1 }, { "Name":"scrambledemissiondata", "Count":2 }, { "Name":"legacyfirmware", "Count":4 }, { "Name":"shielddensityreports", "Count":3 }, { "Name":"shieldcyclerecordings", "Count":9 }, { "Name":"disruptedwakeechoes", "Count":3 }, { "Name":"securityfirmware", "Count":1 }, { "Name":"fsdtelemetry", "Count":1 } ] }
{ "timestamp":"2018-02-06T23:36:36Z", "event":"LoadGame", "Commander":"JaredCrue", "Ship":"Asp", "ShipID":1, "ShipName":"asp long runner", "ShipIdent":"bpe271", "FuelLevel":32.000000, "FuelCapacity":32.000000, "GameMode":"Group", "Group":"FleetComm", "Credits":18126822, "Loan":0 }
{ "timestamp":"2018-02-06T23:36:36Z", "event":"Rank", "Combat":0, "Trade":2, "Explore":7, "Empire":0, "Federation":0, "CQC":0 }
{ "timestamp":"2018-02-06T23:36:36Z", "event":"Progress", "Combat":30, "Trade":67, "Explore":71, "Empire":100, "Federation":80, "CQC":0 }
{ "timestamp":"2018-02-06T23:36:50Z", "event":"Location", "Docked":false, "StarSystem":"Vegnuae BR-T c4-27", "StarPos":[1495.750,511.469,36290.031], "SystemAllegiance":"", "SystemEconomy":"$economy_None;", "SystemEconomy_Localised":"None", "SystemGovernment":"$government_None;", "SystemGovernment_Localised":"None", "SystemSecurity":"$GAlAXY_MAP_INFO_state_anarchy;", "SystemSecurity_Localised":"Anarchy", "Population":0, "Body":"Vegnuae BR-T c4-27", "BodyType":"Star" }
{ "timestamp":"2018-02-06T23:36:50Z", "event":"Music", "MusicTrack":"NoTrack" }
{ "timestamp":"2018-02-06T23:36:50Z", "event":"Music", "MusicTrack":"Exploration" }
{ "timestamp":"2018-02-06T23:36:52Z", "event":"Friends", "Status":"Online", "Name":"John Allbright" }
{ "timestamp":"2018-02-06T23:36:52Z", "event":"Friends", "Status":"Online", "Name":"Ragnar Starquester" }
{ "timestamp":"2018-02-06T23:36:52Z", "event":"Friends", "Status":"Online", "Name":"Leigh Fury" }
{ "timestamp":"2018-02-06T23:37:03Z", "event":"StartJump", "JumpType":"Supercruise" }
{ "timestamp":"2018-02-06T23:37:08Z", "event":"SupercruiseEntry", "StarSystem":"Vegnuae BR-T c4-27" }
{ "timestamp":"2018-02-06T23:37:08Z", "event":"Music", "MusicTrack":"Supercruise" }
{ "timestamp":"2018-02-06T23:37:25Z", "event":"Music", "MusicTrack":"GalaxyMap" }
{ "timestamp":"2018-02-06T23:37:33Z", "event":"Music", "MusicTrack":"SystemMap" }
{ "timestamp":"2018-02-06T23:37:36Z", "event":"Music", "MusicTrack":"Supercruise" }
{ "timestamp":"2018-02-06T23:39:30Z", "event":"StartJump", "JumpType":"Hyperspace", "StarSystem":"Vegnuae DW-V d2-803", "StarClass":"A" }
{ "timestamp":"2018-02-06T23:39:36Z", "event":"Music", "MusicTrack":"NoTrack" }
{ "timestamp":"2018-02-06T23:39:49Z", "event":"FSDJump", "StarSystem":"Vegnuae DW-V d2-803", "StarPos":[1521.719,515.906,36296.125], "SystemAllegiance":"", "SystemEconomy":"$economy_None;", "SystemEconomy_Localised":"None", "SystemGovernment":"$government_None;", "SystemGovernment_Localised":"None", "SystemSecurity":"$GAlAXY_MAP_INFO_state_anarchy;", "SystemSecurity_Localised":"Anarchy", "Population":0, "JumpDist":27.041, "FuelUsed":4.026373, "FuelLevel":27.973627 }
{ "timestamp":"2018-02-06T23:39:49Z", "event":"Music", "MusicTrack":"Supercruise" }
{ "timestamp":"2018-02-06T23:39:58Z", "event":"Music", "MusicTrack":"SystemMap" }
{ "timestamp":"2018-02-06T23:40:00Z", "event":"Music", "MusicTrack":"Supercruise" }
{ "timestamp":"2018-02-06T23:40:11Z", "event":"Scan", "BodyName":"Vegnuae DW-V d2-803 A", "DistanceFromArrivalLS":0.000000, "StarType":"A", "StellarMass":1.425781, "Radius":853710912.000000, "AbsoluteMagnitude":3.161148, "Age_MY":622, "SurfaceTemperature":7658.000000, "Luminosity":"VI", "SemiMajorAxis":2362866401280.000000, "Eccentricity":0.024990, "OrbitalInclination":-14.389082, "Periapsis":296.865540, "OrbitalPeriod":11002336256.000000, "RotationPeriod":164782.640625, "AxialTilt":0.000000 }
{ "timestamp":"2018-02-06T23:41:38Z", "event":"Music", "MusicTrack":"SystemMap" }
{ "timestamp":"2018-02-06T23:41:44Z", "event":"Music", "MusicTrack":"Supercruise" }
{ "timestamp":"2018-02-06T23:42:01Z", "event":"FuelScoop", "Scooped":4.026371, "Total":32.000000 }
{ "timestamp":"2018-02-06T23:42:54Z", "event":"Music", "MusicTrack":"SystemMap" }
{ "timestamp":"2018-02-06T23:42:55Z", "event":"Music", "MusicTrack":"Supercruise" }
{ "timestamp":"2018-02-06T23:43:06Z", "event":"Scan", "BodyName":"Vegnuae DW-V d2-803 A 1", "DistanceFromArrivalLS":322.964050, "TidalLock":false, "TerraformState":"", "PlanetClass":"High metal content body", "Atmosphere":"sulfur dioxide atmosphere", "AtmosphereType":"SulphurDioxide", "AtmosphereComposition":[ { "Name":"SulphurDioxide", "Percent":100.000000 } ], "Volcanism":"", "MassEM":0.201037, "Radius":3712500.000000, "SurfaceGravity":5.813686, "SurfaceTemperature":485.647797, "SurfacePressure":30791.294922, "Landable":false, "SemiMajorAxis":96816791552.000000, "Eccentricity":0.000099, "OrbitalInclination":0.000042, "Periapsis":51.101959, "OrbitalPeriod":13758693.000000, "RotationPeriod":42273.386719, "AxialTilt":-0.000108 }
{ "timestamp":"2018-02-06T23:43:07Z", "event":"Music", "MusicTrack":"SystemMap" }
{ "timestamp":"2018-02-06T23:43:10Z", "event":"Music", "MusicTrack":"Supercruise" }
{ "timestamp":"2018-02-06T23:44:17Z", "event":"Scan", "BodyName":"Vegnuae DW-V d2-803 A 2", "DistanceFromArrivalLS":446.668793, "TidalLock":false, "TerraformState":"", "PlanetClass":"High metal content body", "Atmosphere":"thin sulfur dioxide atmosphere", "AtmosphereType":"SulphurDioxide", "AtmosphereComposition":[ { "Name":"SulphurDioxide", "Percent":100.000000 } ], "Volcanism":"", "MassEM":0.134635, "Radius":3270675.000000, "SurfaceGravity":5.016401, "SurfaceTemperature":406.878357, "SurfacePressure":3423.741943, "Landable":false, "SemiMajorAxis":133902172160.000000, "Eccentricity":0.000055, "OrbitalInclination":-0.016519, "Periapsis":108.219482, "OrbitalPeriod":22378580.000000, "RotationPeriod":159664.640625, "AxialTilt":-0.163934 }
{ "timestamp":"2018-02-06T23:44:18Z", "event":"Music", "MusicTrack":"SystemMap" }
{ "timestamp":"2018-02-06T23:44:28Z", "event":"Music", "MusicTrack":"Supercruise" }
{ "timestamp":"2018-02-06T23:46:55Z", "event":"Music", "MusicTrack":"SystemMap" }
{ "timestamp":"2018-02-06T23:46:56Z", "event":"Music", "MusicTrack":"Supercruise" }
{ "timestamp":"2018-02-06T23:47:00Z", "event":"Scan", "BodyName":"Vegnuae DW-V d2-803 A 3", "DistanceFromArrivalLS":1306.526855, "TidalLock":false, "TerraformState":"Terraformable", "PlanetClass":"Water world", "Atmosphere":"nitrogen atmosphere", "AtmosphereType":"Nitrogen", "AtmosphereComposition":[ { "Name":"Nitrogen", "Percent":73.981720 }, { "Name":"Oxygen", "Percent":21.822416 }, { "Name":"Water", "Percent":4.172308 } ], "Volcanism":"", "MassEM":0.339057, "Radius":4366714.500000, "SurfaceGravity":7.087161, "SurfaceTemperature":361.030640, "SurfacePressure":73461.710938, "Landable":false, "SemiMajorAxis":392852766720.000000, "Eccentricity":0.003609, "OrbitalInclination":-0.043293, "Periapsis":215.038177, "OrbitalPeriod":112459416.000000, "RotationPeriod":69148.304688, "AxialTilt":-2.882686 }
{ "timestamp":"2018-02-06T23:47:06Z", "event":"Music", "MusicTrack":"SystemMap" }
{ "timestamp":"2018-02-06T23:47:21Z", "event":"Music", "MusicTrack":"Supercruise" }
{ "timestamp":"2018-02-06T23:50:28Z", "event":"Music", "MusicTrack":"SystemMap" }
{ "timestamp":"2018-02-06T23:50:29Z", "event":"Music", "MusicTrack":"Supercruise" }
{ "timestamp":"2018-02-06T23:50:53Z", "event":"Scan", "BodyName":"Vegnuae DW-V d2-803 A 4", "DistanceFromArrivalLS":1877.729614, "TidalLock":false, "TerraformState":"Terraformable", "PlanetClass":"High metal content body", "Atmosphere":"thin carbon dioxide atmosphere", "AtmosphereType":"CarbonDioxide", "AtmosphereComposition":[ { "Name":"CarbonDioxide", "Percent":94.776222 }, { "Name":"SulphurDioxide", "Percent":5.223784 } ], "Volcanism":"", "MassEM":0.113920, "Radius":3101504.500000, "SurfaceGravity":4.720255, "SurfaceTemperature":259.588989, "SurfacePressure":6083.830566, "Landable":false, "SemiMajorAxis":565893529600.000000, "Eccentricity":0.005619, "OrbitalInclination":-0.260223, "Periapsis":123.130966, "OrbitalPeriod":194425488.000000, "RotationPeriod":102420.210938, "AxialTilt":-0.091943 }
{ "timestamp":"2018-02-06T23:50:54Z", "event":"Music", "MusicTrack":"SystemMap" }
{ "timestamp":"2018-02-06T23:51:12Z", "event":"Music", "MusicTrack":"Supercruise" }
{ "timestamp":"2018-02-06T23:52:20Z", "event":"Music", "MusicTrack":"SystemMap" }
{ "timestamp":"2018-02-06T23:52:21Z", "event":"Music", "MusicTrack":"Supercruise" }
{ "timestamp":"2018-02-06T23:54:38Z", "event":"Scan", "BodyName":"Vegnuae DW-V d2-803 A 5", "DistanceFromArrivalLS":2455.660889, "TidalLock":false, "TerraformState":"", "PlanetClass":"High metal content body", "Atmosphere":"carbon dioxide atmosphere", "AtmosphereType":"CarbonDioxide", "AtmosphereComposition":[ { "Name":"CarbonDioxide", "Percent":98.737335 }, { "Name":"SulphurDioxide", "Percent":1.262665 } ], "Volcanism":"", "MassEM":0.117932, "Radius":3135856.750000, "SurfaceGravity":4.779998, "SurfaceTemperature":261.389404, "SurfacePressure":25810.646484, "Landable":false, "SemiMajorAxis":738754232320.000000, "Eccentricity":0.006915, "OrbitalInclination":2.236115, "Periapsis":115.532913, "OrbitalPeriod":290002016.000000, "RotationPeriod":166349.046875, "AxialTilt":0.048797 }
{ "timestamp":"2018-02-06T23:54:42Z", "event":"Music", "MusicTrack":"SystemMap" }
{ "timestamp":"2018-02-06T23:54:46Z", "event":"Music", "MusicTrack":"Supercruise" }
{ "timestamp":"2018-02-06T23:57:02Z", "event":"Scan", "BodyName":"Vegnuae DW-V d2-803 A 6", "DistanceFromArrivalLS":3318.067871, "TidalLock":false, "TerraformState":"", "PlanetClass":"High metal content body", "Atmosphere":"nitrogen atmosphere", "AtmosphereType":"Nitrogen", "AtmosphereComposition":[ { "Name":"Nitrogen", "Percent":80.597183 }, { "Name":"Oxygen", "Percent":17.702312 }, { "Name":"CarbonDioxide", "Percent":1.652607 } ], "Volcanism":"", "MassEM":0.412993, "Radius":4626741.500000, "SurfaceGravity":7.689561, "SurfaceTemperature":188.150787, "SurfacePressure":63805.855469, "Landable":false, "SemiMajorAxis":994817802240.000000, "Eccentricity":0.000332, "OrbitalInclination":0.874258, "Periapsis":307.304138, "OrbitalPeriod":453175520.000000, "RotationPeriod":132164.031250, "AxialTilt":-1.603863 }
{ "timestamp":"2018-02-06T23:57:03Z", "event":"Music", "MusicTrack":"SystemMap" }
{ "timestamp":"2018-02-06T23:57:04Z", "event":"Music", "MusicTrack":"Supercruise" }
{ "timestamp":"2018-02-06T23:57:06Z", "event":"Music", "MusicTrack":"SystemMap" }
{ "timestamp":"2018-02-06T23:57:07Z", "event":"Music", "MusicTrack":"Supercruise" }
{ "timestamp":"2018-02-06T23:58:10Z", "event":"Music", "MusicTrack":"GalaxyMap" }
{ "timestamp":"2018-02-06T23:58:32Z", "event":"Music", "MusicTrack":"Supercruise" }
{ "timestamp":"2018-02-06T23:58:49Z", "event":"StartJump", "JumpType":"Hyperspace", "StarSystem":"Vegnuae GX-R c5-206", "StarClass":"G" }
{ "timestamp":"2018-02-06T23:58:55Z", "event":"Music", "MusicTrack":"NoTrack" }
{ "timestamp":"2018-02-06T23:59:08Z", "event":"FSDJump", "StarSystem":"Vegnuae GX-R c5-206", "StarPos":[1544.406,517.313,36309.438], "SystemAllegiance":"", "SystemEconomy":"$economy_None;", "SystemEconomy_Localised":"None", "SystemGovernment":"$government_None;", "SystemGovernment_Localised":"None", "SystemSecurity":"$GAlAXY_MAP_INFO_state_anarchy;", "SystemSecurity_Localised":"Anarchy", "Population":0, "JumpDist":26.342, "FuelUsed":3.776141, "FuelLevel":28.223860 }
{ "timestamp":"2018-02-06T23:59:08Z", "event":"Music", "MusicTrack":"Supercruise" }
{ "timestamp":"2018-02-06T23:59:20Z", "event":"Music", "MusicTrack":"SystemMap" }
{ "timestamp":"2018-02-06T23:59:25Z", "event":"Music", "MusicTrack":"Supercruise" }
{ "timestamp":"2018-02-06T23:59:31Z", "event":"Scan", "BodyName":"Vegnuae GX-R c5-206", "DistanceFromArrivalLS":0.000000, "StarType":"G", "StellarMass":0.808594, "Radius":614272000.000000, "AbsoluteMagnitude":5.427628, "Age_MY":6546, "SurfaceTemperature":5358.000000, "Luminosity":"Vab", "RotationPeriod":394392.906250, "AxialTilt":0.000000, "Rings":[ { "Name":"Vegnuae GX-R c5-206 A Belt", "RingClass":"eRingClass_Rocky", "MassMT":1.2042e+14, "InnerRad":1.1007e+09, "OuterRad":2.2481e+09 }, { "Name":"Vegnuae GX-R c5-206 B Belt", "RingClass":"eRingClass_MetalRich", "MassMT":6.3926e+15, "InnerRad":1.0897e+10, "OuterRad":2.7677e+11 } ] }
{ "timestamp":"2018-02-06T23:59:47Z", "event":"FuelScoop", "Scooped":3.776153, "Total":32.000000 }
{ "timestamp":"2018-02-06T23:59:57Z", "event":"Music", "MusicTrack":"SystemMap" }
{ "timestamp":"2018-02-06T23:59:58Z", "event":"Music", "MusicTrack":"Supercruise" }
{ "timestamp":"2018-02-07T00:00:20Z", "event":"StartJump", "JumpType":"Hyperspace", "StarSystem":"Vegnuae PF-I b12-23", "StarClass":"M" }
{ "timestamp":"2018-02-07T00:00:26Z", "event":"Music", "MusicTrack":"NoTrack" }
{ "timestamp":"2018-02-07T00:00:39Z", "event":"FSDJump", "StarSystem":"Vegnuae PF-I b12-23", "StarPos":[1567.313,523.750,36321.813], "SystemAllegiance":"", "SystemEconomy":"$economy_None;", "SystemEconomy_Localised":"None", "SystemGovernment":"$government_None;", "SystemGovernment_Localised":"None", "SystemSecurity":"$GAlAXY_MAP_INFO_state_anarchy;", "SystemSecurity_Localised":"Anarchy", "Population":0, "JumpDist":26.819, "FuelUsed":3.929844, "FuelLevel":27.440157 }
{ "timestamp":"2018-02-07T00:00:39Z", "event":"Music", "MusicTrack":"Supercruise" }
{ "timestamp":"2018-02-07T00:00:48Z", "event":"Music", "MusicTrack":"SystemMap" }
{ "timestamp":"2018-02-07T00:00:51Z", "event":"Music", "MusicTrack":"Supercruise" }
{ "timestamp":"2018-02-07T00:01:01Z", "event":"Scan", "BodyName":"Vegnuae PF-I b12-23", "DistanceFromArrivalLS":0.000000, "StarType":"M", "StellarMass":0.437500, "Radius":373962816.000000, "AbsoluteMagnitude":8.346634, "Age_MY":4238, "SurfaceTemperature":3507.000000, "Luminosity":"Va", "RotationPeriod":145378.671875, "AxialTilt":0.000000, "Rings":[ { "Name":"Vegnuae PF-I b12-23 A Belt", "RingClass":"eRingClass_MetalRich", "MassMT":2.7407e+10, "InnerRad":6.606e+08, "OuterRad":1.8319e+09 } ] }
{ "timestamp":"2018-02-07T00:01:17Z", "event":"FuelScoop", "Scooped":4.559856, "Total":32.000000 }
{ "timestamp":"2018-02-07T00:02:04Z", "event":"StartJump", "JumpType":"Hyperspace", "StarSystem":"Vegnuae HX-R c5-277", "StarClass":"K" }
{ "timestamp":"2018-02-07T00:02:10Z", "event":"Music", "MusicTrack":"NoTrack" }
{ "timestamp":"2018-02-07T00:02:23Z", "event":"FSDJump", "StarSystem":"Vegnuae HX-R c5-277", "StarPos":[1591.531,521.406,36331.969], "SystemAllegiance":"", "SystemEconomy":"$economy_None;", "SystemEconomy_Localised":"None", "SystemGovernment":"$government_None;", "SystemGovernment_Localised":"None", "SystemSecurity":"$GAlAXY_MAP_INFO_state_anarchy;", "SystemSecurity_Localised":"Anarchy", "Population":0, "JumpDist":26.366, "FuelUsed":3.784827, "FuelLevel":28.215174 }
{ "timestamp":"2018-02-07T00:02:23Z", "event":"Music", "MusicTrack":"Supercruise" }
{ "timestamp":"2018-02-07T00:02:34Z", "event":"Music", "MusicTrack":"SystemMap" }
{ "timestamp":"2018-02-07T00:02:35Z", "event":"Music", "MusicTrack":"Supercruise" }
{ "timestamp":"2018-02-07T00:02:46Z", "event":"Scan", "BodyName":"Vegnuae HX-R c5-277 A", "DistanceFromArrivalLS":0.000000, "StarType":"K", "StellarMass":0.507813, "Radius":435239328.000000, "AbsoluteMagnitude":7.657120, "Age_MY":10160, "SurfaceTemperature":3810.000000, "Luminosity":"Va", "SemiMajorAxis":41674826842112.000000, "Eccentricity":0.004524, "OrbitalInclination":42.662567, "Periapsis":187.021896, "OrbitalPeriod":858123141120.000000, "RotationPeriod":231089.843750, "AxialTilt":0.000000 }
{ "timestamp":"2018-02-07T00:03:02Z", "event":"FuelScoop", "Scooped":3.784826, "Total":32.000000 }
{ "timestamp":"2018-02-07T00:03:32Z", "event":"StartJump", "JumpType":"Hyperspace", "StarSystem":"Vegnuae LD-Q c6-445", "StarClass":"K" }
{ "timestamp":"2018-02-07T00:03:38Z", "event":"Music", "MusicTrack":"NoTrack" }
{ "timestamp":"2018-02-07T00:03:51Z", "event":"FSDJump", "StarSystem":"Vegnuae LD-Q c6-445", "StarPos":[1612.188,524.094,36349.375], "SystemAllegiance":"", "SystemEconomy":"$economy_None;", "SystemEconomy_Localised":"None", "SystemGovernment":"$government_None;", "SystemGovernment_Localised":"None", "SystemSecurity":"$GAlAXY_MAP_INFO_state_anarchy;", "SystemSecurity_Localised":"Anarchy", "Population":0, "JumpDist":27.146, "FuelUsed":4.064520, "FuelLevel":27.935480 }
{ "timestamp":"2018-02-07T00:03:51Z", "event":"Music", "MusicTrack":"Supercruise" }
{ "timestamp":"2018-02-07T00:04:01Z", "event":"Music", "MusicTrack":"SystemMap" }
{ "timestamp":"2018-02-07T00:04:04Z", "event":"Music", "MusicTrack":"Supercruise" }
{ "timestamp":"2018-02-07T00:04:13Z", "event":"Scan", "BodyName":"Vegnuae LD-Q c6-445", "DistanceFromArrivalLS":0.000000, "StarType":"K", "StellarMass":0.777344, "Radius":572989440.000000, "AbsoluteMagnitude":6.398071, "Age_MY":6958, "SurfaceTemperature":4437.000000, "Luminosity":"Va", "RotationPeriod":290920.375000, "AxialTilt":0.000000 }
{ "timestamp":"2018-02-07T00:04:29Z", "event":"FuelScoop", "Scooped":4.064525, "Total":32.000000 }
{ "timestamp":"2018-02-07T00:04:59Z", "event":"StartJump", "JumpType":"Hyperspace", "StarSystem":"Vegnuae FW-V d2-1489", "StarClass":"F" }
{ "timestamp":"2018-02-07T00:05:04Z", "event":"Music", "MusicTrack":"NoTrack" }
{ "timestamp":"2018-02-07T00:05:18Z", "event":"FSDJump", "StarSystem":"Vegnuae FW-V d2-1489", "StarPos":[1633.813,529.375,36364.125], "SystemAllegiance":"", "SystemEconomy":"$economy_None;", "SystemEconomy_Localised":"None", "SystemGovernment":"$government_None;", "SystemGovernment_Localised":"None", "SystemSecurity":"$GAlAXY_MAP_INFO_state_anarchy;", "SystemSecurity_Localised":"Anarchy", "Population":0, "JumpDist":26.704, "FuelUsed":3.904392, "FuelLevel":28.095608 }
{ "timestamp":"2018-02-07T00:05:18Z", "event":"Music", "MusicTrack":"Supercruise" }
{ "timestamp":"2018-02-07T00:05:31Z", "event":"Music", "MusicTrack":"SystemMap" }
{ "timestamp":"2018-02-07T00:05:38Z", "event":"Music", "MusicTrack":"Supercruise" }
{ "timestamp":"2018-02-07T00:05:40Z", "event":"Scan", "BodyName":"Vegnuae FW-V d2-1489 A", "DistanceFromArrivalLS":0.000000, "StarType":"F", "StellarMass":1.585938, "Radius":995302784.000000, "AbsoluteMagnitude":2.955063, "Age_MY":2436, "SurfaceTemperature":7437.000000, "Luminosity":"Vb", "SemiMajorAxis":31579189542912.000000, "Eccentricity":0.077328, "OrbitalInclination":35.220871, "Periapsis":266.028595, "OrbitalPeriod":425823764480.000000, "RotationPeriod":123245.312500, "AxialTilt":0.000000, "Rings":[ { "Name":"Vegnuae FW-V d2-1489 A A Belt", "RingClass":"eRingClass_Rocky", "MassMT":2.0273e+14, "InnerRad":6.5553e+10, "OuterRad":2.6221e+11 } ] }
{ "timestamp":"2018-02-07T00:05:58Z", "event":"FuelScoop", "Scooped":3.904396, "Total":32.000000 }
{ "timestamp":"2018-02-07T00:06:32Z", "event":"StartJump", "JumpType":"Hyperspace", "StarSystem":"Vegnuae ED-D b15-71", "StarClass":"M" }
{ "timestamp":"2018-02-07T00:06:38Z", "event":"Music", "MusicTrack":"NoTrack" }
{ "timestamp":"2018-02-07T00:06:51Z", "event":"FSDJump", "StarSystem":"Vegnuae ED-D b15-71", "StarPos":[1656.156,538.406,36376.500], "SystemAllegiance":"", "SystemEconomy":"$economy_None;", "SystemEconomy_Localised":"None", "SystemGovernment":"$government_None;", "SystemGovernment_Localised":"None", "SystemSecurity":"$GAlAXY_MAP_INFO_state_anarchy;", "SystemSecurity_Localised":"Anarchy", "Population":0, "JumpDist":27.091, "FuelUsed":4.044388, "FuelLevel":27.955612 }
{ "timestamp":"2018-02-07T00:06:51Z", "event":"Music", "MusicTrack":"Supercruise" }
{ "timestamp":"2018-02-07T00:07:13Z", "event":"Scan", "BodyName":"Vegnuae ED-D b15-71 A", "DistanceFromArrivalLS":0.000000, "StarType":"M", "StellarMass":0.417969, "Radius":363116864.000000, "AbsoluteMagnitude":8.690674, "Age_MY":1894, "SurfaceTemperature":3288.000000, "Luminosity":"Va", "SemiMajorAxis":18671787311104.000000, "Eccentricity":0.221620, "OrbitalInclination":-42.110218, "Periapsis":181.723511, "OrbitalPeriod":144728571904.000000, "RotationPeriod":160267.703125, "AxialTilt":0.000000, "Rings":[ { "Name":"Vegnuae ED-D b15-71 A A Belt", "RingClass":"eRingClass_Rocky", "MassMT":1.684e+09, "InnerRad":6.6269e+08, "OuterRad":1.8042e+09 } ] }
{ "timestamp":"2018-02-07T00:07:16Z", "event":"Music", "MusicTrack":"SystemMap" }
{ "timestamp":"2018-02-07T00:07:23Z", "event":"Music", "MusicTrack":"Supercruise" }
{ "timestamp":"2018-02-07T00:07:41Z", "event":"FuelScoop", "Scooped":4.044403, "Total":32.000000 }
{ "timestamp":"2018-02-07T00:08:12Z", "event":"StartJump", "JumpType":"Hyperspace", "StarSystem":"Vegnuae FD-D b15-37", "StarClass":"M" }
{ "timestamp":"2018-02-07T00:08:17Z", "event":"Music", "MusicTrack":"NoTrack" }
{ "timestamp":"2018-02-07T00:08:30Z", "event":"FSDJump", "StarSystem":"Vegnuae FD-D b15-37", "StarPos":[1680.813,542.125,36386.594], "SystemAllegiance":"", "SystemEconomy":"$economy_None;", "SystemEconomy_Localised":"None", "SystemGovernment":"$government_None;", "SystemGovernment_Localised":"None", "SystemSecurity":"$GAlAXY_MAP_INFO_state_anarchy;", "SystemSecurity_Localised":"Anarchy", "Population":0, "JumpDist":26.901, "FuelUsed":3.974987, "FuelLevel":28.025013 }
{ "timestamp":"2018-02-07T00:08:30Z", "event":"Music", "MusicTrack":"Supercruise" }
{ "timestamp":"2018-02-07T00:08:39Z", "event":"Music", "MusicTrack":"SystemMap" }
{ "timestamp":"2018-02-07T00:08:52Z", "event":"Scan", "BodyName":"Vegnuae FD-D b15-37 A", "DistanceFromArrivalLS":0.000000, "StarType":"M", "StellarMass":0.207031, "Radius":261470464.000000, "AbsoluteMagnitude":10.924377, "Age_MY":6534, "SurfaceTemperature":2317.000000, "Luminosity":"Va", "SemiMajorAxis":1298671861760.000000, "Eccentricity":0.203364, "OrbitalInclination":-82.328232, "Periapsis":189.914200, "OrbitalPeriod":7694882816.000000, "RotationPeriod":139572.718750, "AxialTilt":0.000000, "Rings":[ { "Name":"Vegnuae FD-D b15-37 A A Belt", "RingClass":"eRingClass_Rocky", "MassMT":4.5816e+13, "InnerRad":4.7438e+08, "OuterRad":1.4275e+09 } ] }
{ "timestamp":"2018-02-07T00:08:55Z", "event":"Music", "MusicTrack":"Supercruise" }
{ "timestamp":"2018-02-07T00:09:14Z", "event":"FuelScoop", "Scooped":3.974994, "Total":32.000000 }
{ "timestamp":"2018-02-07T00:09:38Z", "event":"StartJump", "JumpType":"Hyperspace", "StarSystem":"Vegnuae KJ-B b16-3", "StarClass":"M" }
{ "timestamp":"2018-02-07T00:09:43Z", "event":"Music", "MusicTrack":"NoTrack" }
{ "timestamp":"2018-02-07T00:09:57Z", "event":"FSDJump", "StarSystem":"Vegnuae KJ-B b16-3", "StarPos":[1702.813,541.594,36401.750], "SystemAllegiance":"", "SystemEconomy":"$economy_None;", "SystemEconomy_Localised":"None", "SystemGovernment":"$government_None;", "SystemGovernment_Localised":"None", "SystemSecurity":"$GAlAXY_MAP_INFO_state_anarchy;", "SystemSecurity_Localised":"Anarchy", "Population":0, "JumpDist":26.721, "FuelUsed":3.910369, "FuelLevel":28.089630 }
{ "timestamp":"2018-02-07T00:09:57Z", "event":"Music", "MusicTrack":"Supercruise" }
{ "timestamp":"2018-02-07T00:10:06Z", "event":"Music", "MusicTrack":"SystemMap" }
{ "timestamp":"2018-02-07T00:10:18Z", "event":"Music", "MusicTrack":"Supercruise" }
{ "timestamp":"2018-02-07T00:10:19Z", "event":"Scan", "BodyName":"Vegnuae KJ-B b16-3", "DistanceFromArrivalLS":0.000000, "StarType":"M_RedGiant", "StellarMass":0.312500, "Radius":365918560.000000, "AbsoluteMagnitude":9.857239, "Age_MY":9554, "SurfaceTemperature":2504.000000, "Luminosity":"IVb", "RotationPeriod":254758.156250, "AxialTilt":0.000000 }
{ "timestamp":"2018-02-07T00:10:35Z", "event":"FuelScoop", "Scooped":3.910383, "Total":32.000000 }
{ "timestamp":"2018-02-07T00:11:21Z", "event":"Music", "MusicTrack":"SystemMap" }
{ "timestamp":"2018-02-07T00:11:21Z", "event":"Music", "MusicTrack":"Supercruise" }
