{ "timestamp":"2017-11-17T15:45:54Z", "event":"Fileheader", "part":1, "language":"English\\UK", "gameversion":"2.4", "build":"r156431/r0 " }
{ "timestamp":"2017-11-17T15:45:54Z", "event":"Music", "MusicTrack":"NoTrack" }
{ "timestamp":"2017-11-17T15:45:54Z", "event":"Music", "MusicTrack":"MainMenu" }
{ "timestamp":"2017-11-17T15:48:36Z", "event":"NewCommander", "Name":"JaredCrue", "Package":"Default" }
{ "timestamp":"2017-11-17T16:36:14Z", "event":"Music", "MusicTrack":"MainMenu" }
{ "timestamp":"2017-11-17T16:36:37Z", "event":"Cargo", "Inventory":[  ] }
{ "timestamp":"2017-11-17T16:36:37Z", "event":"Loadout", "Ship":"SideWinder", "ShipID":0, "ShipName":"USS Tug Boat", "ShipIdent":"", "Modules":[ { "Slot":"SmallHardpoint1", "Item":"Hpt_PulseLaser_Gimbal_Small", "On":true, "Priority":2, "Health":1.000000, "Value":0 }, { "Slot":"SmallHardpoint2", "Item":"Hpt_PulseLaser_Gimbal_Small", "On":true, "Priority":2, "Health":1.000000, "Value":0 }, { "Slot":"Armour", "Item":"SideWinder_Armour_Grade1", "On":true, "Priority":2, "Health":1.000000, "Value":0 }, { "Slot":"PowerPlant", "Item":"Int_PowerPlant_Size2_Class1", "On":true, "Priority":2, "Health":1.000000, "Value":0 }, { "Slot":"MainEngines", "Item":"Int_Engine_Size2_Class1", "On":true, "Priority":2, "Health":1.000000, "Value":0 }, { "Slot":"FrameShiftDrive", "Item":"Int_Hyperdrive_Size2_Class1", "On":true, "Priority":2, "Health":1.000000, "Value":0 }, { "Slot":"LifeSupport", "Item":"Int_LifeSupport_Size1_Class1", "On":true, "Priority":2, "Health":1.000000, "Value":0 }, { "Slot":"PowerDistributor", "Item":"Int_PowerDistributor_Size1_Class1", "On":true, "Priority":2, "Health":1.000000, "Value":0 }, { "Slot":"Radar", "Item":"Int_Sensors_Size1_Class1", "On":true, "Priority":2, "Health":1.000000, "Value":0 }, { "Slot":"FuelTank", "Item":"Int_FuelTank_Size1_Class3", "On":true, "Priority":2, "Health":1.000000, "Value":0 }, { "Slot":"Slot01_Size2", "Item":"Int_ShieldGenerator_Size2_Class1", "On":true, "Priority":2, "Health":1.000000, "Value":0 }, { "Slot":"Slot02_Size2", "Item":"Int_CargoRack_Size2_Class1", "On":true, "Priority":2, "Health":1.000000, "Value":0 }, { "Slot":"Slot03_Size1", "Item":"Int_StellarBodyDiscoveryScanner_Standard", "On":true, "Priority":2, "Health":1.000000, "Value":0 }, { "Slot":"PlanetaryApproachSuite", "Item":"Int_PlanetApproachSuite", "On":true, "Priority":2, "Health":1.000000, "Value":0 }, { "Slot":"ShipCockpit", "Item":"Sidewinder_Cockpit", "On":true, "Priority":2, "Health":1.000000, "Value":0 }, { "Slot":"CargoHatch", "Item":"ModularCargoBayDoor", "On":true, "Priority":2, "Health":1.000000, "Value":0 } ] }
{ "timestamp":"2017-11-17T16:36:37Z", "event":"Materials", "Raw":[  ], "Manufactured":[  ], "Encoded":[  ] }
{ "timestamp":"2017-11-17T16:36:37Z", "event":"LoadGame", "Commander":"JaredCrue", "Ship":"SideWinder", "ShipID":0, "ShipName":"USS Tug Boat", "ShipIdent":"", "FuelLevel":2.000000, "FuelCapacity":2.000000, "GameMode":"Solo", "Credits":1000, "Loan":0 }
{ "timestamp":"2017-11-17T16:36:37Z", "event":"Rank", "Combat":0, "Trade":0, "Explore":0, "Empire":0, "Federation":0, "CQC":0 }
{ "timestamp":"2017-11-17T16:36:37Z", "event":"Progress", "Combat":0, "Trade":0, "Explore":0, "Empire":0, "Federation":0, "CQC":0 }
{ "timestamp":"2017-11-17T16:36:43Z", "event":"Location", "Docked":true, "StationName":"Trevithick Dock", "StationType":"Outpost", "StarSystem":"LHS 3447", "StarPos":[-43.188,-5.281,56.156], "SystemAllegiance":"PilotsFederation", "SystemEconomy":"$economy_Agri;", "SystemEconomy_Localised":"Agriculture", "SystemGovernment":"$government_Democracy;", "SystemGovernment_Localised":"Democracy", "SystemSecurity":"$SYSTEM_SECURITY_high;", "SystemSecurity_Localised":"High Security", "Population":1148206412, "Body":"Trevithick Dock", "BodyType":"Station", "Factions":[ { "Name":"LHS 3447 Academy for Novitiate Pilots", "FactionState":"None", "Government":"Cooperative", "Influence":0.098901, "Allegiance":"Independent", "PendingStates":[ { "State":"CivilWar", "Trend":0 } ] }, { "Name":"LTT 18486 Jet Energy Company", "FactionState":"None", "Government":"Corporate", "Influence":0.035964, "Allegiance":"Federation", "PendingStates":[ { "State":"Boom", "Trend":1 }, { "State":"CivilUnrest", "Trend":0 }, { "State":"Lockdown", "Trend":0 } ] }, { "Name":"Pilots Federation Local Branch", "FactionState":"None", "Government":"Democracy", "Influence":0.000000, "Allegiance":"PilotsFederation" }, { "Name":"Future of LHS 3447", "FactionState":"CivilUnrest", "Government":"Democracy", "Influence":0.223776, "Allegiance":"Federation", "PendingStates":[ { "State":"Boom", "Trend":1 }, { "State":"Lockdown", "Trend":0 } ], "RecoveringStates":[ { "State":"Outbreak", "Trend":1 } ] }, { "Name":"Liberty Party of GD 219", "FactionState":"None", "Government":"Dictatorship", "Influence":0.045954, "Allegiance":"Independent", "PendingStates":[ { "State":"Boom", "Trend":1 } ], "RecoveringStates":[ { "State":"Outbreak", "Trend":1 } ] }, { "Name":"LHS 3447 Co", "FactionState":"None", "Government":"Corporate", "Influence":0.209790, "Allegiance":"Independent", "RecoveringStates":[ { "State":"Boom", "Trend":0 } ] }, { "Name":"Freedom Party of LHS 3447", "FactionState":"Boom", "Government":"Dictatorship", "Influence":0.217782, "Allegiance":"Independent" }, { "Name":"LHS 3447 Cartel", "FactionState":"Lockdown", "Government":"Anarchy", "Influence":0.064935, "Allegiance":"Independent", "PendingStates":[ { "State":"Boom", "Trend":1 }, { "State":"CivilUnrest", "Trend":1 } ], "RecoveringStates":[ { "State":"Outbreak", "Trend":-1 } ] }, { "Name":"LHS 3447 Dynamic & Co", "FactionState":"None", "Government":"Corporate", "Influence":0.102897, "Allegiance":"Federation", "PendingStates":[ { "State":"Boom", "Trend":1 }, { "State":"CivilUnrest", "Trend":-1 } ] } ], "SystemFaction":"Pilots Federation Local Branch" }
{ "timestamp":"2017-11-17T16:36:43Z", "event":"Music", "MusicTrack":"NoTrack" }
{ "timestamp":"2017-11-17T16:36:43Z", "event":"Docked", "StationName":"Trevithick Dock", "StationType":"Outpost", "StarSystem":"LHS 3447", "StationFaction":"Pilots Federation Local Branch", "StationGovernment":"$government_Democracy;", "StationGovernment_Localised":"Democracy", "StationAllegiance":"PilotsFederation", "StationServices":[ "Dock", "Autodock", "BlackMarket", "Contacts", "Exploration", "Missions", "Outfitting", "CrewLounge", "Refuel", "Repair", "Tuning", "MissionsGenerated", "FlightController", "StationOperations", "Powerplay", "SearchAndRescue" ], "StationEconomy":"$economy_Extraction;", "StationEconomy_Localised":"Extraction", "DistFromStarLS":91727.632813 }
{ "timestamp":"2017-11-17T16:36:43Z", "event":"Music", "MusicTrack":"Exploration" }
{ "timestamp":"2017-11-17T16:36:45Z", "event":"MissionRedirected", "MissionID":247521418, "Name":"Mission_Welcome_name", "NewDestinationStation":"Maine Hub", "NewDestinationSystem":"Eravate", "OldDestinationStation":"", "OldDestinationSystem":"" }
{ "timestamp":"2017-11-17T16:40:31Z", "event":"Music", "MusicTrack":"GalaxyMap" }
{ "timestamp":"2017-11-17T16:40:57Z", "event":"Music", "MusicTrack":"Exploration" }
{ "timestamp":"2017-11-17T16:41:12Z", "event":"MissionAccepted", "Faction":"Future of LHS 3447", "Name":"Mission_Collect_CivilUnrest", "LocalisedName":"We need 2 units of Consumer Technology", "Commodity":"$ConsumerTechnology_Name;", "Commodity_Localised":"Consumer Technology", "Count":2, "DestinationSystem":"LHS 3447", "DestinationStation":"Trevithick Dock", "Expiry":"2017-11-19T01:23:11Z", "Influence":"Med", "Reputation":"Low", "Reward":23463, "MissionID":247523538 }
{ "timestamp":"2017-11-17T16:41:31Z", "event":"MissionAccepted", "Faction":"Future of LHS 3447", "Name":"Mission_Collect_CivilUnrest", "LocalisedName":"We need 3 units of Clothing", "Commodity":"$Clothing_Name;", "Commodity_Localised":"Clothing", "Count":3, "DestinationSystem":"LHS 3447", "DestinationStation":"Trevithick Dock", "Expiry":"2017-11-19T07:02:57Z", "Influence":"Med", "Reputation":"Low", "MissionID":247523686 }
{ "timestamp":"2017-11-17T16:45:27Z", "event":"Undocked", "StationName":"Trevithick Dock", "StationType":"Outpost" }
{ "timestamp":"2017-11-17T16:45:54Z", "event":"Music", "MusicTrack":"GalaxyMap" }
{ "timestamp":"2017-11-17T16:46:01Z", "event":"Music", "MusicTrack":"Exploration" }
{ "timestamp":"2017-11-17T16:49:46Z", "event":"Scanned", "ScanType":"Cargo" }
{ "timestamp":"2017-11-17T16:50:31Z", "event":"SendText", "To":"local", "Message":"eeq" }
{ "timestamp":"2017-11-17T16:50:40Z", "event":"SendText", "To":"local", "Message":"w" }
{ "timestamp":"2017-11-17T16:52:22Z", "event":"SendText", "To":"local", "Message":"aqeeqqwweeeeeeqe23rerw" }
{ "timestamp":"2017-11-17T16:53:52Z", "event":"CommitCrime", "CrimeType":"fireInNoFireZone", "Faction":"Pilots Federation Local Branch", "Fine":100 }
{ "timestamp":"2017-11-17T16:55:15Z", "event":"ReceiveText", "From":"Trevithick Dock", "Message":"$STATION_NoFireZone_exited;", "Message_Localised":"No fire zone left.", "Channel":"npc" }
{ "timestamp":"2017-11-17T16:59:02Z", "event":"SendText", "To":"local", "Message":"eqeqewqeqweqqeewqww" }
{ "timestamp":"2017-11-17T17:05:06Z", "event":"StartJump", "JumpType":"Hyperspace", "StarSystem":"Eravate", "StarClass":"K" }
{ "timestamp":"2017-11-17T17:05:11Z", "event":"Music", "MusicTrack":"NoTrack" }
{ "timestamp":"2017-11-17T17:05:24Z", "event":"FSDJump", "StarSystem":"Eravate", "StarPos":[-42.438,-3.156,59.656], "SystemAllegiance":"Federation", "SystemEconomy":"$economy_Agri;", "SystemEconomy_Localised":"Agriculture", "SystemGovernment":"$government_Corporate;", "SystemGovernment_Localised":"Corporate", "SystemSecurity":"$SYSTEM_SECURITY_high;", "SystemSecurity_Localised":"High Security", "Population":740380179, "JumpDist":4.163, "FuelUsed":0.181973, "FuelLevel":1.818027, "Factions":[ { "Name":"Eravate School of Commerce", "FactionState":"None", "Government":"Cooperative", "Influence":0.115000, "Allegiance":"Independent", "PendingStates":[ { "State":"CivilWar", "Trend":0 } ] }, { "Name":"Pilots Federation Local Branch", "FactionState":"None", "Government":"Democracy", "Influence":0.000000, "Allegiance":"PilotsFederation" }, { "Name":"Independent Eravate Free", "FactionState":"Boom", "Government":"Democracy", "Influence":0.120000, "Allegiance":"Independent", "RecoveringStates":[ { "State":"Outbreak", "Trend":1 } ] }, { "Name":"Eravate Network", "FactionState":"Outbreak", "Government":"Corporate", "Influence":0.150000, "Allegiance":"Federation", "RecoveringStates":[ { "State":"Boom", "Trend":-1 } ] }, { "Name":"Traditional Eravate Autocracy", "FactionState":"Boom", "Government":"Dictatorship", "Influence":0.093000, "Allegiance":"Independent", "PendingStates":[ { "State":"Outbreak", "Trend":1 } ] }, { "Name":"Eravate Life Services", "FactionState":"None", "Government":"Corporate", "Influence":0.108000, "Allegiance":"Independent", "PendingStates":[ { "State":"Outbreak", "Trend":1 } ], "RecoveringStates":[ { "State":"Boom", "Trend":1 } ] }, { "Name":"Official Eravate Flag", "FactionState":"Outbreak", "Government":"Dictatorship", "Influence":0.085000, "Allegiance":"Independent", "RecoveringStates":[ { "State":"Boom", "Trend":-1 } ] }, { "Name":"Adle's Armada", "FactionState":"Boom", "Government":"Corporate", "Influence":0.329000, "Allegiance":"Federation" } ], "SystemFaction":"Adle's Armada", "FactionState":"Boom" }
{ "timestamp":"2017-11-17T17:05:24Z", "event":"Music", "MusicTrack":"DestinationFromHyperspace" }
{ "timestamp":"2017-11-17T17:05:29Z", "event":"Music", "MusicTrack":"Supercruise" }
{ "timestamp":"2017-11-17T17:07:34Z", "event":"ReceiveText", "From":"$ShipName_PassengerLiner_Wedding;", "From_Localised":"Wedding Barge", "Message":"$ConvoyWedding_Patrol07;", "Message_Localised":"Today is the best day of my life.", "Channel":"npc" }
{ "timestamp":"2017-11-17T17:08:20Z", "event":"ReceiveText", "From":"$ShipName_PassengerLiner_Wedding;", "From_Localised":"Wedding Barge", "Message":"$ConvoyWedding_Patrol05;", "Message_Localised":"The ceremony will be starting soon! Please make sure your screens are set to the appropriate frequencies!", "Channel":"npc" }
{ "timestamp":"2017-11-17T17:11:03Z", "event":"SupercruiseExit", "StarSystem":"Eravate", "Body":"Maine Hub", "BodyType":"Station" }
{ "timestamp":"2017-11-17T17:11:03Z", "event":"Music", "MusicTrack":"DestinationFromSupercruise" }
{ "timestamp":"2017-11-17T17:11:08Z", "event":"Music", "MusicTrack":"Exploration" }
{ "timestamp":"2017-11-17T17:11:55Z", "event":"ReceiveText", "From":"Maine Hub", "Message":"$DockingFailed_Distance:#distance=7500;", "Message_Localised":"Docking request denied, please approach to 7500m", "Channel":"npc" }
{ "timestamp":"2017-11-17T17:11:55Z", "event":"DockingDenied", "Reason":"Distance", "StationName":"Maine Hub" }
{ "timestamp":"2017-11-17T17:12:37Z", "event":"ReceiveText", "From":"Maine Hub", "Message":"$STATION_NoFireZone_entered;", "Message_Localised":"No fire zone entered.", "Channel":"npc" }
{ "timestamp":"2017-11-17T17:13:14Z", "event":"DockingRequested", "StationName":"Maine Hub" }
{ "timestamp":"2017-11-17T17:13:14Z", "event":"ReceiveText", "From":"Maine Hub", "Message":"$DockingChatter_Neutral;", "Message_Localised":"Ensure to observe starport protocol during your visit, pilot.", "Channel":"npc" }
{ "timestamp":"2017-11-17T17:13:16Z", "event":"ReceiveText", "From":"Maine Hub", "Message":"$STATION_docking_granted;", "Message_Localised":"Docking request granted.", "Channel":"npc" }
{ "timestamp":"2017-11-17T17:13:16Z", "event":"DockingGranted", "LandingPad":3, "StationName":"Maine Hub" }
{ "timestamp":"2017-11-17T17:19:08Z", "event":"Docked", "StationName":"Maine Hub", "StationType":"Outpost", "StarSystem":"Eravate", "StationFaction":"Independent Eravate Free", "FactionState":"Boom", "StationGovernment":"$government_Democracy;", "StationGovernment_Localised":"Democracy", "StationServices":[ "Dock", "Autodock", "BlackMarket", "Commodities", "Contacts", "Exploration", "Missions", "Outfitting", "CrewLounge", "Rearm", "Refuel", "MissionsGenerated", "FlightController", "StationOperations", "Powerplay", "SearchAndRescue" ], "StationEconomy":"$economy_Industrial;", "StationEconomy_Localised":"Industrial", "DistFromStarLS":496.231201 }
{ "timestamp":"2017-11-17T17:21:04Z", "event":"MissionCompleted", "Faction":"Adle's Armada", "Name":"Mission_Welcome_name", "MissionID":247521418, "DestinationSystem":"Eravate", "DestinationStation":"Maine Hub", "Reward":10000 }
{ "timestamp":"2017-11-17T17:22:02Z", "event":"RefuelAll", "Cost":24, "Amount":0.460980 }
{ "timestamp":"2017-11-17T17:33:03Z", "event":"ModuleBuy", "Slot":"Slot04_Size1", "BuyItem":"$int_fuelscoop_size1_class3_name;", "BuyItem_Localised":"Fuel Scoop", "BuyPrice":5142, "Ship":"sidewinder", "ShipID":0 }
{ "timestamp":"2017-11-17T17:33:47Z", "event":"Undocked", "StationName":"Maine Hub", "StationType":"Outpost" }
{ "timestamp":"2017-11-17T17:34:57Z", "event":"Music", "MusicTrack":"GalaxyMap" }
{ "timestamp":"2017-11-17T17:35:39Z", "event":"Music", "MusicTrack":"SystemMap" }
{ "timestamp":"2017-11-17T17:35:51Z", "event":"Music", "MusicTrack":"Exploration" }
{ "timestamp":"2017-11-17T17:35:58Z", "event":"Music", "MusicTrack":"GalaxyMap" }
{ "timestamp":"2017-11-17T17:36:03Z", "event":"Music", "MusicTrack":"Exploration" }
{ "timestamp":"2017-11-17T17:36:57Z", "event":"ReceiveText", "From":"Maine Hub", "Message":"$STATION_NoFireZone_exited;", "Message_Localised":"No fire zone left.", "Channel":"npc" }
{ "timestamp":"2017-11-17T17:38:00Z", "event":"StartJump", "JumpType":"Hyperspace", "StarSystem":"LHS 3447", "StarClass":"K" }
{ "timestamp":"2017-11-17T17:38:06Z", "event":"Music", "MusicTrack":"NoTrack" }
{ "timestamp":"2017-11-17T17:38:19Z", "event":"FSDJump", "StarSystem":"LHS 3447", "StarPos":[-43.188,-5.281,56.156], "SystemAllegiance":"PilotsFederation", "SystemEconomy":"$economy_Agri;", "SystemEconomy_Localised":"Agriculture", "SystemGovernment":"$government_Democracy;", "SystemGovernment_Localised":"Democracy", "SystemSecurity":"$SYSTEM_SECURITY_high;", "SystemSecurity_Localised":"High Security", "Population":1148206412, "JumpDist":4.163, "FuelUsed":0.181973, "FuelLevel":1.818027, "Factions":[ { "Name":"LHS 3447 Academy for Novitiate Pilots", "FactionState":"None", "Government":"Cooperative", "Influence":0.098901, "Allegiance":"Independent", "PendingStates":[ { "State":"CivilWar", "Trend":0 } ] }, { "Name":"LTT 18486 Jet Energy Company", "FactionState":"None", "Government":"Corporate", "Influence":0.035964, "Allegiance":"Federation", "PendingStates":[ { "State":"Boom", "Trend":1 }, { "State":"CivilUnrest", "Trend":0 }, { "State":"Lockdown", "Trend":0 } ] }, { "Name":"Pilots Federation Local Branch", "FactionState":"None", "Government":"Democracy", "Influence":0.000000, "Allegiance":"PilotsFederation" }, { "Name":"Future of LHS 3447", "FactionState":"CivilUnrest", "Government":"Democracy", "Influence":0.223776, "Allegiance":"Federation", "PendingStates":[ { "State":"Boom", "Trend":1 }, { "State":"Lockdown", "Trend":0 } ], "RecoveringStates":[ { "State":"Outbreak", "Trend":1 } ] }, { "Name":"Liberty Party of GD 219", "FactionState":"None", "Government":"Dictatorship", "Influence":0.045954, "Allegiance":"Independent", "PendingStates":[ { "State":"Boom", "Trend":1 } ], "RecoveringStates":[ { "State":"Outbreak", "Trend":1 } ] }, { "Name":"LHS 3447 Co", "FactionState":"None", "Government":"Corporate", "Influence":0.209790, "Allegiance":"Independent", "RecoveringStates":[ { "State":"Boom", "Trend":0 } ] }, { "Name":"Freedom Party of LHS 3447", "FactionState":"Boom", "Government":"Dictatorship", "Influence":0.217782, "Allegiance":"Independent" }, { "Name":"LHS 3447 Cartel", "FactionState":"Lockdown", "Government":"Anarchy", "Influence":0.064935, "Allegiance":"Independent", "PendingStates":[ { "State":"Boom", "Trend":1 }, { "State":"CivilUnrest", "Trend":1 } ], "RecoveringStates":[ { "State":"Outbreak", "Trend":-1 } ] }, { "Name":"LHS 3447 Dynamic & Co", "FactionState":"None", "Government":"Corporate", "Influence":0.102897, "Allegiance":"Federation", "PendingStates":[ { "State":"Boom", "Trend":1 }, { "State":"CivilUnrest", "Trend":-1 } ] } ], "SystemFaction":"Pilots Federation Local Branch" }
{ "timestamp":"2017-11-17T17:38:19Z", "event":"Music", "MusicTrack":"Supercruise" }
{ "timestamp":"2017-11-17T17:42:40Z", "event":"FuelScoop", "Scooped":0.068855, "Total":1.886880 }
{ "timestamp":"2017-11-17T17:42:55Z", "event":"FuelScoop", "Scooped":0.037364, "Total":1.924244 }
{ "timestamp":"2017-11-17T17:43:14Z", "event":"SupercruiseExit", "StarSystem":"LHS 3447", "Body":"Gliese 748.2 B", "BodyType":"Star" }
{ "timestamp":"2017-11-17T17:43:14Z", "event":"Music", "MusicTrack":"Exploration" }
{ "timestamp":"2017-11-17T17:45:51Z", "event":"StartJump", "JumpType":"Supercruise" }
{ "timestamp":"2017-11-17T17:45:56Z", "event":"SupercruiseEntry", "StarSystem":"LHS 3447" }
{ "timestamp":"2017-11-17T17:45:57Z", "event":"Music", "MusicTrack":"Supercruise" }
{ "timestamp":"2017-11-17T17:49:26Z", "event":"Music", "MusicTrack":"GalaxyMap" }
{ "timestamp":"2017-11-17T17:51:07Z", "event":"Music", "MusicTrack":"SystemMap" }
{ "timestamp":"2017-11-17T17:51:50Z", "event":"Music", "MusicTrack":"Supercruise" }
{ "timestamp":"2017-11-17T17:54:58Z", "event":"SupercruiseExit", "StarSystem":"LHS 3447", "Body":"LHS 3447", "BodyType":"Star" }
{ "timestamp":"2017-11-17T17:54:59Z", "event":"Music", "MusicTrack":"Exploration" }
{ "timestamp":"2017-11-17T17:55:51Z", "event":"StartJump", "JumpType":"Supercruise" }
{ "timestamp":"2017-11-17T17:55:56Z", "event":"SupercruiseEntry", "StarSystem":"LHS 3447" }
{ "timestamp":"2017-11-17T17:55:56Z", "event":"Music", "MusicTrack":"Supercruise" }
{ "timestamp":"2017-11-17T17:58:39Z", "event":"SupercruiseExit", "StarSystem":"LHS 3447", "Body":"Trevithick Dock", "BodyType":"Station" }
{ "timestamp":"2017-11-17T17:58:40Z", "event":"Music", "MusicTrack":"DestinationFromSupercruise" }
{ "timestamp":"2017-11-17T17:58:45Z", "event":"Music", "MusicTrack":"Exploration" }
{ "timestamp":"2017-11-17T17:58:55Z", "event":"ReceiveText", "From":"Trevithick Dock", "Message":"$STATION_NoFireZone_entered;", "Message_Localised":"No fire zone entered.", "Channel":"npc" }
{ "timestamp":"2017-11-17T17:59:10Z", "event":"DockingRequested", "StationName":"Trevithick Dock" }
{ "timestamp":"2017-11-17T17:59:10Z", "event":"ReceiveText", "From":"Trevithick Dock", "Message":"$DockingChatter_Neutral;", "Message_Localised":"Ensure to observe starport protocol during your visit, pilot.", "Channel":"npc" }
{ "timestamp":"2017-11-17T17:59:12Z", "event":"ReceiveText", "From":"Trevithick Dock", "Message":"$STATION_docking_granted;", "Message_Localised":"Docking request granted.", "Channel":"npc" }
{ "timestamp":"2017-11-17T17:59:12Z", "event":"DockingGranted", "LandingPad":1, "StationName":"Trevithick Dock" }
{ "timestamp":"2017-11-17T18:02:10Z", "event":"Docked", "StationName":"Trevithick Dock", "StationType":"Outpost", "StarSystem":"LHS 3447", "StationFaction":"Pilots Federation Local Branch", "StationGovernment":"$government_Democracy;", "StationGovernment_Localised":"Democracy", "StationAllegiance":"PilotsFederation", "StationServices":[ "Dock", "Autodock", "BlackMarket", "Contacts", "Exploration", "Missions", "Outfitting", "CrewLounge", "Refuel", "Repair", "Tuning", "MissionsGenerated", "FlightController", "StationOperations", "Powerplay", "SearchAndRescue" ], "StationEconomy":"$economy_Extraction;", "StationEconomy_Localised":"Extraction", "DistFromStarLS":91727.054688 }
{ "timestamp":"2017-11-17T18:03:29Z", "event":"RepairAll", "Cost":82 }
{ "timestamp":"2017-11-17T18:03:34Z", "event":"RefuelAll", "Cost":23, "Amount":0.449956 }
{ "timestamp":"2017-11-17T18:03:52Z", "event":"PayFines", "Amount":100 }
{ "timestamp":"2017-11-17T18:06:42Z", "event":"Music", "MusicTrack":"GalacticPowers" }
{ "timestamp":"2017-11-17T18:06:57Z", "event":"Music", "MusicTrack":"Exploration" }
{ "timestamp":"2017-11-17T18:10:52Z", "event":"Undocked", "StationName":"Trevithick Dock", "StationType":"Outpost" }
{ "timestamp":"2017-11-17T18:12:03Z", "event":"MissionAbandoned", "Name":"Mission_Collect_CivilUnrest_name", "MissionID":247523538 }
{ "timestamp":"2017-11-17T18:12:06Z", "event":"MissionAbandoned", "Name":"Mission_Collect_CivilUnrest_name", "MissionID":247523686 }
{ "timestamp":"2017-11-17T18:12:12Z", "event":"Music", "MusicTrack":"GalaxyMap" }
{ "timestamp":"2017-11-17T18:12:44Z", "event":"Music", "MusicTrack":"Exploration" }
{ "timestamp":"2017-11-17T18:12:47Z", "event":"Music", "MusicTrack":"SystemMap" }
{ "timestamp":"2017-11-17T18:13:02Z", "event":"Scanned", "ScanType":"Cargo" }
{ "timestamp":"2017-11-17T18:13:14Z", "event":"Music", "MusicTrack":"Exploration" }
{ "timestamp":"2017-11-17T18:13:19Z", "event":"Music", "MusicTrack":"GalaxyMap" }
{ "timestamp":"2017-11-17T18:14:19Z", "event":"Music", "MusicTrack":"Exploration" }
{ "timestamp":"2017-11-17T18:14:42Z", "event":"Music", "MusicTrack":"GalaxyMap" }
{ "timestamp":"2017-11-17T18:15:34Z", "event":"Music", "MusicTrack":"Exploration" }
{ "timestamp":"2017-11-17T18:16:27Z", "event":"Music", "MusicTrack":"GalaxyMap" }
{ "timestamp":"2017-11-17T18:17:18Z", "event":"Music", "MusicTrack":"Exploration" }
{ "timestamp":"2017-11-17T18:17:55Z", "event":"StartJump", "JumpType":"Hyperspace", "StarSystem":"Eravate", "StarClass":"K" }
{ "timestamp":"2017-11-17T18:18:01Z", "event":"Music", "MusicTrack":"NoTrack" }
{ "timestamp":"2017-11-17T18:18:14Z", "event":"FSDJump", "StarSystem":"Eravate", "StarPos":[-42.438,-3.156,59.656], "SystemAllegiance":"Federation", "SystemEconomy":"$economy_Agri;", "SystemEconomy_Localised":"Agriculture", "SystemGovernment":"$government_Corporate;", "SystemGovernment_Localised":"Corporate", "SystemSecurity":"$SYSTEM_SECURITY_high;", "SystemSecurity_Localised":"High Security", "Population":740380179, "JumpDist":4.163, "FuelUsed":0.181973, "FuelLevel":1.818027, "Factions":[ { "Name":"Eravate School of Commerce", "FactionState":"None", "Government":"Cooperative", "Influence":0.115000, "Allegiance":"Independent", "PendingStates":[ { "State":"CivilWar", "Trend":0 } ] }, { "Name":"Pilots Federation Local Branch", "FactionState":"None", "Government":"Democracy", "Influence":0.000000, "Allegiance":"PilotsFederation" }, { "Name":"Independent Eravate Free", "FactionState":"Boom", "Government":"Democracy", "Influence":0.120000, "Allegiance":"Independent", "RecoveringStates":[ { "State":"Outbreak", "Trend":1 } ] }, { "Name":"Eravate Network", "FactionState":"Outbreak", "Government":"Corporate", "Influence":0.150000, "Allegiance":"Federation", "RecoveringStates":[ { "State":"Boom", "Trend":-1 } ] }, { "Name":"Traditional Eravate Autocracy", "FactionState":"Boom", "Government":"Dictatorship", "Influence":0.093000, "Allegiance":"Independent", "PendingStates":[ { "State":"Outbreak", "Trend":1 } ] }, { "Name":"Eravate Life Services", "FactionState":"None", "Government":"Corporate", "Influence":0.108000, "Allegiance":"Independent", "PendingStates":[ { "State":"Outbreak", "Trend":1 } ], "RecoveringStates":[ { "State":"Boom", "Trend":1 } ] }, { "Name":"Official Eravate Flag", "FactionState":"Outbreak", "Government":"Dictatorship", "Influence":0.085000, "Allegiance":"Independent", "RecoveringStates":[ { "State":"Boom", "Trend":-1 } ] }, { "Name":"Adle's Armada", "FactionState":"Boom", "Government":"Corporate", "Influence":0.329000, "Allegiance":"Federation" } ], "SystemFaction":"Adle's Armada", "FactionState":"Boom" }
{ "timestamp":"2017-11-17T18:18:15Z", "event":"Music", "MusicTrack":"Supercruise" }
{ "timestamp":"2017-11-17T18:19:38Z", "event":"FuelScoop", "Scooped":0.181970, "Total":2.000000 }
{ "timestamp":"2017-11-17T18:21:39Z", "event":"Music", "MusicTrack":"GalaxyMap" }
{ "timestamp":"2017-11-17T18:21:59Z", "event":"Music", "MusicTrack":"Supercruise" }
{ "timestamp":"2017-11-17T18:25:25Z", "event":"Music", "MusicTrack":"GalaxyMap" }
{ "timestamp":"2017-11-17T18:26:30Z", "event":"Music", "MusicTrack":"Supercruise" }
{ "timestamp":"2017-11-17T18:26:37Z", "event":"Music", "MusicTrack":"SystemMap" }
{ "timestamp":"2017-11-17T18:26:50Z", "event":"Music", "MusicTrack":"Supercruise" }
{ "timestamp":"2017-11-17T18:26:57Z", "event":"Music", "MusicTrack":"GalaxyMap" }
{ "timestamp":"2017-11-17T18:27:04Z", "event":"Music", "MusicTrack":"Supercruise" }
{ "timestamp":"2017-11-17T18:27:55Z", "event":"Music", "MusicTrack":"GalaxyMap" }
{ "timestamp":"2017-11-17T18:30:18Z", "event":"Music", "MusicTrack":"Supercruise" }
{ "timestamp":"2017-11-17T18:50:37Z", "event":"Music", "MusicTrack":"GalaxyMap" }
{ "timestamp":"2017-11-17T18:51:17Z", "event":"Music", "MusicTrack":"Supercruise" }
{ "timestamp":"2017-11-17T18:54:18Z", "event":"Music", "MusicTrack":"GalaxyMap" }
{ "timestamp":"2017-11-17T18:55:25Z", "event":"Music", "MusicTrack":"Supercruise" }
{ "timestamp":"2017-11-17T18:57:23Z", "event":"Music", "MusicTrack":"GalaxyMap" }
{ "timestamp":"2017-11-17T18:58:14Z", "event":"Music", "MusicTrack":"Supercruise" }
{ "timestamp":"2017-11-17T18:58:26Z", "event":"Music", "MusicTrack":"SystemMap" }
{ "timestamp":"2017-11-17T18:59:26Z", "event":"Music", "MusicTrack":"Supercruise" }
{ "timestamp":"2017-11-17T19:01:57Z", "event":"Music", "MusicTrack":"SystemMap" }
{ "timestamp":"2017-11-17T19:02:03Z", "event":"Music", "MusicTrack":"Supercruise" }
{ "timestamp":"2017-11-17T19:02:37Z", "event":"SupercruiseExit", "StarSystem":"Eravate", "Body":"Eravate", "BodyType":"Star" }
{ "timestamp":"2017-11-17T19:02:37Z", "event":"Music", "MusicTrack":"Exploration" }
{ "timestamp":"2017-11-17T19:03:48Z", "event":"StartJump", "JumpType":"Supercruise" }
{ "timestamp":"2017-11-17T19:03:53Z", "event":"SupercruiseEntry", "StarSystem":"Eravate" }
{ "timestamp":"2017-11-17T19:03:53Z", "event":"Music", "MusicTrack":"Supercruise" }
{ "timestamp":"2017-11-17T19:40:26Z", "event":"FuelScoop", "Scooped":0.003285, "Total":0.503285 }
{ "timestamp":"2017-11-17T19:44:25Z", "event":"FuelScoop", "Scooped":1.496717, "Total":2.000000 }
{ "timestamp":"2017-11-17T19:45:05Z", "event":"Music", "MusicTrack":"SystemMap" }
{ "timestamp":"2017-11-17T19:45:43Z", "event":"Music", "MusicTrack":"Supercruise" }
{ "timestamp":"2017-11-17T19:45:56Z", "event":"SupercruiseExit", "StarSystem":"Eravate", "Body":"Eravate", "BodyType":"Star" }
{ "timestamp":"2017-11-17T19:45:57Z", "event":"Music", "MusicTrack":"Exploration" }
{ "timestamp":"2017-11-17T19:46:30Z", "event":"StartJump", "JumpType":"Supercruise" }
{ "timestamp":"2017-11-17T19:46:35Z", "event":"SupercruiseEntry", "StarSystem":"Eravate" }
{ "timestamp":"2017-11-17T19:46:35Z", "event":"Music", "MusicTrack":"Supercruise" }
{ "timestamp":"2017-11-17T19:50:52Z", "event":"SupercruiseExit", "StarSystem":"Eravate", "Body":"Russell Ring", "BodyType":"Station" }
{ "timestamp":"2017-11-17T19:50:53Z", "event":"Music", "MusicTrack":"DestinationFromSupercruise" }
{ "timestamp":"2017-11-17T19:50:54Z", "event":"ReceiveText", "From":"Russell Ring", "Message":"$STATION_NoFireZone_entered;", "Message_Localised":"No fire zone entered.", "Channel":"npc" }
{ "timestamp":"2017-11-17T19:50:58Z", "event":"Music", "MusicTrack":"NoTrack" }
{ "timestamp":"2017-11-17T19:51:24Z", "event":"DockingRequested", "StationName":"Russell Ring" }
{ "timestamp":"2017-11-17T19:51:24Z", "event":"ReceiveText", "From":"Russell Ring", "Message":"$DockingChatter_Neutral;", "Message_Localised":"Ensure to observe starport protocol during your visit, pilot.", "Channel":"npc" }
{ "timestamp":"2017-11-17T19:51:27Z", "event":"ReceiveText", "From":"Russell Ring", "Message":"$STATION_docking_granted;", "Message_Localised":"Docking request granted.", "Channel":"npc" }
{ "timestamp":"2017-11-17T19:51:27Z", "event":"DockingGranted", "LandingPad":19, "StationName":"Russell Ring" }
{ "timestamp":"2017-11-17T19:53:03Z", "event":"Music", "MusicTrack":"Starport" }
{ "timestamp":"2017-11-17T19:54:41Z", "event":"Docked", "StationName":"Russell Ring", "StationType":"Orbis", "StarSystem":"Eravate", "StationFaction":"Pilots Federation Local Branch", "StationGovernment":"$government_Democracy;", "StationGovernment_Localised":"Democracy", "StationAllegiance":"PilotsFederation", "StationServices":[ "Dock", "Autodock", "Commodities", "Contacts", "Exploration", "Missions", "Outfitting", "CrewLounge", "Rearm", "Refuel", "Repair", "Shipyard", "Tuning", "MissionsGenerated", "FlightController", "StationOperations", "Powerplay", "SearchAndRescue" ], "StationEconomy":"$economy_Industrial;", "StationEconomy_Localised":"Industrial", "DistFromStarLS":99.460609 }
{ "timestamp":"2017-11-17T19:56:30Z", "event":"Music", "MusicTrack":"Exploration" }
