{ "timestamp":"2017-11-18T13:21:23Z", "event":"Fileheader", "part":1, "language":"English\\UK", "gameversion":"2.4", "build":"r156431/r0 " }
{ "timestamp":"2017-11-18T13:21:24Z", "event":"Music", "MusicTrack":"NoTrack" }
{ "timestamp":"2017-11-18T13:21:24Z", "event":"Music", "MusicTrack":"MainMenu" }
{ "timestamp":"2017-11-18T13:22:02Z", "event":"Cargo", "Inventory":[  ] }
{ "timestamp":"2017-11-18T13:22:02Z", "event":"Loadout", "Ship":"Adder", "ShipID":0, "ShipName":"", "ShipIdent":"", "Modules":[ { "Slot":"SmallHardpoint1", "Item":"Hpt_PulseLaser_Fixed_Small", "On":true, "Priority":2, "Health":1.000000, "Value":2200 }, { "Slot":"SmallHardpoint2", "Item":"Hpt_PulseLaser_Fixed_Small", "On":true, "Priority":2, "Health":1.000000, "Value":2200 }, { "Slot":"Armour", "Item":"Adder_Armour_Grade1", "On":true, "Priority":1, "Health":1.000000, "Value":0 }, { "Slot":"PowerPlant", "Item":"Int_PowerPlant_Size3_Class1", "On":true, "Priority":1, "Health":1.000000, "Value":6271 }, { "Slot":"MainEngines", "Item":"Int_Engine_Size3_Class1", "On":true, "Priority":2, "Health":1.000000, "Value":6271 }, { "Slot":"FrameShiftDrive", "Item":"Int_Hyperdrive_Size3_Class3", "On":true, "Priority":0, "Health":1.000000, "Value":56435 }, { "Slot":"LifeSupport", "Item":"Int_LifeSupport_Size1_Class1", "On":true, "Priority":2, "Health":1.000000, "Value":517 }, { "Slot":"PowerDistributor", "Item":"Int_PowerDistributor_Size2_Class1", "On":true, "Priority":2, "Health":1.000000, "Value":1448 }, { "Slot":"Radar", "Item":"Int_Sensors_Size3_Class1", "On":true, "Priority":2, "Health":1.000000, "Value":4053 }, { "Slot":"FuelTank", "Item":"Int_FuelTank_Size3_Class3", "On":true, "Priority":1, "Health":1.000000, "Value":7063 }, { "Slot":"Slot01_Size3", "Item":"Int_CargoRack_Size2_Class1", "On":true, "Priority":1, "Health":1.000000, "Value":3250 }, { "Slot":"Slot02_Size3", "Item":"Int_ShieldGenerator_Size3_Class1", "On":true, "Priority":2, "Health":1.000000, "Value":6271 }, { "Slot":"Slot03_Size2", "Item":"Int_CargoRack_Size1_Class1", "On":true, "Priority":1, "Health":1.000000, "Value":1000 }, { "Slot":"Slot04_Size2", "Item":"Int_FuelScoop_Size1_Class1", "On":true, "Priority":0, "Health":1.000000, "Value":309 }, { "Slot":"Slot05_Size1", "Item":"Int_StellarBodyDiscoveryScanner_Standard", "On":true, "Priority":1, "Health":1.000000, "Value":1000 }, { "Slot":"PlanetaryApproachSuite", "Item":"Int_PlanetApproachSuite", "On":true, "Priority":1, "Health":1.000000, "Value":500 }, { "Slot":"ShipCockpit", "Item":"Adder_Cockpit", "On":true, "Priority":1, "Health":1.000000, "Value":0 }, { "Slot":"CargoHatch", "Item":"ModularCargoBayDoor", "On":true, "Priority":2, "Health":1.000000, "Value":0 } ] }
{ "timestamp":"2017-11-18T13:22:02Z", "event":"Materials", "Raw":[  ], "Manufactured":[ { "Name":"mechanicalequipment", "Count":1 }, { "Name":"gridresistors", "Count":1 } ], "Encoded":[ { "Name":"bulkscandata", "Count":1 } ] }
{ "timestamp":"2017-11-18T13:22:02Z", "event":"LoadGame", "Commander":"JaredCrue", "Ship":"Adder", "ShipID":0, "ShipName":"", "ShipIdent":"", "FuelLevel":6.824975, "FuelCapacity":8.000000, "GameMode":"Solo", "Credits":137522, "Loan":0 }
{ "timestamp":"2017-11-18T13:22:02Z", "event":"Rank", "Combat":0, "Trade":2, "Explore":0, "Empire":0, "Federation":0, "CQC":0 }
{ "timestamp":"2017-11-18T13:22:02Z", "event":"Progress", "Combat":0, "Trade":2, "Explore":0, "Empire":0, "Federation":30, "CQC":0 }
{ "timestamp":"2017-11-18T13:22:18Z", "event":"Location", "Docked":true, "StationName":"McMahon Dock", "StationType":"Outpost", "StarSystem":"Eravate", "StarPos":[-42.438,-3.156,59.656], "SystemAllegiance":"Federation", "SystemEconomy":"$economy_Agri;", "SystemEconomy_Localised":"Agriculture", "SystemGovernment":"$government_Corporate;", "SystemGovernment_Localised":"Corporate", "SystemSecurity":"$SYSTEM_SECURITY_high;", "SystemSecurity_Localised":"High Security", "Population":740380179, "Body":"McMahon Dock", "BodyType":"Station", "Factions":[ { "Name":"Eravate School of Commerce", "FactionState":"None", "Government":"Cooperative", "Influence":0.116000, "Allegiance":"Independent", "PendingStates":[ { "State":"CivilWar", "Trend":0 } ] }, { "Name":"Pilots Federation Local Branch", "FactionState":"None", "Government":"Democracy", "Influence":0.000000, "Allegiance":"PilotsFederation" }, { "Name":"Independent Eravate Free", "FactionState":"Boom", "Government":"Democracy", "Influence":0.120000, "Allegiance":"Independent", "RecoveringStates":[ { "State":"Outbreak", "Trend":1 } ] }, { "Name":"Eravate Network", "FactionState":"Outbreak", "Government":"Corporate", "Influence":0.151000, "Allegiance":"Federation", "RecoveringStates":[ { "State":"Boom", "Trend":-1 } ] }, { "Name":"Traditional Eravate Autocracy", "FactionState":"None", "Government":"Dictatorship", "Influence":0.094000, "Allegiance":"Independent", "PendingStates":[ { "State":"Outbreak", "Trend":1 } ], "RecoveringStates":[ { "State":"Boom", "Trend":1 } ] }, { "Name":"Eravate Life Services", "FactionState":"Outbreak", "Government":"Corporate", "Influence":0.105000, "Allegiance":"Independent", "RecoveringStates":[ { "State":"Boom", "Trend":0 } ] }, { "Name":"Official Eravate Flag", "FactionState":"Outbreak", "Government":"Dictatorship", "Influence":0.087000, "Allegiance":"Independent" }, { "Name":"Adle's Armada", "FactionState":"Boom", "Government":"Corporate", "Influence":0.327000, "Allegiance":"Federation" } ], "SystemFaction":"Adle's Armada", "FactionState":"Boom" }
{ "timestamp":"2017-11-18T13:22:19Z", "event":"Music", "MusicTrack":"NoTrack" }
{ "timestamp":"2017-11-18T13:22:19Z", "event":"Docked", "StationName":"McMahon Dock", "StationType":"Outpost", "StarSystem":"Eravate", "StationFaction":"Independent Eravate Free", "FactionState":"Boom", "StationGovernment":"$government_Democracy;", "StationGovernment_Localised":"Democracy", "StationServices":[ "Dock", "Autodock", "BlackMarket", "Commodities", "Contacts", "Exploration", "Missions", "Refuel", "Repair", "Tuning", "MissionsGenerated", "FlightController", "StationOperations", "Powerplay", "SearchAndRescue" ], "StationEconomy":"$economy_Industrial;", "StationEconomy_Localised":"Industrial", "DistFromStarLS":148.892410 }
{ "timestamp":"2017-11-18T13:22:19Z", "event":"Music", "MusicTrack":"Exploration" }
{ "timestamp":"2017-11-18T13:24:25Z", "event":"MissionAccepted", "Faction":"Independent Eravate Free", "Name":"Mission_Courier_Boom", "LocalisedName":"Boom data delivery", "TargetFaction":"LP 694-16 Crimson Legal Ind", "DestinationSystem":"LTT 18486", "DestinationStation":"Macarthur Terminal", "Expiry":"2017-11-19T13:18:34Z", "Influence":"Low", "Reputation":"Med", "Reward":6220, "MissionID":248075190 }
{ "timestamp":"2017-11-18T13:24:40Z", "event":"MissionAccepted", "Faction":"Adle's Armada", "Name":"Mission_Courier_Boom", "LocalisedName":"Boom data delivery", "TargetFaction":"LTT 18486 Jet Energy Company", "DestinationSystem":"LTT 18486", "DestinationStation":"Macarthur Terminal", "Expiry":"2017-11-19T13:18:35Z", "Influence":"Low", "Reputation":"Med", "Reward":9330, "MissionID":248075327 }
{ "timestamp":"2017-11-18T13:26:02Z", "event":"Undocked", "StationName":"McMahon Dock", "StationType":"Outpost" }
{ "timestamp":"2017-11-18T13:26:26Z", "event":"Music", "MusicTrack":"SystemMap" }
{ "timestamp":"2017-11-18T13:26:40Z", "event":"Music", "MusicTrack":"Exploration" }
{ "timestamp":"2017-11-18T13:27:48Z", "event":"StartJump", "JumpType":"Supercruise" }
{ "timestamp":"2017-11-18T13:27:53Z", "event":"SupercruiseEntry", "StarSystem":"Eravate" }
{ "timestamp":"2017-11-18T13:27:53Z", "event":"Music", "MusicTrack":"Supercruise" }
{ "timestamp":"2017-11-18T13:31:27Z", "event":"SupercruiseExit", "StarSystem":"Eravate", "Body":"Russell Ring", "BodyType":"Station" }
{ "timestamp":"2017-11-18T13:31:27Z", "event":"Music", "MusicTrack":"DestinationFromSupercruise" }
{ "timestamp":"2017-11-18T13:31:28Z", "event":"ReceiveText", "From":"Russell Ring", "Message":"$STATION_NoFireZone_entered;", "Message_Localised":"No fire zone entered.", "Channel":"npc" }
{ "timestamp":"2017-11-18T13:31:32Z", "event":"Music", "MusicTrack":"NoTrack" }
{ "timestamp":"2017-11-18T13:31:56Z", "event":"DockingRequested", "StationName":"Russell Ring" }
{ "timestamp":"2017-11-18T13:31:56Z", "event":"ReceiveText", "From":"Russell Ring", "Message":"$DockingChatter_Neutral;", "Message_Localised":"Ensure to observe starport protocol during your visit, pilot.", "Channel":"npc" }
{ "timestamp":"2017-11-18T13:31:57Z", "event":"ReceiveText", "From":"Russell Ring", "Message":"$STATION_docking_granted;", "Message_Localised":"Docking request granted.", "Channel":"npc" }
{ "timestamp":"2017-11-18T13:31:57Z", "event":"DockingGranted", "LandingPad":6, "StationName":"Russell Ring" }
{ "timestamp":"2017-11-18T13:33:04Z", "event":"Music", "MusicTrack":"Starport" }
{ "timestamp":"2017-11-18T13:33:47Z", "event":"Docked", "StationName":"Russell Ring", "StationType":"Orbis", "StarSystem":"Eravate", "StationFaction":"Pilots Federation Local Branch", "StationGovernment":"$government_Democracy;", "StationGovernment_Localised":"Democracy", "StationAllegiance":"PilotsFederation", "StationServices":[ "Dock", "Autodock", "Commodities", "Contacts", "Exploration", "Missions", "Outfitting", "CrewLounge", "Rearm", "Refuel", "Repair", "Shipyard", "Tuning", "MissionsGenerated", "FlightController", "StationOperations", "Powerplay", "SearchAndRescue" ], "StationEconomy":"$economy_Industrial;", "StationEconomy_Localised":"Industrial", "DistFromStarLS":99.439339 }
{ "timestamp":"2017-11-18T13:35:15Z", "event":"ReceiveText", "From":"$npc_name_decorate:#name=Ally McCoist;", "From_Localised":"Ally McCoist", "Message":"$Commuter_AuthorityScan03;", "Message_Localised":"Will this take long? I’ve got a schedule to keep. ", "Channel":"npc" }
{ "timestamp":"2017-11-18T13:37:34Z", "event":"Undocked", "StationName":"Russell Ring", "StationType":"Orbis" }
{ "timestamp":"2017-11-18T13:38:17Z", "event":"Music", "MusicTrack":"NoTrack" }
{ "timestamp":"2017-11-18T13:38:27Z", "event":"ReceiveText", "From":"Russell Ring", "Message":"$DockingTresspassWarningComms;", "Message_Localised":"Unauthorised access infraction detected, clear starport immediately to avoid lethal response", "Channel":"npc" }
{ "timestamp":"2017-11-18T13:38:43Z", "event":"ReceiveText", "From":"Russell Ring", "Message":"$DockingOffenceCleared;", "Message_Localised":"Starport infractions cleared, docking privileges restored.", "Channel":"npc" }
{ "timestamp":"2017-11-18T13:39:02Z", "event":"Scanned", "ScanType":"Cargo" }
{ "timestamp":"2017-11-18T13:39:02Z", "event":"ReceiveText", "From":"$ShipName_Police_Independent;", "From_Localised":"System Authority Vessel", "Message":"$Police_ThankYouPassedStopAndSearch06;", "Message_Localised":"We're done here pilot, move along.", "Channel":"npc" }
{ "timestamp":"2017-11-18T13:39:10Z", "event":"Music", "MusicTrack":"SystemMap" }
{ "timestamp":"2017-11-18T13:39:39Z", "event":"Music", "MusicTrack":"NoTrack" }
{ "timestamp":"2017-11-18T13:41:33Z", "event":"StartJump", "JumpType":"Supercruise" }
{ "timestamp":"2017-11-18T13:41:38Z", "event":"SupercruiseEntry", "StarSystem":"Eravate" }
{ "timestamp":"2017-11-18T13:41:38Z", "event":"Music", "MusicTrack":"Supercruise" }
{ "timestamp":"2017-11-18T13:44:45Z", "event":"ReceiveText", "From":"$ShipName_PassengerLiner_Cruise;", "From_Localised":"Cruise Ship", "Message":"$CruiseLiner_SCPatrol03;", "Message_Localised":"Today's cruise includes some delightful views, our flight attendants are on hand with full details.", "Channel":"npc" }
{ "timestamp":"2017-11-18T13:44:47Z", "event":"SupercruiseExit", "StarSystem":"Eravate", "Body":"Cleve Hub", "BodyType":"Station" }
{ "timestamp":"2017-11-18T13:44:48Z", "event":"Music", "MusicTrack":"DestinationFromSupercruise" }
{ "timestamp":"2017-11-18T13:44:49Z", "event":"ReceiveText", "From":"Cleve Hub", "Message":"$STATION_NoFireZone_entered;", "Message_Localised":"No fire zone entered.", "Channel":"npc" }
{ "timestamp":"2017-11-18T13:44:53Z", "event":"Music", "MusicTrack":"NoTrack" }
{ "timestamp":"2017-11-18T13:45:27Z", "event":"ReceiveText", "From":"$npc_name_decorate:#name=Ldav;", "From_Localised":"Ldav", "Message":"$Commuter_AuthorityScan08;", "Message_Localised":"You've got no right to scan me, officer!", "Channel":"npc" }
{ "timestamp":"2017-11-18T13:45:41Z", "event":"DockingRequested", "StationName":"Cleve Hub" }
{ "timestamp":"2017-11-18T13:45:41Z", "event":"ReceiveText", "From":"Cleve Hub", "Message":"$DockingChatter_Neutral;", "Message_Localised":"Ensure to observe starport protocol during your visit, pilot.", "Channel":"npc" }
{ "timestamp":"2017-11-18T13:45:42Z", "event":"ReceiveText", "From":"Cleve Hub", "Message":"$STATION_docking_granted;", "Message_Localised":"Docking request granted.", "Channel":"npc" }
{ "timestamp":"2017-11-18T13:45:42Z", "event":"DockingGranted", "LandingPad":1, "StationName":"Cleve Hub" }
{ "timestamp":"2017-11-18T13:47:28Z", "event":"Music", "MusicTrack":"Starport" }
{ "timestamp":"2017-11-18T13:48:11Z", "event":"Docked", "StationName":"Cleve Hub", "StationType":"Orbis", "StarSystem":"Eravate", "StationFaction":"Adle's Armada", "FactionState":"Boom", "StationGovernment":"$government_Corporate;", "StationGovernment_Localised":"Corporate", "StationAllegiance":"Federation", "StationServices":[ "Dock", "Autodock", "Commodities", "Contacts", "Exploration", "Missions", "Outfitting", "CrewLounge", "Rearm", "Refuel", "Repair", "Shipyard", "Tuning", "MissionsGenerated", "FlightController", "StationOperations", "Powerplay", "SearchAndRescue" ], "StationEconomy":"$economy_Industrial;", "StationEconomy_Localised":"Industrial", "DistFromStarLS":37.225220 }
{ "timestamp":"2017-11-18T13:48:54Z", "event":"MissionAccepted", "Faction":"Independent Eravate Free", "Name":"Mission_Delivery_Boom", "LocalisedName":"Boom time delivery of 6 units of Liquor", "Commodity":"$Liquor_Name;", "Commodity_Localised":"Liquor", "Count":6, "TargetFaction":"Union of LTT 18486 Confederacy", "DestinationSystem":"LTT 18486", "DestinationStation":"Boswell Platform", "Expiry":"2017-11-19T13:46:13Z", "Influence":"Low", "Reputation":"Low", "Reward":35076, "MissionID":248087919 }
{ "timestamp":"2017-11-18T13:49:00Z", "event":"MissionAccepted", "Faction":"Independent Eravate Free", "Name":"Mission_Courier_Boom", "LocalisedName":"Boom data delivery", "TargetFaction":"LTT 18486 Pirates", "DestinationSystem":"LTT 18486", "DestinationStation":"Macarthur Terminal", "Expiry":"2017-11-19T13:18:01Z", "Influence":"Low", "Reputation":"Med", "Reward":6220, "MissionID":248087987 }
{ "timestamp":"2017-11-18T13:49:10Z", "event":"MissionAccepted", "Faction":"Adle's Armada", "Name":"Mission_Courier_Boom", "LocalisedName":"Boom data delivery", "TargetFaction":"Gold United Systems", "DestinationSystem":"LTT 18486", "DestinationStation":"Macarthur Terminal", "Expiry":"2017-11-19T13:02:03Z", "Influence":"Low", "Reputation":"Med", "Reward":18660, "MissionID":248088097 }
{ "timestamp":"2017-11-18T13:49:25Z", "event":"RefuelAll", "Cost":75, "Amount":1.493700 }
{ "timestamp":"2017-11-18T13:52:53Z", "event":"ModuleBuy", "Slot":"Slot04_Size2", "SellItem":"$int_fuelscoop_size1_class1_name;", "SellItem_Localised":"Fuel Scoop", "SellPrice":309, "BuyItem":"$int_fuelscoop_size2_class3_name;", "BuyItem_Localised":"Fuel Scoop", "BuyPrice":17803, "Ship":"adder", "ShipID":0 }
{ "timestamp":"2017-11-18T13:53:31Z", "event":"SetUserShipName", "Ship":"adder", "ShipID":0, "UserShipName":"Puddle Jumper", "UserShipId":"JA-18A" }
{ "timestamp":"2017-11-18T13:54:31Z", "event":"Undocked", "StationName":"Cleve Hub", "StationType":"Orbis" }
{ "timestamp":"2017-11-18T13:55:08Z", "event":"Music", "MusicTrack":"NoTrack" }
{ "timestamp":"2017-11-18T13:55:47Z", "event":"Music", "MusicTrack":"GalaxyMap" }
{ "timestamp":"2017-11-18T13:55:51Z", "event":"Scanned", "ScanType":"Cargo" }
{ "timestamp":"2017-11-18T13:55:51Z", "event":"ReceiveText", "From":"$ShipName_Police_Federation;", "From_Localised":"Federal Security Service", "Message":"$Police_ThankYouPassedStopAndSearch06;", "Message_Localised":"We're done here pilot, move along.", "Channel":"npc" }
{ "timestamp":"2017-11-18T13:55:52Z", "event":"Music", "MusicTrack":"NoTrack" }
{ "timestamp":"2017-11-18T13:56:29Z", "event":"StartJump", "JumpType":"Hyperspace", "StarSystem":"LTT 18486", "StarClass":"M" }
{ "timestamp":"2017-11-18T13:56:48Z", "event":"FSDJump", "StarSystem":"LTT 18486", "StarPos":[-45.094,-11.969,56.469], "SystemAllegiance":"Federation", "SystemEconomy":"$economy_Colony;", "SystemEconomy_Localised":"Colony", "SystemGovernment":"$government_Corporate;", "SystemGovernment_Localised":"Corporate", "SystemSecurity":"$SYSTEM_SECURITY_low;", "SystemSecurity_Localised":"Low Security", "Population":30347, "JumpDist":9.740, "FuelUsed":0.730311, "FuelLevel":7.269689, "Factions":[ { "Name":"LTT 18486 Jet Energy Company", "FactionState":"None", "Government":"Corporate", "Influence":0.309453, "Allegiance":"Federation", "PendingStates":[ { "State":"Boom", "Trend":1 }, { "State":"CivilUnrest", "Trend":0 }, { "State":"Lockdown", "Trend":0 } ] }, { "Name":"Pilots Federation Local Branch", "FactionState":"None", "Government":"Democracy", "Influence":0.000000, "Allegiance":"PilotsFederation" }, { "Name":"LTT 18486 Pirates", "FactionState":"War", "Government":"Anarchy", "Influence":0.009950, "Allegiance":"Independent", "PendingStates":[ { "State":"Boom", "Trend":1 }, { "State":"Bust", "Trend":1 }, { "State":"CivilUnrest", "Trend":1 }, { "State":"Lockdown", "Trend":1 } ] }, { "Name":"Gold United Systems", "FactionState":"War", "Government":"Corporate", "Influence":0.037811, "Allegiance":"Independent", "PendingStates":[ { "State":"Boom", "Trend":1 }, { "State":"Bust", "Trend":1 } ] }, { "Name":"LP 694-16 Crimson Legal Ind", "FactionState":"None", "Government":"Corporate", "Influence":0.328358, "Allegiance":"Federation", "PendingStates":[ { "State":"Boom", "Trend":1 } ] }, { "Name":"Union of LTT 18486 Confederacy", "FactionState":"Bust", "Government":"Confederacy", "Influence":0.192040, "Allegiance":"Federation", "PendingStates":[ { "State":"Boom", "Trend":1 } ] }, { "Name":"Nobles of LTT 18486", "FactionState":"Bust", "Government":"Feudal", "Influence":0.122388, "Allegiance":"Independent", "PendingStates":[ { "State":"Boom", "Trend":1 } ] } ], "SystemFaction":"LTT 18486 Jet Energy Company" }
{ "timestamp":"2017-11-18T13:56:48Z", "event":"Music", "MusicTrack":"DestinationFromHyperspace" }
{ "timestamp":"2017-11-18T13:56:53Z", "event":"Music", "MusicTrack":"Supercruise" }
{ "timestamp":"2017-11-18T13:57:19Z", "event":"Music", "MusicTrack":"SystemMap" }
{ "timestamp":"2017-11-18T13:57:28Z", "event":"Music", "MusicTrack":"Supercruise" }
{ "timestamp":"2017-11-18T13:57:43Z", "event":"FuelScoop", "Scooped":0.008800, "Total":7.278486 }
{ "timestamp":"2017-11-18T14:05:20Z", "event":"SupercruiseExit", "StarSystem":"LTT 18486", "Body":"Macarthur Terminal", "BodyType":"Station" }
{ "timestamp":"2017-11-18T14:05:21Z", "event":"Music", "MusicTrack":"DestinationFromSupercruise" }
{ "timestamp":"2017-11-18T14:05:26Z", "event":"Music", "MusicTrack":"Exploration" }
{ "timestamp":"2017-11-18T14:05:49Z", "event":"ReceiveText", "From":"Macarthur Terminal", "Message":"$STATION_NoFireZone_entered;", "Message_Localised":"No fire zone entered.", "Channel":"npc" }
{ "timestamp":"2017-11-18T14:06:02Z", "event":"DockingRequested", "StationName":"Macarthur Terminal" }
{ "timestamp":"2017-11-18T14:06:02Z", "event":"ReceiveText", "From":"Macarthur Terminal", "Message":"$DockingChatter_Neutral;", "Message_Localised":"Ensure to observe starport protocol during your visit, pilot.", "Channel":"npc" }
{ "timestamp":"2017-11-18T14:06:04Z", "event":"ReceiveText", "From":"Macarthur Terminal", "Message":"$STATION_docking_granted;", "Message_Localised":"Docking request granted.", "Channel":"npc" }
{ "timestamp":"2017-11-18T14:06:04Z", "event":"DockingGranted", "LandingPad":1, "StationName":"Macarthur Terminal" }
{ "timestamp":"2017-11-18T14:08:08Z", "event":"Docked", "StationName":"Macarthur Terminal", "StationType":"Outpost", "StarSystem":"LTT 18486", "StationFaction":"LTT 18486 Jet Energy Company", "StationGovernment":"$government_Corporate;", "StationGovernment_Localised":"Corporate", "StationAllegiance":"Federation", "StationServices":[ "Dock", "Autodock", "Commodities", "Contacts", "Exploration", "Missions", "Refuel", "MissionsGenerated", "Facilitator", "FlightController", "StationOperations", "Powerplay", "SearchAndRescue" ], "StationEconomy":"$economy_Refinery;", "StationEconomy_Localised":"Refinery", "DistFromStarLS":12207.571289 }
{ "timestamp":"2017-11-18T14:08:21Z", "event":"MissionCompleted", "Faction":"LP 694-16 Crimson Legal Ind", "Name":"Mission_Courier_Boom_name", "MissionID":248075190, "TargetFaction":"LP 694-16 Crimson Legal Ind", "DestinationSystem":"LTT 18486", "DestinationStation":"Macarthur Terminal", "Reward":18720 }
{ "timestamp":"2017-11-18T14:08:38Z", "event":"MissionCompleted", "Faction":"LTT 18486 Pirates", "Name":"Mission_Courier_Boom_name", "MissionID":248087987, "TargetFaction":"LTT 18486 Pirates", "DestinationSystem":"LTT 18486", "DestinationStation":"Macarthur Terminal", "Reward":6220 }
{ "timestamp":"2017-11-18T14:08:51Z", "event":"MissionCompleted", "Faction":"Gold United Systems", "Name":"Mission_Courier_Boom_name", "MissionID":248088097, "TargetFaction":"Gold United Systems", "DestinationSystem":"LTT 18486", "DestinationStation":"Macarthur Terminal", "Reward":18660 }
{ "timestamp":"2017-11-18T14:09:01Z", "event":"MissionCompleted", "Faction":"LTT 18486 Jet Energy Company", "Name":"Mission_Courier_Boom_name", "MissionID":248075327, "TargetFaction":"LTT 18486 Jet Energy Company", "DestinationSystem":"LTT 18486", "DestinationStation":"Macarthur Terminal", "Reward":9330 }
{ "timestamp":"2017-11-18T14:09:45Z", "event":"Undocked", "StationName":"Macarthur Terminal", "StationType":"Outpost" }
{ "timestamp":"2017-11-18T14:11:34Z", "event":"StartJump", "JumpType":"Supercruise" }
{ "timestamp":"2017-11-18T14:11:39Z", "event":"SupercruiseEntry", "StarSystem":"LTT 18486" }
{ "timestamp":"2017-11-18T14:11:40Z", "event":"Music", "MusicTrack":"Supercruise" }
{ "timestamp":"2017-11-18T14:13:12Z", "event":"SupercruiseExit", "StarSystem":"LTT 18486", "Body":"Boswell Platform", "BodyType":"Station" }
{ "timestamp":"2017-11-18T14:13:13Z", "event":"Music", "MusicTrack":"DestinationFromSupercruise" }
{ "timestamp":"2017-11-18T14:13:18Z", "event":"Music", "MusicTrack":"Exploration" }
{ "timestamp":"2017-11-18T14:13:33Z", "event":"ReceiveText", "From":"Boswell Platform", "Message":"$STATION_NoFireZone_entered;", "Message_Localised":"No fire zone entered.", "Channel":"npc" }
{ "timestamp":"2017-11-18T14:13:43Z", "event":"DockingRequested", "StationName":"Boswell Platform" }
{ "timestamp":"2017-11-18T14:13:43Z", "event":"ReceiveText", "From":"Boswell Platform", "Message":"$DockingChatter_Neutral;", "Message_Localised":"Ensure to observe starport protocol during your visit, pilot.", "Channel":"npc" }
{ "timestamp":"2017-11-18T14:13:44Z", "event":"ReceiveText", "From":"Boswell Platform", "Message":"$STATION_docking_granted;", "Message_Localised":"Docking request granted.", "Channel":"npc" }
{ "timestamp":"2017-11-18T14:13:44Z", "event":"DockingGranted", "LandingPad":3, "StationName":"Boswell Platform" }
{ "timestamp":"2017-11-18T14:15:54Z", "event":"Docked", "StationName":"Boswell Platform", "StationType":"Outpost", "StarSystem":"LTT 18486", "StationFaction":"LTT 18486 Jet Energy Company", "StationGovernment":"$government_Corporate;", "StationGovernment_Localised":"Corporate", "StationAllegiance":"Federation", "StationServices":[ "Dock", "Autodock", "Commodities", "Contacts", "Exploration", "Missions", "Outfitting", "CrewLounge", "Rearm", "Refuel", "Repair", "MissionsGenerated", "Facilitator", "FlightController", "StationOperations", "Powerplay", "SearchAndRescue" ], "StationEconomy":"$economy_Refinery;", "StationEconomy_Localised":"Refinery", "DistFromStarLS":12220.219727 }
{ "timestamp":"2017-11-18T14:16:16Z", "event":"MissionCompleted", "Faction":"Union of LTT 18486 Confederacy", "Name":"Mission_Delivery_Boom_name", "MissionID":248087919, "Commodity":"$Liquor_Name;", "Commodity_Localised":"Liquor", "Count":6, "TargetFaction":"Union of LTT 18486 Confederacy", "DestinationSystem":"LTT 18486", "DestinationStation":"Boswell Platform", "Reward":35076 }
