{ "timestamp":"2018-02-06T02:37:03Z", "event":"Fileheader", "part":1, "language":"English\\UK", "gameversion":"2.4", "build":"r160439/r0 " }
{ "timestamp":"2018-02-06T02:37:03Z", "event":"Music", "MusicTrack":"NoTrack" }
{ "timestamp":"2018-02-06T02:37:03Z", "event":"Music", "MusicTrack":"MainMenu" }
{ "timestamp":"2018-02-06T02:37:43Z", "event":"Friends", "Status":"Online", "Name":"John Allbright" }
{ "timestamp":"2018-02-06T02:37:51Z", "event":"Cargo", "Inventory":[  ] }
{ "timestamp":"2018-02-06T02:37:51Z", "event":"Loadout", "Ship":"Asp", "ShipID":1, "ShipName":"asp long runner", "ShipIdent":"bpe271", "Modules":[ { "Slot":"PaintJob", "Item":"PaintJob_Asp_Stripe1_04", "On":true, "Priority":1, "Health":1.000000, "Value":0 }, { "Slot":"Armour", "Item":"Asp_Armour_Grade1", "On":true, "Priority":1, "Health":1.000000, "Value":0 }, { "Slot":"PowerPlant", "Item":"Int_Powerplant_Size3_Class5", "On":true, "Priority":1, "Health":1.000000, "Value":507912 }, { "Slot":"MainEngines", "Item":"Int_Engine_Size4_Class2", "On":true, "Priority":0, "Health":1.000000, "Value":59633 }, { "Slot":"FrameShiftDrive", "Item":"Int_Hyperdrive_Size5_Class4", "On":true, "Priority":0, "Health":1.000000, "Value":1701318 }, { "Slot":"LifeSupport", "Item":"Int_LifeSupport_Size4_Class2", "On":true, "Priority":0, "Health":1.000000, "Value":28373 }, { "Slot":"PowerDistributor", "Item":"Int_PowerDistributor_Size1_Class2", "On":true, "Priority":0, "Health":1.000000, "Value":1293 }, { "Slot":"Radar", "Item":"Int_Sensors_Size5_Class2", "On":true, "Priority":0, "Health":1.000000, "Value":79444 }, { "Slot":"FuelTank", "Item":"Int_FuelTank_Size5_Class3", "On":true, "Priority":1, "Health":1.000000, "Value":97754 }, { "Slot":"Decal1", "Item":"Decal_Explorer_Starblazer", "On":true, "Priority":1, "Health":1.000000, "Value":0 }, { "Slot":"Decal2", "Item":"Decal_Explorer_Starblazer", "On":true, "Priority":1, "Health":1.000000, "Value":0 }, { "Slot":"Decal3", "Item":"Decal_Explorer_Starblazer", "On":true, "Priority":1, "Health":1.000000, "Value":0 }, { "Slot":"ShipName0", "Item":"Nameplate_Expedition02_Black", "On":true, "Priority":1, "Health":1.000000, "Value":0 }, { "Slot":"ShipName1", "Item":"Nameplate_Expedition02_Black", "On":true, "Priority":1, "Health":1.000000, "Value":0 }, { "Slot":"ShipID0", "Item":"Nameplate_ShipID_SingleLine_White", "On":true, "Priority":1, "Health":1.000000, "Value":0 }, { "Slot":"ShipID1", "Item":"Nameplate_ShipID_SingleLine_White", "On":true, "Priority":1, "Health":1.000000, "Value":0 }, { "Slot":"Slot01_Size6", "Item":"Int_FuelScoop_Size6_Class5", "On":true, "Priority":1, "Health":1.000000, "Value":28763610 }, { "Slot":"Slot02_Size5", "Item":"Int_ShieldGenerator_Size3_Class2", "On":true, "Priority":0, "Health":1.000000, "Value":18812 }, { "Slot":"Slot03_Size3", "Item":"Int_BuggyBay_Size2_Class2", "On":true, "Priority":1, "Health":1.000000, "Value":21600 }, { "Slot":"Slot04_Size3", "Item":"Int_Repairer_Size3_Class4", "On":false, "Priority":2, "AmmoInClip":4300, "Health":1.000000, "Value":874800 }, { "Slot":"Slot06_Size2", "Item":"Int_DetailedSurfaceScanner_Tiny", "On":true, "Priority":1, "Health":1.000000, "Value":250000 }, { "Slot":"Slot07_Size2", "Item":"Int_StellarBodyDiscoveryScanner_Advanced", "On":true, "Priority":1, "Health":1.000000, "Value":1545000 }, { "Slot":"PlanetaryApproachSuite", "Item":"Int_PlanetApproachSuite", "On":true, "Priority":1, "Health":1.000000, "Value":500 }, { "Slot":"ShipCockpit", "Item":"Asp_Cockpit", "On":true, "Priority":1, "Health":1.000000, "Value":0 }, { "Slot":"CargoHatch", "Item":"ModularCargoBayDoor", "On":false, "Priority":0, "Health":1.000000, "Value":0 } ] }
{ "timestamp":"2018-02-06T02:37:51Z", "event":"Materials", "Raw":[ { "Name":"nickel", "Count":115 }, { "Name":"vanadium", "Count":162 }, { "Name":"sulphur", "Count":69 }, { "Name":"iron", "Count":96 }, { "Name":"germanium", "Count":96 }, { "Name":"arsenic", "Count":66 }, { "Name":"polonium", "Count":15 }, { "Name":"molybdenum", "Count":66 }, { "Name":"tin", "Count":13 }, { "Name":"phosphorus", "Count":42 }, { "Name":"zinc", "Count":69 }, { "Name":"niobium", "Count":56 }, { "Name":"cadmium", "Count":63 }, { "Name":"zirconium", "Count":7 }, { "Name":"selenium", "Count":12 }, { "Name":"tungsten", "Count":3 }, { "Name":"yttrium", "Count":12 }, { "Name":"chromium", "Count":34 } ], "Manufactured":[  ], "Encoded":[ { "Name":"bulkscandata", "Count":7 }, { "Name":"wakesolutions", "Count":1 }, { "Name":"scrambledemissiondata", "Count":2 }, { "Name":"legacyfirmware", "Count":4 }, { "Name":"shielddensityreports", "Count":3 }, { "Name":"shieldcyclerecordings", "Count":9 }, { "Name":"disruptedwakeechoes", "Count":3 }, { "Name":"securityfirmware", "Count":1 }, { "Name":"fsdtelemetry", "Count":1 } ] }
{ "timestamp":"2018-02-06T02:37:51Z", "event":"LoadGame", "Commander":"JaredCrue", "Ship":"Asp", "ShipID":1, "ShipName":"asp long runner", "ShipIdent":"bpe271", "FuelLevel":27.364882, "FuelCapacity":32.000000, "GameMode":"Group", "Group":"FleetComm", "Credits":18126822, "Loan":0 }
{ "timestamp":"2018-02-06T02:37:51Z", "event":"Rank", "Combat":0, "Trade":2, "Explore":7, "Empire":0, "Federation":0, "CQC":0 }
{ "timestamp":"2018-02-06T02:37:51Z", "event":"Progress", "Combat":30, "Trade":67, "Explore":71, "Empire":100, "Federation":80, "CQC":0 }
{ "timestamp":"2018-02-06T02:38:05Z", "event":"Location", "Docked":false, "StarSystem":"Hypuae Briae GB-D c13-143", "StarPos":[764.250,347.313,35373.969], "SystemAllegiance":"", "SystemEconomy":"$economy_None;", "SystemEconomy_Localised":"None", "SystemGovernment":"$government_None;", "SystemGovernment_Localised":"None", "SystemSecurity":"$GAlAXY_MAP_INFO_state_anarchy;", "SystemSecurity_Localised":"Anarchy", "Population":0, "Body":"Hypuae Briae GB-D c13-143", "BodyType":"Star" }
{ "timestamp":"2018-02-06T02:38:05Z", "event":"Music", "MusicTrack":"NoTrack" }
{ "timestamp":"2018-02-06T02:38:05Z", "event":"Music", "MusicTrack":"Exploration" }
{ "timestamp":"2018-02-06T02:38:21Z", "event":"StartJump", "JumpType":"Supercruise" }
{ "timestamp":"2018-02-06T02:38:26Z", "event":"SupercruiseEntry", "StarSystem":"Hypuae Briae GB-D c13-143" }
{ "timestamp":"2018-02-06T02:38:26Z", "event":"Music", "MusicTrack":"Supercruise" }
{ "timestamp":"2018-02-06T02:38:39Z", "event":"Music", "MusicTrack":"GalaxyMap" }
{ "timestamp":"2018-02-06T02:38:54Z", "event":"Music", "MusicTrack":"Supercruise" }
{ "timestamp":"2018-02-06T02:39:00Z", "event":"Music", "MusicTrack":"SystemMap" }
{ "timestamp":"2018-02-06T02:39:08Z", "event":"Music", "MusicTrack":"Supercruise" }
{ "timestamp":"2018-02-06T02:39:45Z", "event":"Friends", "Status":"Online", "Name":"John Allbright" }
{ "timestamp":"2018-02-06T02:39:56Z", "event":"StartJump", "JumpType":"Hyperspace", "StarSystem":"Hypuae Briae LH-B c14-95", "StarClass":"M" }
{ "timestamp":"2018-02-06T02:40:01Z", "event":"Music", "MusicTrack":"NoTrack" }
{ "timestamp":"2018-02-06T02:40:15Z", "event":"FSDJump", "StarSystem":"Hypuae Briae LH-B c14-95", "StarPos":[776.188,346.594,35397.969], "SystemAllegiance":"", "SystemEconomy":"$economy_None;", "SystemEconomy_Localised":"None", "SystemGovernment":"$government_None;", "SystemGovernment_Localised":"None", "SystemSecurity":"$GAlAXY_MAP_INFO_state_anarchy;", "SystemSecurity_Localised":"Anarchy", "Population":0, "JumpDist":26.815, "FuelUsed":3.825766, "FuelLevel":23.539116 }
{ "timestamp":"2018-02-06T02:40:15Z", "event":"Music", "MusicTrack":"Supercruise" }
{ "timestamp":"2018-02-06T02:40:38Z", "event":"Scan", "BodyName":"Hypuae Briae LH-B c14-95 A", "DistanceFromArrivalLS":0.000000, "StarType":"M", "StellarMass":0.468750, "Radius":437043424.000000, "AbsoluteMagnitude":8.081772, "Age_MY":3574, "SurfaceTemperature":3448.000000, "Luminosity":"Va", "SemiMajorAxis":14468154130432.000000, "Eccentricity":0.152706, "OrbitalInclination":-88.876389, "Periapsis":243.268936, "OrbitalPeriod":104745492480.000000, "RotationPeriod":189977.125000, "AxialTilt":0.000000, "Rings":[ { "Name":"Hypuae Briae LH-B c14-95 A A Belt", "RingClass":"eRingClass_Metalic", "MassMT":9.0408e+13, "InnerRad":7.9747e+08, "OuterRad":1.8745e+09 }, { "Name":"Hypuae Briae LH-B c14-95 A B Belt", "RingClass":"eRingClass_Rocky", "MassMT":8.1279e+13, "InnerRad":8.8589e+09, "OuterRad":1.4174e+11 } ] }
{ "timestamp":"2018-02-06T02:40:55Z", "event":"Music", "MusicTrack":"SystemMap" }
{ "timestamp":"2018-02-06T02:41:14Z", "event":"Music", "MusicTrack":"Supercruise" }
{ "timestamp":"2018-02-06T02:41:35Z", "event":"FuelScoop", "Scooped":5.003681, "Total":28.542793 }
{ "timestamp":"2018-02-06T02:41:40Z", "event":"FuelScoop", "Scooped":1.181168, "Total":29.723946 }
{ "timestamp":"2018-02-06T02:52:36Z", "event":"Scan", "BodyName":"Hypuae Briae LH-B c14-95 B 2", "DistanceFromArrivalLS":103192.265625, "TidalLock":false, "TerraformState":"", "PlanetClass":"Earthlike body", "Atmosphere":"", "AtmosphereType":"EarthLike", "AtmosphereComposition":[ { "Name":"Nitrogen", "Percent":65.145744 }, { "Name":"Oxygen", "Percent":34.255291 }, { "Name":"Water", "Percent":0.503315 } ], "Volcanism":"", "MassEM":0.350300, "Radius":4402269.000000, "SurfaceGravity":7.204381, "SurfaceTemperature":288.164459, "SurfacePressure":53132.175781, "Landable":false, "SemiMajorAxis":17555697664.000000, "Eccentricity":0.002068, "OrbitalInclination":-0.477371, "Periapsis":337.617249, "OrbitalPeriod":2620262.000000, "RotationPeriod":-2620295.250000, "AxialTilt":-2.924697 }
{ "timestamp":"2018-02-06T02:52:39Z", "event":"Music", "MusicTrack":"SystemMap" }
{ "timestamp":"2018-02-06T02:52:41Z", "event":"Music", "MusicTrack":"Supercruise" }
{ "timestamp":"2018-02-06T02:53:07Z", "event":"Music", "MusicTrack":"SystemMap" }
{ "timestamp":"2018-02-06T02:53:08Z", "event":"Music", "MusicTrack":"Supercruise" }
{ "timestamp":"2018-02-06T02:57:45Z", "event":"Music", "MusicTrack":"SystemMap" }
{ "timestamp":"2018-02-06T02:57:48Z", "event":"Music", "MusicTrack":"Supercruise" }
{ "timestamp":"2018-02-06T02:58:06Z", "event":"Music", "MusicTrack":"SystemMap" }
{ "timestamp":"2018-02-06T02:58:07Z", "event":"Music", "MusicTrack":"Supercruise" }
{ "timestamp":"2018-02-06T02:59:33Z", "event":"Scan", "BodyName":"Hypuae Briae LH-B c14-95 B 4", "DistanceFromArrivalLS":103059.882813, "TidalLock":false, "TerraformState":"", "PlanetClass":"High metal content body", "Atmosphere":"carbon dioxide atmosphere", "AtmosphereType":"CarbonDioxide", "AtmosphereComposition":[ { "Name":"CarbonDioxide", "Percent":75.788239 }, { "Name":"Nitrogen", "Percent":23.439634 }, { "Name":"SulphurDioxide", "Percent":0.757882 } ], "Volcanism":"", "MassEM":0.174952, "Radius":3531936.250000, "SurfaceGravity":5.589893, "SurfaceTemperature":267.270599, "SurfacePressure":56913.714844, "Landable":false, "SemiMajorAxis":33433606144.000000, "Eccentricity":0.000150, "OrbitalInclination":-2.257177, "Periapsis":141.337646, "OrbitalPeriod":6886403.500000, "RotationPeriod":-6886490.500000, "AxialTilt":-2.772040 }
{ "timestamp":"2018-02-06T03:00:27Z", "event":"Music", "MusicTrack":"SystemMap" }
{ "timestamp":"2018-02-06T03:00:31Z", "event":"Music", "MusicTrack":"Supercruise" }
{ "timestamp":"2018-02-06T03:02:16Z", "event":"Scan", "BodyName":"Hypuae Briae LH-B c14-95 B 5", "DistanceFromArrivalLS":103022.203125, "TidalLock":true, "TerraformState":"", "PlanetClass":"High metal content body", "Atmosphere":"carbon dioxide atmosphere", "AtmosphereType":"CarbonDioxide", "AtmosphereComposition":[ { "Name":"CarbonDioxide", "Percent":98.587067 }, { "Name":"SulphurDioxide", "Percent":1.412930 } ], "Volcanism":"", "MassEM":0.095116, "Radius":2925722.000000, "SurfaceGravity":4.428903, "SurfaceTemperature":221.917694, "SurfacePressure":19715.191406, "Landable":false, "SemiMajorAxis":43895865344.000000, "Eccentricity":0.010512, "OrbitalInclination":-0.322766, "Periapsis":160.143280, "OrbitalPeriod":10359841.000000, "RotationPeriod":10359973.000000, "AxialTilt":0.276362 }
{ "timestamp":"2018-02-06T03:03:42Z", "event":"Music", "MusicTrack":"SystemMap" }
{ "timestamp":"2018-02-06T03:03:43Z", "event":"Music", "MusicTrack":"Supercruise" }
{ "timestamp":"2018-02-06T03:04:04Z", "event":"Music", "MusicTrack":"SystemMap" }
{ "timestamp":"2018-02-06T03:04:05Z", "event":"Music", "MusicTrack":"Supercruise" }
{ "timestamp":"2018-02-06T03:04:15Z", "event":"StartJump", "JumpType":"Hyperspace", "StarSystem":"Hypuae Briae EB-Z b29-24", "StarClass":"M" }
{ "timestamp":"2018-02-06T03:04:21Z", "event":"Music", "MusicTrack":"NoTrack" }
{ "timestamp":"2018-02-06T03:04:34Z", "event":"FSDJump", "StarSystem":"Hypuae Briae EB-Z b29-24", "StarPos":[782.125,350.250,35423.750], "SystemAllegiance":"", "SystemEconomy":"$economy_None;", "SystemEconomy_Localised":"None", "SystemGovernment":"$government_None;", "SystemGovernment_Localised":"None", "SystemSecurity":"$GAlAXY_MAP_INFO_state_anarchy;", "SystemSecurity_Localised":"Anarchy", "Population":0, "JumpDist":26.708, "FuelUsed":3.832041, "FuelLevel":25.261906 }
{ "timestamp":"2018-02-06T03:04:34Z", "event":"Music", "MusicTrack":"Supercruise" }
{ "timestamp":"2018-02-06T03:04:52Z", "event":"Music", "MusicTrack":"SystemMap" }
{ "timestamp":"2018-02-06T03:04:56Z", "event":"Music", "MusicTrack":"Supercruise" }
{ "timestamp":"2018-02-06T03:04:56Z", "event":"Scan", "BodyName":"Hypuae Briae EB-Z b29-24", "DistanceFromArrivalLS":0.000000, "StarType":"M", "StellarMass":0.316406, "Radius":365685088.000000, "AbsoluteMagnitude":9.164276, "Age_MY":12274, "SurfaceTemperature":2938.000000, "Luminosity":"Va", "RotationPeriod":205589.671875, "AxialTilt":0.000000, "Rings":[ { "Name":"Hypuae Briae EB-Z b29-24 A Belt", "RingClass":"eRingClass_MetalRich", "MassMT":7.5688e+13, "InnerRad":6.0338e+08, "OuterRad":1.705e+09 } ] }
{ "timestamp":"2018-02-06T03:05:15Z", "event":"FuelScoop", "Scooped":5.006163, "Total":30.268063 }
{ "timestamp":"2018-02-06T03:05:17Z", "event":"Music", "MusicTrack":"SystemMap" }
{ "timestamp":"2018-02-06T03:05:17Z", "event":"Music", "MusicTrack":"Supercruise" }
{ "timestamp":"2018-02-06T03:05:18Z", "event":"FuelScoop", "Scooped":1.731944, "Total":32.000000 }
{ "timestamp":"2018-02-06T03:05:40Z", "event":"StartJump", "JumpType":"Hyperspace", "StarSystem":"Hypuae Briae GM-X b30-114", "StarClass":"M" }
{ "timestamp":"2018-02-06T03:05:45Z", "event":"Music", "MusicTrack":"NoTrack" }
{ "timestamp":"2018-02-06T03:05:58Z", "event":"FSDJump", "StarSystem":"Hypuae Briae GM-X b30-114", "StarPos":[790.813,359.000,35447.625], "SystemAllegiance":"", "SystemEconomy":"$economy_None;", "SystemEconomy_Localised":"None", "SystemGovernment":"$government_None;", "SystemGovernment_Localised":"None", "SystemSecurity":"$GAlAXY_MAP_INFO_state_anarchy;", "SystemSecurity_Localised":"Anarchy", "Population":0, "JumpDist":26.871, "FuelUsed":3.964602, "FuelLevel":28.035398 }
{ "timestamp":"2018-02-06T03:05:59Z", "event":"Music", "MusicTrack":"Supercruise" }
{ "timestamp":"2018-02-06T03:06:08Z", "event":"Music", "MusicTrack":"SystemMap" }
{ "timestamp":"2018-02-06T03:06:20Z", "event":"Scan", "BodyName":"Hypuae Briae GM-X b30-114", "DistanceFromArrivalLS":0.000000, "StarType":"M", "StellarMass":0.246094, "Radius":283056256.000000, "AbsoluteMagnitude":10.624619, "Age_MY":12090, "SurfaceTemperature":2386.000000, "Luminosity":"Va", "RotationPeriod":219259.921875, "AxialTilt":0.000000, "Rings":[ { "Name":"Hypuae Briae GM-X b30-114 A Belt", "RingClass":"eRingClass_MetalRich", "MassMT":1.3349e+12, "InnerRad":4.3965e+08, "OuterRad":1.5122e+09 } ] }
{ "timestamp":"2018-02-06T03:06:24Z", "event":"Music", "MusicTrack":"Supercruise" }
{ "timestamp":"2018-02-06T03:06:35Z", "event":"Music", "MusicTrack":"SystemMap" }
{ "timestamp":"2018-02-06T03:06:36Z", "event":"Music", "MusicTrack":"Supercruise" }
{ "timestamp":"2018-02-06T03:06:42Z", "event":"FuelScoop", "Scooped":3.964601, "Total":32.000000 }
{ "timestamp":"2018-02-06T03:06:58Z", "event":"Music", "MusicTrack":"GalaxyMap" }
{ "timestamp":"2018-02-06T03:07:07Z", "event":"Music", "MusicTrack":"Supercruise" }
{ "timestamp":"2018-02-06T03:07:24Z", "event":"StartJump", "JumpType":"Hyperspace", "StarSystem":"Hypuae Briae LS-V b31-11", "StarClass":"M" }
{ "timestamp":"2018-02-06T03:07:29Z", "event":"Music", "MusicTrack":"NoTrack" }
{ "timestamp":"2018-02-06T03:07:42Z", "event":"FSDJump", "StarSystem":"Hypuae Briae LS-V b31-11", "StarPos":[802.375,361.688,35471.563], "SystemAllegiance":"", "SystemEconomy":"$economy_None;", "SystemEconomy_Localised":"None", "SystemGovernment":"$government_None;", "SystemGovernment_Localised":"None", "SystemSecurity":"$GAlAXY_MAP_INFO_state_anarchy;", "SystemSecurity_Localised":"Anarchy", "Population":0, "JumpDist":26.719, "FuelUsed":3.909596, "FuelLevel":28.090405 }
{ "timestamp":"2018-02-06T03:07:43Z", "event":"Music", "MusicTrack":"Supercruise" }
{ "timestamp":"2018-02-06T03:07:51Z", "event":"Music", "MusicTrack":"SystemMap" }
{ "timestamp":"2018-02-06T03:07:58Z", "event":"Music", "MusicTrack":"Supercruise" }
{ "timestamp":"2018-02-06T03:08:04Z", "event":"Scan", "BodyName":"Hypuae Briae LS-V b31-11", "DistanceFromArrivalLS":0.000000, "StarType":"M", "StellarMass":0.437500, "Radius":422695360.000000, "AbsoluteMagnitude":8.429932, "Age_MY":1872, "SurfaceTemperature":3236.000000, "Luminosity":"Va", "RotationPeriod":172935.781250, "AxialTilt":0.000000, "Rings":[ { "Name":"Hypuae Briae LS-V b31-11 A Belt", "RingClass":"eRingClass_Rocky", "MassMT":9.0838e+13, "InnerRad":6.8142e+08, "OuterRad":1.8319e+09 }, { "Name":"Hypuae Briae LS-V b31-11 B Belt", "RingClass":"eRingClass_Icy", "MassMT":6.0119e+15, "InnerRad":3.2707e+09, "OuterRad":2.0932e+11 } ] }
{ "timestamp":"2018-02-06T03:08:19Z", "event":"FuelScoop", "Scooped":3.909608, "Total":32.000000 }
{ "timestamp":"2018-02-06T03:08:24Z", "event":"Music", "MusicTrack":"SystemMap" }
{ "timestamp":"2018-02-06T03:08:25Z", "event":"Music", "MusicTrack":"Supercruise" }
{ "timestamp":"2018-02-06T03:08:46Z", "event":"StartJump", "JumpType":"Hyperspace", "StarSystem":"Hypuae Briae JR-M d7-233", "StarClass":"F" }
{ "timestamp":"2018-02-06T03:08:52Z", "event":"Music", "MusicTrack":"NoTrack" }
{ "timestamp":"2018-02-06T03:09:05Z", "event":"FSDJump", "StarSystem":"Hypuae Briae JR-M d7-233", "StarPos":[816.281,368.813,35492.906], "SystemAllegiance":"", "SystemEconomy":"$economy_None;", "SystemEconomy_Localised":"None", "SystemGovernment":"$government_None;", "SystemGovernment_Localised":"None", "SystemSecurity":"$GAlAXY_MAP_INFO_state_anarchy;", "SystemSecurity_Localised":"Anarchy", "Population":0, "JumpDist":26.452, "FuelUsed":3.814957, "FuelLevel":28.185043 }
{ "timestamp":"2018-02-06T03:09:05Z", "event":"Music", "MusicTrack":"Supercruise" }
{ "timestamp":"2018-02-06T03:09:14Z", "event":"Music", "MusicTrack":"SystemMap" }
{ "timestamp":"2018-02-06T03:09:23Z", "event":"Music", "MusicTrack":"Supercruise" }
{ "timestamp":"2018-02-06T03:09:27Z", "event":"Scan", "BodyName":"Hypuae Briae JR-M d7-233", "DistanceFromArrivalLS":0.000000, "StarType":"F", "StellarMass":1.425781, "Radius":898877632.000000, "AbsoluteMagnitude":3.447540, "Age_MY":3222, "SurfaceTemperature":6987.000000, "Luminosity":"Vb", "RotationPeriod":184000.671875, "AxialTilt":0.000000 }
{ "timestamp":"2018-02-06T03:09:28Z", "event":"Music", "MusicTrack":"SystemMap" }
{ "timestamp":"2018-02-06T03:09:35Z", "event":"Music", "MusicTrack":"Supercruise" }
{ "timestamp":"2018-02-06T03:09:52Z", "event":"FuelScoop", "Scooped":3.814945, "Total":32.000000 }
{ "timestamp":"2018-02-06T03:11:11Z", "event":"Music", "MusicTrack":"SystemMap" }
{ "timestamp":"2018-02-06T03:11:12Z", "event":"Music", "MusicTrack":"Supercruise" }
{ "timestamp":"2018-02-06T03:11:28Z", "event":"Scan", "BodyName":"Hypuae Briae JR-M d7-233 1", "DistanceFromArrivalLS":926.818909, "TidalLock":false, "TerraformState":"Terraformable", "PlanetClass":"High metal content body", "Atmosphere":"carbon dioxide atmosphere", "AtmosphereType":"CarbonDioxide", "AtmosphereComposition":[ { "Name":"CarbonDioxide", "Percent":74.114433 }, { "Name":"SulphurDioxide", "Percent":25.885559 } ], "Volcanism":"", "MassEM":0.266617, "Radius":4061808.250000, "SurfaceGravity":6.441068, "SurfaceTemperature":416.319672, "SurfacePressure":111655.445313, "Landable":false, "SemiMajorAxis":277271707648.000000, "Eccentricity":0.002295, "OrbitalInclination":-0.015282, "Periapsis":277.219330, "OrbitalPeriod":66681752.000000, "RotationPeriod":93209.835938, "AxialTilt":-0.449097 }
{ "timestamp":"2018-02-06T03:11:29Z", "event":"Music", "MusicTrack":"SystemMap" }
{ "timestamp":"2018-02-06T03:11:32Z", "event":"Music", "MusicTrack":"Supercruise" }
{ "timestamp":"2018-02-06T03:12:33Z", "event":"Scan", "BodyName":"Hypuae Briae JR-M d7-233 2", "DistanceFromArrivalLS":1279.875854, "TidalLock":false, "TerraformState":"Terraformable", "PlanetClass":"Water world", "Atmosphere":"nitrogen atmosphere", "AtmosphereType":"Nitrogen", "AtmosphereComposition":[ { "Name":"Nitrogen", "Percent":82.838806 }, { "Name":"Oxygen", "Percent":17.038975 }, { "Name":"Water", "Percent":0.067141 } ], "Volcanism":"", "MassEM":0.352653, "Radius":4431253.000000, "SurfaceGravity":7.158205, "SurfaceTemperature":256.130524, "SurfacePressure":85596.101563, "Landable":false, "SemiMajorAxis":384187760640.000000, "Eccentricity":0.001508, "OrbitalInclination":-0.476897, "Periapsis":19.977997, "OrbitalPeriod":108758696.000000, "RotationPeriod":141899.078125, "AxialTilt":0.316620 }
{ "timestamp":"2018-02-06T03:12:41Z", "event":"Music", "MusicTrack":"SystemMap" }
{ "timestamp":"2018-02-06T03:12:45Z", "event":"Music", "MusicTrack":"Supercruise" }
{ "timestamp":"2018-02-06T03:16:21Z", "event":"Music", "MusicTrack":"SystemMap" }
{ "timestamp":"2018-02-06T03:16:22Z", "event":"Music", "MusicTrack":"Supercruise" }
{ "timestamp":"2018-02-06T03:16:48Z", "event":"Scan", "BodyName":"Hypuae Briae JR-M d7-233 3", "DistanceFromArrivalLS":1700.906982, "TidalLock":true, "TerraformState":"", "PlanetClass":"Water world", "Atmosphere":"ammonia rich atmosphere", "AtmosphereType":"AmmoniaRich", "AtmosphereComposition":[ { "Name":"Nitrogen", "Percent":52.545212 }, { "Name":"Ammonia", "Percent":30.793116 }, { "Name":"Oxygen", "Percent":10.746722 } ], "Volcanism":"", "MassEM":0.521153, "Radius":4997978.000000, "SurfaceGravity":8.315453, "SurfaceTemperature":262.829681, "SurfacePressure":149855.671875, "Landable":false, "SemiMajorAxis":130327352.000000, "Eccentricity":0.020736, "OrbitalInclination":2.643311, "Periapsis":62.089905, "OrbitalPeriod":1585230.500000, "RotationPeriod":2359902.750000, "AxialTilt":-0.213830 }
{ "timestamp":"2018-02-06T03:16:51Z", "event":"Music", "MusicTrack":"SystemMap" }
{ "timestamp":"2018-02-06T03:17:10Z", "event":"Scan", "BodyName":"Hypuae Briae JR-M d7-233 4", "DistanceFromArrivalLS":1701.454712, "TidalLock":true, "TerraformState":"", "PlanetClass":"High metal content body", "Atmosphere":"carbon dioxide rich atmosphere", "AtmosphereType":"CarbonDioxideRich", "AtmosphereComposition":[ { "Name":"Nitrogen", "Percent":99.254700 }, { "Name":"CarbonDioxide", "Percent":0.726721 } ], "Volcanism":"", "MassEM":0.428519, "Radius":4706353.000000, "SurfaceGravity":7.710996, "SurfaceTemperature":225.485077, "SurfacePressure":286762.312500, "Landable":false, "SemiMajorAxis":158500528.000000, "Eccentricity":0.020736, "OrbitalInclination":2.643311, "Periapsis":242.089905, "OrbitalPeriod":1585230.500000, "RotationPeriod":2139915.500000, "AxialTilt":-0.219508 }
{ "timestamp":"2018-02-06T03:17:10Z", "event":"Music", "MusicTrack":"Supercruise" }
{ "timestamp":"2018-02-06T03:17:14Z", "event":"Music", "MusicTrack":"SystemMap" }
{ "timestamp":"2018-02-06T03:17:21Z", "event":"Music", "MusicTrack":"Supercruise" }
{ "timestamp":"2018-02-06T03:19:39Z", "event":"Scan", "BodyName":"Hypuae Briae JR-M d7-233 5", "DistanceFromArrivalLS":2669.242188, "TidalLock":false, "TerraformState":"", "PlanetClass":"High metal content body", "Atmosphere":"carbon dioxide rich atmosphere", "AtmosphereType":"CarbonDioxideRich", "AtmosphereComposition":[ { "Name":"Nitrogen", "Percent":99.017090 }, { "Name":"CarbonDioxide", "Percent":0.965984 } ], "Volcanism":"", "MassEM":0.410130, "Radius":4643135.500000, "SurfaceGravity":7.582428, "SurfaceTemperature":192.252426, "SurfacePressure":277948.781250, "Landable":false, "SemiMajorAxis":722609111040.000000, "Eccentricity":0.173390, "OrbitalInclination":131.257462, "Periapsis":311.921448, "OrbitalPeriod":280545856.000000, "RotationPeriod":124046.171875, "AxialTilt":0.049201 }
{ "timestamp":"2018-02-06T03:20:27Z", "event":"Music", "MusicTrack":"SystemMap" }
{ "timestamp":"2018-02-06T03:20:34Z", "event":"Music", "MusicTrack":"Supercruise" }
{ "timestamp":"2018-02-06T03:22:00Z", "event":"Friends", "Status":"Online", "Name":"Natalie Portman" }
{ "timestamp":"2018-02-06T03:22:38Z", "event":"Scan", "BodyName":"Hypuae Briae JR-M d7-233 6", "DistanceFromArrivalLS":3230.594971, "TidalLock":false, "TerraformState":"", "PlanetClass":"High metal content body", "Atmosphere":"nitrogen atmosphere", "AtmosphereType":"Nitrogen", "AtmosphereComposition":[ { "Name":"Nitrogen", "Percent":99.986549 } ], "Volcanism":"", "MassEM":0.437474, "Radius":4736459.000000, "SurfaceGravity":7.772385, "SurfaceTemperature":135.524185, "SurfacePressure":289220.687500, "Landable":false, "SemiMajorAxis":1034739122176.000000, "Eccentricity":0.146449, "OrbitalInclination":-163.698227, "Periapsis":135.199768, "OrbitalPeriod":480723136.000000, "RotationPeriod":160389.312500, "AxialTilt":0.331525 }
{ "timestamp":"2018-02-06T03:22:39Z", "event":"Music", "MusicTrack":"SystemMap" }
{ "timestamp":"2018-02-06T03:22:43Z", "event":"Music", "MusicTrack":"Supercruise" }
{ "timestamp":"2018-02-06T03:23:04Z", "event":"Music", "MusicTrack":"GalaxyMap" }
{ "timestamp":"2018-02-06T03:23:28Z", "event":"Music", "MusicTrack":"Supercruise" }
{ "timestamp":"2018-02-06T03:23:45Z", "event":"StartJump", "JumpType":"Hyperspace", "StarSystem":"Hypuae Briae YK-Q b34-4", "StarClass":"M" }
{ "timestamp":"2018-02-06T03:23:50Z", "event":"Music", "MusicTrack":"NoTrack" }
{ "timestamp":"2018-02-06T03:24:03Z", "event":"FSDJump", "StarSystem":"Hypuae Briae YK-Q b34-4", "StarPos":[826.250,371.000,35517.938], "SystemAllegiance":"", "SystemEconomy":"$economy_None;", "SystemEconomy_Localised":"None", "SystemGovernment":"$government_None;", "SystemGovernment_Localised":"None", "SystemSecurity":"$GAlAXY_MAP_INFO_state_anarchy;", "SystemSecurity_Localised":"Anarchy", "Population":0, "JumpDist":27.032, "FuelUsed":4.006588, "FuelLevel":27.363413 }
{ "timestamp":"2018-02-06T03:24:04Z", "event":"Music", "MusicTrack":"Supercruise" }
{ "timestamp":"2018-02-06T03:25:17Z", "event":"Scan", "BodyName":"Hypuae Briae YK-Q b34-4 A", "DistanceFromArrivalLS":0.000000, "StarType":"M", "StellarMass":0.328125, "Radius":370566816.000000, "AbsoluteMagnitude":9.004425, "Age_MY":6442, "SurfaceTemperature":3028.000000, "Luminosity":"Va", "SemiMajorAxis":4833336098816.000000, "Eccentricity":0.000556, "OrbitalInclination":35.857338, "Periapsis":269.883057, "OrbitalPeriod":51517681664.000000, "RotationPeriod":186054.484375, "AxialTilt":0.000000, "Rings":[ { "Name":"Hypuae Briae YK-Q b34-4 A A Belt", "RingClass":"eRingClass_Rocky", "MassMT":7.5849e+13, "InnerRad":6.1144e+08, "OuterRad":1.7806e+09 } ] }
{ "timestamp":"2018-02-06T03:29:42Z", "event":"Music", "MusicTrack":"SystemMap" }
{ "timestamp":"2018-02-06T03:29:50Z", "event":"Music", "MusicTrack":"Supercruise" }
{ "timestamp":"2018-02-06T03:30:04Z", "event":"FuelScoop", "Scooped":4.636609, "Total":32.000000 }
{ "timestamp":"2018-02-06T03:30:48Z", "event":"Music", "MusicTrack":"SystemMap" }
{ "timestamp":"2018-02-06T03:30:49Z", "event":"Music", "MusicTrack":"Supercruise" }
{ "timestamp":"2018-02-06T03:31:00Z", "event":"Scan", "BodyName":"Hypuae Briae YK-Q b34-4 A 1", "DistanceFromArrivalLS":107.448708, "TidalLock":true, "TerraformState":"", "PlanetClass":"Water world", "Atmosphere":"thick argon rich atmosphere", "AtmosphereType":"ArgonRich", "AtmosphereComposition":[ { "Name":"Nitrogen", "Percent":96.860764 }, { "Name":"Argon", "Percent":3.110497 } ], "Volcanism":"", "MassEM":0.665527, "Radius":6225035.000000, "SurfaceGravity":6.845286, "SurfaceTemperature":250.817444, "SurfacePressure":34830116.000000, "Landable":false, "SemiMajorAxis":32215255040.000000, "Eccentricity":0.000342, "OrbitalInclination":-0.003865, "Periapsis":153.404022, "OrbitalPeriod":5502849.500000, "RotationPeriod":5475256.000000, "AxialTilt":-0.397208 }
{ "timestamp":"2018-02-06T03:31:20Z", "event":"Music", "MusicTrack":"SystemMap" }
{ "timestamp":"2018-02-06T03:31:21Z", "event":"Music", "MusicTrack":"Supercruise" }
{ "timestamp":"2018-02-06T03:31:43Z", "event":"StartJump", "JumpType":"Hyperspace", "StarSystem":"Hypuae Briae NX-K d8-4871", "StarClass":"F" }
{ "timestamp":"2018-02-06T03:31:49Z", "event":"Music", "MusicTrack":"NoTrack" }
{ "timestamp":"2018-02-06T03:32:02Z", "event":"FSDJump", "StarSystem":"Hypuae Briae NX-K d8-4871", "StarPos":[833.875,372.063,35544.000], "SystemAllegiance":"", "SystemEconomy":"$economy_None;", "SystemEconomy_Localised":"None", "SystemGovernment":"$government_None;", "SystemGovernment_Localised":"None", "SystemSecurity":"$GAlAXY_MAP_INFO_state_anarchy;", "SystemSecurity_Localised":"Anarchy", "Population":0, "JumpDist":27.176, "FuelUsed":4.075820, "FuelLevel":27.924179 }
{ "timestamp":"2018-02-06T03:32:02Z", "event":"Music", "MusicTrack":"Supercruise" }
{ "timestamp":"2018-02-06T03:32:12Z", "event":"Music", "MusicTrack":"SystemMap" }
{ "timestamp":"2018-02-06T03:32:17Z", "event":"Music", "MusicTrack":"Supercruise" }
{ "timestamp":"2018-02-06T03:32:18Z", "event":"Music", "MusicTrack":"SystemMap" }
{ "timestamp":"2018-02-06T03:32:18Z", "event":"Music", "MusicTrack":"Supercruise" }
{ "timestamp":"2018-02-06T03:32:25Z", "event":"Scan", "BodyName":"Hypuae Briae NX-K d8-4871", "DistanceFromArrivalLS":0.000000, "StarType":"F", "StellarMass":1.417969, "Radius":799374976.000000, "AbsoluteMagnitude":3.607635, "Age_MY":1614, "SurfaceTemperature":7141.000000, "Luminosity":"VI", "RotationPeriod":141602.078125, "AxialTilt":0.000000 }
{ "timestamp":"2018-02-06T03:32:40Z", "event":"FuelScoop", "Scooped":4.075832, "Total":32.000000 }
{ "timestamp":"2018-02-06T03:32:49Z", "event":"Music", "MusicTrack":"SystemMap" }
{ "timestamp":"2018-02-06T03:32:50Z", "event":"Music", "MusicTrack":"Supercruise" }
{ "timestamp":"2018-02-06T03:33:12Z", "event":"StartJump", "JumpType":"Hyperspace", "StarSystem":"Hypuae Briae FC-N b36-6", "StarClass":"M" }
{ "timestamp":"2018-02-06T03:33:18Z", "event":"Music", "MusicTrack":"NoTrack" }
{ "timestamp":"2018-02-06T03:33:31Z", "event":"FSDJump", "StarSystem":"Hypuae Briae FC-N b36-6", "StarPos":[843.531,377.594,35568.406], "SystemAllegiance":"", "SystemEconomy":"$economy_None;", "SystemEconomy_Localised":"None", "SystemGovernment":"$government_None;", "SystemGovernment_Localised":"None", "SystemSecurity":"$GAlAXY_MAP_INFO_state_anarchy;", "SystemSecurity_Localised":"Anarchy", "Population":0, "JumpDist":26.824, "FuelUsed":3.947606, "FuelLevel":28.052395 }
{ "timestamp":"2018-02-06T03:33:31Z", "event":"Music", "MusicTrack":"Supercruise" }
{ "timestamp":"2018-02-06T03:33:54Z", "event":"Scan", "BodyName":"Hypuae Briae FC-N b36-6 A", "DistanceFromArrivalLS":0.000000, "StarType":"M", "StellarMass":0.417969, "Radius":365175680.000000, "AbsoluteMagnitude":8.959457, "Age_MY":6868, "SurfaceTemperature":3082.000000, "Luminosity":"Va", "SemiMajorAxis":34836551041024.000000, "Eccentricity":0.154849, "OrbitalInclination":-23.674469, "Periapsis":18.531904, "OrbitalPeriod":1121333542912.000000, "RotationPeriod":180044.359375, "AxialTilt":0.000000, "Rings":[ { "Name":"Hypuae Briae FC-N b36-6 A A Belt", "RingClass":"eRingClass_MetalRich", "MassMT":9.3229e+13, "InnerRad":6.0254e+08, "OuterRad":1.9093e+09 }, { "Name":"Hypuae Briae FC-N b36-6 A B Belt", "RingClass":"eRingClass_Icy", "MassMT":2.7453e+16, "InnerRad":2.0253e+10, "OuterRad":3.2247e+11 } ] }
{ "timestamp":"2018-02-06T03:34:11Z", "event":"Music", "MusicTrack":"SystemMap" }
{ "timestamp":"2018-02-06T03:34:16Z", "event":"Music", "MusicTrack":"Supercruise" }
{ "timestamp":"2018-02-06T03:34:32Z", "event":"FuelScoop", "Scooped":3.947596, "Total":32.000000 }
{ "timestamp":"2018-02-06T03:34:47Z", "event":"Music", "MusicTrack":"SystemMap" }
{ "timestamp":"2018-02-06T03:34:48Z", "event":"Music", "MusicTrack":"Supercruise" }
{ "timestamp":"2018-02-06T03:34:50Z", "event":"Music", "MusicTrack":"SystemMap" }
{ "timestamp":"2018-02-06T03:34:51Z", "event":"Music", "MusicTrack":"Supercruise" }
{ "timestamp":"2018-02-06T03:35:07Z", "event":"StartJump", "JumpType":"Hyperspace", "StarSystem":"Hypuae Briae PI-J d9-1226", "StarClass":"F" }
{ "timestamp":"2018-02-06T03:35:12Z", "event":"Music", "MusicTrack":"NoTrack" }
{ "timestamp":"2018-02-06T03:35:26Z", "event":"FSDJump", "StarSystem":"Hypuae Briae PI-J d9-1226", "StarPos":[855.469,376.719,35592.031], "SystemAllegiance":"", "SystemEconomy":"$economy_None;", "SystemEconomy_Localised":"None", "SystemGovernment":"$government_None;", "SystemGovernment_Localised":"None", "SystemSecurity":"$GAlAXY_MAP_INFO_state_anarchy;", "SystemSecurity_Localised":"Anarchy", "Population":0, "JumpDist":26.484, "FuelUsed":3.826186, "FuelLevel":28.173815 }
{ "timestamp":"2018-02-06T03:35:26Z", "event":"Music", "MusicTrack":"Supercruise" }
{ "timestamp":"2018-02-06T03:35:42Z", "event":"Music", "MusicTrack":"SystemMap" }
{ "timestamp":"2018-02-06T03:35:47Z", "event":"Scan", "BodyName":"Hypuae Briae PI-J d9-1226", "DistanceFromArrivalLS":0.000000, "StarType":"F", "StellarMass":1.523438, "Radius":876315520.000000, "AbsoluteMagnitude":3.436096, "Age_MY":2080, "SurfaceTemperature":7095.000000, "Luminosity":"Vb", "RotationPeriod":126182.703125, "AxialTilt":0.000000 }
{ "timestamp":"2018-02-06T03:35:52Z", "event":"Music", "MusicTrack":"Supercruise" }
{ "timestamp":"2018-02-06T03:35:53Z", "event":"Music", "MusicTrack":"SystemMap" }
{ "timestamp":"2018-02-06T03:36:01Z", "event":"Music", "MusicTrack":"Supercruise" }
{ "timestamp":"2018-02-06T03:36:16Z", "event":"FuelScoop", "Scooped":3.826179, "Total":32.000000 }
{ "timestamp":"2018-02-06T03:38:34Z", "event":"Music", "MusicTrack":"SystemMap" }
{ "timestamp":"2018-02-06T03:38:35Z", "event":"Music", "MusicTrack":"Supercruise" }
{ "timestamp":"2018-02-06T03:38:50Z", "event":"Scan", "BodyName":"Hypuae Briae PI-J d9-1226 6", "DistanceFromArrivalLS":4817.973145, "TidalLock":false, "TerraformState":"", "PlanetClass":"Ammonia world", "Atmosphere":"thick  atmosphere", "AtmosphereType":"AmmoniaOxygen", "AtmosphereComposition":[ { "Name":"Nitrogen", "Percent":85.399429 }, { "Name":"Argon", "Percent":14.398418 }, { "Name":"Helium", "Percent":0.167886 } ], "Volcanism":"water geysers volcanism", "MassEM":64.450722, "Radius":24038556.000000, "SurfaceGravity":44.454987, "SurfaceTemperature":178.121323, "SurfacePressure":542937088.000000, "Landable":false, "SemiMajorAxis":1443870015488.000000, "Eccentricity":0.000363, "OrbitalInclination":-1.840814, "Periapsis":43.958191, "OrbitalPeriod":765120960.000000, "RotationPeriod":147263.703125, "AxialTilt":0.110998, "Rings":[ { "Name":"Hypuae Briae PI-J d9-1226 6 A Ring", "RingClass":"eRingClass_MetalRich", "MassMT":1.6967e+10, "InnerRad":4.7807e+07, "OuterRad":5.3608e+07 }, { "Name":"Hypuae Briae PI-J d9-1226 6 B Ring", "RingClass":"eRingClass_Icy", "MassMT":4.79e+11, "InnerRad":5.3708e+07, "OuterRad":1.3958e+08 } ], "ReserveLevel":"PristineResources" }
