{ "timestamp":"2017-11-17T23:26:16Z", "event":"Fileheader", "part":1, "language":"English\\UK", "gameversion":"2.4", "build":"r156431/r0 " }
{ "timestamp":"2017-11-17T23:26:16Z", "event":"Music", "MusicTrack":"NoTrack" }
{ "timestamp":"2017-11-17T23:26:16Z", "event":"Music", "MusicTrack":"MainMenu" }
{ "timestamp":"2017-11-17T23:27:14Z", "event":"Cargo", "Inventory":[  ] }
{ "timestamp":"2017-11-17T23:27:14Z", "event":"Loadout", "Ship":"SideWinder", "ShipID":0, "ShipName":"USS Tug Boat", "ShipIdent":"", "Modules":[ { "Slot":"SmallHardpoint1", "Item":"Hpt_PulseLaser_Gimbal_Small", "On":true, "Priority":2, "Health":1.000000, "Value":0 }, { "Slot":"SmallHardpoint2", "Item":"Hpt_PulseLaser_Gimbal_Small", "On":true, "Priority":2, "Health":1.000000, "Value":0 }, { "Slot":"Armour", "Item":"SideWinder_Armour_Grade1", "On":true, "Priority":1, "Health":1.000000, "Value":0 }, { "Slot":"PowerPlant", "Item":"Int_PowerPlant_Size2_Class1", "On":true, "Priority":1, "Health":1.000000, "Value":0 }, { "Slot":"MainEngines", "Item":"Int_Engine_Size2_Class1", "On":true, "Priority":2, "Health":1.000000, "Value":0 }, { "Slot":"FrameShiftDrive", "Item":"Int_Hyperdrive_Size2_Class1", "On":true, "Priority":2, "Health":1.000000, "Value":0 }, { "Slot":"LifeSupport", "Item":"Int_LifeSupport_Size1_Class1", "On":true, "Priority":2, "Health":1.000000, "Value":0 }, { "Slot":"PowerDistributor", "Item":"Int_PowerDistributor_Size1_Class1", "On":true, "Priority":2, "Health":1.000000, "Value":0 }, { "Slot":"Radar", "Item":"Int_Sensors_Size1_Class1", "On":true, "Priority":2, "Health":1.000000, "Value":0 }, { "Slot":"FuelTank", "Item":"Int_FuelTank_Size1_Class3", "On":true, "Priority":1, "Health":1.000000, "Value":0 }, { "Slot":"Slot01_Size2", "Item":"Int_ShieldGenerator_Size2_Class1", "On":true, "Priority":2, "Health":1.000000, "Value":0 }, { "Slot":"Slot02_Size2", "Item":"Int_CargoRack_Size2_Class1", "On":true, "Priority":1, "Health":1.000000, "Value":0 }, { "Slot":"Slot03_Size1", "Item":"Int_StellarBodyDiscoveryScanner_Standard", "On":true, "Priority":1, "Health":1.000000, "Value":0 }, { "Slot":"Slot04_Size1", "Item":"Int_FuelScoop_Size1_Class3", "On":true, "Priority":0, "Health":1.000000, "Value":5142 }, { "Slot":"PlanetaryApproachSuite", "Item":"Int_PlanetApproachSuite", "On":true, "Priority":1, "Health":1.000000, "Value":0 }, { "Slot":"ShipCockpit", "Item":"Sidewinder_Cockpit", "On":true, "Priority":1, "Health":1.000000, "Value":0 }, { "Slot":"CargoHatch", "Item":"ModularCargoBayDoor", "On":true, "Priority":1, "Health":1.000000, "Value":0 } ] }
{ "timestamp":"2017-11-17T23:27:14Z", "event":"Materials", "Raw":[  ], "Manufactured":[  ], "Encoded":[  ] }
{ "timestamp":"2017-11-17T23:27:14Z", "event":"LoadGame", "Commander":"JaredCrue", "Ship":"SideWinder", "ShipID":0, "ShipName":"USS Tug Boat", "ShipIdent":"", "FuelLevel":2.000000, "FuelCapacity":2.000000, "GameMode":"Open", "Credits":5528, "Loan":0 }
{ "timestamp":"2017-11-17T23:27:14Z", "event":"Rank", "Combat":0, "Trade":0, "Explore":0, "Empire":0, "Federation":0, "CQC":0 }
{ "timestamp":"2017-11-17T23:27:14Z", "event":"Progress", "Combat":0, "Trade":0, "Explore":0, "Empire":0, "Federation":0, "CQC":0 }
{ "timestamp":"2017-11-17T23:27:32Z", "event":"Location", "Docked":true, "StationName":"Russell Ring", "StationType":"Orbis", "StarSystem":"Eravate", "StarPos":[-42.438,-3.156,59.656], "SystemAllegiance":"Federation", "SystemEconomy":"$economy_Agri;", "SystemEconomy_Localised":"Agriculture", "SystemGovernment":"$government_Corporate;", "SystemGovernment_Localised":"Corporate", "SystemSecurity":"$SYSTEM_SECURITY_high;", "SystemSecurity_Localised":"High Security", "Population":740380179, "Body":"Russell Ring", "BodyType":"Station", "Factions":[ { "Name":"Eravate School of Commerce", "FactionState":"None", "Government":"Cooperative", "Influence":0.115000, "Allegiance":"Independent", "PendingStates":[ { "State":"CivilWar", "Trend":0 } ] }, { "Name":"Pilots Federation Local Branch", "FactionState":"None", "Government":"Democracy", "Influence":0.000000, "Allegiance":"PilotsFederation" }, { "Name":"Independent Eravate Free", "FactionState":"Boom", "Government":"Democracy", "Influence":0.120000, "Allegiance":"Independent", "RecoveringStates":[ { "State":"Outbreak", "Trend":1 } ] }, { "Name":"Eravate Network", "FactionState":"Outbreak", "Government":"Corporate", "Influence":0.150000, "Allegiance":"Federation", "RecoveringStates":[ { "State":"Boom", "Trend":-1 } ] }, { "Name":"Traditional Eravate Autocracy", "FactionState":"Boom", "Government":"Dictatorship", "Influence":0.093000, "Allegiance":"Independent", "PendingStates":[ { "State":"Outbreak", "Trend":1 } ] }, { "Name":"Eravate Life Services", "FactionState":"None", "Government":"Corporate", "Influence":0.108000, "Allegiance":"Independent", "PendingStates":[ { "State":"Outbreak", "Trend":1 } ], "RecoveringStates":[ { "State":"Boom", "Trend":1 } ] }, { "Name":"Official Eravate Flag", "FactionState":"Outbreak", "Government":"Dictatorship", "Influence":0.085000, "Allegiance":"Independent", "RecoveringStates":[ { "State":"Boom", "Trend":-1 } ] }, { "Name":"Adle's Armada", "FactionState":"Boom", "Government":"Corporate", "Influence":0.329000, "Allegiance":"Federation" } ], "SystemFaction":"Adle's Armada", "FactionState":"Boom" }
{ "timestamp":"2017-11-17T23:27:32Z", "event":"Music", "MusicTrack":"NoTrack" }
{ "timestamp":"2017-11-17T23:27:32Z", "event":"Docked", "StationName":"Russell Ring", "StationType":"Orbis", "StarSystem":"Eravate", "StationFaction":"Pilots Federation Local Branch", "StationGovernment":"$government_Democracy;", "StationGovernment_Localised":"Democracy", "StationAllegiance":"PilotsFederation", "StationServices":[ "Dock", "Autodock", "Commodities", "Contacts", "Exploration", "Missions", "Outfitting", "CrewLounge", "Rearm", "Refuel", "Repair", "Shipyard", "Tuning", "MissionsGenerated", "FlightController", "StationOperations", "Powerplay", "SearchAndRescue" ], "StationEconomy":"$economy_Industrial;", "StationEconomy_Localised":"Industrial", "DistFromStarLS":99.471611 }
{ "timestamp":"2017-11-17T23:27:33Z", "event":"Music", "MusicTrack":"Starport" }
{ "timestamp":"2017-11-17T23:28:47Z", "event":"Music", "MusicTrack":"Exploration" }
{ "timestamp":"2017-11-17T23:28:49Z", "event":"Music", "MusicTrack":"MainMenu" }
{ "timestamp":"2017-11-17T23:28:56Z", "event":"Cargo", "Inventory":[  ] }
{ "timestamp":"2017-11-17T23:28:56Z", "event":"Loadout", "Ship":"SideWinder", "ShipID":0, "ShipName":"USS Tug Boat", "ShipIdent":"", "Modules":[ { "Slot":"SmallHardpoint1", "Item":"Hpt_PulseLaser_Gimbal_Small", "On":true, "Priority":2, "Health":1.000000, "Value":0 }, { "Slot":"SmallHardpoint2", "Item":"Hpt_PulseLaser_Gimbal_Small", "On":true, "Priority":2, "Health":1.000000, "Value":0 }, { "Slot":"Armour", "Item":"SideWinder_Armour_Grade1", "On":true, "Priority":1, "Health":1.000000, "Value":0 }, { "Slot":"PowerPlant", "Item":"Int_PowerPlant_Size2_Class1", "On":true, "Priority":1, "Health":1.000000, "Value":0 }, { "Slot":"MainEngines", "Item":"Int_Engine_Size2_Class1", "On":true, "Priority":2, "Health":1.000000, "Value":0 }, { "Slot":"FrameShiftDrive", "Item":"Int_Hyperdrive_Size2_Class1", "On":true, "Priority":2, "Health":1.000000, "Value":0 }, { "Slot":"LifeSupport", "Item":"Int_LifeSupport_Size1_Class1", "On":true, "Priority":2, "Health":1.000000, "Value":0 }, { "Slot":"PowerDistributor", "Item":"Int_PowerDistributor_Size1_Class1", "On":true, "Priority":2, "Health":1.000000, "Value":0 }, { "Slot":"Radar", "Item":"Int_Sensors_Size1_Class1", "On":true, "Priority":2, "Health":1.000000, "Value":0 }, { "Slot":"FuelTank", "Item":"Int_FuelTank_Size1_Class3", "On":true, "Priority":1, "Health":1.000000, "Value":0 }, { "Slot":"Slot01_Size2", "Item":"Int_ShieldGenerator_Size2_Class1", "On":true, "Priority":2, "Health":1.000000, "Value":0 }, { "Slot":"Slot02_Size2", "Item":"Int_CargoRack_Size2_Class1", "On":true, "Priority":1, "Health":1.000000, "Value":0 }, { "Slot":"Slot03_Size1", "Item":"Int_StellarBodyDiscoveryScanner_Standard", "On":true, "Priority":1, "Health":1.000000, "Value":0 }, { "Slot":"Slot04_Size1", "Item":"Int_FuelScoop_Size1_Class3", "On":true, "Priority":0, "Health":1.000000, "Value":5142 }, { "Slot":"PlanetaryApproachSuite", "Item":"Int_PlanetApproachSuite", "On":true, "Priority":1, "Health":1.000000, "Value":0 }, { "Slot":"ShipCockpit", "Item":"Sidewinder_Cockpit", "On":true, "Priority":1, "Health":1.000000, "Value":0 }, { "Slot":"CargoHatch", "Item":"ModularCargoBayDoor", "On":true, "Priority":1, "Health":1.000000, "Value":0 } ] }
{ "timestamp":"2017-11-17T23:28:56Z", "event":"Materials", "Raw":[  ], "Manufactured":[  ], "Encoded":[  ] }
{ "timestamp":"2017-11-17T23:28:56Z", "event":"LoadGame", "Commander":"JaredCrue", "Ship":"SideWinder", "ShipID":0, "ShipName":"USS Tug Boat", "ShipIdent":"", "FuelLevel":2.000000, "FuelCapacity":2.000000, "GameMode":"Solo", "Credits":5528, "Loan":0 }
{ "timestamp":"2017-11-17T23:28:56Z", "event":"Rank", "Combat":0, "Trade":0, "Explore":0, "Empire":0, "Federation":0, "CQC":0 }
{ "timestamp":"2017-11-17T23:28:56Z", "event":"Progress", "Combat":0, "Trade":0, "Explore":0, "Empire":0, "Federation":0, "CQC":0 }
{ "timestamp":"2017-11-17T23:29:00Z", "event":"Location", "Docked":true, "StationName":"Russell Ring", "StationType":"Orbis", "StarSystem":"Eravate", "StarPos":[-42.438,-3.156,59.656], "SystemAllegiance":"Federation", "SystemEconomy":"$economy_Agri;", "SystemEconomy_Localised":"Agriculture", "SystemGovernment":"$government_Corporate;", "SystemGovernment_Localised":"Corporate", "SystemSecurity":"$SYSTEM_SECURITY_high;", "SystemSecurity_Localised":"High Security", "Population":740380179, "Body":"Russell Ring", "BodyType":"Station", "Factions":[ { "Name":"Eravate School of Commerce", "FactionState":"None", "Government":"Cooperative", "Influence":0.115000, "Allegiance":"Independent", "PendingStates":[ { "State":"CivilWar", "Trend":0 } ] }, { "Name":"Pilots Federation Local Branch", "FactionState":"None", "Government":"Democracy", "Influence":0.000000, "Allegiance":"PilotsFederation" }, { "Name":"Independent Eravate Free", "FactionState":"Boom", "Government":"Democracy", "Influence":0.120000, "Allegiance":"Independent", "RecoveringStates":[ { "State":"Outbreak", "Trend":1 } ] }, { "Name":"Eravate Network", "FactionState":"Outbreak", "Government":"Corporate", "Influence":0.150000, "Allegiance":"Federation", "RecoveringStates":[ { "State":"Boom", "Trend":-1 } ] }, { "Name":"Traditional Eravate Autocracy", "FactionState":"Boom", "Government":"Dictatorship", "Influence":0.093000, "Allegiance":"Independent", "PendingStates":[ { "State":"Outbreak", "Trend":1 } ] }, { "Name":"Eravate Life Services", "FactionState":"None", "Government":"Corporate", "Influence":0.108000, "Allegiance":"Independent", "PendingStates":[ { "State":"Outbreak", "Trend":1 } ], "RecoveringStates":[ { "State":"Boom", "Trend":1 } ] }, { "Name":"Official Eravate Flag", "FactionState":"Outbreak", "Government":"Dictatorship", "Influence":0.085000, "Allegiance":"Independent", "RecoveringStates":[ { "State":"Boom", "Trend":-1 } ] }, { "Name":"Adle's Armada", "FactionState":"Boom", "Government":"Corporate", "Influence":0.329000, "Allegiance":"Federation" } ], "SystemFaction":"Adle's Armada", "FactionState":"Boom" }
{ "timestamp":"2017-11-17T23:29:00Z", "event":"Music", "MusicTrack":"NoTrack" }
{ "timestamp":"2017-11-17T23:29:00Z", "event":"Docked", "StationName":"Russell Ring", "StationType":"Orbis", "StarSystem":"Eravate", "StationFaction":"Pilots Federation Local Branch", "StationGovernment":"$government_Democracy;", "StationGovernment_Localised":"Democracy", "StationAllegiance":"PilotsFederation", "StationServices":[ "Dock", "Autodock", "Commodities", "Contacts", "Exploration", "Missions", "Outfitting", "CrewLounge", "Rearm", "Refuel", "Repair", "Shipyard", "Tuning", "MissionsGenerated", "FlightController", "StationOperations", "Powerplay", "SearchAndRescue" ], "StationEconomy":"$economy_Industrial;", "StationEconomy_Localised":"Industrial", "DistFromStarLS":99.470810 }
{ "timestamp":"2017-11-17T23:29:00Z", "event":"Music", "MusicTrack":"Starport" }
{ "timestamp":"2017-11-17T23:30:27Z", "event":"MissionAccepted", "Faction":"Eravate School of Commerce", "Name":"Mission_Collect_Industrial", "LocalisedName":"Industry needs 2 units of H.E. Suits", "Commodity":"$HazardousEnvironmentSuits_Name;", "Commodity_Localised":"H.E. Suits", "Count":2, "DestinationSystem":"Eravate", "DestinationStation":"Russell Ring", "Expiry":"2017-11-19T09:10:55Z", "Influence":"Med", "Reputation":"Low", "Reward":10531, "MissionID":247758395 }
{ "timestamp":"2017-11-17T23:30:31Z", "event":"MissionAccepted", "Faction":"Eravate School of Commerce", "Name":"Mission_Collect_Industrial", "LocalisedName":"Industry needs 3 units of Synthetic Meat", "Commodity":"$SyntheticMeat_Name;", "Commodity_Localised":"Synthetic Meat", "Count":3, "DestinationSystem":"Eravate", "DestinationStation":"Russell Ring", "Expiry":"2017-11-19T06:56:30Z", "Influence":"Med", "Reputation":"Low", "Reward":696, "MissionID":247758425 }
{ "timestamp":"2017-11-17T23:30:35Z", "event":"MissionAccepted", "Faction":"Eravate School of Commerce", "Name":"Mission_Collect_Industrial", "LocalisedName":"Industry needs 2 units of Cobalt", "Commodity":"$Cobalt_Name;", "Commodity_Localised":"Cobalt", "Count":2, "DestinationSystem":"Eravate", "DestinationStation":"Russell Ring", "Expiry":"2017-11-19T21:43:15Z", "Influence":"Med", "Reputation":"Low", "Reward":11799, "MissionID":247758459 }
{ "timestamp":"2017-11-17T23:30:44Z", "event":"MissionAccepted", "Faction":"Eravate School of Commerce", "Name":"Mission_Altruism", "LocalisedName":"Donate 4 units of Palladium", "Commodity":"$Palladium_Name;", "Commodity_Localised":"Palladium", "Count":4, "DestinationSystem":"Eravate", "DestinationStation":"Russell Ring", "Expiry":"2017-11-19T06:44:18Z", "Influence":"Low", "Reputation":"High", "MissionID":247758542 }
{ "timestamp":"2017-11-17T23:31:21Z", "event":"MissionAccepted", "Faction":"Adle's Armada", "Name":"Mission_Courier_Boom", "LocalisedName":"Boom data delivery", "TargetFaction":"LHS 3447 Dynamic & Co", "DestinationSystem":"LHS 3447", "DestinationStation":"Lawson Orbital", "Expiry":"2017-11-18T23:29:56Z", "Influence":"Low", "Reputation":"Med", "Reward":2920, "MissionID":247758843 }
{ "timestamp":"2017-11-17T23:31:23Z", "event":"MissionAccepted", "Faction":"Adle's Armada", "Name":"Mission_Courier_Boom", "LocalisedName":"Boom data delivery", "TargetFaction":"Chamunda Crimson Travel Exchange", "DestinationSystem":"Chamunda", "DestinationStation":"Gidzenko Ring", "Expiry":"2017-11-18T23:29:56Z", "Influence":"Low", "Reputation":"Med", "Reward":3335, "MissionID":247758866 }
{ "timestamp":"2017-11-17T23:31:24Z", "event":"MissionAccepted", "Faction":"Adle's Armada", "Name":"Mission_Courier_Boom", "LocalisedName":"Boom data delivery", "TargetFaction":"Kremainn Corp.", "DestinationSystem":"Potriti", "DestinationStation":"Tuan Orbital", "Expiry":"2017-11-18T23:29:56Z", "Influence":"Low", "Reputation":"Med", "Reward":3832, "MissionID":247758883 }
{ "timestamp":"2017-11-17T23:31:28Z", "event":"MissionAccepted", "Faction":"Adle's Armada", "Name":"Mission_Courier_Boom", "LocalisedName":"Boom data delivery", "TargetFaction":"Party of Kremainn", "DestinationSystem":"Kremainn", "DestinationStation":"Wohler Terminal", "Expiry":"2017-11-18T23:29:56Z", "Influence":"Low", "Reputation":"Med", "Reward":12819, "MissionID":247758929 }
{ "timestamp":"2017-11-17T23:31:38Z", "event":"MissionAccepted", "Faction":"Adle's Armada", "Name":"Mission_Delivery_Boom", "LocalisedName":"Boom time delivery of 3 units of Basic Medicines", "Commodity":"$BasicMedicines_Name;", "Commodity_Localised":"Basic Medicines", "Count":3, "TargetFaction":"Official Eravate Flag", "DestinationSystem":"Eravate", "DestinationStation":"McMahon Dock", "Expiry":"2017-11-18T23:29:56Z", "Influence":"Low", "Reputation":"Low", "Reward":18481, "MissionID":247759037 }
{ "timestamp":"2017-11-17T23:31:53Z", "event":"MissionAccepted", "Faction":"Eravate Network", "Name":"Mission_Collect_Outbreak", "LocalisedName":"Outbreak aid needed 3 units of Progenitor Cells", "Commodity":"$ProgenitorCells_Name;", "Commodity_Localised":"Progenitor Cells", "Count":3, "DestinationSystem":"Eravate", "DestinationStation":"Russell Ring", "Expiry":"2017-11-19T15:43:18Z", "Influence":"Med", "Reputation":"Low", "Reward":47095, "MissionID":247759178 }
{ "timestamp":"2017-11-17T23:31:55Z", "event":"MissionAccepted", "Faction":"Eravate Network", "Name":"Mission_Altruism_Outbreak", "LocalisedName":"Find 2 units of Performance Enhancers", "Commodity":"$PerformanceEnhancers_Name;", "Commodity_Localised":"Performance Enhancers", "Count":2, "DestinationSystem":"Eravate", "DestinationStation":"Russell Ring", "Expiry":"2017-11-19T08:12:35Z", "Influence":"Low", "Reputation":"High", "MissionID":247759201 }
{ "timestamp":"2017-11-17T23:31:58Z", "event":"MissionAccepted", "Faction":"Eravate Network", "Name":"Mission_Collect_Outbreak", "LocalisedName":"Outbreak aid needed 3 units of Progenitor Cells", "Commodity":"$ProgenitorCells_Name;", "Commodity_Localised":"Progenitor Cells", "Count":3, "DestinationSystem":"Eravate", "DestinationStation":"Russell Ring", "Expiry":"2017-11-19T18:09:47Z", "Influence":"Med", "Reputation":"Low", "Reward":49926, "MissionID":247759221 }
{ "timestamp":"2017-11-17T23:32:04Z", "event":"MissionAccepted", "Faction":"Independent Eravate Free", "Name":"Mission_Courier_Boom", "LocalisedName":"Boom data delivery", "TargetFaction":"Apoyota & Co", "DestinationSystem":"Ekonir", "DestinationStation":"Kubasov Orbital", "Expiry":"2017-11-18T23:29:56Z", "Influence":"Low", "Reputation":"Med", "Reward":3132, "MissionID":247759280 }
{ "timestamp":"2017-11-17T23:32:08Z", "event":"MissionAccepted", "Faction":"Independent Eravate Free", "Name":"Mission_Courier_Boom", "LocalisedName":"Boom data delivery", "TargetFaction":"LHS 3447 Dynamic & Co", "DestinationSystem":"LHS 3447", "DestinationStation":"Trevithick Dock", "Expiry":"2017-11-18T23:29:56Z", "Influence":"Low", "Reputation":"Med", "Reward":34142, "MissionID":247759320 }
{ "timestamp":"2017-11-17T23:32:11Z", "event":"MissionAccepted", "Faction":"Independent Eravate Free", "Name":"Mission_Courier_Boom", "LocalisedName":"Boom data delivery", "TargetFaction":"Frigaha Gold Netcoms Ltd", "DestinationSystem":"Frigaha", "DestinationStation":"Engle Orbital", "Expiry":"2017-11-18T23:29:56Z", "Influence":"Low", "Reputation":"Med", "Reward":2814, "MissionID":247759340 }
{ "timestamp":"2017-11-17T23:32:13Z", "event":"MissionAccepted", "Faction":"Independent Eravate Free", "Name":"Mission_Courier_Boom", "LocalisedName":"Boom data delivery", "TargetFaction":"LTT 18486 Jet Energy Company", "DestinationSystem":"LHS 3447", "DestinationStation":"Trevithick Dock", "Expiry":"2017-11-18T23:29:56Z", "Influence":"Low", "Reputation":"Med", "Reward":17071, "MissionID":247759359 }
{ "timestamp":"2017-11-17T23:32:33Z", "event":"MissionAccepted", "Faction":"Eravate Life Services", "Name":"Mission_Collect_Industrial", "LocalisedName":"Industry needs 2 units of Tantalum", "Commodity":"$Tantalum_Name;", "Commodity_Localised":"Tantalum", "Count":2, "DestinationSystem":"Eravate", "DestinationStation":"Russell Ring", "Expiry":"2017-11-18T23:55:35Z", "Influence":"Med", "Reputation":"Low", "Reward":22637, "MissionID":247759540 }
{ "timestamp":"2017-11-17T23:32:39Z", "event":"MissionAccepted", "Faction":"Eravate Life Services", "Name":"Mission_Salvage", "LocalisedName":"Commercial Samples salvage operation.", "Commodity":"$ComercialSamples_Name;", "Commodity_Localised":"Commercial Samples", "Count":1, "DestinationSystem":"Potriti", "DestinationStation":"Hartsfield Plant", "Expiry":"2017-11-18T20:27:48Z", "Influence":"Med", "Reputation":"Low", "Reward":34268, "MissionID":247759591 }
{ "timestamp":"2017-11-17T23:34:48Z", "event":"Undocked", "StationName":"Russell Ring", "StationType":"Orbis" }
{ "timestamp":"2017-11-17T23:35:46Z", "event":"Music", "MusicTrack":"NoTrack" }
{ "timestamp":"2017-11-17T23:35:57Z", "event":"ReceiveText", "From":"Russell Ring", "Message":"$DockingTresspassWarningComms;", "Message_Localised":"Unauthorised access infraction detected, clear starport immediately to avoid lethal response", "Channel":"npc" }
{ "timestamp":"2017-11-17T23:36:01Z", "event":"ReceiveText", "From":"Russell Ring", "Message":"$DockingOffenceCleared;", "Message_Localised":"Starport infractions cleared, docking privileges restored.", "Channel":"npc" }
{ "timestamp":"2017-11-17T23:36:26Z", "event":"Scanned", "ScanType":"Cargo" }
{ "timestamp":"2017-11-17T23:36:26Z", "event":"ReceiveText", "From":"$ShipName_Police_Independent;", "From_Localised":"System Authority Vessel", "Message":"$Police_ThankYouPassedStopAndSearch07;", "Message_Localised":"Your scan is clear. Carry on with your journey, Commander.", "Channel":"npc" }
{ "timestamp":"2017-11-17T23:37:01Z", "event":"ReceiveText", "From":"Russell Ring", "Message":"$STATION_NoFireZone_exited;", "Message_Localised":"No fire zone left.", "Channel":"npc" }
{ "timestamp":"2017-11-17T23:38:16Z", "event":"Music", "MusicTrack":"GalaxyMap" }
{ "timestamp":"2017-11-17T23:38:22Z", "event":"Music", "MusicTrack":"NoTrack" }
{ "timestamp":"2017-11-17T23:38:26Z", "event":"Music", "MusicTrack":"SystemMap" }
{ "timestamp":"2017-11-17T23:39:09Z", "event":"Music", "MusicTrack":"NoTrack" }
{ "timestamp":"2017-11-17T23:39:39Z", "event":"StartJump", "JumpType":"Supercruise" }
{ "timestamp":"2017-11-17T23:39:44Z", "event":"SupercruiseEntry", "StarSystem":"Eravate" }
{ "timestamp":"2017-11-17T23:39:44Z", "event":"Music", "MusicTrack":"Supercruise" }
{ "timestamp":"2017-11-17T23:42:33Z", "event":"SupercruiseExit", "StarSystem":"Eravate", "Body":"Eravate", "BodyType":"Star" }
{ "timestamp":"2017-11-17T23:42:34Z", "event":"Music", "MusicTrack":"Exploration" }
{ "timestamp":"2017-11-17T23:42:54Z", "event":"StartJump", "JumpType":"Supercruise" }
{ "timestamp":"2017-11-17T23:42:59Z", "event":"SupercruiseEntry", "StarSystem":"Eravate" }
{ "timestamp":"2017-11-17T23:43:00Z", "event":"Music", "MusicTrack":"Supercruise" }
{ "timestamp":"2017-11-17T23:44:19Z", "event":"SupercruiseExit", "StarSystem":"Eravate", "Body":"Maine Hub", "BodyType":"Station" }
{ "timestamp":"2017-11-17T23:44:20Z", "event":"Music", "MusicTrack":"DestinationFromSupercruise" }
{ "timestamp":"2017-11-17T23:44:25Z", "event":"Music", "MusicTrack":"Exploration" }
{ "timestamp":"2017-11-17T23:44:35Z", "event":"ReceiveText", "From":"Maine Hub", "Message":"$STATION_NoFireZone_entered;", "Message_Localised":"No fire zone entered.", "Channel":"npc" }
{ "timestamp":"2017-11-17T23:45:17Z", "event":"DockingRequested", "StationName":"Maine Hub" }
{ "timestamp":"2017-11-17T23:45:17Z", "event":"ReceiveText", "From":"Maine Hub", "Message":"$DockingChatter_Neutral;", "Message_Localised":"Ensure to observe starport protocol during your visit, pilot.", "Channel":"npc" }
{ "timestamp":"2017-11-17T23:45:19Z", "event":"ReceiveText", "From":"Maine Hub", "Message":"$STATION_docking_granted;", "Message_Localised":"Docking request granted.", "Channel":"npc" }
{ "timestamp":"2017-11-17T23:45:19Z", "event":"DockingGranted", "LandingPad":1, "StationName":"Maine Hub" }
{ "timestamp":"2017-11-17T23:47:43Z", "event":"Docked", "StationName":"Maine Hub", "StationType":"Outpost", "StarSystem":"Eravate", "StationFaction":"Independent Eravate Free", "FactionState":"Boom", "StationGovernment":"$government_Democracy;", "StationGovernment_Localised":"Democracy", "StationServices":[ "Dock", "Autodock", "BlackMarket", "Commodities", "Contacts", "Exploration", "Missions", "Outfitting", "CrewLounge", "Rearm", "Refuel", "MissionsGenerated", "FlightController", "StationOperations", "Powerplay", "SearchAndRescue" ], "StationEconomy":"$economy_Industrial;", "StationEconomy_Localised":"Industrial", "DistFromStarLS":496.250366 }
{ "timestamp":"2017-11-17T23:53:02Z", "event":"Music", "MusicTrack":"GalaxyMap" }
{ "timestamp":"2017-11-17T23:54:00Z", "event":"Music", "MusicTrack":"Exploration" }
{ "timestamp":"2017-11-17T23:54:22Z", "event":"Music", "MusicTrack":"SystemMap" }
{ "timestamp":"2017-11-17T23:54:34Z", "event":"Music", "MusicTrack":"Exploration" }
{ "timestamp":"2017-11-17T23:55:11Z", "event":"Undocked", "StationName":"Maine Hub", "StationType":"Outpost" }
{ "timestamp":"2017-11-17T23:56:30Z", "event":"StartJump", "JumpType":"Supercruise" }
{ "timestamp":"2017-11-17T23:56:35Z", "event":"SupercruiseEntry", "StarSystem":"Eravate" }
{ "timestamp":"2017-11-17T23:56:35Z", "event":"Music", "MusicTrack":"Supercruise" }
{ "timestamp":"2017-11-17T23:57:32Z", "event":"ReceiveText", "From":"$ShipName_PassengerLiner_Cruise;", "From_Localised":"Cruise Ship", "Message":"$CruiseLiner_SCPatrol02;", "Message_Localised":"We will be cruising in-system for a while, please feel free to take advantage of our in-flight entertainment.", "Channel":"npc" }
{ "timestamp":"2017-11-17T23:58:13Z", "event":"ReceiveText", "From":"$ShipName_PassengerLiner_Cruise;", "From_Localised":"Cruise Ship", "Message":"$CruiseLiner_SCPatrol04;", "Message_Localised":"I'd like to direct your attention to our flight attendants for a brief safety demonstration.", "Channel":"npc" }
{ "timestamp":"2017-11-17T23:59:00Z", "event":"ReceiveText", "From":"$ShipName_PassengerLiner_Cruise;", "From_Localised":"Cruise Ship", "Message":"$CruiseLiner_SCPatrol04;", "Message_Localised":"I'd like to direct your attention to our flight attendants for a brief safety demonstration.", "Channel":"npc" }
{ "timestamp":"2017-11-18T00:00:30Z", "event":"SupercruiseExit", "StarSystem":"Eravate", "Body":"McMahon Dock", "BodyType":"Station" }
{ "timestamp":"2017-11-18T00:00:30Z", "event":"Music", "MusicTrack":"DestinationFromSupercruise" }
{ "timestamp":"2017-11-18T00:00:35Z", "event":"Music", "MusicTrack":"Exploration" }
{ "timestamp":"2017-11-18T00:00:40Z", "event":"ReceiveText", "From":"McMahon Dock", "Message":"$STATION_NoFireZone_entered;", "Message_Localised":"No fire zone entered.", "Channel":"npc" }
{ "timestamp":"2017-11-18T00:00:48Z", "event":"DockingRequested", "StationName":"McMahon Dock" }
{ "timestamp":"2017-11-18T00:00:48Z", "event":"ReceiveText", "From":"McMahon Dock", "Message":"$DockingChatter_Neutral;", "Message_Localised":"Ensure to observe starport protocol during your visit, pilot.", "Channel":"npc" }
{ "timestamp":"2017-11-18T00:00:50Z", "event":"ReceiveText", "From":"McMahon Dock", "Message":"$STATION_docking_granted;", "Message_Localised":"Docking request granted.", "Channel":"npc" }
{ "timestamp":"2017-11-18T00:00:50Z", "event":"DockingGranted", "LandingPad":2, "StationName":"McMahon Dock" }
{ "timestamp":"2017-11-18T00:03:08Z", "event":"Scanned", "ScanType":"Cargo" }
{ "timestamp":"2017-11-18T00:03:14Z", "event":"Docked", "StationName":"McMahon Dock", "StationType":"Outpost", "StarSystem":"Eravate", "StationFaction":"Independent Eravate Free", "FactionState":"Boom", "StationGovernment":"$government_Democracy;", "StationGovernment_Localised":"Democracy", "StationServices":[ "Dock", "Autodock", "BlackMarket", "Commodities", "Contacts", "Exploration", "Missions", "Refuel", "Repair", "Tuning", "MissionsGenerated", "FlightController", "StationOperations", "Powerplay", "SearchAndRescue" ], "StationEconomy":"$economy_Industrial;", "StationEconomy_Localised":"Industrial", "DistFromStarLS":148.816605 }
{ "timestamp":"2017-11-18T00:03:29Z", "event":"Promotion", "Trade":1 }
{ "timestamp":"2017-11-18T00:03:29Z", "event":"MissionCompleted", "Faction":"Official Eravate Flag", "Name":"Mission_Delivery_Boom_name", "MissionID":247759037, "Commodity":"$BasicMedicines_Name;", "Commodity_Localised":"Basic Medicines", "Count":3, "TargetFaction":"Official Eravate Flag", "DestinationSystem":"Eravate", "DestinationStation":"McMahon Dock", "Reward":18481, "CommodityReward":[ { "Name":"CoolingHoses", "Count":4 } ] }
{ "timestamp":"2017-11-18T00:03:29Z", "event":"MaterialDiscovered", "Category":"Encoded", "Name":"bulkscandata", "DiscoveryNumber":1 }
{ "timestamp":"2017-11-18T00:03:29Z", "event":"MaterialCollected", "Category":"Encoded", "Name":"bulkscandata", "Count":1 }
{ "timestamp":"2017-11-18T00:08:47Z", "event":"MissionAbandoned", "Name":"Mission_Salvage_name", "MissionID":247759591 }
{ "timestamp":"2017-11-18T00:08:58Z", "event":"MissionAbandoned", "Name":"Mission_Courier_Boom_name", "MissionID":247759359 }
{ "timestamp":"2017-11-18T00:09:05Z", "event":"MissionAbandoned", "Name":"Mission_Courier_Boom_name", "MissionID":247759340 }
{ "timestamp":"2017-11-18T00:09:13Z", "event":"MissionAbandoned", "Name":"Mission_Courier_Boom_name", "MissionID":247759320 }
{ "timestamp":"2017-11-18T00:09:17Z", "event":"MissionAbandoned", "Name":"Mission_Courier_Boom_name", "MissionID":247759280 }
{ "timestamp":"2017-11-18T00:09:23Z", "event":"MissionAbandoned", "Name":"Mission_Courier_Boom_name", "MissionID":247758929 }
{ "timestamp":"2017-11-18T00:09:29Z", "event":"MissionAbandoned", "Name":"Mission_Courier_Boom_name", "MissionID":247758883 }
{ "timestamp":"2017-11-18T00:09:34Z", "event":"MissionAbandoned", "Name":"Mission_Courier_Boom_name", "MissionID":247758866 }
{ "timestamp":"2017-11-18T00:09:38Z", "event":"MissionAbandoned", "Name":"Mission_Courier_Boom_name", "MissionID":247758843 }
{ "timestamp":"2017-11-18T00:11:28Z", "event":"Undocked", "StationName":"McMahon Dock", "StationType":"Outpost" }
{ "timestamp":"2017-11-18T00:12:13Z", "event":"Music", "MusicTrack":"SystemMap" }
{ "timestamp":"2017-11-18T00:12:57Z", "event":"Music", "MusicTrack":"Exploration" }
{ "timestamp":"2017-11-18T00:13:57Z", "event":"StartJump", "JumpType":"Supercruise" }
{ "timestamp":"2017-11-18T00:14:03Z", "event":"SupercruiseEntry", "StarSystem":"Eravate" }
{ "timestamp":"2017-11-18T00:14:03Z", "event":"Music", "MusicTrack":"Supercruise" }
{ "timestamp":"2017-11-18T00:18:27Z", "event":"SupercruiseExit", "StarSystem":"Eravate", "Body":"Ackerman Market", "BodyType":"Station" }
{ "timestamp":"2017-11-18T00:18:27Z", "event":"Music", "MusicTrack":"DestinationFromSupercruise" }
{ "timestamp":"2017-11-18T00:18:28Z", "event":"ReceiveText", "From":"Ackerman Market", "Message":"$STATION_NoFireZone_entered;", "Message_Localised":"No fire zone entered.", "Channel":"npc" }
{ "timestamp":"2017-11-18T00:18:32Z", "event":"Music", "MusicTrack":"NoTrack" }
{ "timestamp":"2017-11-18T00:19:08Z", "event":"DockingRequested", "StationName":"Ackerman Market" }
{ "timestamp":"2017-11-18T00:19:08Z", "event":"ReceiveText", "From":"Ackerman Market", "Message":"$DockingChatter_Neutral;", "Message_Localised":"Ensure to observe starport protocol during your visit, pilot.", "Channel":"npc" }
{ "timestamp":"2017-11-18T00:19:10Z", "event":"ReceiveText", "From":"Ackerman Market", "Message":"$STATION_docking_granted;", "Message_Localised":"Docking request granted.", "Channel":"npc" }
{ "timestamp":"2017-11-18T00:19:10Z", "event":"DockingGranted", "LandingPad":36, "StationName":"Ackerman Market" }
{ "timestamp":"2017-11-18T00:20:51Z", "event":"Music", "MusicTrack":"Starport" }
{ "timestamp":"2017-11-18T00:21:54Z", "event":"Docked", "StationName":"Ackerman Market", "StationType":"Orbis", "StarSystem":"Eravate", "StationFaction":"Adle's Armada", "FactionState":"Boom", "StationGovernment":"$government_Corporate;", "StationGovernment_Localised":"Corporate", "StationAllegiance":"Federation", "StationServices":[ "Dock", "Autodock", "BlackMarket", "Commodities", "Contacts", "Exploration", "Missions", "Outfitting", "CrewLounge", "Rearm", "Refuel", "Repair", "Shipyard", "Tuning", "MissionsGenerated", "FlightController", "StationOperations", "Powerplay", "SearchAndRescue" ], "StationEconomy":"$economy_Agri;", "StationEconomy_Localised":"Agriculture", "DistFromStarLS":273.327240 }
{ "timestamp":"2017-11-18T00:28:09Z", "event":"ReceiveText", "From":"$npc_name_decorate:#name=Robert Pearce;", "From_Localised":"Robert Pearce", "Message":"$Commuter_AuthorityScan02;", "Message_Localised":"How can I be of assistance?", "Channel":"npc" }
{ "timestamp":"2017-11-18T00:29:21Z", "event":"Undocked", "StationName":"Ackerman Market", "StationType":"Orbis" }
{ "timestamp":"2017-11-18T00:30:08Z", "event":"Music", "MusicTrack":"NoTrack" }
{ "timestamp":"2017-11-18T00:30:18Z", "event":"ReceiveText", "From":"Ackerman Market", "Message":"$DockingTresspassWarningComms;", "Message_Localised":"Unauthorised access infraction detected, clear starport immediately to avoid lethal response", "Channel":"npc" }
{ "timestamp":"2017-11-18T00:30:34Z", "event":"ReceiveText", "From":"Ackerman Market", "Message":"$DockingOffenceCleared;", "Message_Localised":"Starport infractions cleared, docking privileges restored.", "Channel":"npc" }
{ "timestamp":"2017-11-18T00:30:46Z", "event":"Scanned", "ScanType":"Cargo" }
{ "timestamp":"2017-11-18T00:30:46Z", "event":"ReceiveText", "From":"$ShipName_Police_Federation;", "From_Localised":"Federal Security Service", "Message":"$Police_ThankYouPassedStopAndSearch08;", "Message_Localised":"All done and you're clear to proceed, Commander.", "Channel":"npc" }
{ "timestamp":"2017-11-18T00:30:58Z", "event":"Music", "MusicTrack":"SystemMap" }
{ "timestamp":"2017-11-18T00:31:23Z", "event":"Music", "MusicTrack":"NoTrack" }
{ "timestamp":"2017-11-18T00:31:43Z", "event":"Music", "MusicTrack":"SystemMap" }
{ "timestamp":"2017-11-18T00:31:55Z", "event":"Music", "MusicTrack":"NoTrack" }
{ "timestamp":"2017-11-18T00:32:37Z", "event":"StartJump", "JumpType":"Supercruise" }
{ "timestamp":"2017-11-18T00:32:42Z", "event":"SupercruiseEntry", "StarSystem":"Eravate" }
{ "timestamp":"2017-11-18T00:32:42Z", "event":"ReceiveText", "From":"Ackerman Market", "Message":"$STATION_NoFireZone_exited;", "Message_Localised":"No fire zone left.", "Channel":"npc" }
{ "timestamp":"2017-11-18T00:32:42Z", "event":"Music", "MusicTrack":"Supercruise" }
{ "timestamp":"2017-11-18T00:34:18Z", "event":"ReceiveText", "From":"$ShipName_PassengerLiner_Cruise;", "From_Localised":"Cruise Ship", "Message":"$CruiseLiner_SCPatrol03;", "Message_Localised":"Today's cruise includes some delightful views, our flight attendants are on hand with full details.", "Channel":"npc" }
{ "timestamp":"2017-11-18T00:35:03Z", "event":"ReceiveText", "From":"$ShipName_PassengerLiner_Cruise;", "From_Localised":"Cruise Ship", "Message":"$CruiseLiner_SCPatrol04;", "Message_Localised":"I'd like to direct your attention to our flight attendants for a brief safety demonstration.", "Channel":"npc" }
{ "timestamp":"2017-11-18T00:37:49Z", "event":"SupercruiseExit", "StarSystem":"Eravate", "Body":"Sylvester City", "BodyType":"Station" }
{ "timestamp":"2017-11-18T00:37:49Z", "event":"Music", "MusicTrack":"DestinationFromSupercruise" }
{ "timestamp":"2017-11-18T00:37:54Z", "event":"Music", "MusicTrack":"Exploration" }
{ "timestamp":"2017-11-18T00:38:09Z", "event":"ReceiveText", "From":"Sylvester City", "Message":"$STATION_NoFireZone_entered;", "Message_Localised":"No fire zone entered.", "Channel":"npc" }
{ "timestamp":"2017-11-18T00:38:36Z", "event":"DockingRequested", "StationName":"Sylvester City" }
{ "timestamp":"2017-11-18T00:38:36Z", "event":"ReceiveText", "From":"Sylvester City", "Message":"$DockingChatter_Neutral;", "Message_Localised":"Ensure to observe starport protocol during your visit, pilot.", "Channel":"npc" }
{ "timestamp":"2017-11-18T00:38:37Z", "event":"ReceiveText", "From":"Sylvester City", "Message":"$STATION_docking_granted;", "Message_Localised":"Docking request granted.", "Channel":"npc" }
{ "timestamp":"2017-11-18T00:38:37Z", "event":"DockingGranted", "LandingPad":2, "StationName":"Sylvester City" }
{ "timestamp":"2017-11-18T00:42:38Z", "event":"Docked", "StationName":"Sylvester City", "StationType":"Outpost", "StarSystem":"Eravate", "StationFaction":"Independent Eravate Free", "FactionState":"Boom", "StationGovernment":"$government_Democracy;", "StationGovernment_Localised":"Democracy", "StationServices":[ "Dock", "Autodock", "Commodities", "Contacts", "Exploration", "Missions", "Refuel", "Repair", "Tuning", "MissionsGenerated", "FlightController", "StationOperations", "Powerplay", "SearchAndRescue" ], "StationEconomy":"$economy_Industrial;", "StationEconomy_Localised":"Industrial", "DistFromStarLS":495.143036 }
{ "timestamp":"2017-11-18T00:45:20Z", "event":"MissionAccepted", "Faction":"Eravate School of Commerce", "Name":"Mission_Courier", "LocalisedName":"Courier job available", "TargetFaction":"LHS 3447 Co", "DestinationSystem":"LHS 3447", "DestinationStation":"Dalton Gateway", "Expiry":"2017-11-19T00:04:24Z", "Influence":"Low", "Reputation":"Med", "Reward":51348, "MissionID":247796063 }
{ "timestamp":"2017-11-18T00:45:40Z", "event":"Music", "MusicTrack":"GalaxyMap" }
{ "timestamp":"2017-11-18T00:46:09Z", "event":"Music", "MusicTrack":"Exploration" }
{ "timestamp":"2017-11-18T00:47:17Z", "event":"RefuelAll", "Cost":37, "Amount":0.715298 }
{ "timestamp":"2017-11-18T00:47:46Z", "event":"Undocked", "StationName":"Sylvester City", "StationType":"Outpost" }
{ "timestamp":"2017-11-18T00:48:20Z", "event":"Music", "MusicTrack":"SystemMap" }
{ "timestamp":"2017-11-18T00:48:21Z", "event":"Music", "MusicTrack":"Exploration" }
{ "timestamp":"2017-11-18T00:48:26Z", "event":"Music", "MusicTrack":"GalaxyMap" }
{ "timestamp":"2017-11-18T00:48:46Z", "event":"Music", "MusicTrack":"Exploration" }
{ "timestamp":"2017-11-18T00:50:05Z", "event":"StartJump", "JumpType":"Hyperspace", "StarSystem":"LHS 3447", "StarClass":"K" }
{ "timestamp":"2017-11-18T00:50:10Z", "event":"Music", "MusicTrack":"NoTrack" }
{ "timestamp":"2017-11-18T00:50:23Z", "event":"FSDJump", "StarSystem":"LHS 3447", "StarPos":[-43.188,-5.281,56.156], "SystemAllegiance":"PilotsFederation", "SystemEconomy":"$economy_Agri;", "SystemEconomy_Localised":"Agriculture", "SystemGovernment":"$government_Democracy;", "SystemGovernment_Localised":"Democracy", "SystemSecurity":"$SYSTEM_SECURITY_high;", "SystemSecurity_Localised":"High Security", "Population":1148206412, "JumpDist":4.163, "FuelUsed":0.214337, "FuelLevel":1.785663, "Factions":[ { "Name":"LHS 3447 Academy for Novitiate Pilots", "FactionState":"None", "Government":"Cooperative", "Influence":0.098901, "Allegiance":"Independent", "PendingStates":[ { "State":"CivilWar", "Trend":0 } ] }, { "Name":"LTT 18486 Jet Energy Company", "FactionState":"None", "Government":"Corporate", "Influence":0.035964, "Allegiance":"Federation", "PendingStates":[ { "State":"Boom", "Trend":1 }, { "State":"CivilUnrest", "Trend":0 }, { "State":"Lockdown", "Trend":0 } ] }, { "Name":"Pilots Federation Local Branch", "FactionState":"None", "Government":"Democracy", "Influence":0.000000, "Allegiance":"PilotsFederation" }, { "Name":"Future of LHS 3447", "FactionState":"CivilUnrest", "Government":"Democracy", "Influence":0.223776, "Allegiance":"Federation", "PendingStates":[ { "State":"Boom", "Trend":1 }, { "State":"Lockdown", "Trend":0 } ], "RecoveringStates":[ { "State":"Outbreak", "Trend":1 } ] }, { "Name":"Liberty Party of GD 219", "FactionState":"None", "Government":"Dictatorship", "Influence":0.045954, "Allegiance":"Independent", "PendingStates":[ { "State":"Boom", "Trend":1 } ], "RecoveringStates":[ { "State":"Outbreak", "Trend":1 } ] }, { "Name":"LHS 3447 Co", "FactionState":"None", "Government":"Corporate", "Influence":0.209790, "Allegiance":"Independent", "RecoveringStates":[ { "State":"Boom", "Trend":0 } ] }, { "Name":"Freedom Party of LHS 3447", "FactionState":"Boom", "Government":"Dictatorship", "Influence":0.217782, "Allegiance":"Independent" }, { "Name":"LHS 3447 Cartel", "FactionState":"Lockdown", "Government":"Anarchy", "Influence":0.064935, "Allegiance":"Independent", "PendingStates":[ { "State":"Boom", "Trend":1 }, { "State":"CivilUnrest", "Trend":1 } ], "RecoveringStates":[ { "State":"Outbreak", "Trend":-1 } ] }, { "Name":"LHS 3447 Dynamic & Co", "FactionState":"None", "Government":"Corporate", "Influence":0.102897, "Allegiance":"Federation", "PendingStates":[ { "State":"Boom", "Trend":1 }, { "State":"CivilUnrest", "Trend":-1 } ] } ], "SystemFaction":"Pilots Federation Local Branch" }
{ "timestamp":"2017-11-18T00:50:24Z", "event":"Music", "MusicTrack":"DestinationFromHyperspace" }
{ "timestamp":"2017-11-18T00:50:29Z", "event":"Music", "MusicTrack":"Supercruise" }
{ "timestamp":"2017-11-18T00:50:53Z", "event":"Music", "MusicTrack":"GalaxyMap" }
{ "timestamp":"2017-11-18T00:51:15Z", "event":"Music", "MusicTrack":"Supercruise" }
{ "timestamp":"2017-11-18T00:51:19Z", "event":"Music", "MusicTrack":"GalaxyMap" }
{ "timestamp":"2017-11-18T00:51:26Z", "event":"Music", "MusicTrack":"Supercruise" }
{ "timestamp":"2017-11-18T00:51:32Z", "event":"Music", "MusicTrack":"SystemMap" }
{ "timestamp":"2017-11-18T00:51:47Z", "event":"Music", "MusicTrack":"Supercruise" }
{ "timestamp":"2017-11-18T00:52:07Z", "event":"FuelScoop", "Scooped":0.014236, "Total":1.799900 }
{ "timestamp":"2017-11-18T01:03:53Z", "event":"SupercruiseExit", "StarSystem":"LHS 3447", "Body":"Dalton Gateway", "BodyType":"Station" }
{ "timestamp":"2017-11-18T01:03:53Z", "event":"Music", "MusicTrack":"DestinationFromSupercruise" }
{ "timestamp":"2017-11-18T01:03:54Z", "event":"ReceiveText", "From":"Dalton Gateway", "Message":"$STATION_NoFireZone_entered;", "Message_Localised":"No fire zone entered.", "Channel":"npc" }
{ "timestamp":"2017-11-18T01:03:58Z", "event":"Music", "MusicTrack":"NoTrack" }
{ "timestamp":"2017-11-18T01:04:13Z", "event":"ReceiveText", "From":"Dalton Gateway", "Message":"$DockingFailed_Distance:#distance=7500;", "Message_Localised":"Docking request denied, please approach to 7500m", "Channel":"npc" }
{ "timestamp":"2017-11-18T01:04:13Z", "event":"DockingDenied", "Reason":"Distance", "StationName":"Dalton Gateway" }
{ "timestamp":"2017-11-18T01:05:28Z", "event":"DockingRequested", "StationName":"Dalton Gateway" }
{ "timestamp":"2017-11-18T01:05:28Z", "event":"ReceiveText", "From":"Dalton Gateway", "Message":"$DockingChatter_Neutral;", "Message_Localised":"Ensure to observe starport protocol during your visit, pilot.", "Channel":"npc" }
{ "timestamp":"2017-11-18T01:05:30Z", "event":"ReceiveText", "From":"Dalton Gateway", "Message":"$STATION_docking_granted;", "Message_Localised":"Docking request granted.", "Channel":"npc" }
{ "timestamp":"2017-11-18T01:05:30Z", "event":"DockingGranted", "LandingPad":28, "StationName":"Dalton Gateway" }
{ "timestamp":"2017-11-18T01:08:15Z", "event":"Music", "MusicTrack":"Starport" }
{ "timestamp":"2017-11-18T01:08:45Z", "event":"ReceiveText", "From":"Dalton Gateway", "Message":"$DockingPadBlockWarningComms;", "Message_Localised":"Loitering infraction detected, clear pad approach immediately to avoid lethal response", "Channel":"npc" }
{ "timestamp":"2017-11-18T01:08:56Z", "event":"CommitCrime", "CrimeType":"dockingMinorBlockingLandingPad", "Faction":"Pilots Federation Local Branch", "Fine":200 }
{ "timestamp":"2017-11-18T01:09:25Z", "event":"ReceiveText", "From":"Dalton Gateway", "Message":"$DockingOffenceCleared;", "Message_Localised":"Starport infractions cleared, docking privileges restored.", "Channel":"npc" }
{ "timestamp":"2017-11-18T01:09:36Z", "event":"ReceiveText", "From":"Dalton Gateway", "Message":"$DockingPadBlockWarningComms;", "Message_Localised":"Loitering infraction detected, clear pad approach immediately to avoid lethal response", "Channel":"npc" }
{ "timestamp":"2017-11-18T01:09:48Z", "event":"ReceiveText", "From":"Dalton Gateway", "Message":"$DockingOffenceCleared;", "Message_Localised":"Starport infractions cleared, docking privileges restored.", "Channel":"npc" }
{ "timestamp":"2017-11-18T01:10:56Z", "event":"Docked", "StationName":"Dalton Gateway", "StationType":"Orbis", "StarSystem":"LHS 3447", "StationFaction":"Pilots Federation Local Branch", "StationGovernment":"$government_Democracy;", "StationGovernment_Localised":"Democracy", "StationAllegiance":"PilotsFederation", "StationServices":[ "Dock", "Autodock", "BlackMarket", "Commodities", "Contacts", "Exploration", "Missions", "Outfitting", "CrewLounge", "Rearm", "Refuel", "Repair", "Shipyard", "Tuning", "MissionsGenerated", "FlightController", "StationOperations", "Powerplay", "SearchAndRescue" ], "StationEconomy":"$economy_Agri;", "StationEconomy_Localised":"Agriculture", "DistFromStarLS":91994.117188 }
{ "timestamp":"2017-11-18T01:11:14Z", "event":"MissionCompleted", "Faction":"LHS 3447 Co", "Name":"Mission_Courier_name", "MissionID":247796063, "TargetFaction":"LHS 3447 Co", "DestinationSystem":"LHS 3447", "DestinationStation":"Dalton Gateway", "Reward":51348 }
{ "timestamp":"2017-11-18T01:16:54Z", "event":"Undocked", "StationName":"Dalton Gateway", "StationType":"Orbis" }
{ "timestamp":"2017-11-18T01:17:44Z", "event":"Music", "MusicTrack":"NoTrack" }
{ "timestamp":"2017-11-18T01:18:07Z", "event":"Music", "MusicTrack":"SystemMap" }
{ "timestamp":"2017-11-18T01:18:49Z", "event":"Music", "MusicTrack":"NoTrack" }
{ "timestamp":"2017-11-18T01:19:41Z", "event":"StartJump", "JumpType":"Supercruise" }
{ "timestamp":"2017-11-18T01:19:45Z", "event":"ReceiveText", "From":"Dalton Gateway", "Message":"$STATION_NoFireZone_exited;", "Message_Localised":"No fire zone left.", "Channel":"npc" }
{ "timestamp":"2017-11-18T01:19:46Z", "event":"SupercruiseEntry", "StarSystem":"LHS 3447" }
{ "timestamp":"2017-11-18T01:19:46Z", "event":"Music", "MusicTrack":"Supercruise" }
{ "timestamp":"2017-11-18T01:24:08Z", "event":"SupercruiseExit", "StarSystem":"LHS 3447", "Body":"Trevithick Dock", "BodyType":"Station" }
{ "timestamp":"2017-11-18T01:24:09Z", "event":"Music", "MusicTrack":"DestinationFromSupercruise" }
{ "timestamp":"2017-11-18T01:24:13Z", "event":"Music", "MusicTrack":"Exploration" }
{ "timestamp":"2017-11-18T01:24:29Z", "event":"ReceiveText", "From":"Trevithick Dock", "Message":"$STATION_NoFireZone_entered;", "Message_Localised":"No fire zone entered.", "Channel":"npc" }
{ "timestamp":"2017-11-18T01:24:56Z", "event":"DockingRequested", "StationName":"Trevithick Dock" }
{ "timestamp":"2017-11-18T01:24:56Z", "event":"ReceiveText", "From":"Trevithick Dock", "Message":"$DockingChatter_Neutral;", "Message_Localised":"Ensure to observe starport protocol during your visit, pilot.", "Channel":"npc" }
{ "timestamp":"2017-11-18T01:24:57Z", "event":"ReceiveText", "From":"Trevithick Dock", "Message":"$STATION_docking_granted;", "Message_Localised":"Docking request granted.", "Channel":"npc" }
{ "timestamp":"2017-11-18T01:24:57Z", "event":"DockingGranted", "LandingPad":1, "StationName":"Trevithick Dock" }
{ "timestamp":"2017-11-18T01:26:52Z", "event":"ReceiveText", "From":"Trevithick Dock", "Message":"$DockingPadBlockWarningComms;", "Message_Localised":"Loitering infraction detected, clear pad approach immediately to avoid lethal response", "Channel":"npc" }
{ "timestamp":"2017-11-18T01:26:58Z", "event":"ReceiveText", "From":"Trevithick Dock", "Message":"$DockingOffenceCleared;", "Message_Localised":"Starport infractions cleared, docking privileges restored.", "Channel":"npc" }
{ "timestamp":"2017-11-18T01:28:07Z", "event":"Docked", "StationName":"Trevithick Dock", "StationType":"Outpost", "StarSystem":"LHS 3447", "StationFaction":"Pilots Federation Local Branch", "StationGovernment":"$government_Democracy;", "StationGovernment_Localised":"Democracy", "StationAllegiance":"PilotsFederation", "StationServices":[ "Dock", "Autodock", "BlackMarket", "Contacts", "Exploration", "Missions", "Outfitting", "CrewLounge", "Refuel", "Repair", "Tuning", "MissionsGenerated", "FlightController", "StationOperations", "Powerplay", "SearchAndRescue" ], "StationEconomy":"$economy_Extraction;", "StationEconomy_Localised":"Extraction", "DistFromStarLS":91724.062500 }
{ "timestamp":"2017-11-18T01:31:05Z", "event":"Undocked", "StationName":"Trevithick Dock", "StationType":"Outpost" }
{ "timestamp":"2017-11-18T01:31:34Z", "event":"Music", "MusicTrack":"SystemMap" }
{ "timestamp":"2017-11-18T01:32:06Z", "event":"Music", "MusicTrack":"Exploration" }
{ "timestamp":"2017-11-18T01:33:45Z", "event":"Music", "MusicTrack":"SystemMap" }
{ "timestamp":"2017-11-18T01:33:56Z", "event":"Music", "MusicTrack":"Exploration" }
{ "timestamp":"2017-11-18T01:34:12Z", "event":"StartJump", "JumpType":"Supercruise" }
{ "timestamp":"2017-11-18T01:34:15Z", "event":"ReceiveText", "From":"Trevithick Dock", "Message":"$STATION_NoFireZone_exited;", "Message_Localised":"No fire zone left.", "Channel":"npc" }
{ "timestamp":"2017-11-18T01:34:17Z", "event":"SupercruiseEntry", "StarSystem":"LHS 3447" }
{ "timestamp":"2017-11-18T01:34:17Z", "event":"Music", "MusicTrack":"Supercruise" }
{ "timestamp":"2017-11-18T01:38:52Z", "event":"SupercruiseExit", "StarSystem":"LHS 3447", "Body":"Yaping Enterprise", "BodyType":"Station" }
{ "timestamp":"2017-11-18T01:38:53Z", "event":"Music", "MusicTrack":"DestinationFromSupercruise" }
{ "timestamp":"2017-11-18T01:38:58Z", "event":"Music", "MusicTrack":"NoTrack" }
{ "timestamp":"2017-11-18T01:39:12Z", "event":"ReceiveText", "From":"Yaping Enterprise", "Message":"$STATION_NoFireZone_entered;", "Message_Localised":"No fire zone entered.", "Channel":"npc" }
{ "timestamp":"2017-11-18T01:39:22Z", "event":"DockingRequested", "StationName":"Yaping Enterprise" }
{ "timestamp":"2017-11-18T01:39:22Z", "event":"ReceiveText", "From":"Yaping Enterprise", "Message":"$DockingChatter_Neutral;", "Message_Localised":"Ensure to observe starport protocol during your visit, pilot.", "Channel":"npc" }
{ "timestamp":"2017-11-18T01:39:23Z", "event":"ReceiveText", "From":"Yaping Enterprise", "Message":"$STATION_docking_granted;", "Message_Localised":"Docking request granted.", "Channel":"npc" }
{ "timestamp":"2017-11-18T01:39:23Z", "event":"DockingGranted", "LandingPad":6, "StationName":"Yaping Enterprise" }
{ "timestamp":"2017-11-18T01:40:29Z", "event":"Music", "MusicTrack":"Starport" }
{ "timestamp":"2017-11-18T01:41:35Z", "event":"Docked", "StationName":"Yaping Enterprise", "StationType":"Coriolis", "StarSystem":"LHS 3447", "StationFaction":"LHS 3447 Dynamic & Co", "StationGovernment":"$government_Corporate;", "StationGovernment_Localised":"Corporate", "StationAllegiance":"Federation", "StationServices":[ "Dock", "Autodock", "Commodities", "Contacts", "Exploration", "Missions", "Outfitting", "CrewLounge", "Rearm", "Refuel", "Repair", "Shipyard", "Tuning", "MissionsGenerated", "FlightController", "StationOperations", "Powerplay", "SearchAndRescue" ], "StationEconomy":"$economy_Extraction;", "StationEconomy_Localised":"Extraction", "DistFromStarLS":91745.187500 }
{ "timestamp":"2017-11-18T01:48:13Z", "event":"Music", "MusicTrack":"Exploration" }
