{ "timestamp":"2018-02-06T04:49:48Z", "event":"Fileheader", "part":1, "language":"English\\UK", "gameversion":"2.4", "build":"r160439/r0 " }
{ "timestamp":"2018-02-06T04:49:48Z", "event":"Music", "MusicTrack":"NoTrack" }
{ "timestamp":"2018-02-06T04:49:48Z", "event":"Music", "MusicTrack":"MainMenu" }
{ "timestamp":"2018-02-06T04:50:23Z", "event":"Friends", "Status":"Online", "Name":"Natalie Portman" }
{ "timestamp":"2018-02-06T04:50:23Z", "event":"Friends", "Status":"Online", "Name":"BlindiRL" }
{ "timestamp":"2018-02-06T04:50:33Z", "event":"Cargo", "Inventory":[  ] }
{ "timestamp":"2018-02-06T04:50:33Z", "event":"Loadout", "Ship":"Asp", "ShipID":1, "ShipName":"asp long runner", "ShipIdent":"bpe271", "Modules":[ { "Slot":"PaintJob", "Item":"PaintJob_Asp_Stripe1_04", "On":true, "Priority":1, "Health":1.000000, "Value":0 }, { "Slot":"Armour", "Item":"Asp_Armour_Grade1", "On":true, "Priority":1, "Health":1.000000, "Value":0 }, { "Slot":"PowerPlant", "Item":"Int_Powerplant_Size3_Class5", "On":true, "Priority":1, "Health":1.000000, "Value":507912 }, { "Slot":"MainEngines", "Item":"Int_Engine_Size4_Class2", "On":true, "Priority":0, "Health":1.000000, "Value":59633 }, { "Slot":"FrameShiftDrive", "Item":"Int_Hyperdrive_Size5_Class4", "On":true, "Priority":0, "Health":1.000000, "Value":1701318 }, { "Slot":"LifeSupport", "Item":"Int_LifeSupport_Size4_Class2", "On":true, "Priority":0, "Health":1.000000, "Value":28373 }, { "Slot":"PowerDistributor", "Item":"Int_PowerDistributor_Size1_Class2", "On":true, "Priority":0, "Health":1.000000, "Value":1293 }, { "Slot":"Radar", "Item":"Int_Sensors_Size5_Class2", "On":true, "Priority":0, "Health":1.000000, "Value":79444 }, { "Slot":"FuelTank", "Item":"Int_FuelTank_Size5_Class3", "On":true, "Priority":1, "Health":1.000000, "Value":97754 }, { "Slot":"Decal1", "Item":"Decal_Explorer_Starblazer", "On":true, "Priority":1, "Health":1.000000, "Value":0 }, { "Slot":"Decal2", "Item":"Decal_Explorer_Starblazer", "On":true, "Priority":1, "Health":1.000000, "Value":0 }, { "Slot":"Decal3", "Item":"Decal_Explorer_Starblazer", "On":true, "Priority":1, "Health":1.000000, "Value":0 }, { "Slot":"ShipName0", "Item":"Nameplate_Expedition02_Black", "On":true, "Priority":1, "Health":1.000000, "Value":0 }, { "Slot":"ShipName1", "Item":"Nameplate_Expedition02_Black", "On":true, "Priority":1, "Health":1.000000, "Value":0 }, { "Slot":"ShipID0", "Item":"Nameplate_ShipID_SingleLine_White", "On":true, "Priority":1, "Health":1.000000, "Value":0 }, { "Slot":"ShipID1", "Item":"Nameplate_ShipID_SingleLine_White", "On":true, "Priority":1, "Health":1.000000, "Value":0 }, { "Slot":"Slot01_Size6", "Item":"Int_FuelScoop_Size6_Class5", "On":true, "Priority":1, "Health":1.000000, "Value":28763610 }, { "Slot":"Slot02_Size5", "Item":"Int_ShieldGenerator_Size3_Class2", "On":true, "Priority":0, "Health":1.000000, "Value":18812 }, { "Slot":"Slot03_Size3", "Item":"Int_BuggyBay_Size2_Class2", "On":true, "Priority":1, "Health":1.000000, "Value":21600 }, { "Slot":"Slot04_Size3", "Item":"Int_Repairer_Size3_Class4", "On":false, "Priority":2, "AmmoInClip":4300, "Health":1.000000, "Value":874800 }, { "Slot":"Slot06_Size2", "Item":"Int_DetailedSurfaceScanner_Tiny", "On":true, "Priority":1, "Health":1.000000, "Value":250000 }, { "Slot":"Slot07_Size2", "Item":"Int_StellarBodyDiscoveryScanner_Advanced", "On":true, "Priority":1, "Health":1.000000, "Value":1545000 }, { "Slot":"PlanetaryApproachSuite", "Item":"Int_PlanetApproachSuite", "On":true, "Priority":1, "Health":1.000000, "Value":500 }, { "Slot":"ShipCockpit", "Item":"Asp_Cockpit", "On":true, "Priority":1, "Health":1.000000, "Value":0 }, { "Slot":"CargoHatch", "Item":"ModularCargoBayDoor", "On":false, "Priority":0, "Health":1.000000, "Value":0 } ] }
{ "timestamp":"2018-02-06T04:50:33Z", "event":"Materials", "Raw":[ { "Name":"nickel", "Count":115 }, { "Name":"vanadium", "Count":162 }, { "Name":"sulphur", "Count":69 }, { "Name":"iron", "Count":96 }, { "Name":"germanium", "Count":96 }, { "Name":"arsenic", "Count":66 }, { "Name":"polonium", "Count":15 }, { "Name":"molybdenum", "Count":66 }, { "Name":"tin", "Count":13 }, { "Name":"phosphorus", "Count":42 }, { "Name":"zinc", "Count":69 }, { "Name":"niobium", "Count":56 }, { "Name":"cadmium", "Count":63 }, { "Name":"zirconium", "Count":7 }, { "Name":"selenium", "Count":12 }, { "Name":"tungsten", "Count":3 }, { "Name":"yttrium", "Count":12 }, { "Name":"chromium", "Count":34 } ], "Manufactured":[  ], "Encoded":[ { "Name":"bulkscandata", "Count":7 }, { "Name":"wakesolutions", "Count":1 }, { "Name":"scrambledemissiondata", "Count":2 }, { "Name":"legacyfirmware", "Count":4 }, { "Name":"shielddensityreports", "Count":3 }, { "Name":"shieldcyclerecordings", "Count":9 }, { "Name":"disruptedwakeechoes", "Count":3 }, { "Name":"securityfirmware", "Count":1 }, { "Name":"fsdtelemetry", "Count":1 } ] }
{ "timestamp":"2018-02-06T04:50:33Z", "event":"LoadGame", "Commander":"JaredCrue", "Ship":"Asp", "ShipID":1, "ShipName":"asp long runner", "ShipIdent":"bpe271", "FuelLevel":29.953465, "FuelCapacity":32.000000, "GameMode":"Group", "Group":"FleetComm", "Credits":18126822, "Loan":0 }
{ "timestamp":"2018-02-06T04:50:33Z", "event":"Rank", "Combat":0, "Trade":2, "Explore":7, "Empire":0, "Federation":0, "CQC":0 }
{ "timestamp":"2018-02-06T04:50:33Z", "event":"Progress", "Combat":30, "Trade":67, "Explore":71, "Empire":100, "Federation":80, "CQC":0 }
{ "timestamp":"2018-02-06T04:50:42Z", "event":"Location", "Docked":false, "StarSystem":"Pheia Briae DK-A e303", "StarPos":[1097.688,449.406,36082.813], "SystemAllegiance":"", "SystemEconomy":"$economy_None;", "SystemEconomy_Localised":"None", "SystemGovernment":"$government_None;", "SystemGovernment_Localised":"None", "SystemSecurity":"$GAlAXY_MAP_INFO_state_anarchy;", "SystemSecurity_Localised":"Anarchy", "Population":0, "Body":"Pheia Briae DK-A e303", "BodyType":"Star" }
{ "timestamp":"2018-02-06T04:50:42Z", "event":"Music", "MusicTrack":"NoTrack" }
{ "timestamp":"2018-02-06T04:50:42Z", "event":"Music", "MusicTrack":"Exploration" }
{ "timestamp":"2018-02-06T04:50:48Z", "event":"Friends", "Status":"Online", "Name":"Natalie Portman" }
{ "timestamp":"2018-02-06T04:50:48Z", "event":"Friends", "Status":"Online", "Name":"BlindiRL" }
{ "timestamp":"2018-02-06T04:51:50Z", "event":"StartJump", "JumpType":"Supercruise" }
{ "timestamp":"2018-02-06T04:51:55Z", "event":"SupercruiseEntry", "StarSystem":"Pheia Briae DK-A e303" }
{ "timestamp":"2018-02-06T04:51:56Z", "event":"Music", "MusicTrack":"Supercruise" }
{ "timestamp":"2018-02-06T04:52:18Z", "event":"Music", "MusicTrack":"GalaxyMap" }
{ "timestamp":"2018-02-06T04:52:30Z", "event":"Music", "MusicTrack":"Supercruise" }
{ "timestamp":"2018-02-06T04:52:41Z", "event":"Music", "MusicTrack":"SystemMap" }
{ "timestamp":"2018-02-06T04:52:47Z", "event":"Music", "MusicTrack":"Supercruise" }
{ "timestamp":"2018-02-06T04:54:29Z", "event":"Music", "MusicTrack":"SystemMap" }
{ "timestamp":"2018-02-06T04:54:33Z", "event":"Music", "MusicTrack":"Supercruise" }
{ "timestamp":"2018-02-06T05:03:43Z", "event":"StartJump", "JumpType":"Hyperspace", "StarSystem":"Pheia Briae RR-C b1-127", "StarClass":"M" }
{ "timestamp":"2018-02-06T05:03:48Z", "event":"Music", "MusicTrack":"NoTrack" }
{ "timestamp":"2018-02-06T05:04:02Z", "event":"FSDJump", "StarSystem":"Pheia Briae RR-C b1-127", "StarPos":[1121.656,453.125,36094.719], "SystemAllegiance":"", "SystemEconomy":"$economy_None;", "SystemEconomy_Localised":"None", "SystemGovernment":"$government_None;", "SystemGovernment_Localised":"None", "SystemSecurity":"$GAlAXY_MAP_INFO_state_anarchy;", "SystemSecurity_Localised":"Anarchy", "Population":0, "JumpDist":27.020, "FuelUsed":3.948828, "FuelLevel":25.374638 }
{ "timestamp":"2018-02-06T05:04:02Z", "event":"Music", "MusicTrack":"Supercruise" }
{ "timestamp":"2018-02-06T05:04:17Z", "event":"Music", "MusicTrack":"SystemMap" }
{ "timestamp":"2018-02-06T05:04:23Z", "event":"Music", "MusicTrack":"Supercruise" }
{ "timestamp":"2018-02-06T05:04:24Z", "event":"Scan", "BodyName":"Pheia Briae RR-C b1-127", "DistanceFromArrivalLS":0.000000, "StarType":"M", "StellarMass":0.378906, "Radius":371139904.000000, "AbsoluteMagnitude":9.022614, "Age_MY":9654, "SurfaceTemperature":3013.000000, "Luminosity":"Va", "RotationPeriod":166113.312500, "AxialTilt":0.000000, "Rings":[ { "Name":"Pheia Briae RR-C b1-127 A Belt", "RingClass":"eRingClass_MetalRich", "MassMT":5.6294e+13, "InnerRad":6.8459e+08, "OuterRad":1.7461e+09 }, { "Name":"Pheia Briae RR-C b1-127 B Belt", "RingClass":"eRingClass_Icy", "MassMT":1.2362e+16, "InnerRad":2.0677e+09, "OuterRad":1.3233e+11 } ] }
{ "timestamp":"2018-02-06T05:04:43Z", "event":"FuelScoop", "Scooped":5.000087, "Total":30.374699 }
{ "timestamp":"2018-02-06T05:04:46Z", "event":"FuelScoop", "Scooped":1.312512, "Total":31.687210 }
{ "timestamp":"2018-02-06T05:04:53Z", "event":"Music", "MusicTrack":"SystemMap" }
{ "timestamp":"2018-02-06T05:04:53Z", "event":"Music", "MusicTrack":"Supercruise" }
{ "timestamp":"2018-02-06T05:05:00Z", "event":"Music", "MusicTrack":"SystemMap" }
{ "timestamp":"2018-02-06T05:05:02Z", "event":"Music", "MusicTrack":"Supercruise" }
{ "timestamp":"2018-02-06T05:05:04Z", "event":"Music", "MusicTrack":"GalaxyMap" }
{ "timestamp":"2018-02-06T05:05:12Z", "event":"StartJump", "JumpType":"Hyperspace", "StarSystem":"Pheia Briae UC-B b2-59", "StarClass":"M" }
{ "timestamp":"2018-02-06T05:05:12Z", "event":"Music", "MusicTrack":"Supercruise" }
{ "timestamp":"2018-02-06T05:05:17Z", "event":"Music", "MusicTrack":"NoTrack" }
{ "timestamp":"2018-02-06T05:05:31Z", "event":"FSDJump", "StarSystem":"Pheia Briae UC-B b2-59", "StarPos":[1145.656,460.250,36103.281], "SystemAllegiance":"", "SystemEconomy":"$economy_None;", "SystemEconomy_Localised":"None", "SystemGovernment":"$government_None;", "SystemGovernment_Localised":"None", "SystemSecurity":"$GAlAXY_MAP_INFO_state_anarchy;", "SystemSecurity_Localised":"Anarchy", "Population":0, "JumpDist":26.459, "FuelUsed":3.809430, "FuelLevel":27.877781 }
{ "timestamp":"2018-02-06T05:05:31Z", "event":"Music", "MusicTrack":"Supercruise" }
{ "timestamp":"2018-02-06T05:05:41Z", "event":"Music", "MusicTrack":"SystemMap" }
{ "timestamp":"2018-02-06T05:05:47Z", "event":"Music", "MusicTrack":"Supercruise" }
{ "timestamp":"2018-02-06T05:05:53Z", "event":"Scan", "BodyName":"Pheia Briae UC-B b2-59 A", "DistanceFromArrivalLS":0.000000, "StarType":"M", "StellarMass":0.371094, "Radius":407158656.000000, "AbsoluteMagnitude":8.319565, "Age_MY":5056, "SurfaceTemperature":3382.000000, "Luminosity":"Va", "SemiMajorAxis":4802691989504.000000, "Eccentricity":0.665776, "OrbitalInclination":-57.244713, "Periapsis":328.793488, "OrbitalPeriod":23357140992.000000, "RotationPeriod":202125.546875, "AxialTilt":0.000000, "Rings":[ { "Name":"Pheia Briae UC-B b2-59 A A Belt", "RingClass":"eRingClass_MetalRich", "MassMT":6.5197e+13, "InnerRad":6.7181e+08, "OuterRad":1.8137e+09 } ] }
{ "timestamp":"2018-02-06T05:06:13Z", "event":"FuelScoop", "Scooped":4.122229, "Total":32.000000 }
{ "timestamp":"2018-02-06T05:06:30Z", "event":"Music", "MusicTrack":"SystemMap" }
{ "timestamp":"2018-02-06T05:06:31Z", "event":"Music", "MusicTrack":"Supercruise" }
{ "timestamp":"2018-02-06T05:06:47Z", "event":"StartJump", "JumpType":"Hyperspace", "StarSystem":"Pheia Briae ZI-Z b2-34", "StarClass":"M" }
{ "timestamp":"2018-02-06T05:06:52Z", "event":"Music", "MusicTrack":"NoTrack" }
{ "timestamp":"2018-02-06T05:07:05Z", "event":"FSDJump", "StarSystem":"Pheia Briae ZI-Z b2-34", "StarPos":[1167.844,460.375,36118.594], "SystemAllegiance":"", "SystemEconomy":"$economy_None;", "SystemEconomy_Localised":"None", "SystemGovernment":"$government_None;", "SystemGovernment_Localised":"None", "SystemSecurity":"$GAlAXY_MAP_INFO_state_anarchy;", "SystemSecurity_Localised":"Anarchy", "Population":0, "JumpDist":26.959, "FuelUsed":3.996070, "FuelLevel":28.003929 }
{ "timestamp":"2018-02-06T05:07:06Z", "event":"Music", "MusicTrack":"Supercruise" }
{ "timestamp":"2018-02-06T05:07:14Z", "event":"Music", "MusicTrack":"SystemMap" }
{ "timestamp":"2018-02-06T05:07:17Z", "event":"Music", "MusicTrack":"Supercruise" }
{ "timestamp":"2018-02-06T05:07:28Z", "event":"Scan", "BodyName":"Pheia Briae ZI-Z b2-34", "DistanceFromArrivalLS":0.000000, "StarType":"M", "StellarMass":0.339844, "Radius":374493440.000000, "AbsoluteMagnitude":8.775589, "Age_MY":7518, "SurfaceTemperature":3175.000000, "Luminosity":"Va", "RotationPeriod":160614.531250, "AxialTilt":0.000000 }
{ "timestamp":"2018-02-06T05:07:44Z", "event":"FuelScoop", "Scooped":3.996079, "Total":32.000000 }
{ "timestamp":"2018-02-06T05:07:47Z", "event":"Music", "MusicTrack":"SystemMap" }
{ "timestamp":"2018-02-06T05:07:48Z", "event":"Music", "MusicTrack":"Supercruise" }
{ "timestamp":"2018-02-06T05:08:15Z", "event":"StartJump", "JumpType":"Hyperspace", "StarSystem":"Pheia Briae LO-A c1-83", "StarClass":"G" }
{ "timestamp":"2018-02-06T05:08:20Z", "event":"Music", "MusicTrack":"NoTrack" }
{ "timestamp":"2018-02-06T05:08:33Z", "event":"FSDJump", "StarSystem":"Pheia Briae LO-A c1-83", "StarPos":[1190.813,467.688,36130.688], "SystemAllegiance":"", "SystemEconomy":"$economy_None;", "SystemEconomy_Localised":"None", "SystemGovernment":"$government_None;", "SystemGovernment_Localised":"None", "SystemSecurity":"$GAlAXY_MAP_INFO_state_anarchy;", "SystemSecurity_Localised":"Anarchy", "Population":0, "JumpDist":26.968, "FuelUsed":3.999980, "FuelLevel":28.000019 }
{ "timestamp":"2018-02-06T05:08:34Z", "event":"Music", "MusicTrack":"Supercruise" }
{ "timestamp":"2018-02-06T05:08:42Z", "event":"Music", "MusicTrack":"SystemMap" }
{ "timestamp":"2018-02-06T05:08:45Z", "event":"Music", "MusicTrack":"Supercruise" }
{ "timestamp":"2018-02-06T05:08:48Z", "event":"Music", "MusicTrack":"GalaxyMap" }
{ "timestamp":"2018-02-06T05:08:55Z", "event":"Scan", "BodyName":"Pheia Briae LO-A c1-83", "DistanceFromArrivalLS":0.000000, "StarType":"G", "StellarMass":0.843750, "Radius":652965120.000000, "AbsoluteMagnitude":5.405838, "Age_MY":11818, "SurfaceTemperature":5223.000000, "Luminosity":"Va", "RotationPeriod":319007.468750, "AxialTilt":0.000000, "Rings":[ { "Name":"Pheia Briae LO-A c1-83 A Belt", "RingClass":"eRingClass_MetalRich", "MassMT":1.1896e+14, "InnerRad":1.1886e+09, "OuterRad":2.2802e+09 }, { "Name":"Pheia Briae LO-A c1-83 B Belt", "RingClass":"eRingClass_Rocky", "MassMT":3.6463e+15, "InnerRad":3.5904e+09, "OuterRad":2.2978e+11 } ] }
{ "timestamp":"2018-02-06T05:11:30Z", "event":"Music", "MusicTrack":"SystemMap" }
{ "timestamp":"2018-02-06T05:11:33Z", "event":"Music", "MusicTrack":"Supercruise" }
{ "timestamp":"2018-02-06T05:11:51Z", "event":"FuelScoop", "Scooped":3.999971, "Total":32.000000 }
{ "timestamp":"2018-02-06T05:11:54Z", "event":"Music", "MusicTrack":"SystemMap" }
{ "timestamp":"2018-02-06T05:11:54Z", "event":"Music", "MusicTrack":"Supercruise" }
{ "timestamp":"2018-02-06T05:12:22Z", "event":"StartJump", "JumpType":"Hyperspace", "StarSystem":"Pheia Briae HK-Z d1662", "StarClass":"A" }
{ "timestamp":"2018-02-06T05:12:27Z", "event":"Music", "MusicTrack":"NoTrack" }
{ "timestamp":"2018-02-06T05:12:40Z", "event":"FSDJump", "StarSystem":"Pheia Briae HK-Z d1662", "StarPos":[1214.500,469.344,36143.688], "SystemAllegiance":"", "SystemEconomy":"$economy_None;", "SystemEconomy_Localised":"None", "SystemGovernment":"$government_None;", "SystemGovernment_Localised":"None", "SystemSecurity":"$GAlAXY_MAP_INFO_state_anarchy;", "SystemSecurity_Localised":"Anarchy", "Population":0, "JumpDist":27.071, "FuelUsed":4.037036, "FuelLevel":27.962963 }
{ "timestamp":"2018-02-06T05:12:41Z", "event":"Music", "MusicTrack":"Supercruise" }
{ "timestamp":"2018-02-06T05:12:49Z", "event":"Music", "MusicTrack":"SystemMap" }
{ "timestamp":"2018-02-06T05:12:50Z", "event":"Music", "MusicTrack":"Supercruise" }
{ "timestamp":"2018-02-06T05:13:02Z", "event":"Scan", "BodyName":"Pheia Briae HK-Z d1662", "DistanceFromArrivalLS":0.000000, "StarType":"A", "StellarMass":1.742188, "Radius":1050657536.000000, "AbsoluteMagnitude":2.141174, "Age_MY":1574, "SurfaceTemperature":8730.000000, "Luminosity":"Vb", "RotationPeriod":63216.320313, "AxialTilt":0.000000 }
{ "timestamp":"2018-02-06T05:13:18Z", "event":"FuelScoop", "Scooped":4.037028, "Total":32.000000 }
{ "timestamp":"2018-02-06T05:13:26Z", "event":"Music", "MusicTrack":"SystemMap" }
{ "timestamp":"2018-02-06T05:13:27Z", "event":"Music", "MusicTrack":"Supercruise" }
{ "timestamp":"2018-02-06T05:13:59Z", "event":"StartJump", "JumpType":"Hyperspace", "StarSystem":"Vegnuae XX-V b4-5", "StarClass":"M" }
{ "timestamp":"2018-02-06T05:14:04Z", "event":"Music", "MusicTrack":"NoTrack" }
{ "timestamp":"2018-02-06T05:14:17Z", "event":"FSDJump", "StarSystem":"Vegnuae XX-V b4-5", "StarPos":[1237.000,475.188,36157.438], "SystemAllegiance":"", "SystemEconomy":"$economy_None;", "SystemEconomy_Localised":"None", "SystemGovernment":"$government_None;", "SystemGovernment_Localised":"None", "SystemSecurity":"$GAlAXY_MAP_INFO_state_anarchy;", "SystemSecurity_Localised":"Anarchy", "Population":0, "JumpDist":27.009, "FuelUsed":4.014310, "FuelLevel":27.985689 }
{ "timestamp":"2018-02-06T05:14:18Z", "event":"Music", "MusicTrack":"Supercruise" }
{ "timestamp":"2018-02-06T05:14:28Z", "event":"Music", "MusicTrack":"SystemMap" }
{ "timestamp":"2018-02-06T05:14:33Z", "event":"Music", "MusicTrack":"Supercruise" }
{ "timestamp":"2018-02-06T05:14:41Z", "event":"Scan", "BodyName":"Vegnuae XX-V b4-5", "DistanceFromArrivalLS":0.000000, "StarType":"M", "StellarMass":0.253906, "Radius":273165408.000000, "AbsoluteMagnitude":10.788269, "Age_MY":7606, "SurfaceTemperature":2339.000000, "Luminosity":"Va", "RotationPeriod":171417.796875, "AxialTilt":0.000000 }
{ "timestamp":"2018-02-06T05:15:09Z", "event":"FuelScoop", "Scooped":3.337164, "Total":31.322842 }
{ "timestamp":"2018-02-06T05:15:23Z", "event":"Music", "MusicTrack":"GalaxyMap" }
{ "timestamp":"2018-02-06T05:15:37Z", "event":"Music", "MusicTrack":"Supercruise" }
{ "timestamp":"2018-02-06T05:15:54Z", "event":"StartJump", "JumpType":"Hyperspace", "StarSystem":"Vegnuae YX-V b4-29", "StarClass":"M" }
{ "timestamp":"2018-02-06T05:16:00Z", "event":"Music", "MusicTrack":"NoTrack" }
{ "timestamp":"2018-02-06T05:16:13Z", "event":"FSDJump", "StarSystem":"Vegnuae YX-V b4-29", "StarPos":[1261.156,476.469,36169.438], "SystemAllegiance":"", "SystemEconomy":"$economy_None;", "SystemEconomy_Localised":"None", "SystemGovernment":"$government_None;", "SystemGovernment_Localised":"None", "SystemSecurity":"$GAlAXY_MAP_INFO_state_anarchy;", "SystemSecurity_Localised":"Anarchy", "Population":0, "JumpDist":27.003, "FuelUsed":3.994853, "FuelLevel":27.327988 }
{ "timestamp":"2018-02-06T05:16:13Z", "event":"Music", "MusicTrack":"Supercruise" }
{ "timestamp":"2018-02-06T05:16:22Z", "event":"Music", "MusicTrack":"SystemMap" }
{ "timestamp":"2018-02-06T05:16:24Z", "event":"Music", "MusicTrack":"Supercruise" }
{ "timestamp":"2018-02-06T05:16:35Z", "event":"Scan", "BodyName":"Vegnuae YX-V b4-29", "DistanceFromArrivalLS":0.000000, "StarType":"M", "StellarMass":0.363281, "Radius":353905216.000000, "AbsoluteMagnitude":9.172287, "Age_MY":3974, "SurfaceTemperature":2981.000000, "Luminosity":"Va", "RotationPeriod":204227.468750, "AxialTilt":0.000000 }
{ "timestamp":"2018-02-06T05:16:40Z", "event":"Friends", "Status":"Online", "Name":"Klutz" }
{ "timestamp":"2018-02-06T05:16:51Z", "event":"FuelScoop", "Scooped":4.672039, "Total":32.000000 }
{ "timestamp":"2018-02-06T05:17:21Z", "event":"StartJump", "JumpType":"Hyperspace", "StarSystem":"Vegnuae DE-U b5-3", "StarClass":"M" }
{ "timestamp":"2018-02-06T05:17:26Z", "event":"Music", "MusicTrack":"NoTrack" }
{ "timestamp":"2018-02-06T05:17:40Z", "event":"FSDJump", "StarSystem":"Vegnuae DE-U b5-3", "StarPos":[1283.875,486.000,36180.906], "SystemAllegiance":"", "SystemEconomy":"$economy_None;", "SystemEconomy_Localised":"None", "SystemGovernment":"$government_None;", "SystemGovernment_Localised":"None", "SystemSecurity":"$GAlAXY_MAP_INFO_state_anarchy;", "SystemSecurity_Localised":"Anarchy", "Population":0, "JumpDist":27.176, "FuelUsed":4.075788, "FuelLevel":27.924212 }
{ "timestamp":"2018-02-06T05:17:40Z", "event":"Music", "MusicTrack":"Supercruise" }
{ "timestamp":"2018-02-06T05:18:02Z", "event":"Music", "MusicTrack":"SystemMap" }
{ "timestamp":"2018-02-06T05:18:06Z", "event":"Music", "MusicTrack":"Supercruise" }
{ "timestamp":"2018-02-06T05:18:15Z", "event":"Scan", "BodyName":"Vegnuae DE-U b5-3", "DistanceFromArrivalLS":0.000000, "StarType":"M", "StellarMass":0.230469, "Radius":284308544.000000, "AbsoluteMagnitude":10.657120, "Age_MY":8574, "SurfaceTemperature":2363.000000, "Luminosity":"Va", "RotationPeriod":147722.171875, "AxialTilt":0.000000, "Rings":[ { "Name":"Vegnuae DE-U b5-3 A Belt", "RingClass":"eRingClass_Rocky", "MassMT":9.5981e+06, "InnerRad":4.9716e+08, "OuterRad":1.4795e+09 } ] }
{ "timestamp":"2018-02-06T05:18:34Z", "event":"FuelScoop", "Scooped":4.075800, "Total":32.000000 }
{ "timestamp":"2018-02-06T05:19:54Z", "event":"StartJump", "JumpType":"Hyperspace", "StarSystem":"Vegnuae IK-S b6-14", "StarClass":"M" }
{ "timestamp":"2018-02-06T05:19:59Z", "event":"Music", "MusicTrack":"NoTrack" }
{ "timestamp":"2018-02-06T05:20:12Z", "event":"FSDJump", "StarSystem":"Vegnuae IK-S b6-14", "StarPos":[1305.906,486.219,36196.406], "SystemAllegiance":"", "SystemEconomy":"$economy_None;", "SystemEconomy_Localised":"None", "SystemGovernment":"$government_None;", "SystemGovernment_Localised":"None", "SystemSecurity":"$GAlAXY_MAP_INFO_state_anarchy;", "SystemSecurity_Localised":"Anarchy", "Population":0, "JumpDist":26.938, "FuelUsed":3.988980, "FuelLevel":28.011021 }
{ "timestamp":"2018-02-06T05:20:13Z", "event":"Music", "MusicTrack":"Supercruise" }
{ "timestamp":"2018-02-06T05:20:23Z", "event":"Music", "MusicTrack":"SystemMap" }
{ "timestamp":"2018-02-06T05:20:34Z", "event":"Scan", "BodyName":"Vegnuae IK-S b6-14 A", "DistanceFromArrivalLS":0.000000, "StarType":"M", "StellarMass":0.343750, "Radius":378653536.000000, "AbsoluteMagnitude":8.999313, "Age_MY":4976, "SurfaceTemperature":2999.000000, "Luminosity":"Va", "SemiMajorAxis":373243969536.000000, "Eccentricity":0.098583, "OrbitalInclination":0.540561, "Periapsis":251.075150, "OrbitalPeriod":1371780608.000000, "RotationPeriod":195502.562500, "AxialTilt":0.000000 }
{ "timestamp":"2018-02-06T05:20:35Z", "event":"Music", "MusicTrack":"Supercruise" }
{ "timestamp":"2018-02-06T05:20:52Z", "event":"FuelScoop", "Scooped":3.988982, "Total":32.000000 }
{ "timestamp":"2018-02-06T05:21:50Z", "event":"StartJump", "JumpType":"Hyperspace", "StarSystem":"Vegnuae QZ-W c2-514", "StarClass":"K" }
{ "timestamp":"2018-02-06T05:21:55Z", "event":"Music", "MusicTrack":"NoTrack" }
{ "timestamp":"2018-02-06T05:22:08Z", "event":"FSDJump", "StarSystem":"Vegnuae QZ-W c2-514", "StarPos":[1330.000,488.438,36208.313], "SystemAllegiance":"", "SystemEconomy":"$economy_None;", "SystemEconomy_Localised":"None", "SystemGovernment":"$government_None;", "SystemGovernment_Localised":"None", "SystemSecurity":"$GAlAXY_MAP_INFO_state_anarchy;", "SystemSecurity_Localised":"Anarchy", "Population":0, "JumpDist":26.966, "FuelUsed":3.999002, "FuelLevel":28.000998 }
{ "timestamp":"2018-02-06T05:22:09Z", "event":"Music", "MusicTrack":"Supercruise" }
{ "timestamp":"2018-02-06T05:22:31Z", "event":"Music", "MusicTrack":"SystemMap" }
{ "timestamp":"2018-02-06T05:22:31Z", "event":"Scan", "BodyName":"Vegnuae QZ-W c2-514", "DistanceFromArrivalLS":0.000000, "StarType":"K", "StellarMass":0.511719, "Radius":479068896.000000, "AbsoluteMagnitude":7.250366, "Age_MY":7018, "SurfaceTemperature":3988.000000, "Luminosity":"Va", "RotationPeriod":229926.890625, "AxialTilt":0.000000 }
{ "timestamp":"2018-02-06T05:22:32Z", "event":"Music", "MusicTrack":"Supercruise" }
{ "timestamp":"2018-02-06T05:22:48Z", "event":"FuelScoop", "Scooped":3.999004, "Total":32.000000 }
{ "timestamp":"2018-02-06T05:23:28Z", "event":"StartJump", "JumpType":"Hyperspace", "StarSystem":"Vegnuae VF-V c3-84", "StarClass":"K" }
{ "timestamp":"2018-02-06T05:23:33Z", "event":"Music", "MusicTrack":"NoTrack" }
{ "timestamp":"2018-02-06T05:23:46Z", "event":"FSDJump", "StarSystem":"Vegnuae VF-V c3-84", "StarPos":[1355.125,487.875,36218.063], "SystemAllegiance":"", "SystemEconomy":"$economy_None;", "SystemEconomy_Localised":"None", "SystemGovernment":"$government_None;", "SystemGovernment_Localised":"None", "SystemSecurity":"$GAlAXY_MAP_INFO_state_anarchy;", "SystemSecurity_Localised":"Anarchy", "Population":0, "JumpDist":26.956, "FuelUsed":3.995157, "FuelLevel":28.004843 }
{ "timestamp":"2018-02-06T05:23:47Z", "event":"Music", "MusicTrack":"Supercruise" }
{ "timestamp":"2018-02-06T05:23:58Z", "event":"Music", "MusicTrack":"SystemMap" }
{ "timestamp":"2018-02-06T05:24:08Z", "event":"Music", "MusicTrack":"Supercruise" }
{ "timestamp":"2018-02-06T05:24:10Z", "event":"Scan", "BodyName":"Vegnuae VF-V c3-84", "DistanceFromArrivalLS":0.000000, "StarType":"K", "StellarMass":0.699219, "Radius":559469056.000000, "AbsoluteMagnitude":6.300751, "Age_MY":8726, "SurfaceTemperature":4592.000000, "Luminosity":"Va", "RotationPeriod":197298.500000, "AxialTilt":0.000000, "Rings":[ { "Name":"Vegnuae VF-V c3-84 A Belt", "RingClass":"eRingClass_Rocky", "MassMT":1.252e+14, "InnerRad":9.2312e+08, "OuterRad":2.289e+09 }, { "Name":"Vegnuae VF-V c3-84 B Belt", "RingClass":"eRingClass_Rocky", "MassMT":1.3892e+16, "InnerRad":5.1959e+09, "OuterRad":3.2327e+11 } ] }
{ "timestamp":"2018-02-06T05:24:30Z", "event":"FuelScoop", "Scooped":3.995157, "Total":32.000000 }
{ "timestamp":"2018-02-06T05:24:45Z", "event":"Music", "MusicTrack":"SystemMap" }
{ "timestamp":"2018-02-06T05:24:46Z", "event":"Music", "MusicTrack":"Supercruise" }
{ "timestamp":"2018-02-06T05:25:02Z", "event":"StartJump", "JumpType":"Hyperspace", "StarSystem":"Vegnuae QQ-Q b7-93", "StarClass":"M" }
{ "timestamp":"2018-02-06T05:25:08Z", "event":"Music", "MusicTrack":"NoTrack" }
{ "timestamp":"2018-02-06T05:25:21Z", "event":"FSDJump", "StarSystem":"Vegnuae QQ-Q b7-93", "StarPos":[1378.969,490.156,36229.063], "SystemAllegiance":"", "SystemEconomy":"$economy_None;", "SystemEconomy_Localised":"None", "SystemGovernment":"$government_None;", "SystemGovernment_Localised":"None", "SystemSecurity":"$GAlAXY_MAP_INFO_state_anarchy;", "SystemSecurity_Localised":"Anarchy", "Population":0, "JumpDist":26.358, "FuelUsed":3.781388, "FuelLevel":28.218613 }
{ "timestamp":"2018-02-06T05:25:21Z", "event":"Music", "MusicTrack":"Supercruise" }
{ "timestamp":"2018-02-06T05:25:32Z", "event":"Music", "MusicTrack":"SystemMap" }
{ "timestamp":"2018-02-06T05:25:36Z", "event":"Music", "MusicTrack":"Supercruise" }
{ "timestamp":"2018-02-06T05:25:43Z", "event":"Scan", "BodyName":"Vegnuae QQ-Q b7-93", "DistanceFromArrivalLS":0.000000, "StarType":"M", "StellarMass":0.382813, "Radius":402934944.000000, "AbsoluteMagnitude":9.025146, "Age_MY":4004, "SurfaceTemperature":2890.000000, "Luminosity":"Va", "RotationPeriod":198306.484375, "AxialTilt":0.000000 }
{ "timestamp":"2018-02-06T05:26:01Z", "event":"FuelScoop", "Scooped":3.781391, "Total":32.000000 }
{ "timestamp":"2018-02-06T05:26:39Z", "event":"Music", "MusicTrack":"SystemMap" }
{ "timestamp":"2018-02-06T05:26:40Z", "event":"Music", "MusicTrack":"Supercruise" }
{ "timestamp":"2018-02-06T05:26:50Z", "event":"StartJump", "JumpType":"Hyperspace", "StarSystem":"Vegnuae VW-O b8-85", "StarClass":"M" }
{ "timestamp":"2018-02-06T05:26:56Z", "event":"Music", "MusicTrack":"NoTrack" }
{ "timestamp":"2018-02-06T05:27:09Z", "event":"FSDJump", "StarSystem":"Vegnuae VW-O b8-85", "StarPos":[1401.531,493.219,36242.000], "SystemAllegiance":"", "SystemEconomy":"$economy_None;", "SystemEconomy_Localised":"None", "SystemGovernment":"$government_None;", "SystemGovernment_Localised":"None", "SystemSecurity":"$GAlAXY_MAP_INFO_state_anarchy;", "SystemSecurity_Localised":"Anarchy", "Population":0, "JumpDist":26.188, "FuelUsed":3.722013, "FuelLevel":28.277987 }
{ "timestamp":"2018-02-06T05:27:09Z", "event":"Music", "MusicTrack":"Supercruise" }
{ "timestamp":"2018-02-06T05:27:19Z", "event":"Music", "MusicTrack":"SystemMap" }
{ "timestamp":"2018-02-06T05:27:21Z", "event":"Music", "MusicTrack":"Supercruise" }
{ "timestamp":"2018-02-06T05:27:31Z", "event":"Scan", "BodyName":"Vegnuae VW-O b8-85", "DistanceFromArrivalLS":0.000000, "StarType":"M", "StellarMass":0.382813, "Radius":369378240.000000, "AbsoluteMagnitude":9.166183, "Age_MY":5540, "SurfaceTemperature":2922.000000, "Luminosity":"Va", "RotationPeriod":242187.609375, "AxialTilt":0.000000 }
{ "timestamp":"2018-02-06T05:28:08Z", "event":"FuelScoop", "Scooped":3.722023, "Total":32.000000 }
{ "timestamp":"2018-02-06T05:29:08Z", "event":"StartJump", "JumpType":"Hyperspace", "StarSystem":"Vegnuae UB-P b8-125", "StarClass":"M" }
{ "timestamp":"2018-02-06T05:29:14Z", "event":"Music", "MusicTrack":"NoTrack" }
{ "timestamp":"2018-02-06T05:29:27Z", "event":"FSDJump", "StarSystem":"Vegnuae UB-P b8-125", "StarPos":[1425.625,499.719,36252.219], "SystemAllegiance":"", "SystemEconomy":"$economy_None;", "SystemEconomy_Localised":"None", "SystemGovernment":"$government_None;", "SystemGovernment_Localised":"None", "SystemSecurity":"$GAlAXY_MAP_INFO_state_anarchy;", "SystemSecurity_Localised":"Anarchy", "Population":0, "JumpDist":26.966, "FuelUsed":3.999085, "FuelLevel":28.000916 }
{ "timestamp":"2018-02-06T05:29:27Z", "event":"Music", "MusicTrack":"Supercruise" }
{ "timestamp":"2018-02-06T05:29:36Z", "event":"Music", "MusicTrack":"SystemMap" }
{ "timestamp":"2018-02-06T05:29:49Z", "event":"Scan", "BodyName":"Vegnuae UB-P b8-125", "DistanceFromArrivalLS":0.000000, "StarType":"M", "StellarMass":0.214844, "Radius":242092064.000000, "AbsoluteMagnitude":11.342529, "Age_MY":1598, "SurfaceTemperature":2187.000000, "Luminosity":"Va", "RotationPeriod":124860.257813, "AxialTilt":0.000000, "Rings":[ { "Name":"Vegnuae UB-P b8-125 A Belt", "RingClass":"eRingClass_Rocky", "MassMT":6.2295e+13, "InnerRad":3.9945e+08, "OuterRad":1.5194e+09 }, { "Name":"Vegnuae UB-P b8-125 B Belt", "RingClass":"eRingClass_Icy", "MassMT":3.8209e+15, "InnerRad":4.0266e+09, "OuterRad":1.5943e+11 } ] }
{ "timestamp":"2018-02-06T05:30:04Z", "event":"Friends", "Status":"Offline", "Name":"Klutz" }
{ "timestamp":"2018-02-06T05:30:06Z", "event":"Music", "MusicTrack":"Supercruise" }
{ "timestamp":"2018-02-06T05:30:28Z", "event":"FuelScoop", "Scooped":3.999084, "Total":32.000000 }
{ "timestamp":"2018-02-06T05:30:36Z", "event":"Music", "MusicTrack":"GalaxyMap" }
{ "timestamp":"2018-02-06T05:30:37Z", "event":"Music", "MusicTrack":"Supercruise" }
{ "timestamp":"2018-02-06T05:30:40Z", "event":"Music", "MusicTrack":"GalaxyMap" }
{ "timestamp":"2018-02-06T05:30:54Z", "event":"Music", "MusicTrack":"Supercruise" }
{ "timestamp":"2018-02-06T05:31:11Z", "event":"StartJump", "JumpType":"Hyperspace", "StarSystem":"Vegnuae ZH-N b9-103", "StarClass":"M" }
{ "timestamp":"2018-02-06T05:31:16Z", "event":"Music", "MusicTrack":"NoTrack" }
{ "timestamp":"2018-02-06T05:31:30Z", "event":"FSDJump", "StarSystem":"Vegnuae ZH-N b9-103", "StarPos":[1449.531,501.750,36264.563], "SystemAllegiance":"", "SystemEconomy":"$economy_None;", "SystemEconomy_Localised":"None", "SystemGovernment":"$government_None;", "SystemGovernment_Localised":"None", "SystemSecurity":"$GAlAXY_MAP_INFO_state_anarchy;", "SystemSecurity_Localised":"Anarchy", "Population":0, "JumpDist":26.982, "FuelUsed":4.004810, "FuelLevel":27.995190 }
{ "timestamp":"2018-02-06T05:31:30Z", "event":"Music", "MusicTrack":"Supercruise" }
{ "timestamp":"2018-02-06T05:31:44Z", "event":"Music", "MusicTrack":"SystemMap" }
{ "timestamp":"2018-02-06T05:31:50Z", "event":"Music", "MusicTrack":"Supercruise" }
{ "timestamp":"2018-02-06T05:31:56Z", "event":"Scan", "BodyName":"Vegnuae ZH-N b9-103", "DistanceFromArrivalLS":0.000000, "StarType":"M", "StellarMass":0.343750, "Radius":336691776.000000, "AbsoluteMagnitude":9.063171, "Age_MY":12132, "SurfaceTemperature":3134.000000, "Luminosity":"Va", "RotationPeriod":183583.968750, "AxialTilt":0.000000, "Rings":[ { "Name":"Vegnuae ZH-N b9-103 A Belt", "RingClass":"eRingClass_Rocky", "MassMT":6.9493e+07, "InnerRad":5.4913e+08, "OuterRad":1.6904e+09 } ] }
{ "timestamp":"2018-02-06T05:32:12Z", "event":"FuelScoop", "Scooped":4.004794, "Total":32.000000 }
{ "timestamp":"2018-02-06T05:32:12Z", "event":"Friends", "Status":"Online", "Name":"Klutz" }
{ "timestamp":"2018-02-06T05:32:15Z", "event":"Music", "MusicTrack":"SystemMap" }
{ "timestamp":"2018-02-06T05:32:16Z", "event":"Music", "MusicTrack":"Supercruise" }
{ "timestamp":"2018-02-06T05:32:37Z", "event":"StartJump", "JumpType":"Hyperspace", "StarSystem":"Vegnuae ZU-Y e144", "StarClass":"A" }
{ "timestamp":"2018-02-06T05:32:42Z", "event":"Music", "MusicTrack":"NoTrack" }
{ "timestamp":"2018-02-06T05:32:55Z", "event":"FSDJump", "StarSystem":"Vegnuae ZU-Y e144", "StarPos":[1473.719,507.375,36275.063], "SystemAllegiance":"", "SystemEconomy":"$economy_None;", "SystemEconomy_Localised":"None", "SystemGovernment":"$government_None;", "SystemGovernment_Localised":"None", "SystemSecurity":"$GAlAXY_MAP_INFO_state_anarchy;", "SystemSecurity_Localised":"Anarchy", "Population":0, "JumpDist":26.962, "FuelUsed":3.997264, "FuelLevel":28.002735 }
{ "timestamp":"2018-02-06T05:32:56Z", "event":"Music", "MusicTrack":"Supercruise" }
{ "timestamp":"2018-02-06T05:33:04Z", "event":"Music", "MusicTrack":"SystemMap" }
{ "timestamp":"2018-02-06T05:33:17Z", "event":"Scan", "BodyName":"Vegnuae ZU-Y e144 A", "DistanceFromArrivalLS":0.000000, "StarType":"A", "StellarMass":2.656250, "Radius":1170790784.000000, "AbsoluteMagnitude":1.357498, "Age_MY":188, "SurfaceTemperature":9905.000000, "Luminosity":"Vz", "SemiMajorAxis":5199419670528.000000, "Eccentricity":0.119185, "OrbitalInclination":-44.898861, "Periapsis":112.168083, "OrbitalPeriod":17037849600.000000, "RotationPeriod":68031.601563, "AxialTilt":0.000000 }
{ "timestamp":"2018-02-06T05:33:22Z", "event":"Music", "MusicTrack":"Supercruise" }
{ "timestamp":"2018-02-06T05:33:41Z", "event":"FuelScoop", "Scooped":4.627287, "Total":32.000000 }
{ "timestamp":"2018-02-06T05:33:46Z", "event":"Music", "MusicTrack":"SystemMap" }
{ "timestamp":"2018-02-06T05:33:47Z", "event":"Music", "MusicTrack":"Supercruise" }
{ "timestamp":"2018-02-06T05:33:54Z", "event":"Music", "MusicTrack":"SystemMap" }
{ "timestamp":"2018-02-06T05:33:55Z", "event":"Music", "MusicTrack":"Supercruise" }
{ "timestamp":"2018-02-06T05:34:19Z", "event":"StartJump", "JumpType":"Hyperspace", "StarSystem":"Vegnuae BR-T c4-27", "StarClass":"K" }
{ "timestamp":"2018-02-06T05:34:25Z", "event":"Music", "MusicTrack":"NoTrack" }
{ "timestamp":"2018-02-06T05:34:38Z", "event":"FSDJump", "StarSystem":"Vegnuae BR-T c4-27", "StarPos":[1495.750,511.469,36290.031], "SystemAllegiance":"", "SystemEconomy":"$economy_None;", "SystemEconomy_Localised":"None", "SystemGovernment":"$government_None;", "SystemGovernment_Localised":"None", "SystemSecurity":"$GAlAXY_MAP_INFO_state_anarchy;", "SystemSecurity_Localised":"Anarchy", "Population":0, "JumpDist":26.948, "FuelUsed":3.992310, "FuelLevel":28.007690 }
{ "timestamp":"2018-02-06T05:34:38Z", "event":"Music", "MusicTrack":"Supercruise" }
{ "timestamp":"2018-02-06T05:34:49Z", "event":"Music", "MusicTrack":"SystemMap" }
{ "timestamp":"2018-02-06T05:34:53Z", "event":"Music", "MusicTrack":"Supercruise" }
{ "timestamp":"2018-02-06T05:35:01Z", "event":"Scan", "BodyName":"Vegnuae BR-T c4-27", "DistanceFromArrivalLS":0.000000, "StarType":"K", "StellarMass":0.753906, "Radius":626455104.000000, "AbsoluteMagnitude":5.604477, "Age_MY":5306, "SurfaceTemperature":5094.000000, "Luminosity":"Vab", "RotationPeriod":290374.468750, "AxialTilt":0.000000, "Rings":[ { "Name":"Vegnuae BR-T c4-27 A Belt", "RingClass":"eRingClass_MetalRich", "MassMT":1.2634e+14, "InnerRad":1.0337e+09, "OuterRad":2.3363e+09 }, { "Name":"Vegnuae BR-T c4-27 B Belt", "RingClass":"eRingClass_Rocky", "MassMT":1.2977e+15, "InnerRad":2.6932e+09, "OuterRad":1.6354e+11 } ] }
{ "timestamp":"2018-02-06T05:35:19Z", "event":"FuelScoop", "Scooped":3.992300, "Total":32.000000 }
{ "timestamp":"2018-02-06T05:35:30Z", "event":"Music", "MusicTrack":"GalaxyMap" }
{ "timestamp":"2018-02-06T05:35:34Z", "event":"Music", "MusicTrack":"Supercruise" }
{ "timestamp":"2018-02-06T05:37:02Z", "event":"Music", "MusicTrack":"GalaxyMap" }
{ "timestamp":"2018-02-06T05:37:16Z", "event":"Music", "MusicTrack":"Supercruise" }
