{ "timestamp":"2018-04-01T22:20:27Z", "event":"Fileheader", "part":1, "language":"English\\UK", "gameversion":"3.0.5.402 EDH", "build":"r168330/r0 " }
{ "timestamp":"2018-04-01T22:20:27Z", "event":"Music", "MusicTrack":"NoTrack" }
{ "timestamp":"2018-04-01T22:20:27Z", "event":"Music", "MusicTrack":"MainMenu" }
{ "timestamp":"2018-04-01T22:21:05Z", "event":"Friends", "Status":"Online", "Name":"Art Fusky" }
{ "timestamp":"2018-04-01T22:21:05Z", "event":"Friends", "Status":"Online", "Name":"Ragnar Starquester" }
{ "timestamp":"2018-04-01T22:21:05Z", "event":"Friends", "Status":"Online", "Name":"DansPCMods" }
{ "timestamp":"2018-04-01T22:21:05Z", "event":"Friends", "Status":"Online", "Name":"Steyla" }
{ "timestamp":"2018-04-01T22:21:13Z", "event":"Commander", "Name":"JaredCrue" }
{ "timestamp":"2018-04-01T22:21:13Z", "event":"Materials", "Raw":[ { "Name":"nickel", "Count":250 }, { "Name":"vanadium", "Count":169 }, { "Name":"sulphur", "Count":285 }, { "Name":"iron", "Count":270 }, { "Name":"germanium", "Count":130 }, { "Name":"arsenic", "Count":56 }, { "Name":"polonium", "Count":13 }, { "Name":"tin", "Count":22 }, { "Name":"phosphorus", "Count":195 }, { "Name":"zinc", "Count":77 }, { "Name":"niobium", "Count":78 }, { "Name":"cadmium", "Count":102 }, { "Name":"selenium", "Count":18 }, { "Name":"yttrium", "Count":22 }, { "Name":"chromium", "Count":250 }, { "Name":"carbon", "Count":211 }, { "Name":"molybdenum", "Count":51 }, { "Name":"tungsten", "Count":9 }, { "Name":"tellurium", "Count":21 }, { "Name":"manganese", "Count":44 } ], "Manufactured":[ { "Name":"mechanicalequipment", "Name_Localised":"Mechanical Equipment", "Count":15 }, { "Name":"mechanicalscrap", "Name_Localised":"Mechanical Scrap", "Count":18 }, { "Name":"wornshieldemitters", "Name_Localised":"Worn Shield Emitters", "Count":9 }, { "Name":"salvagedalloys", "Name_Localised":"Salvaged Alloys", "Count":12 }, { "Name":"chemicalprocessors", "Name_Localised":"Chemical Processors", "Count":17 }, { "Name":"conductivecomponents", "Name_Localised":"Conductive Components", "Count":12 }, { "Name":"refinedfocuscrystals", "Name_Localised":"Refined Focus Crystals", "Count":9 }, { "Name":"shieldemitters", "Name_Localised":"Shield Emitters", "Count":12 }, { "Name":"compoundshielding", "Name_Localised":"Compound Shielding", "Count":1 }, { "Name":"focuscrystals", "Name_Localised":"Focus Crystals", "Count":5 }, { "Name":"heatdispersionplate", "Name_Localised":"Heat Dispersion Plate", "Count":9 }, { "Name":"mechanicalcomponents", "Name_Localised":"Mechanical Components", "Count":12 }, { "Name":"chemicalmanipulators", "Name_Localised":"Chemical Manipulators", "Count":1 }, { "Name":"heatvanes", "Name_Localised":"Heat Vanes", "Count":3 }, { "Name":"heatexchangers", "Name_Localised":"Heat Exchangers", "Count":9 }, { "Name":"heatconductionwiring", "Name_Localised":"Heat Conduction Wiring", "Count":9 }, { "Name":"conductiveceramics", "Name_Localised":"Conductive Ceramics", "Count":3 }, { "Name":"basicconductors", "Name_Localised":"Basic Conductors", "Count":3 }, { "Name":"uncutfocuscrystals", "Name_Localised":"Flawed Focus Crystals", "Count":11 } ], "Encoded":[ { "Name":"bulkscandata", "Name_Localised":"Anomalous Bulk Scan Data", "Count":16 }, { "Name":"wakesolutions", "Name_Localised":"Strange Wake Solutions", "Count":19 }, { "Name":"scrambledemissiondata", "Name_Localised":"Exceptional Scrambled Emission Data", "Count":8 }, { "Name":"legacyfirmware", "Name_Localised":"Specialised Legacy Firmware", "Count":7 }, { "Name":"shielddensityreports", "Name_Localised":"Untypical Shield Scans ", "Count":6 }, { "Name":"shieldcyclerecordings", "Name_Localised":"Distorted Shield Cycle Recordings", "Count":27 }, { "Name":"disruptedwakeechoes", "Name_Localised":"Atypical Disrupted Wake Echoes", "Count":124 }, { "Name":"securityfirmware", "Name_Localised":"Security Firmware Patch", "Count":1 }, { "Name":"fsdtelemetry", "Name_Localised":"Anomalous FSD Telemetry", "Count":31 }, { "Name":"shieldsoakanalysis", "Name_Localised":"Inconsistent Shield Soak Analysis", "Count":6 }, { "Name":"shieldpatternanalysis", "Name_Localised":"Aberrant Shield Pattern Analysis", "Count":3 }, { "Name":"dataminedwake", "Name_Localised":"Datamined Wake Exceptions", "Count":4 }, { "Name":"scanarchives", "Name_Localised":"Unidentified Scan Archives", "Count":6 }, { "Name":"scandatabanks", "Name_Localised":"Classified Scan Databanks", "Count":3 }, { "Name":"decodedemissiondata", "Name_Localised":"Decoded Emission Data", "Count":3 }, { "Name":"emissiondata", "Name_Localised":"Unexpected Emission Data", "Count":6 }, { "Name":"consumerfirmware", "Name_Localised":"Modified Consumer Firmware", "Count":3 }, { "Name":"symmetrickeys", "Name_Localised":"Open Symmetric Keys", "Count":1 }, { "Name":"encryptionarchives", "Name_Localised":"Atypical Encryption Archives", "Count":5 } ] }
{ "timestamp":"2018-04-01T22:21:13Z", "event":"LoadGame", "Commander":"JaredCrue", "Horizons":true, "Ship":"Anaconda", "ShipID":7, "ShipName":"Hawking Explorer", "ShipIdent":"BPE271", "FuelLevel":32.000000, "FuelCapacity":32.000000, "GameMode":"Group", "Group":"FleetComm", "Credits":432688504, "Loan":0 }
{ "timestamp":"2018-04-01T22:21:13Z", "event":"Rank", "Combat":0, "Trade":2, "Explore":8, "Empire":0, "Federation":0, "CQC":0 }
{ "timestamp":"2018-04-01T22:21:13Z", "event":"Progress", "Combat":35, "Trade":88, "Explore":100, "Empire":100, "Federation":80, "CQC":0 }
{ "timestamp":"2018-04-01T22:21:13Z", "event":"Reputation", "Empire":15.330100, "Federation":90.805901 }
{ "timestamp":"2018-04-01T22:21:23Z", "event":"Loadout", "Ship":"Anaconda", "ShipID":7, "ShipName":"Hawking Explorer", "ShipIdent":"BPE271", "HullValue":125004659, "ModulesValue":105796079, "Rebuy":11540038, "Modules":[ { "Slot":"TinyHardpoint1", "Item":"Hpt_CloudScanner_Size0_Class5", "On":true, "Priority":0, "Health":1.000000, "Value":962702 }, { "Slot":"TinyHardpoint2", "Item":"Hpt_HeatSinkLauncher_Turret_Tiny", "On":true, "Priority":0, "AmmoInClip":1, "AmmoInHopper":2, "Health":1.000000, "Value":3072 }, { "Slot":"TinyHardpoint3", "Item":"Hpt_HeatSinkLauncher_Turret_Tiny", "On":true, "Priority":0, "AmmoInClip":1, "AmmoInHopper":2, "Health":1.000000, "Value":3072 }, { "Slot":"TinyHardpoint4", "Item":"Hpt_HeatSinkLauncher_Turret_Tiny", "On":true, "Priority":0, "AmmoInClip":1, "AmmoInHopper":2, "Health":1.000000, "Value":3072 }, { "Slot":"Armour", "Item":"Anaconda_Armour_Grade1", "On":true, "Priority":1, "Health":1.000000 }, { "Slot":"PaintJob", "Item":"PaintJob_Anaconda_Vibrant_Green", "On":true, "Priority":1, "Health":1.000000 }, { "Slot":"PowerPlant", "Item":"Int_Powerplant_Size5_Class5", "On":true, "Priority":1, "Health":1.000000, "Value":3794047 }, { "Slot":"MainEngines", "Item":"Int_Engine_Size5_Class2", "On":true, "Priority":0, "Health":1.000000, "Value":165879 }, { "Slot":"FrameShiftDrive", "Item":"Int_Hyperdrive_Size6_Class5", "On":true, "Priority":0, "Health":1.000000, "Value":14197539, "Engineering":{ "Engineer":"Felicity Farseer", "EngineerID":300100, "BlueprintID":128673694, "BlueprintName":"FSD_LongRange", "Level":5, "Quality":1.000000, "ExperimentalEffect":"special_fsd_heavy", "ExperimentalEffect_Localised":"Mass Manager", "Modifiers":[ { "Label":"Mass", "Value":52.000000, "OriginalValue":40.000000, "LessIsGood":1 }, { "Label":"Integrity", "Value":110.262009, "OriginalValue":141.000000, "LessIsGood":0 }, { "Label":"PowerDraw", "Value":0.862500, "OriginalValue":0.750000, "LessIsGood":1 }, { "Label":"FSDOptimalMass", "Value":2901.599854, "OriginalValue":1800.000000, "LessIsGood":0 } ] } }, { "Slot":"LifeSupport", "Item":"Int_LifeSupport_Size5_Class2", "On":true, "Priority":0, "Health":1.000000, "Value":69713 }, { "Slot":"PowerDistributor", "Item":"Int_PowerDistributor_Size1_Class2", "On":true, "Priority":0, "Health":1.000000, "Value":1135 }, { "Slot":"Radar", "Item":"Int_Sensors_Size8_Class2", "On":true, "Priority":0, "Health":1.000000, "Value":1530326 }, { "Slot":"FuelTank", "Item":"Int_FuelTank_Size5_Class3", "On":true, "Priority":1, "Health":1.000000, "Value":85779 }, { "Slot":"Decal1", "Item":"Decal_Explorer_Elite", "On":true, "Priority":1, "Health":1.000000 }, { "Slot":"Decal2", "Item":"Decal_Explorer_Elite", "On":true, "Priority":1, "Health":1.000000 }, { "Slot":"Decal3", "Item":"Decal_Explorer_Elite", "On":true, "Priority":1, "Health":1.000000 }, { "Slot":"ShipName0", "Item":"Nameplate_Expedition01_White", "On":true, "Priority":1, "Health":1.000000 }, { "Slot":"ShipName1", "Item":"Nameplate_Expedition02_White", "On":true, "Priority":1, "Health":1.000000 }, { "Slot":"ShipID0", "Item":"Nameplate_ShipID_White", "On":true, "Priority":1, "Health":1.000000 }, { "Slot":"ShipID1", "Item":"Nameplate_ShipID_White", "On":true, "Priority":1, "Health":1.000000 }, { "Slot":"Slot01_Size7", "Item":"Int_FuelScoop_Size7_Class5", "On":true, "Priority":0, "Health":1.000000, "Value":80011016 }, { "Slot":"Slot02_Size6", "Item":"Int_FighterBay_Size5_Class1", "On":true, "Priority":0, "Health":1.000000, "Value":505128 }, { "Slot":"Slot03_Size6", "Item":"Int_ShieldGenerator_Size3_Class2", "On":true, "Priority":0, "Health":1.000000, "Value":16508 }, { "Slot":"Slot04_Size6", "Item":"Int_CargoRack_Size4_Class1", "On":true, "Priority":1, "Health":1.000000, "Value":30124 }, { "Slot":"Slot05_Size5", "Item":"Int_DroneControl_FuelTransfer_Size1_Class2", "On":true, "Priority":0, "Health":1.000000, "Value":1053 }, { "Slot":"Slot06_Size5", "Item":"Int_DroneControl_Repair_Size1_Class2", "On":true, "Priority":0, "Health":1.000000, "Value":1053 }, { "Slot":"Slot07_Size5", "Item":"Int_Repairer_Size4_Class4", "On":false, "Priority":0, "AmmoInClip":5900, "Health":1.000000, "Value":1381747 }, { "Slot":"Slot08_Size4", "Item":"Int_Repairer_Size4_Class4", "On":false, "Priority":0, "AmmoInClip":5900, "Health":1.000000, "Value":1381747 }, { "Slot":"Slot09_Size4", "Item":"Int_BuggyBay_Size4_Class2", "On":true, "Priority":0, "Health":1.000000, "Value":75816 }, { "Slot":"Slot10_Size4", "Item":"Int_DetailedSurfaceScanner_Tiny", "On":true, "Priority":1, "Health":1.000000, "Value":219375, "Engineering":{ "Engineer":"Felicity Farseer", "EngineerID":300100, "BlueprintID":128740154, "BlueprintName":"Sensor_FastScan", "Level":3, "Quality":1.000000, "Modifiers":[ { "Label":"Mass", "Value":2.080000, "OriginalValue":1.300000, "LessIsGood":1 }, { "Label":"DSS_RateMult", "Value":50.000000, "OriginalValue":0.000000, "LessIsGood":0 } ] } }, { "Slot":"Slot13_Size2", "Item":"Int_StellarBodyDiscoveryScanner_Advanced", "On":true, "Priority":1, "Health":1.000000, "Value":1355738 }, { "Slot":"PlanetaryApproachSuite", "Item":"Int_PlanetApproachSuite", "On":true, "Priority":1, "Health":1.000000, "Value":438 }, { "Slot":"VesselVoice", "Item":"VoicePack_Verity", "On":true, "Priority":1, "Health":1.000000 }, { "Slot":"ShipCockpit", "Item":"Anaconda_Cockpit", "On":true, "Priority":1, "Health":1.000000 }, { "Slot":"CargoHatch", "Item":"ModularCargoBayDoor", "On":true, "Priority":2, "Health":1.000000 } ] }
{ "timestamp":"2018-04-01T22:21:24Z", "event":"Friends", "Status":"Online", "Name":"Art Fusky" }
{ "timestamp":"2018-04-01T22:21:24Z", "event":"Friends", "Status":"Online", "Name":"Ragnar Starquester" }
{ "timestamp":"2018-04-01T22:21:24Z", "event":"Friends", "Status":"Online", "Name":"DansPCMods" }
{ "timestamp":"2018-04-01T22:21:24Z", "event":"Friends", "Status":"Online", "Name":"Steyla" }
{ "timestamp":"2018-04-01T22:21:34Z", "event":"Location", "Docked":false, "StarSystem":"Dryio Blou BB-D d13-583", "SystemAddress":20040577340659, "StarPos":[-7769.93750,-579.31250,29562.71875], "SystemAllegiance":"", "SystemEconomy":"$economy_None;", "SystemEconomy_Localised":"None", "SystemSecondEconomy":"$economy_None;", "SystemSecondEconomy_Localised":"None", "SystemGovernment":"$government_None;", "SystemGovernment_Localised":"None", "SystemSecurity":"$GAlAXY_MAP_INFO_state_anarchy;", "SystemSecurity_Localised":"Anarchy", "Population":0, "Body":"Dryio Blou BB-D d13-583 AB", "BodyID":1, "BodyType":"Null" }
{ "timestamp":"2018-04-01T22:21:34Z", "event":"Powerplay", "Power":"Felicia Winters", "Rank":0, "Merits":0, "Votes":0, "TimePledged":684499 }
{ "timestamp":"2018-04-01T22:21:34Z", "event":"Music", "MusicTrack":"NoTrack" }
{ "timestamp":"2018-04-01T22:21:34Z", "event":"Missions", "Active":[  ], "Failed":[  ], "Complete":[  ] }
{ "timestamp":"2018-04-01T22:21:34Z", "event":"Cargo", "Inventory":[ { "Name":"drones", "Name_Localised":"Limpet", "Count":16, "Stolen":0 } ] }
{ "timestamp":"2018-04-01T22:21:34Z", "event":"Music", "MusicTrack":"Exploration" }
{ "timestamp":"2018-04-01T22:21:34Z", "event":"Statistics", "Bank_Account":{ "Current_Wealth":725418340, "Spent_On_Ships":427091961, "Spent_On_Outfitting":485714197, "Spent_On_Repairs":1931209, "Spent_On_Fuel":10811, "Spent_On_Ammo_Consumables":8652, "Insurance_Claims":0, "Spent_On_Insurance":0 }, "Combat":{ "Bounties_Claimed":1, "Bounty_Hunting_Profit":750, "Combat_Bonds":0, "Combat_Bond_Profits":0, "Assassinations":0, "Assassination_Profits":0, "Highest_Single_Reward":1000, "Skimmers_Killed":8 }, "Crime":{ "Notoriety":0, "Fines":8, "Total_Fines":17474, "Bounties_Received":0, "Total_Bounties":0, "Highest_Bounty":0 }, "Smuggling":{ "Black_Markets_Traded_With":0, "Black_Markets_Profits":0, "Resources_Smuggled":0, "Average_Profit":0, "Highest_Single_Transaction":0 }, "Trading":{ "Markets_Traded_With":12, "Market_Profits":244184, "Resources_Traded":55, "Average_Profit":11099.272727273, "Highest_Single_Transaction":137325 }, "Mining":{ "Mining_Profits":411, "Quantity_Mined":3, "Materials_Collected":3698 }, "Exploration":{ "Systems_Visited":10199, "Exploration_Profits":787795624, "Planets_Scanned_To_Level_2":17, "Planets_Scanned_To_Level_3":6204, "Highest_Payout":4090900, "Total_Hyperspace_Distance":266708, "Total_Hyperspace_Jumps":10382, "Greatest_Distance_From_Start":65222.47204614, "Time_Played":2122800 }, "Passengers":{ "Passengers_Missions_Bulk":0, "Passengers_Missions_VIP":0, "Passengers_Missions_Delivered":0, "Passengers_Missions_Ejected":0 }, "Search_And_Rescue":{ "SearchRescue_Traded":6, "SearchRescue_Profit":140105, "SearchRescue_Count":2 }, "Crafting":{ "Count_Of_Used_Engineers":2, "Recipes_Generated":45, "Recipes_Generated_Rank_1":6, "Recipes_Generated_Rank_2":8, "Recipes_Generated_Rank_3":10, "Recipes_Generated_Rank_4":13, "Recipes_Generated_Rank_5":8 }, "Crew":{  }, "Multicrew":{ "Multicrew_Time_Total":155, "Multicrew_Gunner_Time_Total":0, "Multicrew_Fighter_Time_Total":0, "Multicrew_Credits_Total":0, "Multicrew_Fines_Total":0 }, "Material_Trader_Stats":{ "Trades_Completed":5, "Materials_Traded":86, "Encoded_Materials_Traded":50, "Grade_2_Materials_Traded":19, "Grade_3_Materials_Traded":14, "Grade_4_Materials_Traded":53 } }
{ "timestamp":"2018-04-01T22:21:40Z", "event":"Music", "MusicTrack":"GalaxyMap" }
{ "timestamp":"2018-04-01T22:21:41Z", "event":"Music", "MusicTrack":"Exploration" }
{ "timestamp":"2018-04-01T22:47:22Z", "event":"SendText", "To":"Art Fusky", "Message":"o7" }
{ "timestamp":"2018-04-01T22:47:28Z", "event":"SendText", "To":"Steyla", "Message":"o7" }
{ "timestamp":"2018-04-01T22:47:37Z", "event":"ReceiveText", "From":"Art Fusky", "Message":"o7", "Channel":"player" }
{ "timestamp":"2018-04-01T22:47:42Z", "event":"SendText", "To":"DansPCMods", "Message":"o7" }
{ "timestamp":"2018-04-01T22:47:50Z", "event":"SendText", "To":"Ragnar Starquester", "Message":"o7" }
{ "timestamp":"2018-04-01T22:47:50Z", "event":"SendText", "To":"Ragnar Starquester", "Message":"o7" }
{ "timestamp":"2018-04-01T22:48:03Z", "event":"ReceiveText", "From":"Ragnar Starquester", "Message":"Hello! o7", "Channel":"player" }
{ "timestamp":"2018-04-01T22:48:13Z", "event":"SendText", "To":"Ragnar Starquester", "Message":"Text got delayed :P" }
{ "timestamp":"2018-04-01T22:48:28Z", "event":"ReceiveText", "From":"DansPCMods", "Message":"oh seven", "Channel":"player" }
{ "timestamp":"2018-04-01T22:48:31Z", "event":"ReceiveText", "From":"Ragnar Starquester", "Message":"That happens a lot!", "Channel":"player" }
{ "timestamp":"2018-04-01T22:48:39Z", "event":"ReceiveText", "From":"Ragnar Starquester", "Message":"lol!", "Channel":"player" }
{ "timestamp":"2018-04-01T22:48:45Z", "event":"SendText", "To":"Ragnar Starquester", "Message":"lol" }
{ "timestamp":"2018-04-01T22:49:55Z", "event":"Music", "MusicTrack":"GalaxyMap" }
{ "timestamp":"2018-04-01T22:50:27Z", "event":"Music", "MusicTrack":"Exploration" }
{ "timestamp":"2018-04-01T22:50:42Z", "event":"SendText", "To":"Ragnar Starquester", "Message":"How's the flying?" }
{ "timestamp":"2018-04-01T22:55:58Z", "event":"Music", "MusicTrack":"SystemMap" }
{ "timestamp":"2018-04-01T22:56:02Z", "event":"Music", "MusicTrack":"Exploration" }
{ "timestamp":"2018-04-01T22:56:04Z", "event":"Music", "MusicTrack":"GalaxyMap" }
{ "timestamp":"2018-04-01T22:56:17Z", "event":"Music", "MusicTrack":"Exploration" }
{ "timestamp":"2018-04-01T22:57:23Z", "event":"StartJump", "JumpType":"Hyperspace", "StarSystem":"Dryio Blou PU-A c29-494", "SystemAddress":135860518988282, "StarClass":"K" }
{ "timestamp":"2018-04-01T22:57:28Z", "event":"Music", "MusicTrack":"NoTrack" }
{ "timestamp":"2018-04-01T22:57:41Z", "event":"FSDJump", "StarSystem":"Dryio Blou PU-A c29-494", "SystemAddress":135860518988282, "StarPos":[-7753.50000,-570.56250,29615.25000], "SystemAllegiance":"", "SystemEconomy":"$economy_None;", "SystemEconomy_Localised":"None", "SystemSecondEconomy":"$economy_None;", "SystemSecondEconomy_Localised":"None", "SystemGovernment":"$government_None;", "SystemGovernment_Localised":"None", "SystemSecurity":"$GAlAXY_MAP_INFO_state_anarchy;", "SystemSecurity_Localised":"Anarchy", "Population":0, "JumpDist":55.734, "FuelUsed":7.899207, "FuelLevel":23.030792 }
{ "timestamp":"2018-04-01T22:57:41Z", "event":"Powerplay", "Power":"Felicia Winters", "Rank":0, "Merits":0, "Votes":0, "TimePledged":686666 }
{ "timestamp":"2018-04-01T22:57:42Z", "event":"Music", "MusicTrack":"Supercruise" }
{ "timestamp":"2018-04-01T22:57:49Z", "event":"DiscoveryScan", "SystemAddress":135860518988282, "Bodies":30 }
{ "timestamp":"2018-04-01T22:57:52Z", "event":"Music", "MusicTrack":"SystemMap" }
{ "timestamp":"2018-04-01T22:57:57Z", "event":"Music", "MusicTrack":"Supercruise" }
{ "timestamp":"2018-04-01T22:58:01Z", "event":"Scan", "ScanType":"Detailed", "BodyName":"Dryio Blou PU-A c29-494", "BodyID":0, "DistanceFromArrivalLS":0.000000, "StarType":"K", "StellarMass":0.789063, "Radius":653856576.000000, "AbsoluteMagnitude":5.529434, "Age_MY":11028, "SurfaceTemperature":5073.000000, "Luminosity":"Va", "RotationPeriod":228536.546875, "AxialTilt":0.000000, "Rings":[ { "Name":"Dryio Blou PU-A c29-494 A Belt", "RingClass":"eRingClass_Metalic", "MassMT":1.052e+14, "InnerRad":1.0789e+09, "OuterRad":2.3713e+09 } ] }
{ "timestamp":"2018-04-01T22:58:16Z", "event":"FuelScoop", "Scooped":5.006891, "Total":28.037685 }
{ "timestamp":"2018-04-01T22:58:21Z", "event":"FuelScoop", "Scooped":3.962316, "Total":32.000000 }
{ "timestamp":"2018-04-01T22:58:24Z", "event":"Music", "MusicTrack":"SystemMap" }
{ "timestamp":"2018-04-01T22:58:28Z", "event":"Music", "MusicTrack":"Supercruise" }
{ "timestamp":"2018-04-01T22:59:25Z", "event":"StartJump", "JumpType":"Hyperspace", "StarSystem":"Eord Gree QK-D c227", "SystemAddress":62468184943106, "StarClass":"K" }
{ "timestamp":"2018-04-01T22:59:30Z", "event":"Music", "MusicTrack":"NoTrack" }
{ "timestamp":"2018-04-01T22:59:43Z", "event":"FSDJump", "StarSystem":"Eord Gree QK-D c227", "SystemAddress":62468184943106, "StarPos":[-7741.37500,-570.15625,29669.18750], "SystemAllegiance":"", "SystemEconomy":"$economy_None;", "SystemEconomy_Localised":"None", "SystemSecondEconomy":"$economy_None;", "SystemSecondEconomy_Localised":"None", "SystemGovernment":"$government_None;", "SystemGovernment_Localised":"None", "SystemSecurity":"$GAlAXY_MAP_INFO_state_anarchy;", "SystemSecurity_Localised":"Anarchy", "Population":0, "JumpDist":55.285, "FuelUsed":7.768423, "FuelLevel":24.231577 }
{ "timestamp":"2018-04-01T22:59:44Z", "event":"Music", "MusicTrack":"Supercruise" }
{ "timestamp":"2018-04-01T22:59:50Z", "event":"DiscoveryScan", "SystemAddress":62468184943106, "Bodies":28 }
{ "timestamp":"2018-04-01T22:59:53Z", "event":"Music", "MusicTrack":"SystemMap" }
{ "timestamp":"2018-04-01T22:59:55Z", "event":"Music", "MusicTrack":"Supercruise" }
{ "timestamp":"2018-04-01T23:00:02Z", "event":"Scan", "ScanType":"Detailed", "BodyName":"Eord Gree QK-D c227", "BodyID":0, "DistanceFromArrivalLS":0.000000, "StarType":"K", "StellarMass":0.738281, "Radius":557134336.000000, "AbsoluteMagnitude":6.232971, "Age_MY":10054, "SurfaceTemperature":4674.000000, "Luminosity":"Va", "RotationPeriod":216921.468750, "AxialTilt":0.000000, "Rings":[ { "Name":"Eord Gree QK-D c227 A Belt", "RingClass":"eRingClass_Rocky", "MassMT":1.1042e+14, "InnerRad":1.0974e+09, "OuterRad":2.1809e+09 }, { "Name":"Eord Gree QK-D c227 B Belt", "RingClass":"eRingClass_MetalRich", "MassMT":2.2261e+15, "InnerRad":3.635e+09, "OuterRad":3.693e+11 } ] }
{ "timestamp":"2018-04-01T23:00:16Z", "event":"FuelScoop", "Scooped":5.012037, "Total":29.243620 }
{ "timestamp":"2018-04-01T23:00:18Z", "event":"FuelScoop", "Scooped":2.756379, "Total":32.000000 }
{ "timestamp":"2018-04-01T23:00:24Z", "event":"Music", "MusicTrack":"SystemMap" }
{ "timestamp":"2018-04-01T23:00:25Z", "event":"Music", "MusicTrack":"Supercruise" }
{ "timestamp":"2018-04-01T23:00:43Z", "event":"StartJump", "JumpType":"Hyperspace", "StarSystem":"Eord Gree QS-B b3-38", "SystemAddress":84129951863833, "StarClass":"M" }
{ "timestamp":"2018-04-01T23:00:49Z", "event":"Music", "MusicTrack":"NoTrack" }
{ "timestamp":"2018-04-01T23:01:02Z", "event":"FSDJump", "StarSystem":"Eord Gree QS-B b3-38", "SystemAddress":84129951863833, "StarPos":[-7726.40625,-562.37500,29722.21875], "SystemAllegiance":"", "SystemEconomy":"$economy_None;", "SystemEconomy_Localised":"None", "SystemSecondEconomy":"$economy_None;", "SystemSecondEconomy_Localised":"None", "SystemGovernment":"$government_None;", "SystemGovernment_Localised":"None", "SystemSecurity":"$GAlAXY_MAP_INFO_state_anarchy;", "SystemSecurity_Localised":"Anarchy", "Population":0, "JumpDist":55.650, "FuelUsed":7.902572, "FuelLevel":24.097427 }
{ "timestamp":"2018-04-01T23:01:02Z", "event":"Music", "MusicTrack":"Supercruise" }
{ "timestamp":"2018-04-01T23:01:11Z", "event":"DiscoveryScan", "SystemAddress":84129951863833, "Bodies":23 }
{ "timestamp":"2018-04-01T23:01:14Z", "event":"Music", "MusicTrack":"SystemMap" }
{ "timestamp":"2018-04-01T23:01:16Z", "event":"Music", "MusicTrack":"Supercruise" }
{ "timestamp":"2018-04-01T23:01:23Z", "event":"Scan", "ScanType":"Detailed", "BodyName":"Eord Gree QS-B b3-38 A", "BodyID":1, "Parents":[ {"Null":0} ], "DistanceFromArrivalLS":0.000000, "StarType":"M", "StellarMass":0.265625, "Radius":300375840.000000, "AbsoluteMagnitude":10.502914, "Age_MY":4904, "SurfaceTemperature":2382.000000, "Luminosity":"Va", "SemiMajorAxis":294298451968.000000, "Eccentricity":0.341372, "OrbitalInclination":-25.151176, "Periapsis":276.575836, "OrbitalPeriod":1090075264.000000, "RotationPeriod":170778.515625, "AxialTilt":0.000000, "Rings":[ { "Name":"Eord Gree QS-B b3-38 A A Belt", "RingClass":"eRingClass_MetalRich", "MassMT":1.9074e+13, "InnerRad":5.1187e+08, "OuterRad":1.5512e+09 } ] }
{ "timestamp":"2018-04-01T23:02:47Z", "event":"Music", "MusicTrack":"SystemMap" }
{ "timestamp":"2018-04-01T23:02:48Z", "event":"Music", "MusicTrack":"Supercruise" }
{ "timestamp":"2018-04-01T23:03:02Z", "event":"FuelScoop", "Scooped":5.005793, "Total":29.103195 }
{ "timestamp":"2018-04-01T23:03:06Z", "event":"FuelScoop", "Scooped":2.896806, "Total":32.000000 }
{ "timestamp":"2018-04-01T23:03:48Z", "event":"StartJump", "JumpType":"Hyperspace", "StarSystem":"Eord Gree CD-Y c2-852", "SystemAddress":234266876783130, "StarClass":"K" }
{ "timestamp":"2018-04-01T23:03:53Z", "event":"Music", "MusicTrack":"NoTrack" }
{ "timestamp":"2018-04-01T23:04:06Z", "event":"FSDJump", "StarSystem":"Eord Gree CD-Y c2-852", "SystemAddress":234266876783130, "StarPos":[-7714.37500,-558.87500,29776.65625], "SystemAllegiance":"", "SystemEconomy":"$economy_None;", "SystemEconomy_Localised":"None", "SystemSecondEconomy":"$economy_None;", "SystemSecondEconomy_Localised":"None", "SystemGovernment":"$government_None;", "SystemGovernment_Localised":"None", "SystemSecurity":"$GAlAXY_MAP_INFO_state_anarchy;", "SystemSecurity_Localised":"Anarchy", "Population":0, "JumpDist":55.861, "FuelUsed":7.980686, "FuelLevel":24.019314 }
{ "timestamp":"2018-04-01T23:04:06Z", "event":"Powerplay", "Power":"Felicia Winters", "Rank":0, "Merits":0, "Votes":0, "TimePledged":687051 }
{ "timestamp":"2018-04-01T23:04:07Z", "event":"Music", "MusicTrack":"Supercruise" }
{ "timestamp":"2018-04-01T23:04:14Z", "event":"DiscoveryScan", "SystemAddress":234266876783130, "Bodies":5 }
{ "timestamp":"2018-04-01T23:04:14Z", "event":"DiscoveryScan", "SystemAddress":234266876783130, "Bodies":17 }
{ "timestamp":"2018-04-01T23:04:16Z", "event":"Music", "MusicTrack":"SystemMap" }
{ "timestamp":"2018-04-01T23:04:18Z", "event":"Music", "MusicTrack":"Supercruise" }
{ "timestamp":"2018-04-01T23:04:26Z", "event":"Scan", "ScanType":"Detailed", "BodyName":"Eord Gree CD-Y c2-852", "BodyID":0, "DistanceFromArrivalLS":0.000000, "StarType":"K", "StellarMass":0.781250, "Radius":599563072.000000, "AbsoluteMagnitude":6.003494, "Age_MY":2254, "SurfaceTemperature":4750.000000, "Luminosity":"Va", "RotationPeriod":265673.625000, "AxialTilt":0.000000, "Rings":[ { "Name":"Eord Gree CD-Y c2-852 A Belt", "RingClass":"eRingClass_Rocky", "MassMT":1.2733e+14, "InnerRad":9.3571e+08, "OuterRad":2.2225e+09 } ] }
{ "timestamp":"2018-04-01T23:04:41Z", "event":"FuelScoop", "Scooped":5.011984, "Total":29.031281 }
{ "timestamp":"2018-04-01T23:04:44Z", "event":"FuelScoop", "Scooped":2.968723, "Total":32.000000 }
{ "timestamp":"2018-04-01T23:05:05Z", "event":"Music", "MusicTrack":"SystemMap" }
{ "timestamp":"2018-04-01T23:05:05Z", "event":"Music", "MusicTrack":"Supercruise" }
{ "timestamp":"2018-04-01T23:05:13Z", "event":"StartJump", "JumpType":"Hyperspace", "StarSystem":"Eord Gree HJ-W c3-557", "SystemAddress":153177961343522, "StarClass":"G" }
{ "timestamp":"2018-04-01T23:05:18Z", "event":"Music", "MusicTrack":"NoTrack" }
{ "timestamp":"2018-04-01T23:05:31Z", "event":"FSDJump", "StarSystem":"Eord Gree HJ-W c3-557", "SystemAddress":153177961343522, "StarPos":[-7694.09375,-561.09375,29828.65625], "SystemAllegiance":"", "SystemEconomy":"$economy_None;", "SystemEconomy_Localised":"None", "SystemSecondEconomy":"$economy_None;", "SystemSecondEconomy_Localised":"None", "SystemGovernment":"$government_None;", "SystemGovernment_Localised":"None", "SystemSecurity":"$GAlAXY_MAP_INFO_state_anarchy;", "SystemSecurity_Localised":"Anarchy", "Population":0, "JumpDist":55.859, "FuelUsed":7.980437, "FuelLevel":24.019562 }
{ "timestamp":"2018-04-01T23:05:31Z", "event":"Music", "MusicTrack":"Supercruise" }
{ "timestamp":"2018-04-01T23:05:37Z", "event":"DiscoveryScan", "SystemAddress":153177961343522, "Bodies":5 }
{ "timestamp":"2018-04-01T23:05:38Z", "event":"DiscoveryScan", "SystemAddress":153177961343522, "Bodies":36 }
{ "timestamp":"2018-04-01T23:05:42Z", "event":"Music", "MusicTrack":"SystemMap" }
{ "timestamp":"2018-04-01T23:05:47Z", "event":"Music", "MusicTrack":"Supercruise" }
{ "timestamp":"2018-04-01T23:05:51Z", "event":"Scan", "ScanType":"Detailed", "BodyName":"Eord Gree HJ-W c3-557 A", "BodyID":1, "Parents":[ {"Null":0} ], "DistanceFromArrivalLS":0.000000, "StarType":"G", "StellarMass":0.835938, "Radius":658674624.000000, "AbsoluteMagnitude":5.381073, "Age_MY":2500, "SurfaceTemperature":5230.000000, "Luminosity":"Va", "SemiMajorAxis":13308961751040.000000, "Eccentricity":0.383146, "OrbitalInclination":-4.044683, "Periapsis":299.466217, "OrbitalPeriod":119175168000.000000, "RotationPeriod":233158.078125, "AxialTilt":0.000000, "Rings":[ { "Name":"Eord Gree HJ-W c3-557 A A Belt", "RingClass":"eRingClass_Rocky", "MassMT":3.2014e+11, "InnerRad":1.2043e+09, "OuterRad":2.2732e+09 }, { "Name":"Eord Gree HJ-W c3-557 A B Belt", "RingClass":"eRingClass_Rocky", "MassMT":1.1517e+14, "InnerRad":2.4833e+10, "OuterRad":2.503e+11 } ] }
{ "timestamp":"2018-04-01T23:06:11Z", "event":"FuelScoop", "Scooped":5.006543, "Total":29.026119 }
{ "timestamp":"2018-04-01T23:06:14Z", "event":"FuelScoop", "Scooped":2.973886, "Total":32.000000 }
{ "timestamp":"2018-04-01T23:09:13Z", "event":"StartJump", "JumpType":"Hyperspace", "StarSystem":"Eord Gree ZP-N b10-89", "SystemAddress":196280943203417, "StarClass":"M" }
{ "timestamp":"2018-04-01T23:09:19Z", "event":"Music", "MusicTrack":"NoTrack" }
{ "timestamp":"2018-04-01T23:09:32Z", "event":"FSDJump", "StarSystem":"Eord Gree ZP-N b10-89", "SystemAddress":196280943203417, "StarPos":[-7673.18750,-556.34375,29880.21875], "SystemAllegiance":"", "SystemEconomy":"$economy_None;", "SystemEconomy_Localised":"None", "SystemSecondEconomy":"$economy_None;", "SystemSecondEconomy_Localised":"None", "SystemGovernment":"$government_None;", "SystemGovernment_Localised":"None", "SystemSecurity":"$GAlAXY_MAP_INFO_state_anarchy;", "SystemSecurity_Localised":"Anarchy", "Population":0, "JumpDist":55.842, "FuelUsed":7.973632, "FuelLevel":24.026367 }
{ "timestamp":"2018-04-01T23:09:32Z", "event":"Music", "MusicTrack":"Supercruise" }
{ "timestamp":"2018-04-01T23:09:38Z", "event":"DiscoveryScan", "SystemAddress":196280943203417, "Bodies":3 }
{ "timestamp":"2018-04-01T23:09:38Z", "event":"DiscoveryScan", "SystemAddress":196280943203417, "Bodies":1 }
{ "timestamp":"2018-04-01T23:09:39Z", "event":"DiscoveryScan", "SystemAddress":196280943203417, "Bodies":7 }
{ "timestamp":"2018-04-01T23:09:42Z", "event":"Music", "MusicTrack":"SystemMap" }
{ "timestamp":"2018-04-01T23:09:45Z", "event":"Music", "MusicTrack":"Supercruise" }
{ "timestamp":"2018-04-01T23:09:50Z", "event":"Scan", "ScanType":"Detailed", "BodyName":"Eord Gree ZP-N b10-89 A", "BodyID":2, "Parents":[ {"Null":1}, {"Null":0} ], "DistanceFromArrivalLS":0.000000, "StarType":"M", "StellarMass":0.238281, "Radius":292543808.000000, "AbsoluteMagnitude":10.245544, "Age_MY":10264, "SurfaceTemperature":2561.000000, "Luminosity":"Va", "SemiMajorAxis":200251097088.000000, "Eccentricity":0.131115, "OrbitalInclination":2.935578, "Periapsis":229.074722, "OrbitalPeriod":755325312.000000, "RotationPeriod":153809.562500, "AxialTilt":0.000000, "Rings":[ { "Name":"Eord Gree ZP-N b10-89 A A Belt", "RingClass":"eRingClass_MetalRich", "MassMT":6.1591e+13, "InnerRad":5.2679e+08, "OuterRad":1.496e+09 } ] }
{ "timestamp":"2018-04-01T23:09:51Z", "event":"Music", "MusicTrack":"SystemMap" }
{ "timestamp":"2018-04-01T23:09:56Z", "event":"Music", "MusicTrack":"Supercruise" }
{ "timestamp":"2018-04-01T23:10:10Z", "event":"FuelScoop", "Scooped":5.006658, "Total":29.033022 }
{ "timestamp":"2018-04-01T23:10:14Z", "event":"FuelScoop", "Scooped":2.966974, "Total":32.000000 }
{ "timestamp":"2018-04-01T23:10:53Z", "event":"Scan", "ScanType":"Detailed", "BodyName":"Eord Gree ZP-N b10-89 A 1", "BodyID":9, "Parents":[ {"Star":2}, {"Null":1}, {"Null":0} ], "DistanceFromArrivalLS":63.704048, "TidalLock":true, "TerraformState":"Terraformable", "PlanetClass":"Water world", "Atmosphere":"oxygen atmosphere", "AtmosphereType":"Oxygen", "AtmosphereComposition":[ { "Name":"Oxygen", "Percent":57.948326 }, { "Name":"Nitrogen", "Percent":38.571968 }, { "Name":"CarbonDioxide", "Percent":3.434464 } ], "Volcanism":"", "MassEM":0.275135, "Radius":4092756.750000, "SurfaceGravity":6.546703, "SurfaceTemperature":252.500183, "SurfacePressure":25650.650391, "Landable":false, "Composition":{ "Ice":0.000000, "Rock":0.665209, "Metal":0.334792 }, "SemiMajorAxis":19100372992.000000, "Eccentricity":0.000134, "OrbitalInclination":-0.092110, "Periapsis":47.391144, "OrbitalPeriod":2949088.750000, "RotationPeriod":2949148.250000, "AxialTilt":-0.246023 }
{ "timestamp":"2018-04-01T23:10:59Z", "event":"Music", "MusicTrack":"SystemMap" }
{ "timestamp":"2018-04-01T23:10:59Z", "event":"Music", "MusicTrack":"Supercruise" }
{ "timestamp":"2018-04-01T23:11:07Z", "event":"Friends", "Status":"Online", "Name":"King_INF3RN0" }
{ "timestamp":"2018-04-01T23:30:18Z", "event":"StartJump", "JumpType":"Hyperspace", "StarSystem":"Eord Gree QV-S c5-331", "SystemAddress":91055621483058, "StarClass":"K" }
{ "timestamp":"2018-04-01T23:30:23Z", "event":"Music", "MusicTrack":"NoTrack" }
{ "timestamp":"2018-04-01T23:30:37Z", "event":"FSDJump", "StarSystem":"Eord Gree QV-S c5-331", "SystemAddress":91055621483058, "StarPos":[-7656.12500,-554.12500,29932.93750], "SystemAllegiance":"", "SystemEconomy":"$economy_None;", "SystemEconomy_Localised":"None", "SystemSecondEconomy":"$economy_None;", "SystemSecondEconomy_Localised":"None", "SystemGovernment":"$government_None;", "SystemGovernment_Localised":"None", "SystemSecurity":"$GAlAXY_MAP_INFO_state_anarchy;", "SystemSecurity_Localised":"Anarchy", "Population":0, "JumpDist":55.456, "FuelUsed":7.796986, "FuelLevel":23.133015 }
{ "timestamp":"2018-04-01T23:30:37Z", "event":"Powerplay", "Power":"Felicia Winters", "Rank":0, "Merits":0, "Votes":0, "TimePledged":688642 }
{ "timestamp":"2018-04-01T23:30:37Z", "event":"Music", "MusicTrack":"Supercruise" }
{ "timestamp":"2018-04-01T23:30:43Z", "event":"DiscoveryScan", "SystemAddress":91055621483058, "Bodies":1 }
{ "timestamp":"2018-04-01T23:30:43Z", "event":"DiscoveryScan", "SystemAddress":91055621483058, "Bodies":37 }
{ "timestamp":"2018-04-01T23:30:45Z", "event":"Music", "MusicTrack":"SystemMap" }
{ "timestamp":"2018-04-01T23:30:49Z", "event":"Music", "MusicTrack":"Supercruise" }
{ "timestamp":"2018-04-01T23:30:54Z", "event":"Scan", "ScanType":"Detailed", "BodyName":"Eord Gree QV-S c5-331 A", "BodyID":2, "Parents":[ {"Null":1}, {"Null":0} ], "DistanceFromArrivalLS":0.000000, "StarType":"K", "StellarMass":0.542969, "Radius":504899680.000000, "AbsoluteMagnitude":7.402405, "Age_MY":8800, "SurfaceTemperature":3751.000000, "Luminosity":"Va", "SemiMajorAxis":1319215169536.000000, "Eccentricity":0.050944, "OrbitalInclination":-40.160290, "Periapsis":195.426071, "OrbitalPeriod":4721628160.000000, "RotationPeriod":274256.593750, "AxialTilt":0.000000 }
{ "timestamp":"2018-04-01T23:31:07Z", "event":"FuelScoop", "Scooped":5.001988, "Total":28.135012 }
{ "timestamp":"2018-04-01T23:31:11Z", "event":"FuelScoop", "Scooped":3.865003, "Total":32.000000 }
{ "timestamp":"2018-04-01T23:31:36Z", "event":"StartJump", "JumpType":"Hyperspace", "StarSystem":"Eord Gree ZQ-U d3-177", "SystemAddress":6090557117731, "StarClass":"A" }
{ "timestamp":"2018-04-01T23:31:42Z", "event":"Music", "MusicTrack":"NoTrack" }
{ "timestamp":"2018-04-01T23:31:55Z", "event":"FSDJump", "StarSystem":"Eord Gree ZQ-U d3-177", "SystemAddress":6090557117731, "StarPos":[-7639.12500,-558.37500,29985.93750], "SystemAllegiance":"", "SystemEconomy":"$economy_None;", "SystemEconomy_Localised":"None", "SystemSecondEconomy":"$economy_None;", "SystemSecondEconomy_Localised":"None", "SystemGovernment":"$government_None;", "SystemGovernment_Localised":"None", "SystemSecurity":"$GAlAXY_MAP_INFO_state_anarchy;", "SystemSecurity_Localised":"Anarchy", "Population":0, "JumpDist":55.822, "FuelUsed":7.966347, "FuelLevel":24.033653 }
{ "timestamp":"2018-04-01T23:31:55Z", "event":"Powerplay", "Power":"Felicia Winters", "Rank":0, "Merits":0, "Votes":0, "TimePledged":688720 }
{ "timestamp":"2018-04-01T23:31:55Z", "event":"Music", "MusicTrack":"Supercruise" }
{ "timestamp":"2018-04-01T23:32:01Z", "event":"DiscoveryScan", "SystemAddress":6090557117731, "Bodies":1 }
{ "timestamp":"2018-04-01T23:32:03Z", "event":"DiscoveryScan", "SystemAddress":6090557117731, "Bodies":18 }
{ "timestamp":"2018-04-01T23:32:07Z", "event":"Music", "MusicTrack":"SystemMap" }
{ "timestamp":"2018-04-01T23:32:13Z", "event":"Scan", "ScanType":"Detailed", "BodyName":"Eord Gree ZQ-U d3-177 A", "BodyID":1, "Parents":[ {"Null":0} ], "DistanceFromArrivalLS":0.000000, "StarType":"A", "StellarMass":1.675781, "Radius":1016018240.000000, "AbsoluteMagnitude":2.761047, "Age_MY":2222, "SurfaceTemperature":7697.000000, "Luminosity":"Vab", "SemiMajorAxis":13466560626688.000000, "Eccentricity":0.478418, "OrbitalInclination":45.790199, "Periapsis":244.530960, "OrbitalPeriod":64489373696.000000, "RotationPeriod":85864.835938, "AxialTilt":0.000000 }
{ "timestamp":"2018-04-01T23:32:15Z", "event":"Music", "MusicTrack":"Supercruise" }
{ "timestamp":"2018-04-01T23:32:17Z", "event":"Music", "MusicTrack":"SystemMap" }
{ "timestamp":"2018-04-01T23:32:47Z", "event":"Music", "MusicTrack":"GalaxyMap" }
{ "timestamp":"2018-04-01T23:32:47Z", "event":"Music", "MusicTrack":"Supercruise" }
{ "timestamp":"2018-04-01T23:32:49Z", "event":"Music", "MusicTrack":"GalaxyMap" }
{ "timestamp":"2018-04-01T23:32:50Z", "event":"Music", "MusicTrack":"Supercruise" }
{ "timestamp":"2018-04-01T23:33:03Z", "event":"ReceiveText", "From":"Steyla", "Message":"o7", "Channel":"player" }
{ "timestamp":"2018-04-01T23:33:10Z", "event":"FuelScoop", "Scooped":5.004410, "Total":29.038074 }
{ "timestamp":"2018-04-01T23:33:13Z", "event":"FuelScoop", "Scooped":2.961925, "Total":32.000000 }
{ "timestamp":"2018-04-01T23:33:53Z", "event":"ReceiveText", "From":"Steyla", "Message":"Did not see your message. I am mostly in external camera. Looking for geysers.", "Channel":"player" }
{ "timestamp":"2018-04-01T23:34:16Z", "event":"Music", "MusicTrack":"SystemMap" }
{ "timestamp":"2018-04-01T23:34:17Z", "event":"Music", "MusicTrack":"Supercruise" }
{ "timestamp":"2018-04-01T23:34:36Z", "event":"Scan", "ScanType":"Detailed", "BodyName":"Eord Gree ZQ-U d3-177 A 1", "BodyID":4, "Parents":[ {"Null":3}, {"Star":1}, {"Null":0} ], "DistanceFromArrivalLS":427.842499, "TidalLock":false, "TerraformState":"", "PlanetClass":"High metal content body", "Atmosphere":"hot thick carbon dioxide atmosphere", "AtmosphereType":"CarbonDioxide", "AtmosphereComposition":[ { "Name":"CarbonDioxide", "Percent":99.009666 }, { "Name":"SulphurDioxide", "Percent":0.990097 } ], "Volcanism":"major silicate vapour geysers volcanism", "MassEM":5.217833, "Radius":9727527.000000, "SurfaceGravity":21.978325, "SurfaceTemperature":1671.868652, "SurfacePressure":70096680.000000, "Landable":false, "Composition":{ "Ice":0.000000, "Rock":0.673068, "Metal":0.326932 }, "SemiMajorAxis":282489856.000000, "Eccentricity":0.036460, "OrbitalInclination":-1.965770, "Periapsis":258.384491, "OrbitalPeriod":1734883.125000, "RotationPeriod":1319481.000000, "AxialTilt":-0.426397 }
{ "timestamp":"2018-04-01T23:34:38Z", "event":"SendText", "To":"Steyla", "Message":"Happy Hunting o7" }
{ "timestamp":"2018-04-01T23:34:41Z", "event":"Friends", "Status":"Offline", "Name":"Art Fusky" }
{ "timestamp":"2018-04-01T23:34:44Z", "event":"SendText", "To":"Steyla", "Message":":)" }
{ "timestamp":"2018-04-01T23:34:46Z", "event":"ReceiveText", "From":"Steyla", "Message":"Thanks", "Channel":"player" }
{ "timestamp":"2018-04-01T23:34:49Z", "event":"Music", "MusicTrack":"SystemMap" }
{ "timestamp":"2018-04-01T23:34:54Z", "event":"Music", "MusicTrack":"Supercruise" }
{ "timestamp":"2018-04-01T23:35:16Z", "event":"Scan", "ScanType":"Detailed", "BodyName":"Eord Gree ZQ-U d3-177 A 2", "BodyID":5, "Parents":[ {"Null":3}, {"Star":1}, {"Null":0} ], "DistanceFromArrivalLS":426.997925, "TidalLock":true, "TerraformState":"", "PlanetClass":"High metal content body", "Atmosphere":"hot thick sulfur dioxide atmosphere", "AtmosphereType":"SulphurDioxide", "AtmosphereComposition":[ { "Name":"SulphurDioxide", "Percent":100.000000 } ], "Volcanism":"major silicate vapour geysers volcanism", "MassEM":3.971558, "Radius":9037796.000000, "SurfaceGravity":19.379623, "SurfaceTemperature":507.390656, "SurfacePressure":539605.625000, "Landable":false, "Composition":{ "Ice":0.000000, "Rock":0.673068, "Metal":0.326932 }, "SemiMajorAxis":371135200.000000, "Eccentricity":0.036460, "OrbitalInclination":-1.965770, "Periapsis":78.384499, "OrbitalPeriod":1734883.125000, "RotationPeriod":2302334.750000, "AxialTilt":-0.068900 }
{ "timestamp":"2018-04-01T23:35:20Z", "event":"Music", "MusicTrack":"SystemMap" }
{ "timestamp":"2018-04-01T23:35:24Z", "event":"Music", "MusicTrack":"Supercruise" }
{ "timestamp":"2018-04-01T23:37:05Z", "event":"Music", "MusicTrack":"SystemMap" }
{ "timestamp":"2018-04-01T23:37:07Z", "event":"Music", "MusicTrack":"Supercruise" }
{ "timestamp":"2018-04-01T23:37:24Z", "event":"Scan", "ScanType":"Detailed", "BodyName":"Eord Gree ZQ-U d3-177 A 3", "BodyID":6, "Parents":[ {"Star":1}, {"Null":0} ], "DistanceFromArrivalLS":687.092224, "TidalLock":false, "TerraformState":"", "PlanetClass":"High metal content body", "Atmosphere":"hot thick carbon dioxide atmosphere", "AtmosphereType":"CarbonDioxide", "AtmosphereComposition":[ { "Name":"CarbonDioxide", "Percent":99.009674 }, { "Name":"SulphurDioxide", "Percent":0.990097 } ], "Volcanism":"", "MassEM":1.199531, "Radius":6424257.500000, "SurfaceGravity":11.584436, "SurfaceTemperature":1137.932251, "SurfacePressure":19474548.000000, "Landable":false, "Composition":{ "Ice":0.000000, "Rock":0.673083, "Metal":0.326917 }, "SemiMajorAxis":206008696832.000000, "Eccentricity":0.002627, "OrbitalInclination":0.166069, "Periapsis":243.713623, "OrbitalPeriod":39389984.000000, "RotationPeriod":41540.460938, "AxialTilt":0.366917 }
{ "timestamp":"2018-04-01T23:37:25Z", "event":"Music", "MusicTrack":"SystemMap" }
{ "timestamp":"2018-04-01T23:37:28Z", "event":"Music", "MusicTrack":"Supercruise" }
{ "timestamp":"2018-04-01T23:38:26Z", "event":"Music", "MusicTrack":"SystemMap" }
{ "timestamp":"2018-04-01T23:38:27Z", "event":"Music", "MusicTrack":"Supercruise" }
{ "timestamp":"2018-04-01T23:38:46Z", "event":"Scan", "ScanType":"Detailed", "BodyName":"Eord Gree ZQ-U d3-177 A 4", "BodyID":7, "Parents":[ {"Star":1}, {"Null":0} ], "DistanceFromArrivalLS":1024.377441, "TidalLock":false, "TerraformState":"", "PlanetClass":"High metal content body", "Atmosphere":"hot thick carbon dioxide atmosphere", "AtmosphereType":"CarbonDioxide", "AtmosphereComposition":[ { "Name":"CarbonDioxide", "Percent":95.985786 }, { "Name":"Nitrogen", "Percent":3.054137 }, { "Name":"SulphurDioxide", "Percent":0.959858 } ], "Volcanism":"minor silicate vapour geysers volcanism", "MassEM":1.347453, "Radius":6648239.000000, "SurfaceGravity":12.150939, "SurfaceTemperature":953.713318, "SurfacePressure":22100796.000000, "Landable":false, "Composition":{ "Ice":0.000000, "Rock":0.673083, "Metal":0.326917 }, "SemiMajorAxis":307902939136.000000, "Eccentricity":0.004284, "OrbitalInclination":0.012891, "Periapsis":117.095947, "OrbitalPeriod":71974432.000000, "RotationPeriod":60212.511719, "AxialTilt":-0.213961 }
{ "timestamp":"2018-04-01T23:38:47Z", "event":"Music", "MusicTrack":"SystemMap" }
{ "timestamp":"2018-04-01T23:38:51Z", "event":"Music", "MusicTrack":"Supercruise" }
{ "timestamp":"2018-04-01T23:40:19Z", "event":"Friends", "Status":"Online", "Name":"Klutz" }
{ "timestamp":"2018-04-01T23:50:14Z", "event":"Friends", "Status":"Offline", "Name":"Klutz" }
{ "timestamp":"2018-04-01T23:52:30Z", "event":"Music", "MusicTrack":"SystemMap" }
{ "timestamp":"2018-04-01T23:52:32Z", "event":"Music", "MusicTrack":"Supercruise" }
{ "timestamp":"2018-04-01T23:52:44Z", "event":"Scan", "ScanType":"Detailed", "BodyName":"Eord Gree ZQ-U d3-177 A 5", "BodyID":8, "Parents":[ {"Star":1}, {"Null":0} ], "DistanceFromArrivalLS":1643.159302, "TidalLock":false, "TerraformState":"", "PlanetClass":"High metal content body", "Atmosphere":"hot thick water atmosphere", "AtmosphereType":"Water", "AtmosphereComposition":[ { "Name":"Water", "Percent":94.168785 }, { "Name":"CarbonDioxide", "Percent":5.459498 }, { "Name":"Nitrogen", "Percent":0.181879 } ], "Volcanism":"major silicate vapour geysers volcanism", "MassEM":6.207278, "Radius":10183166.000000, "SurfaceGravity":23.858597, "SurfaceTemperature":1736.744141, "SurfacePressure":1498050688.000000, "Landable":false, "Composition":{ "Ice":0.000000, "Rock":0.673074, "Metal":0.326926 }, "SemiMajorAxis":492883050496.000000, "Eccentricity":0.002790, "OrbitalInclination":0.181605, "Periapsis":27.269629, "OrbitalPeriod":145771728.000000, "RotationPeriod":92494.625000, "AxialTilt":0.360400 }
{ "timestamp":"2018-04-01T23:52:50Z", "event":"Music", "MusicTrack":"SystemMap" }
{ "timestamp":"2018-04-01T23:52:54Z", "event":"Music", "MusicTrack":"Supercruise" }
{ "timestamp":"2018-04-01T23:54:47Z", "event":"Music", "MusicTrack":"SystemMap" }
{ "timestamp":"2018-04-01T23:54:48Z", "event":"Music", "MusicTrack":"Supercruise" }
{ "timestamp":"2018-04-01T23:54:54Z", "event":"Scan", "ScanType":"Detailed", "BodyName":"Eord Gree ZQ-U d3-177 A 6", "BodyID":9, "Parents":[ {"Star":1}, {"Null":0} ], "DistanceFromArrivalLS":2377.913086, "TidalLock":false, "TerraformState":"Terraformable", "PlanetClass":"High metal content body", "Atmosphere":"", "AtmosphereType":"None", "Volcanism":"minor silicate vapour geysers volcanism", "MassEM":1.532907, "Radius":6904034.000000, "SurfaceGravity":12.817969, "SurfaceTemperature":204.556656, "SurfacePressure":57.329678, "Landable":true, "Materials":[ { "Name":"iron", "Percent":23.651930 }, { "Name":"nickel", "Percent":17.889330 }, { "Name":"sulphur", "Percent":16.885666 }, { "Name":"carbon", "Percent":14.199099 }, { "Name":"phosphorus", "Percent":9.090506 }, { "Name":"zinc", "Percent":6.427709 }, { "Name":"vanadium", "Percent":5.808091 }, { "Name":"arsenic", "Percent":2.225633 }, { "Name":"niobium", "Percent":1.616483 }, { "Name":"tin", "Percent":1.539617 }, { "Name":"polonium", "Percent":0.665932 } ], "Composition":{ "Ice":0.000000, "Rock":0.673075, "Metal":0.326925 }, "SemiMajorAxis":709869502464.000000, "Eccentricity":0.009831, "OrbitalInclination":-0.329243, "Periapsis":126.374008, "OrbitalPeriod":251956288.000000, "RotationPeriod":140135.890625, "AxialTilt":0.180916 }
{ "timestamp":"2018-04-01T23:54:58Z", "event":"Music", "MusicTrack":"SystemMap" }
{ "timestamp":"2018-04-01T23:55:12Z", "event":"Music", "MusicTrack":"Supercruise" }
{ "timestamp":"2018-04-01T23:58:06Z", "event":"Music", "MusicTrack":"SystemMap" }
{ "timestamp":"2018-04-01T23:58:07Z", "event":"Music", "MusicTrack":"Supercruise" }
{ "timestamp":"2018-04-01T23:58:28Z", "event":"Scan", "ScanType":"Detailed", "BodyName":"Eord Gree ZQ-U d3-177 A 7 a", "BodyID":11, "Parents":[ {"Planet":10}, {"Star":1}, {"Null":0} ], "DistanceFromArrivalLS":3100.719727, "TidalLock":false, "TerraformState":"", "PlanetClass":"Rocky body", "Atmosphere":"carbon dioxide atmosphere", "AtmosphereType":"CarbonDioxide", "AtmosphereComposition":[ { "Name":"CarbonDioxide", "Percent":98.955231 }, { "Name":"SulphurDioxide", "Percent":1.019335 } ], "Volcanism":"", "MassEM":0.142374, "Radius":3507283.500000, "SurfaceGravity":4.613161, "SurfaceTemperature":277.862610, "SurfacePressure":38408.070313, "Landable":false, "Composition":{ "Ice":0.000000, "Rock":0.861783, "Metal":0.138217 }, "SemiMajorAxis":2340621056.000000, "Eccentricity":0.000000, "OrbitalInclination":11.164668, "Periapsis":133.574814, "OrbitalPeriod":19191152.000000, "RotationPeriod":52855.738281, "AxialTilt":-0.232517 }
{ "timestamp":"2018-04-01T23:58:28Z", "event":"Music", "MusicTrack":"SystemMap" }
{ "timestamp":"2018-04-01T23:58:30Z", "event":"Music", "MusicTrack":"Supercruise" }
{ "timestamp":"2018-04-01T23:58:32Z", "event":"Music", "MusicTrack":"SystemMap" }
{ "timestamp":"2018-04-01T23:58:38Z", "event":"Music", "MusicTrack":"Supercruise" }
{ "timestamp":"2018-04-01T23:58:52Z", "event":"Scan", "ScanType":"Detailed", "BodyName":"Eord Gree ZQ-U d3-177 A 7", "BodyID":10, "Parents":[ {"Star":1}, {"Null":0} ], "DistanceFromArrivalLS":3095.840820, "TidalLock":false, "TerraformState":"", "PlanetClass":"Water world", "Atmosphere":"thick carbon dioxide atmosphere", "AtmosphereType":"CarbonDioxide", "AtmosphereComposition":[ { "Name":"CarbonDioxide", "Percent":56.835133 }, { "Name":"Nitrogen", "Percent":39.531933 }, { "Name":"Water", "Percent":3.163001 } ], "Volcanism":"major silicate vapour geysers volcanism", "MassEM":3.306143, "Radius":8572553.000000, "SurfaceGravity":17.931257, "SurfaceTemperature":477.028900, "SurfacePressure":2676122.000000, "Landable":false, "Composition":{ "Ice":0.000000, "Rock":0.664948, "Metal":0.335052 }, "SemiMajorAxis":922112950272.000000, "Eccentricity":0.007808, "OrbitalInclination":-0.013208, "Periapsis":26.351887, "OrbitalPeriod":373021344.000000, "RotationPeriod":115049.781250, "AxialTilt":0.559868 }
{ "timestamp":"2018-04-01T23:58:54Z", "event":"Music", "MusicTrack":"SystemMap" }
{ "timestamp":"2018-04-01T23:58:59Z", "event":"Music", "MusicTrack":"Supercruise" }
{ "timestamp":"2018-04-01T23:59:00Z", "event":"Music", "MusicTrack":"SystemMap" }
{ "timestamp":"2018-04-01T23:59:03Z", "event":"Music", "MusicTrack":"Supercruise" }
{ "timestamp":"2018-04-02T00:02:37Z", "event":"Scan", "ScanType":"Detailed", "BodyName":"Eord Gree ZQ-U d3-177 A 8", "BodyID":12, "Parents":[ {"Star":1}, {"Null":0} ], "DistanceFromArrivalLS":4172.739746, "TidalLock":false, "TerraformState":"", "PlanetClass":"High metal content body", "Atmosphere":"nitrogen atmosphere", "AtmosphereType":"Nitrogen", "AtmosphereComposition":[ { "Name":"Nitrogen", "Percent":85.858276 }, { "Name":"Oxygen", "Percent":10.751305 }, { "Name":"CarbonDioxide", "Percent":3.274637 } ], "Volcanism":"minor metallic magma volcanism", "MassEM":1.941873, "Radius":7393725.000000, "SurfaceGravity":14.158056, "SurfaceTemperature":224.497055, "SurfacePressure":331889.187500, "Landable":false, "Composition":{ "Ice":0.000000, "Rock":0.673075, "Metal":0.326925 }, "SemiMajorAxis":1251515826176.000000, "Eccentricity":0.001135, "OrbitalInclination":0.613977, "Periapsis":320.541351, "OrbitalPeriod":589809856.000000, "RotationPeriod":53543.960938, "AxialTilt":-0.044453 }
{ "timestamp":"2018-04-02T00:03:08Z", "event":"Music", "MusicTrack":"SystemMap" }
{ "timestamp":"2018-04-02T00:03:15Z", "event":"Music", "MusicTrack":"Supercruise" }
{ "timestamp":"2018-04-02T00:05:13Z", "event":"Friends", "Status":"Online", "Name":"omicrontheta" }
{ "timestamp":"2018-04-02T00:12:06Z", "event":"Scan", "ScanType":"Detailed", "BodyName":"Eord Gree ZQ-U d3-177 B 8", "BodyID":21, "Parents":[ {"Star":2}, {"Null":0} ], "DistanceFromArrivalLS":62089.527344, "TidalLock":false, "TerraformState":"", "PlanetClass":"High metal content body", "Atmosphere":"thick methane rich atmosphere", "AtmosphereType":"MethaneRich", "AtmosphereComposition":[ { "Name":"Ammonia", "Percent":33.288582 }, { "Name":"Methane", "Percent":33.288582 }, { "Name":"Nitrogen", "Percent":33.288582 } ], "Volcanism":"minor metallic magma volcanism", "MassEM":2.184731, "Radius":7647706.500000, "SurfaceGravity":14.888295, "SurfaceTemperature":345.679993, "SurfacePressure":3187214.500000, "Landable":false, "Composition":{ "Ice":0.000000, "Rock":0.673069, "Metal":0.326932 }, "SemiMajorAxis":1198073184256.000000, "Eccentricity":0.000262, "OrbitalInclination":0.835452, "Periapsis":27.180717, "OrbitalPeriod":680182656.000000, "RotationPeriod":39833.597656, "AxialTilt":-0.393380 }
{ "timestamp":"2018-04-02T00:12:24Z", "event":"Music", "MusicTrack":"SystemMap" }
{ "timestamp":"2018-04-02T00:12:31Z", "event":"Music", "MusicTrack":"Supercruise" }
{ "timestamp":"2018-04-02T00:14:55Z", "event":"Music", "MusicTrack":"SystemMap" }
{ "timestamp":"2018-04-02T00:14:56Z", "event":"Music", "MusicTrack":"Supercruise" }
{ "timestamp":"2018-04-02T00:15:11Z", "event":"Scan", "ScanType":"Detailed", "BodyName":"Eord Gree ZQ-U d3-177 B 7", "BodyID":20, "Parents":[ {"Star":2}, {"Null":0} ], "DistanceFromArrivalLS":60478.183594, "TidalLock":false, "TerraformState":"", "PlanetClass":"Water world", "Atmosphere":"nitrogen atmosphere", "AtmosphereType":"Nitrogen", "AtmosphereComposition":[ { "Name":"Nitrogen", "Percent":82.085526 }, { "Name":"Oxygen", "Percent":17.020155 }, { "Name":"CarbonDioxide", "Percent":0.619580 } ], "Volcanism":"", "MassEM":0.568664, "Radius":5132976.000000, "SurfaceGravity":8.602534, "SurfaceTemperature":223.809052, "SurfacePressure":140114.859375, "Landable":false, "Composition":{ "Ice":0.000000, "Rock":0.673071, "Metal":0.326929 }, "SemiMajorAxis":679233716224.000000, "Eccentricity":0.005312, "OrbitalInclination":0.490137, "Periapsis":96.555046, "OrbitalPeriod":290355072.000000, "RotationPeriod":43563.808594, "AxialTilt":-0.157210 }
{ "timestamp":"2018-04-02T00:15:12Z", "event":"Music", "MusicTrack":"SystemMap" }
{ "timestamp":"2018-04-02T00:15:18Z", "event":"Music", "MusicTrack":"Supercruise" }
{ "timestamp":"2018-04-02T00:20:41Z", "event":"Scan", "ScanType":"Detailed", "BodyName":"Eord Gree ZQ-U d3-177 B 6", "BodyID":19, "Parents":[ {"Star":2}, {"Null":0} ], "DistanceFromArrivalLS":58669.714844, "TidalLock":false, "TerraformState":"", "PlanetClass":"High metal content body", "Atmosphere":"carbon dioxide rich atmosphere", "AtmosphereType":"CarbonDioxideRich", "AtmosphereComposition":[ { "Name":"Nitrogen", "Percent":99.474350 }, { "Name":"CarbonDioxide", "Percent":0.510101 } ], "Volcanism":"", "MassEM":0.433191, "Radius":4722034.500000, "SurfaceGravity":7.743381, "SurfaceTemperature":227.243942, "SurfacePressure":288514.781250, "Landable":false, "Composition":{ "Ice":0.000000, "Rock":0.673071, "Metal":0.326929 }, "SemiMajorAxis":479711920128.000000, "Eccentricity":0.000348, "OrbitalInclination":0.156458, "Periapsis":310.907684, "OrbitalPeriod":172334128.000000, "RotationPeriod":46628.921875, "AxialTilt":-0.112633 }
{ "timestamp":"2018-04-02T00:22:34Z", "event":"Music", "MusicTrack":"SystemMap" }
{ "timestamp":"2018-04-02T00:22:38Z", "event":"Music", "MusicTrack":"Supercruise" }
{ "timestamp":"2018-04-02T00:25:00Z", "event":"Music", "MusicTrack":"SystemMap" }
{ "timestamp":"2018-04-02T00:25:01Z", "event":"Music", "MusicTrack":"Supercruise" }
{ "timestamp":"2018-04-02T00:41:57Z", "event":"Scan", "ScanType":"Detailed", "BodyName":"Eord Gree ZQ-U d3-177 B 5", "BodyID":18, "Parents":[ {"Star":2}, {"Null":0} ], "DistanceFromArrivalLS":59452.222656, "TidalLock":false, "TerraformState":"Terraformable", "PlanetClass":"High metal content body", "Atmosphere":"hot thick carbon dioxide atmosphere", "AtmosphereType":"CarbonDioxide", "AtmosphereComposition":[ { "Name":"CarbonDioxide", "Percent":96.346725 }, { "Name":"Nitrogen", "Percent":2.689595 }, { "Name":"SulphurDioxide", "Percent":0.963467 } ], "Volcanism":"minor silicate vapour geysers volcanism", "MassEM":1.534138, "Radius":6905648.500000, "SurfaceGravity":12.822268, "SurfaceTemperature":885.164612, "SurfacePressure":24517820.000000, "Landable":false, "Composition":{ "Ice":0.000000, "Rock":0.673073, "Metal":0.326927 }, "SemiMajorAxis":210719277056.000000, "Eccentricity":0.000141, "OrbitalInclination":0.004757, "Periapsis":167.010330, "OrbitalPeriod":50171484.000000, "RotationPeriod":127510.000000, "AxialTilt":0.087379 }
{ "timestamp":"2018-04-02T00:44:18Z", "event":"Music", "MusicTrack":"SystemMap" }
{ "timestamp":"2018-04-02T00:44:22Z", "event":"Music", "MusicTrack":"Supercruise" }
{ "timestamp":"2018-04-02T00:45:26Z", "event":"Music", "MusicTrack":"SystemMap" }
{ "timestamp":"2018-04-02T00:45:31Z", "event":"Music", "MusicTrack":"Supercruise" }
{ "timestamp":"2018-04-02T00:45:43Z", "event":"Scan", "ScanType":"Detailed", "BodyName":"Eord Gree ZQ-U d3-177 B 4", "BodyID":17, "Parents":[ {"Star":2}, {"Null":0} ], "DistanceFromArrivalLS":59448.242188, "TidalLock":false, "TerraformState":"", "PlanetClass":"High metal content body", "Atmosphere":"hot thick carbon dioxide atmosphere", "AtmosphereType":"CarbonDioxide", "AtmosphereComposition":[ { "Name":"CarbonDioxide", "Percent":98.744316 }, { "Name":"SulphurDioxide", "Percent":1.255660 } ], "Volcanism":"", "MassEM":0.655981, "Radius":5361095.000000, "SurfaceGravity":9.096908, "SurfaceTemperature":941.187500, "SurfacePressure":9469029.000000, "Landable":false, "Composition":{ "Ice":0.000000, "Rock":0.673075, "Metal":0.326925 }, "SemiMajorAxis":143084142592.000000, "Eccentricity":0.000216, "OrbitalInclination":-0.014802, "Periapsis":331.837402, "OrbitalPeriod":28072930.000000, "RotationPeriod":94248.203125, "AxialTilt":-0.389018 }
{ "timestamp":"2018-04-02T00:46:06Z", "event":"Music", "MusicTrack":"SystemMap" }
{ "timestamp":"2018-04-02T00:46:09Z", "event":"Music", "MusicTrack":"Supercruise" }
{ "timestamp":"2018-04-02T00:46:43Z", "event":"Friends", "Status":"Online", "Name":"Klutz" }
{ "timestamp":"2018-04-02T00:49:59Z", "event":"Scan", "ScanType":"Detailed", "BodyName":"Eord Gree ZQ-U d3-177 B 3", "BodyID":16, "Parents":[ {"Null":14}, {"Star":2}, {"Null":0} ], "DistanceFromArrivalLS":58810.667969, "TidalLock":true, "TerraformState":"", "PlanetClass":"High metal content body", "Atmosphere":"hot thick carbon dioxide atmosphere", "AtmosphereType":"CarbonDioxide", "AtmosphereComposition":[ { "Name":"CarbonDioxide", "Percent":96.416580 }, { "Name":"SulphurDioxide", "Percent":3.583425 } ], "Volcanism":"", "MassEM":0.671071, "Radius":5398219.500000, "SurfaceGravity":9.178603, "SurfaceTemperature":894.494629, "SurfacePressure":3377885.750000, "Landable":false, "Composition":{ "Ice":0.000000, "Rock":0.673075, "Metal":0.326925 }, "SemiMajorAxis":139906016.000000, "Eccentricity":0.063549, "OrbitalInclination":4.752362, "Periapsis":100.812782, "OrbitalPeriod":1143646.875000, "RotationPeriod":1575637.375000, "AxialTilt":-0.263526 }
{ "timestamp":"2018-04-02T00:50:07Z", "event":"Music", "MusicTrack":"SystemMap" }
{ "timestamp":"2018-04-02T00:50:10Z", "event":"Music", "MusicTrack":"Supercruise" }
{ "timestamp":"2018-04-02T00:50:32Z", "event":"Scan", "ScanType":"Detailed", "BodyName":"Eord Gree ZQ-U d3-177 B 2", "BodyID":15, "Parents":[ {"Null":14}, {"Star":2}, {"Null":0} ], "DistanceFromArrivalLS":58811.449219, "TidalLock":true, "TerraformState":"", "PlanetClass":"High metal content body", "Atmosphere":"hot thick carbon dioxide atmosphere", "AtmosphereType":"CarbonDioxide", "AtmosphereComposition":[ { "Name":"CarbonDioxide", "Percent":98.476013 }, { "Name":"SulphurDioxide", "Percent":1.523995 } ], "Volcanism":"rocky magma volcanism", "MassEM":0.747177, "Radius":5576625.000000, "SurfaceGravity":9.576129, "SurfaceTemperature":1005.691406, "SurfacePressure":8645422.000000, "Landable":false, "Composition":{ "Ice":0.000000, "Rock":0.673075, "Metal":0.326925 }, "SemiMajorAxis":125655384.000000, "Eccentricity":0.063549, "OrbitalInclination":4.752362, "Periapsis":280.812775, "OrbitalPeriod":1143646.875000, "RotationPeriod":1662585.125000, "AxialTilt":-0.402623 }
{ "timestamp":"2018-04-02T00:50:45Z", "event":"Music", "MusicTrack":"SystemMap" }
{ "timestamp":"2018-04-02T00:50:51Z", "event":"Music", "MusicTrack":"Supercruise" }
{ "timestamp":"2018-04-02T00:51:27Z", "event":"Music", "MusicTrack":"SystemMap" }
{ "timestamp":"2018-04-02T00:51:28Z", "event":"Music", "MusicTrack":"Supercruise" }
{ "timestamp":"2018-04-02T00:51:36Z", "event":"Scan", "ScanType":"Detailed", "BodyName":"Eord Gree ZQ-U d3-177 B 1", "BodyID":13, "Parents":[ {"Star":2}, {"Null":0} ], "DistanceFromArrivalLS":59230.035156, "TidalLock":true, "TerraformState":"", "PlanetClass":"High metal content body", "Atmosphere":"hot thick carbon dioxide atmosphere", "AtmosphereType":"CarbonDioxide", "AtmosphereComposition":[ { "Name":"CarbonDioxide", "Percent":89.953918 }, { "Name":"SulphurDioxide", "Percent":10.046075 } ], "Volcanism":"", "MassEM":0.701494, "Radius":5471241.000000, "SurfaceGravity":9.340313, "SurfaceTemperature":918.023499, "SurfacePressure":1247718.000000, "Landable":false, "Composition":{ "Ice":0.000000, "Rock":0.673075, "Metal":0.326925 }, "SemiMajorAxis":86858276864.000000, "Eccentricity":0.000737, "OrbitalInclination":-0.003136, "Periapsis":136.639206, "OrbitalPeriod":13277532.000000, "RotationPeriod":13277685.000000, "AxialTilt":0.057328 }
{ "timestamp":"2018-04-02T00:52:15Z", "event":"Scan", "ScanType":"Detailed", "BodyName":"Eord Gree ZQ-U d3-177 B", "BodyID":2, "Parents":[ {"Null":0} ], "DistanceFromArrivalLS":59054.265625, "StarType":"F", "StellarMass":1.105469, "Radius":744805568.000000, "AbsoluteMagnitude":4.117950, "Age_MY":2222, "SurfaceTemperature":6578.000000, "Luminosity":"Vb", "SemiMajorAxis":20414690492416.000000, "Eccentricity":0.478418, "OrbitalInclination":45.790199, "Periapsis":64.530960, "OrbitalPeriod":64489373696.000000, "RotationPeriod":315294.375000, "AxialTilt":0.000000 }
{ "timestamp":"2018-04-02T00:57:06Z", "event":"StartJump", "JumpType":"Hyperspace", "StarSystem":"Eord Gree ZQ-U d3-456", "SystemAddress":15676924122403, "StarClass":"G" }
{ "timestamp":"2018-04-02T00:57:12Z", "event":"Music", "MusicTrack":"NoTrack" }
{ "timestamp":"2018-04-02T00:57:25Z", "event":"FSDJump", "StarSystem":"Eord Gree ZQ-U d3-456", "SystemAddress":15676924122403, "StarPos":[-7621.90625,-558.03125,30038.53125], "SystemAllegiance":"", "SystemEconomy":"$economy_None;", "SystemEconomy_Localised":"None", "SystemSecondEconomy":"$economy_None;", "SystemSecondEconomy_Localised":"None", "SystemGovernment":"$government_None;", "SystemGovernment_Localised":"None", "SystemSecurity":"$GAlAXY_MAP_INFO_state_anarchy;", "SystemSecurity_Localised":"Anarchy", "Population":0, "JumpDist":55.342, "FuelUsed":7.687318, "FuelLevel":21.102684 }
{ "timestamp":"2018-04-02T00:57:25Z", "event":"Powerplay", "Power":"Felicia Winters", "Rank":0, "Merits":0, "Votes":0, "TimePledged":693850 }
{ "timestamp":"2018-04-02T00:57:25Z", "event":"Music", "MusicTrack":"Supercruise" }
{ "timestamp":"2018-04-02T00:57:31Z", "event":"DiscoveryScan", "SystemAddress":15676924122403, "Bodies":1 }
{ "timestamp":"2018-04-02T00:57:34Z", "event":"Music", "MusicTrack":"SystemMap" }
{ "timestamp":"2018-04-02T00:57:36Z", "event":"Music", "MusicTrack":"Supercruise" }
{ "timestamp":"2018-04-02T00:57:42Z", "event":"Scan", "ScanType":"Detailed", "BodyName":"Eord Gree ZQ-U d3-456", "BodyID":0, "DistanceFromArrivalLS":0.000000, "StarType":"G", "StellarMass":0.957031, "Radius":613911168.000000, "AbsoluteMagnitude":5.481949, "Age_MY":1496, "SurfaceTemperature":5293.000000, "Luminosity":"Vab", "RotationPeriod":310436.312500, "AxialTilt":0.000000 }
{ "timestamp":"2018-04-02T00:57:46Z", "event":"Music", "MusicTrack":"SystemMap" }
{ "timestamp":"2018-04-02T00:57:46Z", "event":"Music", "MusicTrack":"Supercruise" }
{ "timestamp":"2018-04-02T00:58:02Z", "event":"FuelScoop", "Scooped":5.003045, "Total":26.105721 }
{ "timestamp":"2018-04-02T00:58:07Z", "event":"FuelScoop", "Scooped":5.016737, "Total":31.122452 }
{ "timestamp":"2018-04-02T00:58:07Z", "event":"FuelScoop", "Scooped":0.877547, "Total":32.000000 }
{ "timestamp":"2018-04-02T00:58:32Z", "event":"StartJump", "JumpType":"Hyperspace", "StarSystem":"Eord Gree QZ-V b19-15", "SystemAddress":33554027599017, "StarClass":"M" }
{ "timestamp":"2018-04-02T00:58:37Z", "event":"Music", "MusicTrack":"NoTrack" }
{ "timestamp":"2018-04-02T00:58:51Z", "event":"FSDJump", "StarSystem":"Eord Gree QZ-V b19-15", "SystemAddress":33554027599017, "StarPos":[-7605.12500,-560.46875,30091.21875], "SystemAllegiance":"", "SystemEconomy":"$economy_None;", "SystemEconomy_Localised":"None", "SystemSecondEconomy":"$economy_None;", "SystemSecondEconomy_Localised":"None", "SystemGovernment":"$government_None;", "SystemGovernment_Localised":"None", "SystemSecurity":"$GAlAXY_MAP_INFO_state_anarchy;", "SystemSecurity_Localised":"Anarchy", "Population":0, "JumpDist":55.349, "FuelUsed":7.792352, "FuelLevel":24.207647 }
{ "timestamp":"2018-04-02T00:58:51Z", "event":"Music", "MusicTrack":"Supercruise" }
{ "timestamp":"2018-04-02T00:58:57Z", "event":"DiscoveryScan", "SystemAddress":33554027599017, "Bodies":1 }
{ "timestamp":"2018-04-02T00:58:57Z", "event":"DiscoveryScan", "SystemAddress":33554027599017, "Bodies":11 }
{ "timestamp":"2018-04-02T00:58:59Z", "event":"Music", "MusicTrack":"SystemMap" }
{ "timestamp":"2018-04-02T00:59:02Z", "event":"Music", "MusicTrack":"Supercruise" }
{ "timestamp":"2018-04-02T00:59:08Z", "event":"Scan", "ScanType":"Detailed", "BodyName":"Eord Gree QZ-V b19-15 A", "BodyID":2, "Parents":[ {"Null":1}, {"Null":0} ], "DistanceFromArrivalLS":0.000000, "StarType":"M", "StellarMass":0.394531, "Radius":367404320.000000, "AbsoluteMagnitude":8.940613, "Age_MY":6280, "SurfaceTemperature":3086.000000, "Luminosity":"Va", "SemiMajorAxis":56215461888.000000, "Eccentricity":0.049303, "OrbitalInclination":-26.034678, "Periapsis":94.696823, "OrbitalPeriod":27603668.000000, "RotationPeriod":145090.765625, "AxialTilt":0.000000 }
{ "timestamp":"2018-04-02T00:59:26Z", "event":"FuelScoop", "Scooped":5.015044, "Total":29.222687 }
{ "timestamp":"2018-04-02T00:59:31Z", "event":"FuelScoop", "Scooped":2.506872, "Total":31.729563 }
{ "timestamp":"2018-04-02T00:59:36Z", "event":"Scan", "ScanType":"Detailed", "BodyName":"Eord Gree QZ-V b19-15 B", "BodyID":3, "Parents":[ {"Null":1}, {"Null":0} ], "DistanceFromArrivalLS":390.356201, "StarType":"M", "StellarMass":0.332031, "Radius":333401888.000000, "AbsoluteMagnitude":9.148712, "Age_MY":6280, "SurfaceTemperature":3088.000000, "Luminosity":"Va", "SemiMajorAxis":66797215744.000000, "Eccentricity":0.049303, "OrbitalInclination":-26.034678, "Periapsis":274.696808, "OrbitalPeriod":27603668.000000, "RotationPeriod":137346.906250, "AxialTilt":0.000000 }
{ "timestamp":"2018-04-02T00:59:43Z", "event":"Music", "MusicTrack":"SystemMap" }
{ "timestamp":"2018-04-02T00:59:46Z", "event":"Music", "MusicTrack":"Supercruise" }
{ "timestamp":"2018-04-02T01:01:29Z", "event":"Scan", "ScanType":"Detailed", "BodyName":"Eord Gree QZ-V b19-15 C", "BodyID":4, "Parents":[ {"Null":0} ], "DistanceFromArrivalLS":5260.198730, "StarType":"M", "StellarMass":0.222656, "Radius":246464400.000000, "AbsoluteMagnitude":10.901718, "Age_MY":6280, "SurfaceTemperature":2399.000000, "Luminosity":"Va", "SemiMajorAxis":1247859703808.000000, "Eccentricity":0.199220, "OrbitalInclination":-67.543327, "Periapsis":180.350159, "OrbitalPeriod":1165157120.000000, "RotationPeriod":125299.945313, "AxialTilt":0.000000 }
{ "timestamp":"2018-04-02T01:01:36Z", "event":"Music", "MusicTrack":"SystemMap" }
{ "timestamp":"2018-04-02T01:01:39Z", "event":"Music", "MusicTrack":"Supercruise" }
{ "timestamp":"2018-04-02T01:02:33Z", "event":"StartJump", "JumpType":"Hyperspace", "StarSystem":"Eord Gree HD-R d5-1156", "SystemAddress":39728740980019, "StarClass":"A" }
{ "timestamp":"2018-04-02T01:02:38Z", "event":"Music", "MusicTrack":"NoTrack" }
{ "timestamp":"2018-04-02T01:02:51Z", "event":"FSDJump", "StarSystem":"Eord Gree HD-R d5-1156", "SystemAddress":39728740980019, "StarPos":[-7587.90625,-554.34375,30143.59375], "SystemAllegiance":"", "SystemEconomy":"$economy_None;", "SystemEconomy_Localised":"None", "SystemSecondEconomy":"$economy_None;", "SystemSecondEconomy_Localised":"None", "SystemGovernment":"$government_None;", "SystemGovernment_Localised":"None", "SystemSecurity":"$GAlAXY_MAP_INFO_state_anarchy;", "SystemSecurity_Localised":"Anarchy", "Population":0, "JumpDist":55.472, "FuelUsed":7.828184, "FuelLevel":23.901379 }
{ "timestamp":"2018-04-02T01:02:51Z", "event":"Powerplay", "Power":"Felicia Winters", "Rank":0, "Merits":0, "Votes":0, "TimePledged":694176 }
{ "timestamp":"2018-04-02T01:02:52Z", "event":"Music", "MusicTrack":"Supercruise" }
{ "timestamp":"2018-04-02T01:02:58Z", "event":"DiscoveryScan", "SystemAddress":39728740980019, "Bodies":1 }
{ "timestamp":"2018-04-02T01:03:14Z", "event":"FuelScoop", "Scooped":5.001693, "Total":28.903080 }
{ "timestamp":"2018-04-02T01:03:24Z", "event":"FuelScoop", "Scooped":3.096914, "Total":32.000000 }
{ "timestamp":"2018-04-02T01:04:34Z", "event":"Scan", "ScanType":"Detailed", "BodyName":"Eord Gree HD-R d5-1156", "BodyID":0, "DistanceFromArrivalLS":0.000000, "StarType":"A", "StellarMass":1.671875, "Radius":939565952.000000, "AbsoluteMagnitude":2.397369, "Age_MY":1582, "SurfaceTemperature":8703.000000, "Luminosity":"VI", "RotationPeriod":72142.296875, "AxialTilt":0.000000 }
{ "timestamp":"2018-04-02T01:04:42Z", "event":"Music", "MusicTrack":"SystemMap" }
{ "timestamp":"2018-04-02T01:04:42Z", "event":"Music", "MusicTrack":"Supercruise" }
{ "timestamp":"2018-04-02T01:06:13Z", "event":"Music", "MusicTrack":"GalaxyMap" }
{ "timestamp":"2018-04-02T01:06:14Z", "event":"Music", "MusicTrack":"Supercruise" }
{ "timestamp":"2018-04-02T01:06:17Z", "event":"Music", "MusicTrack":"SystemMap" }
{ "timestamp":"2018-04-02T01:06:18Z", "event":"Music", "MusicTrack":"Supercruise" }
{ "timestamp":"2018-04-02T01:06:20Z", "event":"Music", "MusicTrack":"GalaxyMap" }
{ "timestamp":"2018-04-02T01:06:41Z", "event":"Music", "MusicTrack":"Supercruise" }
{ "timestamp":"2018-04-02T01:08:04Z", "event":"StartJump", "JumpType":"Hyperspace", "StarSystem":"Eord Gree UM-G c12-253", "SystemAddress":69615278959210, "StarClass":"K" }
{ "timestamp":"2018-04-02T01:08:09Z", "event":"Music", "MusicTrack":"NoTrack" }
{ "timestamp":"2018-04-02T01:08:23Z", "event":"FSDJump", "StarSystem":"Eord Gree UM-G c12-253", "SystemAddress":69615278959210, "StarPos":[-7573.25000,-547.46875,30197.03125], "SystemAllegiance":"", "SystemEconomy":"$economy_None;", "SystemEconomy_Localised":"None", "SystemSecondEconomy":"$economy_None;", "SystemSecondEconomy_Localised":"None", "SystemGovernment":"$government_None;", "SystemGovernment_Localised":"None", "SystemSecurity":"$GAlAXY_MAP_INFO_state_anarchy;", "SystemSecurity_Localised":"Anarchy", "Population":0, "JumpDist":55.836, "FuelUsed":7.971270, "FuelLevel":24.028730 }
{ "timestamp":"2018-04-02T01:08:23Z", "event":"Music", "MusicTrack":"Supercruise" }
{ "timestamp":"2018-04-02T01:08:29Z", "event":"DiscoveryScan", "SystemAddress":69615278959210, "Bodies":2 }
{ "timestamp":"2018-04-02T01:08:29Z", "event":"DiscoveryScan", "SystemAddress":69615278959210, "Bodies":45 }
{ "timestamp":"2018-04-02T01:08:45Z", "event":"Scan", "ScanType":"Detailed", "BodyName":"Eord Gree UM-G c12-253 A", "BodyID":4, "Parents":[ {"Null":3}, {"Null":2}, {"Null":1}, {"Null":0} ], "DistanceFromArrivalLS":0.000000, "StarType":"K", "StellarMass":0.761719, "Radius":625988160.000000, "AbsoluteMagnitude":5.606964, "Age_MY":12062, "SurfaceTemperature":5093.000000, "Luminosity":"Vab", "SemiMajorAxis":660221888.000000, "Eccentricity":0.052211, "OrbitalInclination":-24.495773, "Periapsis":74.953590, "OrbitalPeriod":48768.273438, "RotationPeriod":229270.953125, "AxialTilt":0.000000 }
{ "timestamp":"2018-04-02T01:08:46Z", "event":"FuelScoop", "Scooped":5.000742, "Total":29.029434 }
{ "timestamp":"2018-04-02T01:08:53Z", "event":"FuelScoop", "Scooped":2.970561, "Total":32.000000 }
{ "timestamp":"2018-04-02T01:08:56Z", "event":"Music", "MusicTrack":"SystemMap" }
{ "timestamp":"2018-04-02T01:09:02Z", "event":"Music", "MusicTrack":"Supercruise" }
{ "timestamp":"2018-04-02T01:09:12Z", "event":"Music", "MusicTrack":"SystemMap" }
{ "timestamp":"2018-04-02T01:09:13Z", "event":"Music", "MusicTrack":"Supercruise" }
{ "timestamp":"2018-04-02T01:09:35Z", "event":"StartJump", "JumpType":"Hyperspace", "StarSystem":"Eord Gree WX-E c13-87", "SystemAddress":23985546439282, "StarClass":"K" }
{ "timestamp":"2018-04-02T01:09:40Z", "event":"Music", "MusicTrack":"NoTrack" }
{ "timestamp":"2018-04-02T01:09:54Z", "event":"FSDJump", "StarSystem":"Eord Gree WX-E c13-87", "SystemAddress":23985546439282, "StarPos":[-7559.43750,-541.15625,30249.53125], "SystemAllegiance":"", "SystemEconomy":"$economy_None;", "SystemEconomy_Localised":"None", "SystemSecondEconomy":"$economy_None;", "SystemSecondEconomy_Localised":"None", "SystemGovernment":"$government_None;", "SystemGovernment_Localised":"None", "SystemSecurity":"$GAlAXY_MAP_INFO_state_anarchy;", "SystemSecurity_Localised":"Anarchy", "Population":0, "JumpDist":54.652, "FuelUsed":7.539880, "FuelLevel":24.460119 }
{ "timestamp":"2018-04-02T01:09:54Z", "event":"Music", "MusicTrack":"Supercruise" }
{ "timestamp":"2018-04-02T01:10:00Z", "event":"DiscoveryScan", "SystemAddress":23985546439282, "Bodies":2 }
{ "timestamp":"2018-04-02T01:10:00Z", "event":"DiscoveryScan", "SystemAddress":23985546439282, "Bodies":2 }
{ "timestamp":"2018-04-02T01:10:00Z", "event":"DiscoveryScan", "SystemAddress":23985546439282, "Bodies":27 }
{ "timestamp":"2018-04-02T01:10:02Z", "event":"Music", "MusicTrack":"SystemMap" }
{ "timestamp":"2018-04-02T01:10:06Z", "event":"Music", "MusicTrack":"Supercruise" }
{ "timestamp":"2018-04-02T01:10:08Z", "event":"Music", "MusicTrack":"SystemMap" }
{ "timestamp":"2018-04-02T01:10:10Z", "event":"Music", "MusicTrack":"Supercruise" }
{ "timestamp":"2018-04-02T01:10:11Z", "event":"Scan", "ScanType":"Detailed", "BodyName":"Eord Gree WX-E c13-87", "BodyID":0, "DistanceFromArrivalLS":0.000000, "StarType":"K", "StellarMass":0.648438, "Radius":496643168.000000, "AbsoluteMagnitude":6.534958, "Age_MY":2500, "SurfaceTemperature":4618.000000, "Luminosity":"Vab", "RotationPeriod":235753.203125, "AxialTilt":0.000000, "Rings":[ { "Name":"Eord Gree WX-E c13-87 A Belt", "RingClass":"eRingClass_Rocky", "MassMT":1.0646e+11, "InnerRad":8.7548e+08, "OuterRad":2.0886e+09 } ] }
{ "timestamp":"2018-04-02T01:10:31Z", "event":"FuelScoop", "Scooped":5.006503, "Total":29.466608 }
{ "timestamp":"2018-04-02T01:10:34Z", "event":"FuelScoop", "Scooped":2.533401, "Total":32.000000 }
{ "timestamp":"2018-04-02T01:12:11Z", "event":"Friends", "Status":"Online", "Name":"John Allbright" }
{ "timestamp":"2018-04-02T01:17:50Z", "event":"Music", "MusicTrack":"GalaxyMap" }
{ "timestamp":"2018-04-02T01:18:01Z", "event":"Music", "MusicTrack":"Supercruise" }
{ "timestamp":"2018-04-02T01:18:10Z", "event":"SendText", "To":"John Allbright", "Message":"o7" }
{ "timestamp":"2018-04-02T01:18:43Z", "event":"ReceiveText", "From":"John Allbright", "Message":"o7 commander.", "Channel":"player" }
{ "timestamp":"2018-04-02T01:19:15Z", "event":"SendText", "To":"John Allbright", "Message":"Heading back to the Bubble?" }
{ "timestamp":"2018-04-02T01:21:27Z", "event":"ReceiveText", "From":"John Allbright", "Message":"yup. making my way there. not in a rush.", "Channel":"player" }
{ "timestamp":"2018-04-02T01:21:43Z", "event":"SendText", "To":"John Allbright", "Message":"Cool" }
{ "timestamp":"2018-04-02T01:28:39Z", "event":"SendText", "To":"John Allbright", "Message":"I'm going back to BP" }
{ "timestamp":"2018-04-02T01:28:58Z", "event":"Friends", "Status":"Offline", "Name":"Steyla" }
{ "timestamp":"2018-04-02T01:29:09Z", "event":"StartJump", "JumpType":"Hyperspace", "StarSystem":"Eord Gree KU-C b30-33", "SystemAddress":73137520006401, "StarClass":"M" }
{ "timestamp":"2018-04-02T01:29:15Z", "event":"Music", "MusicTrack":"NoTrack" }
{ "timestamp":"2018-04-02T01:29:28Z", "event":"FSDJump", "StarSystem":"Eord Gree KU-C b30-33", "SystemAddress":73137520006401, "StarPos":[-7540.81250,-538.68750,30301.37500], "SystemAllegiance":"", "SystemEconomy":"$economy_None;", "SystemEconomy_Localised":"None", "SystemSecondEconomy":"$economy_None;", "SystemSecondEconomy_Localised":"None", "SystemGovernment":"$government_None;", "SystemGovernment_Localised":"None", "SystemSecurity":"$GAlAXY_MAP_INFO_state_anarchy;", "SystemSecurity_Localised":"Anarchy", "Population":0, "JumpDist":55.143, "FuelUsed":7.683277, "FuelLevel":23.246723 }
{ "timestamp":"2018-04-02T01:29:28Z", "event":"Powerplay", "Power":"Felicia Winters", "Rank":0, "Merits":0, "Votes":0, "TimePledged":695773 }
{ "timestamp":"2018-04-02T01:29:28Z", "event":"Music", "MusicTrack":"Supercruise" }
{ "timestamp":"2018-04-02T01:29:34Z", "event":"DiscoveryScan", "SystemAddress":73137520006401, "Bodies":1 }
{ "timestamp":"2018-04-02T01:29:36Z", "event":"DiscoveryScan", "SystemAddress":73137520006401, "Bodies":10 }
{ "timestamp":"2018-04-02T01:29:47Z", "event":"ReceiveText", "From":"John Allbright", "Message":"what for?", "Channel":"player" }
{ "timestamp":"2018-04-02T01:29:47Z", "event":"Scan", "ScanType":"Detailed", "BodyName":"Eord Gree KU-C b30-33 A", "BodyID":1, "Parents":[ {"Null":0} ], "DistanceFromArrivalLS":0.000000, "StarType":"M", "StellarMass":0.238281, "Radius":308313984.000000, "AbsoluteMagnitude":10.481049, "Age_MY":1190, "SurfaceTemperature":2363.000000, "Luminosity":"Va", "SemiMajorAxis":2029105446912.000000, "Eccentricity":0.187775, "OrbitalInclination":43.036457, "Periapsis":78.332344, "OrbitalPeriod":16551026688.000000, "RotationPeriod":134304.156250, "AxialTilt":0.000000 }
{ "timestamp":"2018-04-02T01:29:52Z", "event":"Music", "MusicTrack":"SystemMap" }
{ "timestamp":"2018-04-02T01:29:53Z", "event":"Music", "MusicTrack":"Supercruise" }
{ "timestamp":"2018-04-02T01:30:11Z", "event":"SendText", "To":"John Allbright", "Message":"To meet up with the group." }
{ "timestamp":"2018-04-02T01:30:32Z", "event":"SendText", "To":"John Allbright", "Message":"and I missed the optional wp." }
{ "timestamp":"2018-04-02T01:31:10Z", "event":"SendText", "To":"John Allbright", "Message":"Now I have a ship capeable of going to the view in blue." }
{ "timestamp":"2018-04-02T01:31:24Z", "event":"Music", "MusicTrack":"SystemMap" }
{ "timestamp":"2018-04-02T01:31:24Z", "event":"Music", "MusicTrack":"Supercruise" }
{ "timestamp":"2018-04-02T01:31:40Z", "event":"FuelScoop", "Scooped":5.003181, "Total":28.249931 }
{ "timestamp":"2018-04-02T01:31:43Z", "event":"FuelScoop", "Scooped":3.750066, "Total":32.000000 }
{ "timestamp":"2018-04-02T01:32:22Z", "event":"StartJump", "JumpType":"Hyperspace", "StarSystem":"Eord Gree JQ-Z c15-3", "SystemAddress":895869364874, "StarClass":"K" }
{ "timestamp":"2018-04-02T01:32:28Z", "event":"Music", "MusicTrack":"NoTrack" }
{ "timestamp":"2018-04-02T01:32:41Z", "event":"FSDJump", "StarSystem":"Eord Gree JQ-Z c15-3", "SystemAddress":895869364874, "StarPos":[-7528.09375,-540.37500,30355.21875], "SystemAllegiance":"", "SystemEconomy":"$economy_None;", "SystemEconomy_Localised":"None", "SystemSecondEconomy":"$economy_None;", "SystemSecondEconomy_Localised":"None", "SystemGovernment":"$government_None;", "SystemGovernment_Localised":"None", "SystemSecurity":"$GAlAXY_MAP_INFO_state_anarchy;", "SystemSecurity_Localised":"Anarchy", "Population":0, "JumpDist":55.351, "FuelUsed":7.793088, "FuelLevel":24.206911 }
{ "timestamp":"2018-04-02T01:32:41Z", "event":"Powerplay", "Power":"Felicia Winters", "Rank":0, "Merits":0, "Votes":0, "TimePledged":695966 }
{ "timestamp":"2018-04-02T01:32:41Z", "event":"Music", "MusicTrack":"Supercruise" }
{ "timestamp":"2018-04-02T01:32:47Z", "event":"DiscoveryScan", "SystemAddress":895869364874, "Bodies":1 }
{ "timestamp":"2018-04-02T01:32:49Z", "event":"DiscoveryScan", "SystemAddress":895869364874, "Bodies":11 }
{ "timestamp":"2018-04-02T01:32:51Z", "event":"Music", "MusicTrack":"SystemMap" }
{ "timestamp":"2018-04-02T01:32:54Z", "event":"Music", "MusicTrack":"Supercruise" }
{ "timestamp":"2018-04-02T01:32:59Z", "event":"Scan", "ScanType":"Detailed", "BodyName":"Eord Gree JQ-Z c15-3 A", "BodyID":1, "Parents":[ {"Null":0} ], "DistanceFromArrivalLS":0.000000, "StarType":"K", "StellarMass":0.859375, "Radius":595403008.000000, "AbsoluteMagnitude":5.822800, "Age_MY":11412, "SurfaceTemperature":4969.000000, "Luminosity":"Vab", "SemiMajorAxis":4571648229376.000000, "Eccentricity":0.196944, "OrbitalInclination":-35.990047, "Periapsis":308.452881, "OrbitalPeriod":36320096256.000000, "RotationPeriod":237584.796875, "AxialTilt":0.000000 }
{ "timestamp":"2018-04-02T01:33:01Z", "event":"Music", "MusicTrack":"SystemMap" }
{ "timestamp":"2018-04-02T01:33:04Z", "event":"Music", "MusicTrack":"Supercruise" }
{ "timestamp":"2018-04-02T01:33:21Z", "event":"FuelScoop", "Scooped":5.017481, "Total":29.224401 }
{ "timestamp":"2018-04-02T01:33:24Z", "event":"FuelScoop", "Scooped":2.775591, "Total":32.000000 }
{ "timestamp":"2018-04-02T01:34:23Z", "event":"Music", "MusicTrack":"SystemMap" }
{ "timestamp":"2018-04-02T01:34:23Z", "event":"ReceiveText", "From":"John Allbright", "Message":"Good luck. once a year is enough for me. I'm going to hang in the bubble for a while.", "Channel":"player" }
{ "timestamp":"2018-04-02T01:34:24Z", "event":"Music", "MusicTrack":"Supercruise" }
{ "timestamp":"2018-04-02T01:34:37Z", "event":"Scan", "ScanType":"Detailed", "BodyName":"Eord Gree JQ-Z c15-3 A 1", "BodyID":3, "Parents":[ {"Star":1}, {"Null":0} ], "DistanceFromArrivalLS":548.229736, "TidalLock":false, "TerraformState":"Terraformable", "PlanetClass":"Water world", "Atmosphere":"nitrogen atmosphere", "AtmosphereType":"Nitrogen", "AtmosphereComposition":[ { "Name":"Nitrogen", "Percent":95.802528 }, { "Name":"Oxygen", "Percent":4.132751 } ], "Volcanism":"", "MassEM":0.983286, "Radius":6054513.500000, "SurfaceGravity":10.691307, "SurfaceTemperature":248.287827, "SurfacePressure":403594.500000, "Landable":false, "Composition":{ "Ice":0.000000, "Rock":0.672279, "Metal":0.327721 }, "SemiMajorAxis":164352671744.000000, "Eccentricity":0.000019, "OrbitalInclination":-0.015203, "Periapsis":76.745079, "OrbitalPeriod":39196436.000000, "RotationPeriod":140371.593750, "AxialTilt":-0.372808 }
{ "timestamp":"2018-04-02T01:36:19Z", "event":"StartJump", "JumpType":"Hyperspace", "StarSystem":"Eord Gree NW-X c16-280", "SystemAddress":77037049588370, "StarClass":"G" }
{ "timestamp":"2018-04-02T01:36:24Z", "event":"Music", "MusicTrack":"NoTrack" }
{ "timestamp":"2018-04-02T01:36:37Z", "event":"FSDJump", "StarSystem":"Eord Gree NW-X c16-280", "SystemAddress":77037049588370, "StarPos":[-7519.68750,-530.03125,30407.87500], "SystemAllegiance":"", "SystemEconomy":"$economy_None;", "SystemEconomy_Localised":"None", "SystemSecondEconomy":"$economy_None;", "SystemSecondEconomy_Localised":"None", "SystemGovernment":"$government_None;", "SystemGovernment_Localised":"None", "SystemSecurity":"$GAlAXY_MAP_INFO_state_anarchy;", "SystemSecurity_Localised":"Anarchy", "Population":0, "JumpDist":54.317, "FuelUsed":7.420118, "FuelLevel":24.579882 }
{ "timestamp":"2018-04-02T01:36:38Z", "event":"Music", "MusicTrack":"Supercruise" }
{ "timestamp":"2018-04-02T01:36:43Z", "event":"DiscoveryScan", "SystemAddress":77037049588370, "Bodies":2 }
{ "timestamp":"2018-04-02T01:36:44Z", "event":"DiscoveryScan", "SystemAddress":77037049588370, "Bodies":4 }
{ "timestamp":"2018-04-02T01:36:54Z", "event":"Scan", "ScanType":"Detailed", "BodyName":"Eord Gree NW-X c16-280 A", "BodyID":2, "Parents":[ {"Null":1}, {"Null":0} ], "DistanceFromArrivalLS":0.000000, "StarType":"G", "StellarMass":0.894531, "Radius":705963904.000000, "AbsoluteMagnitude":5.142456, "Age_MY":3442, "SurfaceTemperature":5337.000000, "Luminosity":"Va", "SemiMajorAxis":1082088832.000000, "Eccentricity":0.030824, "OrbitalInclination":4.945133, "Periapsis":44.446011, "OrbitalPeriod":41229.394531, "RotationPeriod":285078.500000, "AxialTilt":0.000000 }
{ "timestamp":"2018-04-02T01:37:04Z", "event":"ReceiveText", "From":"John Allbright", "Message":"Do some engineering. Do the Rank-up missions I never got around to. Unlock some new permits etc.", "Channel":"player" }
{ "timestamp":"2018-04-02T01:37:15Z", "event":"FuelScoop", "Scooped":5.010142, "Total":29.590038 }
{ "timestamp":"2018-04-02T01:37:18Z", "event":"FuelScoop", "Scooped":2.409977, "Total":32.000000 }
{ "timestamp":"2018-04-02T01:38:11Z", "event":"Music", "MusicTrack":"SystemMap" }
{ "timestamp":"2018-04-02T01:38:13Z", "event":"Music", "MusicTrack":"Supercruise" }
{ "timestamp":"2018-04-02T01:38:16Z", "event":"Scan", "ScanType":"Detailed", "BodyName":"Eord Gree NW-X c16-280 B", "BodyID":3, "Parents":[ {"Null":1}, {"Null":0} ], "DistanceFromArrivalLS":7.455858, "StarType":"K", "StellarMass":0.890625, "Radius":695415040.000000, "AbsoluteMagnitude":5.320892, "Age_MY":3442, "SurfaceTemperature":5161.000000, "Luminosity":"Va", "SemiMajorAxis":1086834816.000000, "Eccentricity":0.030824, "OrbitalInclination":4.945133, "Periapsis":224.445984, "OrbitalPeriod":41229.394531, "RotationPeriod":332597.093750, "AxialTilt":0.000000 }
{ "timestamp":"2018-04-02T01:41:35Z", "event":"Music", "MusicTrack":"SystemMap" }
{ "timestamp":"2018-04-02T01:41:39Z", "event":"Music", "MusicTrack":"Supercruise" }
{ "timestamp":"2018-04-02T01:41:57Z", "event":"Scan", "ScanType":"Detailed", "BodyName":"Eord Gree NW-X c16-280 C", "BodyID":5, "Parents":[ {"Null":4}, {"Null":0} ], "DistanceFromArrivalLS":2069.728760, "StarType":"G", "StellarMass":0.890625, "Radius":629384192.000000, "AbsoluteMagnitude":5.500671, "Age_MY":3442, "SurfaceTemperature":5205.000000, "Luminosity":"Vab", "SemiMajorAxis":10762449920.000000, "Eccentricity":0.111581, "OrbitalInclination":13.725279, "Periapsis":133.658096, "OrbitalPeriod":3120894.750000, "RotationPeriod":305786.125000, "AxialTilt":0.000000 }
{ "timestamp":"2018-04-02T01:41:59Z", "event":"Music", "MusicTrack":"SystemMap" }
{ "timestamp":"2018-04-02T01:42:02Z", "event":"Music", "MusicTrack":"Supercruise" }
{ "timestamp":"2018-04-02T01:42:13Z", "event":"Scan", "ScanType":"Detailed", "BodyName":"Eord Gree NW-X c16-280 D", "BodyID":6, "Parents":[ {"Null":4}, {"Null":0} ], "DistanceFromArrivalLS":2161.348389, "StarType":"M", "StellarMass":0.398438, "Radius":363180544.000000, "AbsoluteMagnitude":8.392868, "Age_MY":3442, "SurfaceTemperature":3521.000000, "Luminosity":"Va", "SemiMajorAxis":24057239552.000000, "Eccentricity":0.111581, "OrbitalInclination":13.725279, "Periapsis":313.658081, "OrbitalPeriod":3120894.750000, "RotationPeriod":176953.890625, "AxialTilt":0.000000 }
{ "timestamp":"2018-04-02T01:47:43Z", "event":"Friends", "Status":"Online", "Name":"KodiakWulfe" }
{ "timestamp":"2018-04-02T01:51:36Z", "event":"StartJump", "JumpType":"Hyperspace", "StarSystem":"Eord Gree WI-U c18-71", "SystemAddress":19587634145954, "StarClass":"K" }
{ "timestamp":"2018-04-02T01:51:41Z", "event":"Music", "MusicTrack":"NoTrack" }
{ "timestamp":"2018-04-02T01:51:54Z", "event":"FSDJump", "StarSystem":"Eord Gree WI-U c18-71", "SystemAddress":19587634145954, "StarPos":[-7504.09375,-524.00000,30460.96875], "SystemAllegiance":"", "SystemEconomy":"$economy_None;", "SystemEconomy_Localised":"None", "SystemSecondEconomy":"$economy_None;", "SystemSecondEconomy_Localised":"None", "SystemGovernment":"$government_None;", "SystemGovernment_Localised":"None", "SystemSecurity":"$GAlAXY_MAP_INFO_state_anarchy;", "SystemSecurity_Localised":"Anarchy", "Population":0, "JumpDist":55.664, "FuelUsed":7.908158, "FuelLevel":24.091843 }
{ "timestamp":"2018-04-02T01:51:54Z", "event":"Powerplay", "Power":"Felicia Winters", "Rank":0, "Merits":0, "Votes":0, "TimePledged":697119 }
{ "timestamp":"2018-04-02T01:51:54Z", "event":"Music", "MusicTrack":"Supercruise" }
{ "timestamp":"2018-04-02T01:52:00Z", "event":"DiscoveryScan", "SystemAddress":19587634145954, "Bodies":1 }
{ "timestamp":"2018-04-02T01:52:01Z", "event":"DiscoveryScan", "SystemAddress":19587634145954, "Bodies":8 }
{ "timestamp":"2018-04-02T01:52:11Z", "event":"Scan", "ScanType":"Detailed", "BodyName":"Eord Gree WI-U c18-71 A", "BodyID":1, "Parents":[ {"Null":0} ], "DistanceFromArrivalLS":0.000000, "StarType":"K", "StellarMass":0.781250, "Radius":590903296.000000, "AbsoluteMagnitude":5.697403, "Age_MY":11782, "SurfaceTemperature":5134.000000, "Luminosity":"Vab", "SemiMajorAxis":169485320192.000000, "Eccentricity":0.092613, "OrbitalInclination":105.851578, "Periapsis":289.974091, "OrbitalPeriod":441981024.000000, "RotationPeriod":281269.656250, "AxialTilt":0.000000 }
{ "timestamp":"2018-04-02T01:52:40Z", "event":"Music", "MusicTrack":"SystemMap" }
{ "timestamp":"2018-04-02T01:52:42Z", "event":"Music", "MusicTrack":"Supercruise" }
{ "timestamp":"2018-04-02T01:52:51Z", "event":"Music", "MusicTrack":"SystemMap" }
{ "timestamp":"2018-04-02T01:52:51Z", "event":"Music", "MusicTrack":"Supercruise" }
{ "timestamp":"2018-04-02T01:52:55Z", "event":"Music", "MusicTrack":"SystemMap" }
{ "timestamp":"2018-04-02T01:52:56Z", "event":"Music", "MusicTrack":"Supercruise" }
{ "timestamp":"2018-04-02T01:52:59Z", "event":"FuelScoop", "Scooped":5.012804, "Total":29.104645 }
{ "timestamp":"2018-04-02T01:53:03Z", "event":"FuelScoop", "Scooped":2.895359, "Total":32.000000 }
{ "timestamp":"2018-04-02T01:53:44Z", "event":"StartJump", "JumpType":"Hyperspace", "StarSystem":"Eord Gree ZB-K d9-749", "SystemAddress":25744361018707, "StarClass":"F" }
{ "timestamp":"2018-04-02T01:53:49Z", "event":"Music", "MusicTrack":"NoTrack" }
{ "timestamp":"2018-04-02T01:54:03Z", "event":"FSDJump", "StarSystem":"Eord Gree ZB-K d9-749", "SystemAddress":25744361018707, "StarPos":[-7486.12500,-522.81250,30513.59375], "SystemAllegiance":"", "SystemEconomy":"$economy_None;", "SystemEconomy_Localised":"None", "SystemSecondEconomy":"$economy_None;", "SystemSecondEconomy_Localised":"None", "SystemGovernment":"$government_None;", "SystemGovernment_Localised":"None", "SystemSecurity":"$GAlAXY_MAP_INFO_state_anarchy;", "SystemSecurity_Localised":"Anarchy", "Population":0, "JumpDist":55.621, "FuelUsed":7.891994, "FuelLevel":24.108006 }
{ "timestamp":"2018-04-02T01:54:03Z", "event":"Music", "MusicTrack":"Supercruise" }
{ "timestamp":"2018-04-02T01:54:09Z", "event":"DiscoveryScan", "SystemAddress":25744361018707, "Bodies":1 }
{ "timestamp":"2018-04-02T01:54:09Z", "event":"DiscoveryScan", "SystemAddress":25744361018707, "Bodies":2 }
{ "timestamp":"2018-04-02T01:54:20Z", "event":"Scan", "ScanType":"Detailed", "BodyName":"Eord Gree ZB-K d9-749 A", "BodyID":1, "Parents":[ {"Null":0} ], "DistanceFromArrivalLS":0.000000, "StarType":"F", "StellarMass":1.660156, "Radius":962106880.000000, "AbsoluteMagnitude":3.013596, "Age_MY":984, "SurfaceTemperature":7463.000000, "Luminosity":"Vb", "SemiMajorAxis":766765367296.000000, "Eccentricity":0.025940, "OrbitalInclination":9.262115, "Periapsis":257.035248, "OrbitalPeriod":1209005056.000000, "RotationPeriod":81103.664063, "AxialTilt":0.000000 }
{ "timestamp":"2018-04-02T01:54:51Z", "event":"FuelScoop", "Scooped":5.004835, "Total":29.112829 }
{ "timestamp":"2018-04-02T01:54:54Z", "event":"FuelScoop", "Scooped":2.887170, "Total":32.000000 }
{ "timestamp":"2018-04-02T01:54:58Z", "event":"Music", "MusicTrack":"SystemMap" }
{ "timestamp":"2018-04-02T01:55:00Z", "event":"Music", "MusicTrack":"Supercruise" }
{ "timestamp":"2018-04-02T01:57:17Z", "event":"StartJump", "JumpType":"Hyperspace", "StarSystem":"Eord Gree DP-J b40-0", "SystemAddress":570557945177, "StarClass":"M" }
{ "timestamp":"2018-04-02T01:57:22Z", "event":"Music", "MusicTrack":"NoTrack" }
{ "timestamp":"2018-04-02T01:57:35Z", "event":"FSDJump", "StarSystem":"Eord Gree DP-J b40-0", "SystemAddress":570557945177, "StarPos":[-7482.96875,-523.40625,30518.50000], "SystemAllegiance":"", "SystemEconomy":"$economy_None;", "SystemEconomy_Localised":"None", "SystemSecondEconomy":"$economy_None;", "SystemSecondEconomy_Localised":"None", "SystemGovernment":"$government_None;", "SystemGovernment_Localised":"None", "SystemSecurity":"$GAlAXY_MAP_INFO_state_anarchy;", "SystemSecurity_Localised":"Anarchy", "Population":0, "JumpDist":5.864, "FuelUsed":0.022743, "FuelLevel":31.977257 }
{ "timestamp":"2018-04-02T01:57:36Z", "event":"Music", "MusicTrack":"Supercruise" }
{ "timestamp":"2018-04-02T01:57:42Z", "event":"DiscoveryScan", "SystemAddress":570557945177, "Bodies":1 }
{ "timestamp":"2018-04-02T01:57:42Z", "event":"DiscoveryScan", "SystemAddress":570557945177, "Bodies":19 }
{ "timestamp":"2018-04-02T01:57:45Z", "event":"Music", "MusicTrack":"SystemMap" }
{ "timestamp":"2018-04-02T01:57:47Z", "event":"Music", "MusicTrack":"Supercruise" }
{ "timestamp":"2018-04-02T01:57:53Z", "event":"Scan", "ScanType":"Detailed", "BodyName":"Eord Gree DP-J b40-0 A", "BodyID":1, "Parents":[ {"Null":0} ], "DistanceFromArrivalLS":0.000000, "StarType":"M", "StellarMass":0.234375, "Radius":277049600.000000, "AbsoluteMagnitude":11.002106, "Age_MY":2084, "SurfaceTemperature":2211.000000, "Luminosity":"Va", "SemiMajorAxis":5854814797824.000000, "Eccentricity":0.353669, "OrbitalInclination":27.182478, "Periapsis":283.782776, "OrbitalPeriod":73421332480.000000, "RotationPeriod":130999.398438, "AxialTilt":0.000000 }
{ "timestamp":"2018-04-02T01:58:00Z", "event":"FuelScoop", "Scooped":0.022742, "Total":32.000000 }
{ "timestamp":"2018-04-02T02:03:24Z", "event":"StartJump", "JumpType":"Hyperspace", "StarSystem":"Eord Gree DI-I d10-2105", "SystemAddress":72336166245723, "StarClass":"F" }
{ "timestamp":"2018-04-02T02:03:29Z", "event":"Music", "MusicTrack":"NoTrack" }
{ "timestamp":"2018-04-02T02:03:43Z", "event":"FSDJump", "StarSystem":"Eord Gree DI-I d10-2105", "SystemAddress":72336166245723, "StarPos":[-7467.96875,-525.78125,30571.68750], "SystemAllegiance":"", "SystemEconomy":"$economy_None;", "SystemEconomy_Localised":"None", "SystemSecondEconomy":"$economy_None;", "SystemSecondEconomy_Localised":"None", "SystemGovernment":"$government_None;", "SystemGovernment_Localised":"None", "SystemSecurity":"$GAlAXY_MAP_INFO_state_anarchy;", "SystemSecurity_Localised":"Anarchy", "Population":0, "JumpDist":55.313, "FuelUsed":7.745058, "FuelLevel":23.184942 }
{ "timestamp":"2018-04-02T02:03:43Z", "event":"Powerplay", "Power":"Felicia Winters", "Rank":0, "Merits":0, "Votes":0, "TimePledged":697828 }
{ "timestamp":"2018-04-02T02:03:44Z", "event":"Music", "MusicTrack":"Supercruise" }
{ "timestamp":"2018-04-02T02:03:50Z", "event":"DiscoveryScan", "SystemAddress":72336166245723, "Bodies":1 }
{ "timestamp":"2018-04-02T02:03:50Z", "event":"DiscoveryScan", "SystemAddress":72336166245723, "Bodies":2 }
{ "timestamp":"2018-04-02T02:03:50Z", "event":"DiscoveryScan", "SystemAddress":72336166245723, "Bodies":43 }
{ "timestamp":"2018-04-02T02:03:53Z", "event":"Music", "MusicTrack":"SystemMap" }
{ "timestamp":"2018-04-02T02:04:00Z", "event":"Scan", "ScanType":"Detailed", "BodyName":"Eord Gree DI-I d10-2105", "BodyID":0, "DistanceFromArrivalLS":0.000000, "StarType":"F", "StellarMass":1.417969, "Radius":786640000.000000, "AbsoluteMagnitude":3.602554, "Age_MY":968, "SurfaceTemperature":7207.000000, "Luminosity":"VI", "RotationPeriod":123476.703125, "AxialTilt":0.000000, "Rings":[ { "Name":"Eord Gree DI-I d10-2105 A Belt", "RingClass":"eRingClass_Metalic", "MassMT":1.8122e+16, "InnerRad":7.1728e+10, "OuterRad":2.8691e+11 } ] }
{ "timestamp":"2018-04-02T02:04:01Z", "event":"Music", "MusicTrack":"Supercruise" }
{ "timestamp":"2018-04-02T02:04:22Z", "event":"FuelScoop", "Scooped":5.008196, "Total":28.193157 }
{ "timestamp":"2018-04-02T02:04:25Z", "event":"FuelScoop", "Scooped":3.806856, "Total":32.000000 }
{ "timestamp":"2018-04-02T02:04:28Z", "event":"Music", "MusicTrack":"SystemMap" }
{ "timestamp":"2018-04-02T02:04:30Z", "event":"Music", "MusicTrack":"Supercruise" }
{ "timestamp":"2018-04-02T02:07:09Z", "event":"SendText", "To":"John Allbright", "Message":"Good luck commander o7" }
{ "timestamp":"2018-04-02T02:07:51Z", "event":"SendText", "To":"John Allbright", "Message":"I'm heading to bed now, good night o7" }
{ "timestamp":"2018-04-02T02:08:21Z", "event":"ReceiveText", "From":"John Allbright", "Message":"o7", "Channel":"player" }
{ "timestamp":"2018-04-02T02:08:39Z", "event":"Shutdown" }
