{ "timestamp":"2017-11-18T01:59:34Z", "event":"Fileheader", "part":1, "language":"English\\UK", "gameversion":"2.4", "build":"r156431/r0 " }
{ "timestamp":"2017-11-18T01:59:34Z", "event":"Music", "MusicTrack":"NoTrack" }
{ "timestamp":"2017-11-18T01:59:34Z", "event":"Music", "MusicTrack":"MainMenu" }
{ "timestamp":"2017-11-18T02:00:12Z", "event":"Cargo", "Inventory":[ { "Name":"coolinghoses", "Count":4 } ] }
{ "timestamp":"2017-11-18T02:00:12Z", "event":"Loadout", "Ship":"SideWinder", "ShipID":0, "ShipName":"USS Tug Boat", "ShipIdent":"", "Modules":[ { "Slot":"SmallHardpoint1", "Item":"Hpt_PulseLaser_Gimbal_Small", "On":true, "Priority":2, "Health":1.000000, "Value":0 }, { "Slot":"SmallHardpoint2", "Item":"Hpt_PulseLaser_Gimbal_Small", "On":true, "Priority":2, "Health":1.000000, "Value":0 }, { "Slot":"Armour", "Item":"SideWinder_Armour_Grade1", "On":true, "Priority":1, "Health":1.000000, "Value":0 }, { "Slot":"PowerPlant", "Item":"Int_PowerPlant_Size2_Class1", "On":true, "Priority":1, "Health":1.000000, "Value":0 }, { "Slot":"MainEngines", "Item":"Int_Engine_Size2_Class1", "On":true, "Priority":2, "Health":1.000000, "Value":0 }, { "Slot":"FrameShiftDrive", "Item":"Int_Hyperdrive_Size2_Class1", "On":true, "Priority":2, "Health":1.000000, "Value":0 }, { "Slot":"LifeSupport", "Item":"Int_LifeSupport_Size1_Class1", "On":true, "Priority":2, "Health":1.000000, "Value":0 }, { "Slot":"PowerDistributor", "Item":"Int_PowerDistributor_Size1_Class1", "On":true, "Priority":2, "Health":1.000000, "Value":0 }, { "Slot":"Radar", "Item":"Int_Sensors_Size1_Class1", "On":true, "Priority":2, "Health":1.000000, "Value":0 }, { "Slot":"FuelTank", "Item":"Int_FuelTank_Size1_Class3", "On":true, "Priority":1, "Health":1.000000, "Value":0 }, { "Slot":"Slot01_Size2", "Item":"Int_ShieldGenerator_Size2_Class1", "On":true, "Priority":2, "Health":1.000000, "Value":0 }, { "Slot":"Slot02_Size2", "Item":"Int_CargoRack_Size2_Class1", "On":true, "Priority":1, "Health":1.000000, "Value":0 }, { "Slot":"Slot03_Size1", "Item":"Int_StellarBodyDiscoveryScanner_Standard", "On":true, "Priority":1, "Health":1.000000, "Value":0 }, { "Slot":"Slot04_Size1", "Item":"Int_FuelScoop_Size1_Class3", "On":true, "Priority":0, "Health":1.000000, "Value":5142 }, { "Slot":"PlanetaryApproachSuite", "Item":"Int_PlanetApproachSuite", "On":true, "Priority":1, "Health":1.000000, "Value":0 }, { "Slot":"ShipCockpit", "Item":"Sidewinder_Cockpit", "On":true, "Priority":1, "Health":1.000000, "Value":0 }, { "Slot":"CargoHatch", "Item":"ModularCargoBayDoor", "On":true, "Priority":1, "Health":1.000000, "Value":0 } ] }
{ "timestamp":"2017-11-18T02:00:12Z", "event":"Materials", "Raw":[  ], "Manufactured":[  ], "Encoded":[ { "Name":"bulkscandata", "Count":1 } ] }
{ "timestamp":"2017-11-18T02:00:12Z", "event":"LoadGame", "Commander":"JaredCrue", "Ship":"SideWinder", "ShipID":0, "ShipName":"USS Tug Boat", "ShipIdent":"", "FuelLevel":1.499900, "FuelCapacity":2.000000, "GameMode":"Solo", "Credits":75320, "Loan":0 }
{ "timestamp":"2017-11-18T02:00:12Z", "event":"Rank", "Combat":0, "Trade":1, "Explore":0, "Empire":0, "Federation":0, "CQC":0 }
{ "timestamp":"2017-11-18T02:00:12Z", "event":"Progress", "Combat":0, "Trade":8, "Explore":0, "Empire":0, "Federation":2, "CQC":0 }
{ "timestamp":"2017-11-18T02:00:28Z", "event":"Location", "Docked":true, "StationName":"Yaping Enterprise", "StationType":"Coriolis", "StarSystem":"LHS 3447", "StarPos":[-43.188,-5.281,56.156], "SystemAllegiance":"PilotsFederation", "SystemEconomy":"$economy_Agri;", "SystemEconomy_Localised":"Agriculture", "SystemGovernment":"$government_Democracy;", "SystemGovernment_Localised":"Democracy", "SystemSecurity":"$SYSTEM_SECURITY_high;", "SystemSecurity_Localised":"High Security", "Population":1148206412, "Body":"Yaping Enterprise", "BodyType":"Station", "Factions":[ { "Name":"LHS 3447 Academy for Novitiate Pilots", "FactionState":"None", "Government":"Cooperative", "Influence":0.098901, "Allegiance":"Independent", "PendingStates":[ { "State":"CivilWar", "Trend":0 } ] }, { "Name":"LTT 18486 Jet Energy Company", "FactionState":"None", "Government":"Corporate", "Influence":0.035964, "Allegiance":"Federation", "PendingStates":[ { "State":"Boom", "Trend":1 }, { "State":"CivilUnrest", "Trend":0 }, { "State":"Lockdown", "Trend":0 } ] }, { "Name":"Pilots Federation Local Branch", "FactionState":"None", "Government":"Democracy", "Influence":0.000000, "Allegiance":"PilotsFederation" }, { "Name":"Future of LHS 3447", "FactionState":"CivilUnrest", "Government":"Democracy", "Influence":0.223776, "Allegiance":"Federation", "PendingStates":[ { "State":"Boom", "Trend":1 }, { "State":"Lockdown", "Trend":0 } ], "RecoveringStates":[ { "State":"Outbreak", "Trend":1 } ] }, { "Name":"Liberty Party of GD 219", "FactionState":"None", "Government":"Dictatorship", "Influence":0.045954, "Allegiance":"Independent", "PendingStates":[ { "State":"Boom", "Trend":1 } ], "RecoveringStates":[ { "State":"Outbreak", "Trend":1 } ] }, { "Name":"LHS 3447 Co", "FactionState":"None", "Government":"Corporate", "Influence":0.209790, "Allegiance":"Independent", "RecoveringStates":[ { "State":"Boom", "Trend":0 } ] }, { "Name":"Freedom Party of LHS 3447", "FactionState":"Boom", "Government":"Dictatorship", "Influence":0.217782, "Allegiance":"Independent" }, { "Name":"LHS 3447 Cartel", "FactionState":"Lockdown", "Government":"Anarchy", "Influence":0.064935, "Allegiance":"Independent", "PendingStates":[ { "State":"Boom", "Trend":1 }, { "State":"CivilUnrest", "Trend":1 } ], "RecoveringStates":[ { "State":"Outbreak", "Trend":-1 } ] }, { "Name":"LHS 3447 Dynamic & Co", "FactionState":"None", "Government":"Corporate", "Influence":0.102897, "Allegiance":"Federation", "PendingStates":[ { "State":"Boom", "Trend":1 }, { "State":"CivilUnrest", "Trend":-1 } ] } ], "SystemFaction":"Pilots Federation Local Branch" }
{ "timestamp":"2017-11-18T02:00:30Z", "event":"Music", "MusicTrack":"NoTrack" }
{ "timestamp":"2017-11-18T02:00:30Z", "event":"Docked", "StationName":"Yaping Enterprise", "StationType":"Coriolis", "StarSystem":"LHS 3447", "StationFaction":"LHS 3447 Dynamic & Co", "StationGovernment":"$government_Corporate;", "StationGovernment_Localised":"Corporate", "StationAllegiance":"Federation", "StationServices":[ "Dock", "Autodock", "Commodities", "Contacts", "Exploration", "Missions", "Outfitting", "CrewLounge", "Rearm", "Refuel", "Repair", "Shipyard", "Tuning", "MissionsGenerated", "FlightController", "StationOperations", "Powerplay", "SearchAndRescue" ], "StationEconomy":"$economy_Extraction;", "StationEconomy_Localised":"Extraction", "DistFromStarLS":91745.320313 }
{ "timestamp":"2017-11-18T02:00:30Z", "event":"Music", "MusicTrack":"Starport" }
{ "timestamp":"2017-11-18T02:01:49Z", "event":"ReceiveText", "From":"$npc_name_decorate:#name=KRutter;", "From_Localised":"KRutter", "Message":"$Commuter_AuthorityScan01;", "Message_Localised":"Is there a problem here, officer?", "Channel":"npc" }
{ "timestamp":"2017-11-18T02:02:04Z", "event":"MissionAccepted", "Faction":"LHS 3447 Dynamic & Co", "Name":"Mission_Courier", "LocalisedName":"Courier job available", "TargetFaction":"Gold United Systems", "DestinationSystem":"LTT 18486", "DestinationStation":"Boswell Platform", "Expiry":"2017-11-19T01:46:47Z", "Influence":"Low", "Reputation":"Med", "Reward":15969, "MissionID":247828335 }
{ "timestamp":"2017-11-18T02:03:10Z", "event":"Music", "MusicTrack":"GalaxyMap" }
{ "timestamp":"2017-11-18T02:03:18Z", "event":"Music", "MusicTrack":"Starport" }
{ "timestamp":"2017-11-18T02:03:40Z", "event":"Undocked", "StationName":"Yaping Enterprise", "StationType":"Coriolis" }
{ "timestamp":"2017-11-18T02:04:21Z", "event":"Music", "MusicTrack":"NoTrack" }
{ "timestamp":"2017-11-18T02:04:40Z", "event":"Music", "MusicTrack":"SystemMap" }
{ "timestamp":"2017-11-18T02:04:49Z", "event":"Music", "MusicTrack":"NoTrack" }
{ "timestamp":"2017-11-18T02:05:14Z", "event":"Scanned", "ScanType":"Cargo" }
{ "timestamp":"2017-11-18T02:05:14Z", "event":"ReceiveText", "From":"$ShipName_Police_Federation;", "From_Localised":"Federal Security Service", "Message":"$Police_ThankYouPassedStopAndSearch06;", "Message_Localised":"We're done here pilot, move along.", "Channel":"npc" }
{ "timestamp":"2017-11-18T02:05:24Z", "event":"Scanned", "ScanType":"Cargo" }
{ "timestamp":"2017-11-18T02:06:05Z", "event":"StartJump", "JumpType":"Hyperspace", "StarSystem":"LTT 18486", "StarClass":"M" }
{ "timestamp":"2017-11-18T02:06:24Z", "event":"FSDJump", "StarSystem":"LTT 18486", "StarPos":[-45.094,-11.969,56.469], "SystemAllegiance":"Federation", "SystemEconomy":"$economy_Colony;", "SystemEconomy_Localised":"Colony", "SystemGovernment":"$government_Corporate;", "SystemGovernment_Localised":"Corporate", "SystemSecurity":"$SYSTEM_SECURITY_low;", "SystemSecurity_Localised":"Low Security", "Population":30347, "JumpDist":6.961, "FuelUsed":0.587625, "FuelLevel":0.912275, "Factions":[ { "Name":"LTT 18486 Jet Energy Company", "FactionState":"None", "Government":"Corporate", "Influence":0.305389, "Allegiance":"Federation", "PendingStates":[ { "State":"Boom", "Trend":1 }, { "State":"CivilUnrest", "Trend":0 }, { "State":"Lockdown", "Trend":0 } ] }, { "Name":"Pilots Federation Local Branch", "FactionState":"None", "Government":"Democracy", "Influence":0.000000, "Allegiance":"PilotsFederation" }, { "Name":"LTT 18486 Pirates", "FactionState":"War", "Government":"Anarchy", "Influence":0.009980, "Allegiance":"Independent", "PendingStates":[ { "State":"Boom", "Trend":1 }, { "State":"Bust", "Trend":1 }, { "State":"CivilUnrest", "Trend":1 }, { "State":"Lockdown", "Trend":1 } ] }, { "Name":"Gold United Systems", "FactionState":"War", "Government":"Corporate", "Influence":0.032934, "Allegiance":"Independent", "PendingStates":[ { "State":"Boom", "Trend":1 }, { "State":"Bust", "Trend":0 } ] }, { "Name":"LP 694-16 Crimson Legal Ind", "FactionState":"None", "Government":"Corporate", "Influence":0.350299, "Allegiance":"Federation" }, { "Name":"Union of LTT 18486 Confederacy", "FactionState":"Bust", "Government":"Confederacy", "Influence":0.188623, "Allegiance":"Federation", "PendingStates":[ { "State":"Boom", "Trend":1 } ] }, { "Name":"Nobles of LTT 18486", "FactionState":"Bust", "Government":"Feudal", "Influence":0.112774, "Allegiance":"Independent", "PendingStates":[ { "State":"Boom", "Trend":1 } ] } ], "SystemFaction":"LTT 18486 Jet Energy Company" }
{ "timestamp":"2017-11-18T02:06:24Z", "event":"Music", "MusicTrack":"DestinationFromHyperspace" }
{ "timestamp":"2017-11-18T02:06:29Z", "event":"Music", "MusicTrack":"Supercruise" }
{ "timestamp":"2017-11-18T02:06:52Z", "event":"Music", "MusicTrack":"GalaxyMap" }
{ "timestamp":"2017-11-18T02:07:01Z", "event":"Music", "MusicTrack":"Supercruise" }
{ "timestamp":"2017-11-18T02:07:06Z", "event":"Music", "MusicTrack":"GalaxyMap" }
{ "timestamp":"2017-11-18T02:07:13Z", "event":"Music", "MusicTrack":"Supercruise" }
{ "timestamp":"2017-11-18T02:07:18Z", "event":"Music", "MusicTrack":"GalaxyMap" }
{ "timestamp":"2017-11-18T02:07:22Z", "event":"Music", "MusicTrack":"Supercruise" }
{ "timestamp":"2017-11-18T02:07:25Z", "event":"Music", "MusicTrack":"SystemMap" }
{ "timestamp":"2017-11-18T02:07:34Z", "event":"Music", "MusicTrack":"Supercruise" }
{ "timestamp":"2017-11-18T02:09:14Z", "event":"FuelScoop", "Scooped":1.369253, "Total":1.981526 }
{ "timestamp":"2017-11-18T02:15:40Z", "event":"SupercruiseExit", "StarSystem":"LTT 18486", "Body":"Boswell Platform", "BodyType":"Station" }
{ "timestamp":"2017-11-18T02:15:40Z", "event":"Music", "MusicTrack":"DestinationFromSupercruise" }
{ "timestamp":"2017-11-18T02:15:45Z", "event":"Music", "MusicTrack":"Exploration" }
{ "timestamp":"2017-11-18T02:16:00Z", "event":"ReceiveText", "From":"Boswell Platform", "Message":"$STATION_NoFireZone_entered;", "Message_Localised":"No fire zone entered.", "Channel":"npc" }
{ "timestamp":"2017-11-18T02:16:23Z", "event":"DockingRequested", "StationName":"Boswell Platform" }
{ "timestamp":"2017-11-18T02:16:23Z", "event":"ReceiveText", "From":"Boswell Platform", "Message":"$DockingChatter_Neutral;", "Message_Localised":"Ensure to observe starport protocol during your visit, pilot.", "Channel":"npc" }
{ "timestamp":"2017-11-18T02:16:25Z", "event":"ReceiveText", "From":"Boswell Platform", "Message":"$STATION_docking_granted;", "Message_Localised":"Docking request granted.", "Channel":"npc" }
{ "timestamp":"2017-11-18T02:16:25Z", "event":"DockingGranted", "LandingPad":2, "StationName":"Boswell Platform" }
{ "timestamp":"2017-11-18T02:18:41Z", "event":"Docked", "StationName":"Boswell Platform", "StationType":"Outpost", "StarSystem":"LTT 18486", "StationFaction":"LTT 18486 Jet Energy Company", "StationGovernment":"$government_Corporate;", "StationGovernment_Localised":"Corporate", "StationAllegiance":"Federation", "StationServices":[ "Dock", "Autodock", "Commodities", "Contacts", "Exploration", "Missions", "Outfitting", "CrewLounge", "Rearm", "Refuel", "Repair", "MissionsGenerated", "Facilitator", "FlightController", "StationOperations", "Powerplay", "SearchAndRescue" ], "StationEconomy":"$economy_Refinery;", "StationEconomy_Localised":"Refinery", "DistFromStarLS":12220.976563 }
{ "timestamp":"2017-11-18T02:18:56Z", "event":"MissionCompleted", "Faction":"Gold United Systems", "Name":"Mission_Courier_name", "MissionID":247828335, "TargetFaction":"Gold United Systems", "DestinationSystem":"LTT 18486", "DestinationStation":"Boswell Platform", "Reward":15969 }
{ "timestamp":"2017-11-18T02:25:04Z", "event":"PayFines", "Amount":200 }
{ "timestamp":"2017-11-18T02:30:09Z", "event":"Undocked", "StationName":"Boswell Platform", "StationType":"Outpost" }
{ "timestamp":"2017-11-18T02:31:01Z", "event":"MissionAbandoned", "Name":"Mission_Courier_Boom_name", "MissionID":247612373 }
{ "timestamp":"2017-11-18T02:31:06Z", "event":"MissionAbandoned", "Name":"Mission_Courier_Boom_name", "MissionID":247600811 }
{ "timestamp":"2017-11-18T02:31:24Z", "event":"Music", "MusicTrack":"GalaxyMap" }
{ "timestamp":"2017-11-18T02:31:59Z", "event":"Music", "MusicTrack":"Exploration" }
{ "timestamp":"2017-11-18T02:33:37Z", "event":"StartJump", "JumpType":"Hyperspace", "StarSystem":"LHS 3447", "StarClass":"K" }
{ "timestamp":"2017-11-18T02:33:43Z", "event":"Music", "MusicTrack":"NoTrack" }
{ "timestamp":"2017-11-18T02:33:56Z", "event":"FSDJump", "StarSystem":"LHS 3447", "StarPos":[-43.188,-5.281,56.156], "SystemAllegiance":"PilotsFederation", "SystemEconomy":"$economy_Agri;", "SystemEconomy_Localised":"Agriculture", "SystemGovernment":"$government_Democracy;", "SystemGovernment_Localised":"Democracy", "SystemSecurity":"$SYSTEM_SECURITY_high;", "SystemSecurity_Localised":"High Security", "Population":1148206412, "JumpDist":6.961, "FuelUsed":0.598909, "FuelLevel":1.382617, "Factions":[ { "Name":"LHS 3447 Academy for Novitiate Pilots", "FactionState":"None", "Government":"Cooperative", "Influence":0.098901, "Allegiance":"Independent", "PendingStates":[ { "State":"CivilWar", "Trend":0 } ] }, { "Name":"LTT 18486 Jet Energy Company", "FactionState":"None", "Government":"Corporate", "Influence":0.035964, "Allegiance":"Federation", "PendingStates":[ { "State":"Boom", "Trend":1 }, { "State":"CivilUnrest", "Trend":0 }, { "State":"Lockdown", "Trend":0 } ] }, { "Name":"Pilots Federation Local Branch", "FactionState":"None", "Government":"Democracy", "Influence":0.000000, "Allegiance":"PilotsFederation" }, { "Name":"Future of LHS 3447", "FactionState":"CivilUnrest", "Government":"Democracy", "Influence":0.223776, "Allegiance":"Federation", "PendingStates":[ { "State":"Boom", "Trend":1 }, { "State":"Lockdown", "Trend":0 } ], "RecoveringStates":[ { "State":"Outbreak", "Trend":1 } ] }, { "Name":"Liberty Party of GD 219", "FactionState":"None", "Government":"Dictatorship", "Influence":0.045954, "Allegiance":"Independent", "PendingStates":[ { "State":"Boom", "Trend":1 } ], "RecoveringStates":[ { "State":"Outbreak", "Trend":1 } ] }, { "Name":"LHS 3447 Co", "FactionState":"None", "Government":"Corporate", "Influence":0.209790, "Allegiance":"Independent", "RecoveringStates":[ { "State":"Boom", "Trend":0 } ] }, { "Name":"Freedom Party of LHS 3447", "FactionState":"Boom", "Government":"Dictatorship", "Influence":0.217782, "Allegiance":"Independent" }, { "Name":"LHS 3447 Cartel", "FactionState":"Lockdown", "Government":"Anarchy", "Influence":0.064935, "Allegiance":"Independent", "PendingStates":[ { "State":"Boom", "Trend":1 }, { "State":"CivilUnrest", "Trend":1 } ], "RecoveringStates":[ { "State":"Outbreak", "Trend":-1 } ] }, { "Name":"LHS 3447 Dynamic & Co", "FactionState":"None", "Government":"Corporate", "Influence":0.102897, "Allegiance":"Federation", "PendingStates":[ { "State":"Boom", "Trend":1 }, { "State":"CivilUnrest", "Trend":-1 } ] } ], "SystemFaction":"Pilots Federation Local Branch" }
{ "timestamp":"2017-11-18T02:33:56Z", "event":"Music", "MusicTrack":"Supercruise" }
{ "timestamp":"2017-11-18T02:34:52Z", "event":"FuelScoop", "Scooped":0.617381, "Total":2.000000 }
{ "timestamp":"2017-11-18T02:49:38Z", "event":"SupercruiseExit", "StarSystem":"LHS 3447", "Body":"Yaping Enterprise", "BodyType":"Station" }
{ "timestamp":"2017-11-18T02:49:39Z", "event":"Music", "MusicTrack":"DestinationFromSupercruise" }
{ "timestamp":"2017-11-18T02:49:44Z", "event":"Music", "MusicTrack":"NoTrack" }
{ "timestamp":"2017-11-18T02:49:55Z", "event":"ReceiveText", "From":"Yaping Enterprise", "Message":"$STATION_NoFireZone_entered;", "Message_Localised":"No fire zone entered.", "Channel":"npc" }
{ "timestamp":"2017-11-18T02:50:09Z", "event":"DockingRequested", "StationName":"Yaping Enterprise" }
{ "timestamp":"2017-11-18T02:50:09Z", "event":"ReceiveText", "From":"Yaping Enterprise", "Message":"$DockingChatter_Neutral;", "Message_Localised":"Ensure to observe starport protocol during your visit, pilot.", "Channel":"npc" }
{ "timestamp":"2017-11-18T02:50:10Z", "event":"ReceiveText", "From":"Yaping Enterprise", "Message":"$STATION_docking_granted;", "Message_Localised":"Docking request granted.", "Channel":"npc" }
{ "timestamp":"2017-11-18T02:50:10Z", "event":"DockingGranted", "LandingPad":28, "StationName":"Yaping Enterprise" }
{ "timestamp":"2017-11-18T02:51:33Z", "event":"Scanned", "ScanType":"Cargo" }
{ "timestamp":"2017-11-18T02:51:33Z", "event":"ReceiveText", "From":"$ShipName_Police_Federation;", "From_Localised":"Federal Security Service", "Message":"$Police_ThankYouPassedStopAndSearch02;", "Message_Localised":"You're clean. Proceed, pilot.", "Channel":"npc" }
{ "timestamp":"2017-11-18T02:51:48Z", "event":"Music", "MusicTrack":"Starport" }
{ "timestamp":"2017-11-18T02:53:12Z", "event":"Docked", "StationName":"Yaping Enterprise", "StationType":"Coriolis", "StarSystem":"LHS 3447", "StationFaction":"LHS 3447 Dynamic & Co", "StationGovernment":"$government_Corporate;", "StationGovernment_Localised":"Corporate", "StationAllegiance":"Federation", "StationServices":[ "Dock", "Autodock", "Commodities", "Contacts", "Exploration", "Missions", "Outfitting", "CrewLounge", "Rearm", "Refuel", "Repair", "Shipyard", "Tuning", "MissionsGenerated", "FlightController", "StationOperations", "Powerplay", "SearchAndRescue" ], "StationEconomy":"$economy_Extraction;", "StationEconomy_Localised":"Extraction", "DistFromStarLS":91745.687500 }
{ "timestamp":"2017-11-18T02:55:02Z", "event":"ShipyardBuy", "ShipType":"adder", "ShipPrice":87808, "SellOldShip":"SideWinder", "SellShipID":0, "SellPrice":4627 }
{ "timestamp":"2017-11-18T02:55:03Z", "event":"Cargo", "Inventory":[ { "Name":"coolinghoses", "Count":4 } ] }
{ "timestamp":"2017-11-18T02:55:03Z", "event":"Loadout", "Ship":"Adder", "ShipID":0, "ShipName":"", "ShipIdent":"", "Modules":[ { "Slot":"SmallHardpoint1", "Item":"Hpt_PulseLaser_Fixed_Small", "On":true, "Priority":2, "Health":1.000000, "Value":2200 }, { "Slot":"SmallHardpoint2", "Item":"Hpt_PulseLaser_Fixed_Small", "On":true, "Priority":2, "Health":1.000000, "Value":2200 }, { "Slot":"Armour", "Item":"Adder_Armour_Grade1", "On":true, "Priority":2, "Health":1.000000, "Value":0 }, { "Slot":"PowerPlant", "Item":"Int_PowerPlant_Size3_Class1", "On":true, "Priority":2, "Health":1.000000, "Value":6271 }, { "Slot":"MainEngines", "Item":"Int_Engine_Size3_Class1", "On":true, "Priority":2, "Health":1.000000, "Value":6271 }, { "Slot":"FrameShiftDrive", "Item":"Int_Hyperdrive_Size3_Class1", "On":true, "Priority":2, "Health":1.000000, "Value":6271 }, { "Slot":"LifeSupport", "Item":"Int_LifeSupport_Size1_Class1", "On":true, "Priority":2, "Health":1.000000, "Value":517 }, { "Slot":"PowerDistributor", "Item":"Int_PowerDistributor_Size2_Class1", "On":true, "Priority":2, "Health":1.000000, "Value":1448 }, { "Slot":"Radar", "Item":"Int_Sensors_Size3_Class1", "On":true, "Priority":2, "Health":1.000000, "Value":4053 }, { "Slot":"FuelTank", "Item":"Int_FuelTank_Size3_Class3", "On":true, "Priority":2, "Health":1.000000, "Value":7063 }, { "Slot":"Slot01_Size3", "Item":"Int_CargoRack_Size2_Class1", "On":true, "Priority":2, "Health":1.000000, "Value":3250 }, { "Slot":"Slot02_Size3", "Item":"Int_ShieldGenerator_Size3_Class1", "On":true, "Priority":2, "Health":1.000000, "Value":6271 }, { "Slot":"Slot03_Size2", "Item":"Int_CargoRack_Size1_Class1", "On":true, "Priority":2, "Health":1.000000, "Value":1000 }, { "Slot":"Slot05_Size1", "Item":"Int_StellarBodyDiscoveryScanner_Standard", "On":true, "Priority":2, "Health":1.000000, "Value":1000 }, { "Slot":"PlanetaryApproachSuite", "Item":"Int_PlanetApproachSuite", "On":true, "Priority":2, "Health":1.000000, "Value":500 }, { "Slot":"ShipCockpit", "Item":"Adder_Cockpit", "On":true, "Priority":2, "Health":1.000000, "Value":0 }, { "Slot":"CargoHatch", "Item":"ModularCargoBayDoor", "On":true, "Priority":2, "Health":1.000000, "Value":0 } ] }
{ "timestamp":"2017-11-18T02:55:03Z", "event":"ShipyardNew", "ShipType":"adder", "NewShipID":0 }
{ "timestamp":"2017-11-18T02:55:03Z", "event":"Music", "MusicTrack":"NoTrack" }
{ "timestamp":"2017-11-18T02:55:14Z", "event":"Docked", "StationName":"Yaping Enterprise", "StationType":"Coriolis", "StarSystem":"LHS 3447", "StationFaction":"LHS 3447 Dynamic & Co", "StationGovernment":"$government_Corporate;", "StationGovernment_Localised":"Corporate", "StationAllegiance":"Federation", "StationServices":[ "Dock", "Autodock", "Commodities", "Contacts", "Exploration", "Missions", "Outfitting", "CrewLounge", "Rearm", "Refuel", "Repair", "Shipyard", "Tuning", "MissionsGenerated", "FlightController", "StationOperations", "Powerplay", "SearchAndRescue" ], "StationEconomy":"$economy_Extraction;", "StationEconomy_Localised":"Extraction", "DistFromStarLS":91745.703125 }
{ "timestamp":"2017-11-18T02:55:14Z", "event":"Music", "MusicTrack":"Starport" }
{ "timestamp":"2017-11-18T02:56:24Z", "event":"ModuleBuy", "Slot":"Slot04_Size2", "BuyItem":"$int_fuelscoop_size1_class1_name;", "BuyItem_Localised":"Fuel Scoop", "BuyPrice":309, "Ship":"adder", "ShipID":0 }
{ "timestamp":"2017-11-18T02:57:50Z", "event":"ReceiveText", "From":"$npc_name_decorate:#name=budgester;", "From_Localised":"budgester", "Message":"$Commuter_HostileScan02;", "Message_Localised":"It is an offence to scan this vessel unless you are an authorised member of system security.", "Channel":"npc" }
{ "timestamp":"2017-11-18T02:58:15Z", "event":"MissionAccepted", "Faction":"LHS 3447 Dynamic & Co", "Name":"Mission_Courier", "LocalisedName":"Courier job available", "TargetFaction":"LTT 18486 Jet Energy Company", "DestinationSystem":"LTT 18486", "DestinationStation":"Macarthur Terminal", "Expiry":"2017-11-19T02:49:03Z", "Influence":"Low", "Reputation":"Med", "Reward":13300, "MissionID":247848989 }
{ "timestamp":"2017-11-18T03:00:37Z", "event":"MarketBuy", "Type":"cobalt", "Count":2, "BuyPrice":632, "TotalCost":1264 }
{ "timestamp":"2017-11-18T03:01:12Z", "event":"MarketSell", "Type":"coolinghoses", "Count":4, "SellPrice":673, "TotalSale":2692, "AvgPricePaid":0 }
{ "timestamp":"2017-11-18T03:01:46Z", "event":"Undocked", "StationName":"Yaping Enterprise", "StationType":"Coriolis" }
{ "timestamp":"2017-11-18T03:02:33Z", "event":"Music", "MusicTrack":"NoTrack" }
{ "timestamp":"2017-11-18T03:02:44Z", "event":"ReceiveText", "From":"Yaping Enterprise", "Message":"$DockingTresspassWarningComms;", "Message_Localised":"Unauthorised access infraction detected, clear starport immediately to avoid lethal response", "Channel":"npc" }
{ "timestamp":"2017-11-18T03:02:52Z", "event":"ReceiveText", "From":"Yaping Enterprise", "Message":"$DockingOffenceCleared;", "Message_Localised":"Starport infractions cleared, docking privileges restored.", "Channel":"npc" }
{ "timestamp":"2017-11-18T03:03:19Z", "event":"Scanned", "ScanType":"Cargo" }
{ "timestamp":"2017-11-18T03:03:19Z", "event":"ReceiveText", "From":"$ShipName_Police_Federation;", "From_Localised":"Federal Security Service", "Message":"$Police_ThankYouPassedStopAndSearch03;", "Message_Localised":"All clear. Carry on, pilot.", "Channel":"npc" }
{ "timestamp":"2017-11-18T03:03:28Z", "event":"Music", "MusicTrack":"GalaxyMap" }
{ "timestamp":"2017-11-18T03:03:38Z", "event":"Music", "MusicTrack":"NoTrack" }
{ "timestamp":"2017-11-18T03:04:00Z", "event":"ReceiveText", "From":"Yaping Enterprise", "Message":"$STATION_NoFireZone_exited;", "Message_Localised":"No fire zone left.", "Channel":"npc" }
{ "timestamp":"2017-11-18T03:04:10Z", "event":"ReceiveText", "From":"Yaping Enterprise", "Message":"$STATION_NoFireZone_entered;", "Message_Localised":"No fire zone entered.", "Channel":"npc" }
{ "timestamp":"2017-11-18T03:04:26Z", "event":"StartJump", "JumpType":"Hyperspace", "StarSystem":"LTT 18486", "StarClass":"M" }
{ "timestamp":"2017-11-18T03:04:45Z", "event":"FSDJump", "StarSystem":"LTT 18486", "StarPos":[-45.094,-11.969,56.469], "SystemAllegiance":"Federation", "SystemEconomy":"$economy_Colony;", "SystemEconomy_Localised":"Colony", "SystemGovernment":"$government_Corporate;", "SystemGovernment_Localised":"Corporate", "SystemSecurity":"$SYSTEM_SECURITY_low;", "SystemSecurity_Localised":"Low Security", "Population":30347, "JumpDist":6.961, "FuelUsed":0.709228, "FuelLevel":7.290772, "Factions":[ { "Name":"LTT 18486 Jet Energy Company", "FactionState":"None", "Government":"Corporate", "Influence":0.305389, "Allegiance":"Federation", "PendingStates":[ { "State":"Boom", "Trend":1 }, { "State":"CivilUnrest", "Trend":0 }, { "State":"Lockdown", "Trend":0 } ] }, { "Name":"Pilots Federation Local Branch", "FactionState":"None", "Government":"Democracy", "Influence":0.000000, "Allegiance":"PilotsFederation" }, { "Name":"LTT 18486 Pirates", "FactionState":"War", "Government":"Anarchy", "Influence":0.009980, "Allegiance":"Independent", "PendingStates":[ { "State":"Boom", "Trend":1 }, { "State":"Bust", "Trend":1 }, { "State":"CivilUnrest", "Trend":1 }, { "State":"Lockdown", "Trend":1 } ] }, { "Name":"Gold United Systems", "FactionState":"War", "Government":"Corporate", "Influence":0.032934, "Allegiance":"Independent", "PendingStates":[ { "State":"Boom", "Trend":1 }, { "State":"Bust", "Trend":0 } ] }, { "Name":"LP 694-16 Crimson Legal Ind", "FactionState":"None", "Government":"Corporate", "Influence":0.350299, "Allegiance":"Federation" }, { "Name":"Union of LTT 18486 Confederacy", "FactionState":"Bust", "Government":"Confederacy", "Influence":0.188623, "Allegiance":"Federation", "PendingStates":[ { "State":"Boom", "Trend":1 } ] }, { "Name":"Nobles of LTT 18486", "FactionState":"Bust", "Government":"Feudal", "Influence":0.112774, "Allegiance":"Independent", "PendingStates":[ { "State":"Boom", "Trend":1 } ] } ], "SystemFaction":"LTT 18486 Jet Energy Company" }
{ "timestamp":"2017-11-18T03:04:45Z", "event":"Music", "MusicTrack":"Supercruise" }
{ "timestamp":"2017-11-18T03:05:38Z", "event":"Music", "MusicTrack":"SystemMap" }
{ "timestamp":"2017-11-18T03:05:49Z", "event":"Music", "MusicTrack":"Supercruise" }
{ "timestamp":"2017-11-18T03:06:22Z", "event":"FuelScoop", "Scooped":0.643710, "Total":7.934484 }
{ "timestamp":"2017-11-18T03:13:44Z", "event":"SupercruiseExit", "StarSystem":"LTT 18486", "Body":"Macarthur Terminal", "BodyType":"Station" }
{ "timestamp":"2017-11-18T03:13:45Z", "event":"Music", "MusicTrack":"DestinationFromSupercruise" }
{ "timestamp":"2017-11-18T03:13:50Z", "event":"Music", "MusicTrack":"Exploration" }
{ "timestamp":"2017-11-18T03:14:02Z", "event":"ReceiveText", "From":"Macarthur Terminal", "Message":"$STATION_NoFireZone_entered;", "Message_Localised":"No fire zone entered.", "Channel":"npc" }
{ "timestamp":"2017-11-18T03:14:25Z", "event":"DockingRequested", "StationName":"Macarthur Terminal" }
{ "timestamp":"2017-11-18T03:14:25Z", "event":"ReceiveText", "From":"Macarthur Terminal", "Message":"$DockingChatter_Neutral;", "Message_Localised":"Ensure to observe starport protocol during your visit, pilot.", "Channel":"npc" }
{ "timestamp":"2017-11-18T03:14:26Z", "event":"ReceiveText", "From":"Macarthur Terminal", "Message":"$STATION_docking_granted;", "Message_Localised":"Docking request granted.", "Channel":"npc" }
{ "timestamp":"2017-11-18T03:14:26Z", "event":"DockingGranted", "LandingPad":2, "StationName":"Macarthur Terminal" }
{ "timestamp":"2017-11-18T03:16:47Z", "event":"Scanned", "ScanType":"Cargo" }
{ "timestamp":"2017-11-18T03:16:54Z", "event":"Docked", "StationName":"Macarthur Terminal", "StationType":"Outpost", "StarSystem":"LTT 18486", "StationFaction":"LTT 18486 Jet Energy Company", "StationGovernment":"$government_Corporate;", "StationGovernment_Localised":"Corporate", "StationAllegiance":"Federation", "StationServices":[ "Dock", "Autodock", "Commodities", "Contacts", "Exploration", "Missions", "Refuel", "MissionsGenerated", "Facilitator", "FlightController", "StationOperations", "Powerplay", "SearchAndRescue" ], "StationEconomy":"$economy_Refinery;", "StationEconomy_Localised":"Refinery", "DistFromStarLS":12209.041016 }
{ "timestamp":"2017-11-18T03:17:12Z", "event":"MissionCompleted", "Faction":"LTT 18486 Jet Energy Company", "Name":"Mission_Courier_name", "MissionID":247848989, "TargetFaction":"LTT 18486 Jet Energy Company", "DestinationSystem":"LTT 18486", "DestinationStation":"Macarthur Terminal", "Reward":13300 }
{ "timestamp":"2017-11-18T03:20:03Z", "event":"Undocked", "StationName":"Macarthur Terminal", "StationType":"Outpost" }
{ "timestamp":"2017-11-18T03:20:19Z", "event":"Music", "MusicTrack":"GalaxyMap" }
{ "timestamp":"2017-11-18T03:20:32Z", "event":"Music", "MusicTrack":"Exploration" }
{ "timestamp":"2017-11-18T03:22:02Z", "event":"Music", "MusicTrack":"GalaxyMap" }
{ "timestamp":"2017-11-18T03:22:18Z", "event":"ReceiveText", "From":"Macarthur Terminal", "Message":"$STATION_NoFireZone_exited;", "Message_Localised":"No fire zone left.", "Channel":"npc" }
{ "timestamp":"2017-11-18T03:22:37Z", "event":"Music", "MusicTrack":"Exploration" }
{ "timestamp":"2017-11-18T03:23:07Z", "event":"StartJump", "JumpType":"Hyperspace", "StarSystem":"LHS 3447", "StarClass":"K" }
{ "timestamp":"2017-11-18T03:23:12Z", "event":"Music", "MusicTrack":"NoTrack" }
{ "timestamp":"2017-11-18T03:23:26Z", "event":"FSDJump", "StarSystem":"LHS 3447", "StarPos":[-43.188,-5.281,56.156], "SystemAllegiance":"PilotsFederation", "SystemEconomy":"$economy_Agri;", "SystemEconomy_Localised":"Agriculture", "SystemGovernment":"$government_Democracy;", "SystemGovernment_Localised":"Democracy", "SystemSecurity":"$SYSTEM_SECURITY_high;", "SystemSecurity_Localised":"High Security", "Population":1148206412, "JumpDist":6.961, "FuelUsed":0.707977, "FuelLevel":7.226508, "Factions":[ { "Name":"LHS 3447 Academy for Novitiate Pilots", "FactionState":"None", "Government":"Cooperative", "Influence":0.098901, "Allegiance":"Independent", "PendingStates":[ { "State":"CivilWar", "Trend":0 } ] }, { "Name":"LTT 18486 Jet Energy Company", "FactionState":"None", "Government":"Corporate", "Influence":0.035964, "Allegiance":"Federation", "PendingStates":[ { "State":"Boom", "Trend":1 }, { "State":"CivilUnrest", "Trend":0 }, { "State":"Lockdown", "Trend":0 } ] }, { "Name":"Pilots Federation Local Branch", "FactionState":"None", "Government":"Democracy", "Influence":0.000000, "Allegiance":"PilotsFederation" }, { "Name":"Future of LHS 3447", "FactionState":"CivilUnrest", "Government":"Democracy", "Influence":0.223776, "Allegiance":"Federation", "PendingStates":[ { "State":"Boom", "Trend":1 }, { "State":"Lockdown", "Trend":0 } ], "RecoveringStates":[ { "State":"Outbreak", "Trend":1 } ] }, { "Name":"Liberty Party of GD 219", "FactionState":"None", "Government":"Dictatorship", "Influence":0.045954, "Allegiance":"Independent", "PendingStates":[ { "State":"Boom", "Trend":1 } ], "RecoveringStates":[ { "State":"Outbreak", "Trend":1 } ] }, { "Name":"LHS 3447 Co", "FactionState":"None", "Government":"Corporate", "Influence":0.209790, "Allegiance":"Independent", "RecoveringStates":[ { "State":"Boom", "Trend":0 } ] }, { "Name":"Freedom Party of LHS 3447", "FactionState":"Boom", "Government":"Dictatorship", "Influence":0.217782, "Allegiance":"Independent" }, { "Name":"LHS 3447 Cartel", "FactionState":"Lockdown", "Government":"Anarchy", "Influence":0.064935, "Allegiance":"Independent", "PendingStates":[ { "State":"Boom", "Trend":1 }, { "State":"CivilUnrest", "Trend":1 } ], "RecoveringStates":[ { "State":"Outbreak", "Trend":-1 } ] }, { "Name":"LHS 3447 Dynamic & Co", "FactionState":"None", "Government":"Corporate", "Influence":0.102897, "Allegiance":"Federation", "PendingStates":[ { "State":"Boom", "Trend":1 }, { "State":"CivilUnrest", "Trend":-1 } ] } ], "SystemFaction":"Pilots Federation Local Branch" }
{ "timestamp":"2017-11-18T03:23:26Z", "event":"Music", "MusicTrack":"Supercruise" }
{ "timestamp":"2017-11-18T03:23:50Z", "event":"Music", "MusicTrack":"GalaxyMap" }
{ "timestamp":"2017-11-18T03:24:03Z", "event":"Music", "MusicTrack":"Supercruise" }
{ "timestamp":"2017-11-18T03:24:51Z", "event":"FuelScoop", "Scooped":0.773509, "Total":8.000000 }
{ "timestamp":"2017-11-18T03:25:04Z", "event":"HeatWarning" }
{ "timestamp":"2017-11-18T03:25:13Z", "event":"HeatDamage" }
{ "timestamp":"2017-11-18T03:25:34Z", "event":"StartJump", "JumpType":"Hyperspace", "StarSystem":"Eravate", "StarClass":"K" }
{ "timestamp":"2017-11-18T03:25:34Z", "event":"EjectCargo", "Type":"cobalt", "Count":1, "Abandoned":false }
{ "timestamp":"2017-11-18T03:25:36Z", "event":"EjectCargo", "Type":"cobalt", "Count":1, "Abandoned":false }
{ "timestamp":"2017-11-18T03:25:40Z", "event":"Music", "MusicTrack":"NoTrack" }
{ "timestamp":"2017-11-18T03:25:53Z", "event":"FSDJump", "StarSystem":"Eravate", "StarPos":[-42.438,-3.156,59.656], "SystemAllegiance":"Federation", "SystemEconomy":"$economy_Agri;", "SystemEconomy_Localised":"Agriculture", "SystemGovernment":"$government_Corporate;", "SystemGovernment_Localised":"Corporate", "SystemSecurity":"$SYSTEM_SECURITY_high;", "SystemSecurity_Localised":"High Security", "Population":740380179, "JumpDist":4.163, "FuelUsed":0.234754, "FuelLevel":7.765245, "Factions":[ { "Name":"Eravate School of Commerce", "FactionState":"None", "Government":"Cooperative", "Influence":0.115000, "Allegiance":"Independent", "PendingStates":[ { "State":"CivilWar", "Trend":0 } ] }, { "Name":"Pilots Federation Local Branch", "FactionState":"None", "Government":"Democracy", "Influence":0.000000, "Allegiance":"PilotsFederation" }, { "Name":"Independent Eravate Free", "FactionState":"Boom", "Government":"Democracy", "Influence":0.120000, "Allegiance":"Independent", "RecoveringStates":[ { "State":"Outbreak", "Trend":1 } ] }, { "Name":"Eravate Network", "FactionState":"Outbreak", "Government":"Corporate", "Influence":0.150000, "Allegiance":"Federation", "RecoveringStates":[ { "State":"Boom", "Trend":-1 } ] }, { "Name":"Traditional Eravate Autocracy", "FactionState":"Boom", "Government":"Dictatorship", "Influence":0.093000, "Allegiance":"Independent", "PendingStates":[ { "State":"Outbreak", "Trend":1 } ] }, { "Name":"Eravate Life Services", "FactionState":"None", "Government":"Corporate", "Influence":0.108000, "Allegiance":"Independent", "PendingStates":[ { "State":"Outbreak", "Trend":1 } ], "RecoveringStates":[ { "State":"Boom", "Trend":1 } ] }, { "Name":"Official Eravate Flag", "FactionState":"Outbreak", "Government":"Dictatorship", "Influence":0.085000, "Allegiance":"Independent", "RecoveringStates":[ { "State":"Boom", "Trend":-1 } ] }, { "Name":"Adle's Armada", "FactionState":"Boom", "Government":"Corporate", "Influence":0.329000, "Allegiance":"Federation" } ], "SystemFaction":"Adle's Armada", "FactionState":"Boom" }
{ "timestamp":"2017-11-18T03:25:53Z", "event":"HeatWarning" }
{ "timestamp":"2017-11-18T03:25:53Z", "event":"HeatDamage" }
{ "timestamp":"2017-11-18T03:25:53Z", "event":"Music", "MusicTrack":"DestinationFromHyperspace" }
{ "timestamp":"2017-11-18T03:25:58Z", "event":"Music", "MusicTrack":"Supercruise" }
{ "timestamp":"2017-11-18T03:26:03Z", "event":"FuelScoop", "Scooped":0.022610, "Total":7.787854 }
{ "timestamp":"2017-11-18T03:28:46Z", "event":"SupercruiseExit", "StarSystem":"Eravate", "Body":"Russell Ring", "BodyType":"Station" }
{ "timestamp":"2017-11-18T03:28:47Z", "event":"Music", "MusicTrack":"DestinationFromSupercruise" }
{ "timestamp":"2017-11-18T03:28:48Z", "event":"ReceiveText", "From":"Russell Ring", "Message":"$STATION_NoFireZone_entered;", "Message_Localised":"No fire zone entered.", "Channel":"npc" }
{ "timestamp":"2017-11-18T03:28:52Z", "event":"Music", "MusicTrack":"NoTrack" }
{ "timestamp":"2017-11-18T03:29:31Z", "event":"DockingRequested", "StationName":"Russell Ring" }
{ "timestamp":"2017-11-18T03:29:31Z", "event":"ReceiveText", "From":"Russell Ring", "Message":"$DockingChatter_Neutral;", "Message_Localised":"Ensure to observe starport protocol during your visit, pilot.", "Channel":"npc" }
{ "timestamp":"2017-11-18T03:29:33Z", "event":"ReceiveText", "From":"Russell Ring", "Message":"$STATION_docking_granted;", "Message_Localised":"Docking request granted.", "Channel":"npc" }
{ "timestamp":"2017-11-18T03:29:33Z", "event":"DockingGranted", "LandingPad":1, "StationName":"Russell Ring" }
{ "timestamp":"2017-11-18T03:30:59Z", "event":"Scanned", "ScanType":"Cargo" }
{ "timestamp":"2017-11-18T03:30:59Z", "event":"ReceiveText", "From":"$ShipName_Police_Independent;", "From_Localised":"System Authority Vessel", "Message":"$Police_ThankYouPassedStopAndSearch10;", "Message_Localised":"Everything looks fine, Commander. Have a good day.", "Channel":"npc" }
{ "timestamp":"2017-11-18T03:31:37Z", "event":"Music", "MusicTrack":"Starport" }
{ "timestamp":"2017-11-18T03:32:39Z", "event":"Docked", "StationName":"Russell Ring", "StationType":"Orbis", "StarSystem":"Eravate", "StationFaction":"Pilots Federation Local Branch", "StationGovernment":"$government_Democracy;", "StationGovernment_Localised":"Democracy", "StationAllegiance":"PilotsFederation", "StationServices":[ "Dock", "Autodock", "Commodities", "Contacts", "Exploration", "Missions", "Outfitting", "CrewLounge", "Rearm", "Refuel", "Repair", "Shipyard", "Tuning", "MissionsGenerated", "FlightController", "StationOperations", "Powerplay", "SearchAndRescue" ], "StationEconomy":"$economy_Industrial;", "StationEconomy_Localised":"Industrial", "DistFromStarLS":99.498398 }
{ "timestamp":"2017-11-18T03:36:01Z", "event":"MissionAccepted", "Faction":"Eravate Life Services", "Name":"Mission_Courier", "LocalisedName":"Courier job available", "TargetFaction":"LTT 18486 Pirates", "DestinationSystem":"LTT 18486", "DestinationStation":"Boswell Platform", "Expiry":"2017-11-19T03:32:57Z", "Influence":"Low", "Reputation":"Med", "Reward":6223, "MissionID":247862440 }
{ "timestamp":"2017-11-18T03:36:21Z", "event":"MissionAccepted", "Faction":"Independent Eravate Free", "Name":"Mission_Delivery_Boom", "LocalisedName":"Boom time delivery of 2 units of Liquor", "Commodity":"$Liquor_Name;", "Commodity_Localised":"Liquor", "Count":2, "TargetFaction":"Union of LTT 18486 Confederacy", "DestinationSystem":"LTT 18486", "DestinationStation":"Boswell Platform", "Expiry":"2017-11-19T03:32:57Z", "Influence":"Low", "Reputation":"Low", "Reward":34840, "MissionID":247862569 }
{ "timestamp":"2017-11-18T03:36:59Z", "event":"MissionAccepted", "Faction":"Adle's Armada", "Name":"Mission_Courier_Boom", "LocalisedName":"Boom data delivery", "TargetFaction":"LP 694-16 Crimson Legal Ind", "DestinationSystem":"LTT 18486", "DestinationStation":"Boswell Platform", "Expiry":"2017-11-19T03:32:57Z", "Influence":"Low", "Reputation":"Med", "MissionID":247862759 }
{ "timestamp":"2017-11-18T03:37:59Z", "event":"Music", "MusicTrack":"GalaxyMap" }
{ "timestamp":"2017-11-18T03:38:28Z", "event":"Music", "MusicTrack":"Starport" }
{ "timestamp":"2017-11-18T03:38:54Z", "event":"Undocked", "StationName":"Russell Ring", "StationType":"Orbis" }
{ "timestamp":"2017-11-18T03:39:57Z", "event":"Music", "MusicTrack":"NoTrack" }
{ "timestamp":"2017-11-18T03:41:17Z", "event":"StartJump", "JumpType":"Hyperspace", "StarSystem":"LHS 3447", "StarClass":"K" }
{ "timestamp":"2017-11-18T03:41:36Z", "event":"FSDJump", "StarSystem":"LHS 3447", "StarPos":[-43.188,-5.281,56.156], "SystemAllegiance":"PilotsFederation", "SystemEconomy":"$economy_Agri;", "SystemEconomy_Localised":"Agriculture", "SystemGovernment":"$government_Democracy;", "SystemGovernment_Localised":"Democracy", "SystemSecurity":"$SYSTEM_SECURITY_high;", "SystemSecurity_Localised":"High Security", "Population":1148206412, "JumpDist":4.163, "FuelUsed":0.231204, "FuelLevel":7.196650, "Factions":[ { "Name":"LHS 3447 Academy for Novitiate Pilots", "FactionState":"None", "Government":"Cooperative", "Influence":0.098901, "Allegiance":"Independent", "PendingStates":[ { "State":"CivilWar", "Trend":0 } ] }, { "Name":"LTT 18486 Jet Energy Company", "FactionState":"None", "Government":"Corporate", "Influence":0.035964, "Allegiance":"Federation", "PendingStates":[ { "State":"Boom", "Trend":1 }, { "State":"CivilUnrest", "Trend":0 }, { "State":"Lockdown", "Trend":0 } ] }, { "Name":"Pilots Federation Local Branch", "FactionState":"None", "Government":"Democracy", "Influence":0.000000, "Allegiance":"PilotsFederation" }, { "Name":"Future of LHS 3447", "FactionState":"CivilUnrest", "Government":"Democracy", "Influence":0.223776, "Allegiance":"Federation", "PendingStates":[ { "State":"Boom", "Trend":1 }, { "State":"Lockdown", "Trend":0 } ], "RecoveringStates":[ { "State":"Outbreak", "Trend":1 } ] }, { "Name":"Liberty Party of GD 219", "FactionState":"None", "Government":"Dictatorship", "Influence":0.045954, "Allegiance":"Independent", "PendingStates":[ { "State":"Boom", "Trend":1 } ], "RecoveringStates":[ { "State":"Outbreak", "Trend":1 } ] }, { "Name":"LHS 3447 Co", "FactionState":"None", "Government":"Corporate", "Influence":0.209790, "Allegiance":"Independent", "RecoveringStates":[ { "State":"Boom", "Trend":0 } ] }, { "Name":"Freedom Party of LHS 3447", "FactionState":"Boom", "Government":"Dictatorship", "Influence":0.217782, "Allegiance":"Independent" }, { "Name":"LHS 3447 Cartel", "FactionState":"Lockdown", "Government":"Anarchy", "Influence":0.064935, "Allegiance":"Independent", "PendingStates":[ { "State":"Boom", "Trend":1 }, { "State":"CivilUnrest", "Trend":1 } ], "RecoveringStates":[ { "State":"Outbreak", "Trend":-1 } ] }, { "Name":"LHS 3447 Dynamic & Co", "FactionState":"None", "Government":"Corporate", "Influence":0.102897, "Allegiance":"Federation", "PendingStates":[ { "State":"Boom", "Trend":1 }, { "State":"CivilUnrest", "Trend":-1 } ] } ], "SystemFaction":"Pilots Federation Local Branch" }
{ "timestamp":"2017-11-18T03:41:36Z", "event":"Music", "MusicTrack":"Supercruise" }
{ "timestamp":"2017-11-18T03:41:49Z", "event":"Music", "MusicTrack":"GalaxyMap" }
{ "timestamp":"2017-11-18T03:42:14Z", "event":"Music", "MusicTrack":"Supercruise" }
{ "timestamp":"2017-11-18T03:42:33Z", "event":"Music", "MusicTrack":"GalaxyMap" }
{ "timestamp":"2017-11-18T03:42:42Z", "event":"Music", "MusicTrack":"Supercruise" }
{ "timestamp":"2017-11-18T03:43:16Z", "event":"StartJump", "JumpType":"Hyperspace", "StarSystem":"LTT 18486", "StarClass":"M" }
{ "timestamp":"2017-11-18T03:43:20Z", "event":"HeatWarning" }
{ "timestamp":"2017-11-18T03:43:21Z", "event":"Music", "MusicTrack":"NoTrack" }
{ "timestamp":"2017-11-18T03:43:34Z", "event":"FSDJump", "StarSystem":"LTT 18486", "StarPos":[-45.094,-11.969,56.469], "SystemAllegiance":"Federation", "SystemEconomy":"$economy_Colony;", "SystemEconomy_Localised":"Colony", "SystemGovernment":"$government_Corporate;", "SystemGovernment_Localised":"Corporate", "SystemSecurity":"$SYSTEM_SECURITY_low;", "SystemSecurity_Localised":"Low Security", "Population":30347, "JumpDist":6.961, "FuelUsed":0.693966, "FuelLevel":6.503489, "Factions":[ { "Name":"LTT 18486 Jet Energy Company", "FactionState":"None", "Government":"Corporate", "Influence":0.305389, "Allegiance":"Federation", "PendingStates":[ { "State":"Boom", "Trend":1 }, { "State":"CivilUnrest", "Trend":0 }, { "State":"Lockdown", "Trend":0 } ] }, { "Name":"Pilots Federation Local Branch", "FactionState":"None", "Government":"Democracy", "Influence":0.000000, "Allegiance":"PilotsFederation" }, { "Name":"LTT 18486 Pirates", "FactionState":"War", "Government":"Anarchy", "Influence":0.009980, "Allegiance":"Independent", "PendingStates":[ { "State":"Boom", "Trend":1 }, { "State":"Bust", "Trend":1 }, { "State":"CivilUnrest", "Trend":1 }, { "State":"Lockdown", "Trend":1 } ] }, { "Name":"Gold United Systems", "FactionState":"War", "Government":"Corporate", "Influence":0.032934, "Allegiance":"Independent", "PendingStates":[ { "State":"Boom", "Trend":1 }, { "State":"Bust", "Trend":0 } ] }, { "Name":"LP 694-16 Crimson Legal Ind", "FactionState":"None", "Government":"Corporate", "Influence":0.350299, "Allegiance":"Federation" }, { "Name":"Union of LTT 18486 Confederacy", "FactionState":"Bust", "Government":"Confederacy", "Influence":0.188623, "Allegiance":"Federation", "PendingStates":[ { "State":"Boom", "Trend":1 } ] }, { "Name":"Nobles of LTT 18486", "FactionState":"Bust", "Government":"Feudal", "Influence":0.112774, "Allegiance":"Independent", "PendingStates":[ { "State":"Boom", "Trend":1 } ] } ], "SystemFaction":"LTT 18486 Jet Energy Company" }
{ "timestamp":"2017-11-18T03:43:35Z", "event":"HeatWarning" }
{ "timestamp":"2017-11-18T03:43:35Z", "event":"Music", "MusicTrack":"Supercruise" }
{ "timestamp":"2017-11-18T03:44:40Z", "event":"FuelScoop", "Scooped":0.003672, "Total":6.507161 }
{ "timestamp":"2017-11-18T03:53:31Z", "event":"SupercruiseExit", "StarSystem":"LTT 18486", "Body":"Boswell Platform", "BodyType":"Station" }
{ "timestamp":"2017-11-18T03:53:32Z", "event":"Music", "MusicTrack":"DestinationFromSupercruise" }
{ "timestamp":"2017-11-18T03:53:37Z", "event":"Music", "MusicTrack":"Exploration" }
{ "timestamp":"2017-11-18T03:53:55Z", "event":"ReceiveText", "From":"Boswell Platform", "Message":"$STATION_NoFireZone_entered;", "Message_Localised":"No fire zone entered.", "Channel":"npc" }
{ "timestamp":"2017-11-18T03:54:12Z", "event":"DockingRequested", "StationName":"Boswell Platform" }
{ "timestamp":"2017-11-18T03:54:12Z", "event":"ReceiveText", "From":"Boswell Platform", "Message":"$DockingChatter_Neutral;", "Message_Localised":"Ensure to observe starport protocol during your visit, pilot.", "Channel":"npc" }
{ "timestamp":"2017-11-18T03:54:13Z", "event":"ReceiveText", "From":"Boswell Platform", "Message":"$STATION_docking_granted;", "Message_Localised":"Docking request granted.", "Channel":"npc" }
{ "timestamp":"2017-11-18T03:54:13Z", "event":"DockingGranted", "LandingPad":3, "StationName":"Boswell Platform" }
{ "timestamp":"2017-11-18T03:56:48Z", "event":"Docked", "StationName":"Boswell Platform", "StationType":"Outpost", "StarSystem":"LTT 18486", "StationFaction":"LTT 18486 Jet Energy Company", "StationGovernment":"$government_Corporate;", "StationGovernment_Localised":"Corporate", "StationAllegiance":"Federation", "StationServices":[ "Dock", "Autodock", "Commodities", "Contacts", "Exploration", "Missions", "Outfitting", "CrewLounge", "Rearm", "Refuel", "Repair", "MissionsGenerated", "Facilitator", "FlightController", "StationOperations", "Powerplay", "SearchAndRescue" ], "StationEconomy":"$economy_Refinery;", "StationEconomy_Localised":"Refinery", "DistFromStarLS":12220.868164 }
{ "timestamp":"2017-11-18T03:57:03Z", "event":"MissionCompleted", "Faction":"LP 694-16 Crimson Legal Ind", "Name":"Mission_Courier_Boom_name", "MissionID":247862759, "TargetFaction":"LP 694-16 Crimson Legal Ind", "DestinationSystem":"LTT 18486", "DestinationStation":"Boswell Platform", "Reward":0, "CommodityReward":[ { "Name":"NeofabricInsulation", "Count":2 } ] }
{ "timestamp":"2017-11-18T03:57:55Z", "event":"MissionCompleted", "Faction":"LTT 18486 Pirates", "Name":"Mission_Courier_name", "MissionID":247862440, "TargetFaction":"LTT 18486 Pirates", "DestinationSystem":"LTT 18486", "DestinationStation":"Boswell Platform", "Reward":6223 }
{ "timestamp":"2017-11-18T03:58:08Z", "event":"MissionCompleted", "Faction":"Union of LTT 18486 Confederacy", "Name":"Mission_Delivery_Boom_name", "MissionID":247862569, "Commodity":"$Liquor_Name;", "Commodity_Localised":"Liquor", "Count":2, "TargetFaction":"Union of LTT 18486 Confederacy", "DestinationSystem":"LTT 18486", "DestinationStation":"Boswell Platform", "Reward":34840 }
{ "timestamp":"2017-11-18T04:03:47Z", "event":"RepairAll", "Cost":258 }
{ "timestamp":"2017-11-18T04:03:49Z", "event":"RefuelAll", "Cost":89, "Amount":1.763116 }
{ "timestamp":"2017-11-18T04:09:10Z", "event":"ModuleBuy", "Slot":"FrameShiftDrive", "SellItem":"$int_hyperdrive_size3_class1_name;", "SellItem_Localised":"FSD", "SellPrice":6271, "BuyItem":"$int_hyperdrive_size3_class3_name;", "BuyItem_Localised":"FSD", "BuyPrice":56435, "Ship":"adder", "ShipID":0 }
{ "timestamp":"2017-11-18T04:13:26Z", "event":"MissionAccepted", "Faction":"LTT 18486 Pirates", "Name":"Mission_Delivery", "LocalisedName":"Deliver 3 units of Explosives", "Commodity":"$Explosives_Name;", "Commodity_Localised":"Explosives", "Count":3, "TargetFaction":"Freedom Party of LHS 3447", "DestinationSystem":"LHS 3447", "DestinationStation":"Oleskiw Station", "Expiry":"2017-11-19T03:56:57Z", "Influence":"Low", "Reputation":"Low", "Reward":21083, "MissionID":247875366 }
{ "timestamp":"2017-11-18T04:13:52Z", "event":"MissionAccepted", "Faction":"LTT 18486 Pirates", "Name":"Mission_Courier_War", "LocalisedName":"Strategic data transfer", "TargetFaction":"Future of LHS 3447", "DestinationSystem":"LHS 3447", "DestinationStation":"Worlidge Terminal", "Expiry":"2017-11-19T03:56:57Z", "Influence":"Low", "Reputation":"Med", "Reward":44220, "MissionID":247875563 }
{ "timestamp":"2017-11-18T04:14:39Z", "event":"Music", "MusicTrack":"GalaxyMap" }
{ "timestamp":"2017-11-18T04:14:58Z", "event":"Music", "MusicTrack":"Exploration" }
{ "timestamp":"2017-11-18T04:15:36Z", "event":"Undocked", "StationName":"Boswell Platform", "StationType":"Outpost" }
{ "timestamp":"2017-11-18T04:17:38Z", "event":"ReceiveText", "From":"Boswell Platform", "Message":"$STATION_NoFireZone_exited;", "Message_Localised":"No fire zone left.", "Channel":"npc" }
{ "timestamp":"2017-11-18T04:17:42Z", "event":"StartJump", "JumpType":"Hyperspace", "StarSystem":"LHS 3447", "StarClass":"K" }
{ "timestamp":"2017-11-18T04:17:47Z", "event":"Music", "MusicTrack":"NoTrack" }
{ "timestamp":"2017-11-18T04:18:01Z", "event":"FSDJump", "StarSystem":"LHS 3447", "StarPos":[-43.188,-5.281,56.156], "SystemAllegiance":"PilotsFederation", "SystemEconomy":"$economy_Agri;", "SystemEconomy_Localised":"Agriculture", "SystemGovernment":"$government_Democracy;", "SystemGovernment_Localised":"Democracy", "SystemSecurity":"$SYSTEM_SECURITY_high;", "SystemSecurity_Localised":"High Security", "Population":1148206412, "JumpDist":6.961, "FuelUsed":0.345609, "FuelLevel":7.654390, "Factions":[ { "Name":"LHS 3447 Academy for Novitiate Pilots", "FactionState":"None", "Government":"Cooperative", "Influence":0.098901, "Allegiance":"Independent", "PendingStates":[ { "State":"CivilWar", "Trend":0 } ] }, { "Name":"LTT 18486 Jet Energy Company", "FactionState":"None", "Government":"Corporate", "Influence":0.035964, "Allegiance":"Federation", "PendingStates":[ { "State":"Boom", "Trend":1 }, { "State":"CivilUnrest", "Trend":0 }, { "State":"Lockdown", "Trend":0 } ] }, { "Name":"Pilots Federation Local Branch", "FactionState":"None", "Government":"Democracy", "Influence":0.000000, "Allegiance":"PilotsFederation" }, { "Name":"Future of LHS 3447", "FactionState":"CivilUnrest", "Government":"Democracy", "Influence":0.223776, "Allegiance":"Federation", "PendingStates":[ { "State":"Boom", "Trend":1 }, { "State":"Lockdown", "Trend":0 } ], "RecoveringStates":[ { "State":"Outbreak", "Trend":1 } ] }, { "Name":"Liberty Party of GD 219", "FactionState":"None", "Government":"Dictatorship", "Influence":0.045954, "Allegiance":"Independent", "PendingStates":[ { "State":"Boom", "Trend":1 } ], "RecoveringStates":[ { "State":"Outbreak", "Trend":1 } ] }, { "Name":"LHS 3447 Co", "FactionState":"None", "Government":"Corporate", "Influence":0.209790, "Allegiance":"Independent", "RecoveringStates":[ { "State":"Boom", "Trend":0 } ] }, { "Name":"Freedom Party of LHS 3447", "FactionState":"Boom", "Government":"Dictatorship", "Influence":0.217782, "Allegiance":"Independent" }, { "Name":"LHS 3447 Cartel", "FactionState":"Lockdown", "Government":"Anarchy", "Influence":0.064935, "Allegiance":"Independent", "PendingStates":[ { "State":"Boom", "Trend":1 }, { "State":"CivilUnrest", "Trend":1 } ], "RecoveringStates":[ { "State":"Outbreak", "Trend":-1 } ] }, { "Name":"LHS 3447 Dynamic & Co", "FactionState":"None", "Government":"Corporate", "Influence":0.102897, "Allegiance":"Federation", "PendingStates":[ { "State":"Boom", "Trend":1 }, { "State":"CivilUnrest", "Trend":-1 } ] } ], "SystemFaction":"Pilots Federation Local Branch" }
{ "timestamp":"2017-11-18T04:18:01Z", "event":"Music", "MusicTrack":"Supercruise" }
{ "timestamp":"2017-11-18T04:21:12Z", "event":"Music", "MusicTrack":"SystemMap" }
{ "timestamp":"2017-11-18T04:21:15Z", "event":"Music", "MusicTrack":"Supercruise" }
{ "timestamp":"2017-11-18T04:32:27Z", "event":"SupercruiseExit", "StarSystem":"LHS 3447", "Body":"Worlidge Terminal", "BodyType":"Station" }
{ "timestamp":"2017-11-18T04:32:28Z", "event":"Music", "MusicTrack":"DestinationFromSupercruise" }
{ "timestamp":"2017-11-18T04:32:33Z", "event":"Music", "MusicTrack":"NoTrack" }
{ "timestamp":"2017-11-18T04:32:59Z", "event":"ReceiveText", "From":"Worlidge Terminal", "Message":"$STATION_NoFireZone_entered;", "Message_Localised":"No fire zone entered.", "Channel":"npc" }
{ "timestamp":"2017-11-18T04:34:03Z", "event":"DockingRequested", "StationName":"Worlidge Terminal" }
{ "timestamp":"2017-11-18T04:34:03Z", "event":"ReceiveText", "From":"Worlidge Terminal", "Message":"$DockingChatter_Neutral;", "Message_Localised":"Ensure to observe starport protocol during your visit, pilot.", "Channel":"npc" }
{ "timestamp":"2017-11-18T04:34:05Z", "event":"ReceiveText", "From":"Worlidge Terminal", "Message":"$STATION_docking_granted;", "Message_Localised":"Docking request granted.", "Channel":"npc" }
{ "timestamp":"2017-11-18T04:34:05Z", "event":"DockingGranted", "LandingPad":16, "StationName":"Worlidge Terminal" }
{ "timestamp":"2017-11-18T04:36:12Z", "event":"Scanned", "ScanType":"Cargo" }
{ "timestamp":"2017-11-18T04:36:12Z", "event":"ReceiveText", "From":"$ShipName_Police_Federation;", "From_Localised":"Federal Security Service", "Message":"$Police_ThankYouPassedStopAndSearch03;", "Message_Localised":"All clear. Carry on, pilot.", "Channel":"npc" }
{ "timestamp":"2017-11-18T04:36:34Z", "event":"Music", "MusicTrack":"Starport" }
{ "timestamp":"2017-11-18T04:37:48Z", "event":"Docked", "StationName":"Worlidge Terminal", "StationType":"Coriolis", "StarSystem":"LHS 3447", "StationFaction":"LHS 3447 Dynamic & Co", "StationGovernment":"$government_Corporate;", "StationGovernment_Localised":"Corporate", "StationAllegiance":"Federation", "StationServices":[ "Dock", "Autodock", "BlackMarket", "Commodities", "Contacts", "Exploration", "Missions", "Outfitting", "CrewLounge", "Rearm", "Refuel", "Repair", "Shipyard", "Tuning", "MissionsGenerated", "FlightController", "StationOperations", "Powerplay", "SearchAndRescue" ], "StationEconomy":"$economy_Extraction;", "StationEconomy_Localised":"Extraction", "DistFromStarLS":91832.007813 }
{ "timestamp":"2017-11-18T04:38:04Z", "event":"MissionCompleted", "Faction":"Future of LHS 3447", "Name":"Mission_Courier_War_name", "MissionID":247875563, "TargetFaction":"Future of LHS 3447", "DestinationSystem":"LHS 3447", "DestinationStation":"Worlidge Terminal", "Reward":44220 }
{ "timestamp":"2017-11-18T04:38:04Z", "event":"MaterialDiscovered", "Category":"Manufactured", "Name":"mechanicalequipment", "DiscoveryNumber":1 }
{ "timestamp":"2017-11-18T04:38:04Z", "event":"MaterialCollected", "Category":"Manufactured", "Name":"mechanicalequipment", "Count":1 }
{ "timestamp":"2017-11-18T04:39:19Z", "event":"Undocked", "StationName":"Worlidge Terminal", "StationType":"Coriolis" }
{ "timestamp":"2017-11-18T04:39:50Z", "event":"Music", "MusicTrack":"NoTrack" }
{ "timestamp":"2017-11-18T04:39:59Z", "event":"ReceiveText", "From":"Worlidge Terminal", "Message":"$DockingTresspassWarningComms;", "Message_Localised":"Unauthorised access infraction detected, clear starport immediately to avoid lethal response", "Channel":"npc" }
{ "timestamp":"2017-11-18T04:40:05Z", "event":"ReceiveText", "From":"Worlidge Terminal", "Message":"$DockingOffenceCleared;", "Message_Localised":"Starport infractions cleared, docking privileges restored.", "Channel":"npc" }
{ "timestamp":"2017-11-18T04:40:16Z", "event":"ReceiveText", "From":"$npc_name_decorate:#name=Trickle;", "From_Localised":"Trickle", "Message":"$Commuter_AuthorityScan03;", "Message_Localised":"Will this take long? Ive got a schedule to keep. ", "Channel":"npc" }
{ "timestamp":"2017-11-18T04:41:08Z", "event":"ReceiveText", "From":"Worlidge Terminal", "Message":"$STATION_NoFireZone_exited;", "Message_Localised":"No fire zone left.", "Channel":"npc" }
{ "timestamp":"2017-11-18T04:41:13Z", "event":"ReceiveText", "From":"$npc_name_decorate:#name=Jon Sansom;", "From_Localised":"Jon Sansom", "Message":"$Commuter_AuthorityScan01;", "Message_Localised":"Is there a problem here, officer?", "Channel":"npc" }
{ "timestamp":"2017-11-18T04:41:13Z", "event":"StartJump", "JumpType":"Supercruise" }
{ "timestamp":"2017-11-18T04:41:18Z", "event":"SupercruiseEntry", "StarSystem":"LHS 3447" }
{ "timestamp":"2017-11-18T04:41:19Z", "event":"Music", "MusicTrack":"Supercruise" }
{ "timestamp":"2017-11-18T04:45:07Z", "event":"SupercruiseExit", "StarSystem":"LHS 3447", "Body":"Oleskiw Station", "BodyType":"Station" }
{ "timestamp":"2017-11-18T04:45:07Z", "event":"Music", "MusicTrack":"DestinationFromSupercruise" }
{ "timestamp":"2017-11-18T04:45:12Z", "event":"Music", "MusicTrack":"Exploration" }
{ "timestamp":"2017-11-18T04:45:25Z", "event":"ReceiveText", "From":"Oleskiw Station", "Message":"$STATION_NoFireZone_entered;", "Message_Localised":"No fire zone entered.", "Channel":"npc" }
{ "timestamp":"2017-11-18T04:45:39Z", "event":"DockingRequested", "StationName":"Oleskiw Station" }
{ "timestamp":"2017-11-18T04:45:39Z", "event":"ReceiveText", "From":"Oleskiw Station", "Message":"$DockingChatter_Neutral;", "Message_Localised":"Ensure to observe starport protocol during your visit, pilot.", "Channel":"npc" }
{ "timestamp":"2017-11-18T04:45:41Z", "event":"ReceiveText", "From":"Oleskiw Station", "Message":"$STATION_docking_granted;", "Message_Localised":"Docking request granted.", "Channel":"npc" }
{ "timestamp":"2017-11-18T04:45:41Z", "event":"DockingGranted", "LandingPad":1, "StationName":"Oleskiw Station" }
{ "timestamp":"2017-11-18T04:47:25Z", "event":"Scanned", "ScanType":"Cargo" }
{ "timestamp":"2017-11-18T04:48:22Z", "event":"Docked", "StationName":"Oleskiw Station", "StationType":"Outpost", "StarSystem":"LHS 3447", "StationFaction":"Future of LHS 3447", "FactionState":"CivilUnrest", "StationGovernment":"$government_Democracy;", "StationGovernment_Localised":"Democracy", "StationAllegiance":"Federation", "StationServices":[ "Dock", "Autodock", "BlackMarket", "Commodities", "Contacts", "Exploration", "Missions", "Rearm", "Refuel", "Repair", "Tuning", "MissionsGenerated", "FlightController", "StationOperations", "Powerplay", "SearchAndRescue" ], "StationEconomy":"$economy_Extraction;", "StationEconomy_Localised":"Extraction", "DistFromStarLS":92147.171875 }
{ "timestamp":"2017-11-18T04:48:44Z", "event":"MissionCompleted", "Faction":"Freedom Party of LHS 3447", "Name":"Mission_Delivery_name", "MissionID":247875366, "Commodity":"$Explosives_Name;", "Commodity_Localised":"Explosives", "Count":3, "TargetFaction":"Freedom Party of LHS 3447", "DestinationSystem":"LHS 3447", "DestinationStation":"Oleskiw Station", "Reward":21083, "CommodityReward":[ { "Name":"NeofabricInsulation", "Count":4 } ] }
{ "timestamp":"2017-11-18T04:48:44Z", "event":"MaterialDiscovered", "Category":"Manufactured", "Name":"gridresistors", "DiscoveryNumber":2 }
{ "timestamp":"2017-11-18T04:48:44Z", "event":"MaterialCollected", "Category":"Manufactured", "Name":"gridresistors", "Count":1 }
{ "timestamp":"2017-11-18T04:50:13Z", "event":"MarketSell", "Type":"neofabricinsulation", "Count":6, "SellPrice":3437, "TotalSale":20622, "AvgPricePaid":0 }
{ "timestamp":"2017-11-18T04:53:39Z", "event":"MissionAccepted", "Faction":"Freedom Party of LHS 3447", "Name":"Mission_Delivery_Boom", "LocalisedName":"Boom time delivery of 4 units of Cobalt", "Commodity":"$Cobalt_Name;", "Commodity_Localised":"Cobalt", "Count":4, "TargetFaction":"Adle's Armada", "DestinationSystem":"Eravate", "DestinationStation":"Russell Ring", "Expiry":"2017-11-19T04:48:37Z", "Influence":"Low", "Reputation":"Low", "Reward":28478, "MissionID":247888964 }
{ "timestamp":"2017-11-18T04:53:58Z", "event":"MissionAccepted", "Faction":"Liberty Party of GD 219", "Name":"Mission_Courier", "LocalisedName":"Courier job available", "TargetFaction":"Independent Eravate Free", "DestinationSystem":"Eravate", "DestinationStation":"McMahon Dock", "Expiry":"2017-11-19T04:48:36Z", "Influence":"Low", "Reputation":"Med", "Reward":2229, "MissionID":247889074 }
{ "timestamp":"2017-11-18T04:54:07Z", "event":"MissionAccepted", "Faction":"LTT 18486 Jet Energy Company", "Name":"Mission_Courier", "LocalisedName":"Courier job available", "TargetFaction":"Traditional Eravate Autocracy", "DestinationSystem":"Eravate", "DestinationStation":"Sylvester City", "Expiry":"2017-11-19T04:48:37Z", "Influence":"Low", "Reputation":"Med", "Reward":8046, "MissionID":247889127 }
{ "timestamp":"2017-11-18T04:54:47Z", "event":"Music", "MusicTrack":"GalaxyMap" }
{ "timestamp":"2017-11-18T04:54:54Z", "event":"Music", "MusicTrack":"Exploration" }
{ "timestamp":"2017-11-18T04:55:13Z", "event":"Undocked", "StationName":"Oleskiw Station", "StationType":"Outpost" }
{ "timestamp":"2017-11-18T04:56:27Z", "event":"StartJump", "JumpType":"Hyperspace", "StarSystem":"Eravate", "StarClass":"K" }
{ "timestamp":"2017-11-18T04:56:33Z", "event":"Music", "MusicTrack":"NoTrack" }
{ "timestamp":"2017-11-18T04:56:46Z", "event":"FSDJump", "StarSystem":"Eravate", "StarPos":[-42.438,-3.156,59.656], "SystemAllegiance":"Federation", "SystemEconomy":"$economy_Agri;", "SystemEconomy_Localised":"Agriculture", "SystemGovernment":"$government_Corporate;", "SystemGovernment_Localised":"Corporate", "SystemSecurity":"$SYSTEM_SECURITY_high;", "SystemSecurity_Localised":"High Security", "Population":740380179, "JumpDist":4.163, "FuelUsed":0.109415, "FuelLevel":7.184975, "Factions":[ { "Name":"Eravate School of Commerce", "FactionState":"None", "Government":"Cooperative", "Influence":0.115000, "Allegiance":"Independent", "PendingStates":[ { "State":"CivilWar", "Trend":0 } ] }, { "Name":"Pilots Federation Local Branch", "FactionState":"None", "Government":"Democracy", "Influence":0.000000, "Allegiance":"PilotsFederation" }, { "Name":"Independent Eravate Free", "FactionState":"Boom", "Government":"Democracy", "Influence":0.120000, "Allegiance":"Independent", "RecoveringStates":[ { "State":"Outbreak", "Trend":1 } ] }, { "Name":"Eravate Network", "FactionState":"Outbreak", "Government":"Corporate", "Influence":0.150000, "Allegiance":"Federation", "RecoveringStates":[ { "State":"Boom", "Trend":-1 } ] }, { "Name":"Traditional Eravate Autocracy", "FactionState":"Boom", "Government":"Dictatorship", "Influence":0.093000, "Allegiance":"Independent", "PendingStates":[ { "State":"Outbreak", "Trend":1 } ] }, { "Name":"Eravate Life Services", "FactionState":"None", "Government":"Corporate", "Influence":0.108000, "Allegiance":"Independent", "PendingStates":[ { "State":"Outbreak", "Trend":1 } ], "RecoveringStates":[ { "State":"Boom", "Trend":1 } ] }, { "Name":"Official Eravate Flag", "FactionState":"Outbreak", "Government":"Dictatorship", "Influence":0.085000, "Allegiance":"Independent", "RecoveringStates":[ { "State":"Boom", "Trend":-1 } ] }, { "Name":"Adle's Armada", "FactionState":"Boom", "Government":"Corporate", "Influence":0.329000, "Allegiance":"Federation" } ], "SystemFaction":"Adle's Armada", "FactionState":"Boom" }
{ "timestamp":"2017-11-18T04:56:46Z", "event":"Music", "MusicTrack":"Supercruise" }
{ "timestamp":"2017-11-18T04:57:10Z", "event":"Music", "MusicTrack":"GalaxyMap" }
{ "timestamp":"2017-11-18T04:57:20Z", "event":"Music", "MusicTrack":"Supercruise" }
{ "timestamp":"2017-11-18T04:57:27Z", "event":"Music", "MusicTrack":"SystemMap" }
{ "timestamp":"2017-11-18T04:57:54Z", "event":"Music", "MusicTrack":"Supercruise" }
{ "timestamp":"2017-11-18T04:59:10Z", "event":"ReceiveText", "From":"$ShipName_PassengerLiner_Wedding;", "From_Localised":"Wedding Barge", "Message":"$ConvoyWedding_Patrol02;", "Message_Localised":"Three cheers for the happy couple!", "Channel":"npc" }
{ "timestamp":"2017-11-18T04:59:54Z", "event":"ReceiveText", "From":"$ShipName_PassengerLiner_Wedding;", "From_Localised":"Wedding Barge", "Message":"$ConvoyWedding_Patrol02;", "Message_Localised":"Three cheers for the happy couple!", "Channel":"npc" }
{ "timestamp":"2017-11-18T05:00:22Z", "event":"MissionRedirected", "MissionID":247758459, "Name":"Mission_Collect_Industrial_name", "NewDestinationStation":"Wohler Terminal", "NewDestinationSystem":"Kremainn", "OldDestinationStation":"Russell Ring", "OldDestinationSystem":"Eravate" }
{ "timestamp":"2017-11-18T05:00:26Z", "event":"ReceiveText", "From":"$ShipName_PassengerLiner_Wedding;", "From_Localised":"Wedding Barge", "Message":"$ConvoyWedding_Patrol05;", "Message_Localised":"The ceremony will be starting soon! Please make sure your screens are set to the appropriate frequencies!", "Channel":"npc" }
{ "timestamp":"2017-11-18T05:00:43Z", "event":"SupercruiseExit", "StarSystem":"Eravate", "Body":"Russell Ring", "BodyType":"Station" }
{ "timestamp":"2017-11-18T05:00:44Z", "event":"Music", "MusicTrack":"DestinationFromSupercruise" }
{ "timestamp":"2017-11-18T05:00:45Z", "event":"ReceiveText", "From":"Russell Ring", "Message":"$STATION_NoFireZone_entered;", "Message_Localised":"No fire zone entered.", "Channel":"npc" }
{ "timestamp":"2017-11-18T05:00:49Z", "event":"Music", "MusicTrack":"NoTrack" }
{ "timestamp":"2017-11-18T05:01:20Z", "event":"DockingRequested", "StationName":"Russell Ring" }
{ "timestamp":"2017-11-18T05:01:20Z", "event":"ReceiveText", "From":"Russell Ring", "Message":"$DockingChatter_Neutral;", "Message_Localised":"Ensure to observe starport protocol during your visit, pilot.", "Channel":"npc" }
{ "timestamp":"2017-11-18T05:01:22Z", "event":"ReceiveText", "From":"Russell Ring", "Message":"$STATION_docking_granted;", "Message_Localised":"Docking request granted.", "Channel":"npc" }
{ "timestamp":"2017-11-18T05:01:22Z", "event":"DockingGranted", "LandingPad":31, "StationName":"Russell Ring" }
{ "timestamp":"2017-11-18T05:03:32Z", "event":"Music", "MusicTrack":"Starport" }
{ "timestamp":"2017-11-18T05:04:17Z", "event":"Docked", "StationName":"Russell Ring", "StationType":"Orbis", "StarSystem":"Eravate", "StationFaction":"Pilots Federation Local Branch", "StationGovernment":"$government_Democracy;", "StationGovernment_Localised":"Democracy", "StationAllegiance":"PilotsFederation", "StationServices":[ "Dock", "Autodock", "Commodities", "Contacts", "Exploration", "Missions", "Outfitting", "CrewLounge", "Rearm", "Refuel", "Repair", "Shipyard", "Tuning", "MissionsGenerated", "FlightController", "StationOperations", "Powerplay", "SearchAndRescue" ], "StationEconomy":"$economy_Industrial;", "StationEconomy_Localised":"Industrial", "DistFromStarLS":99.493599 }
{ "timestamp":"2017-11-18T05:04:33Z", "event":"Promotion", "Trade":2 }
{ "timestamp":"2017-11-18T05:04:34Z", "event":"MissionCompleted", "Faction":"Adle's Armada", "Name":"Mission_Delivery_Boom_name", "MissionID":247888964, "Commodity":"$Cobalt_Name;", "Commodity_Localised":"Cobalt", "Count":4, "TargetFaction":"Adle's Armada", "DestinationSystem":"Eravate", "DestinationStation":"Russell Ring", "Reward":28478 }
{ "timestamp":"2017-11-18T05:05:42Z", "event":"Undocked", "StationName":"Russell Ring", "StationType":"Orbis" }
{ "timestamp":"2017-11-18T05:06:25Z", "event":"Music", "MusicTrack":"NoTrack" }
{ "timestamp":"2017-11-18T05:06:36Z", "event":"ReceiveText", "From":"Russell Ring", "Message":"$DockingTresspassWarningComms;", "Message_Localised":"Unauthorised access infraction detected, clear starport immediately to avoid lethal response", "Channel":"npc" }
{ "timestamp":"2017-11-18T05:06:48Z", "event":"ReceiveText", "From":"Russell Ring", "Message":"$DockingOffenceCleared;", "Message_Localised":"Starport infractions cleared, docking privileges restored.", "Channel":"npc" }
{ "timestamp":"2017-11-18T05:07:17Z", "event":"Scanned", "ScanType":"Cargo" }
{ "timestamp":"2017-11-18T05:07:17Z", "event":"ReceiveText", "From":"$ShipName_Police_Independent;", "From_Localised":"System Authority Vessel", "Message":"$Police_ThankYouPassedStopAndSearch08;", "Message_Localised":"All done and you're clear to proceed, Commander.", "Channel":"npc" }
{ "timestamp":"2017-11-18T05:07:22Z", "event":"Music", "MusicTrack":"SystemMap" }
{ "timestamp":"2017-11-18T05:07:47Z", "event":"Music", "MusicTrack":"NoTrack" }
{ "timestamp":"2017-11-18T05:08:03Z", "event":"ReceiveText", "From":"Russell Ring", "Message":"$STATION_NoFireZone_exited;", "Message_Localised":"No fire zone left.", "Channel":"npc" }
{ "timestamp":"2017-11-18T05:08:39Z", "event":"StartJump", "JumpType":"Supercruise" }
{ "timestamp":"2017-11-18T05:08:41Z", "event":"Scanned", "ScanType":"Cargo" }
{ "timestamp":"2017-11-18T05:08:44Z", "event":"SupercruiseEntry", "StarSystem":"Eravate" }
{ "timestamp":"2017-11-18T05:08:44Z", "event":"Music", "MusicTrack":"Supercruise" }
{ "timestamp":"2017-11-18T05:11:52Z", "event":"ReceiveText", "From":"$ShipName_PassengerLiner_Cruise;", "From_Localised":"Cruise Ship", "Message":"$CruiseLiner_SCPatrol03;", "Message_Localised":"Today's cruise includes some delightful views, our flight attendants are on hand with full details.", "Channel":"npc" }
{ "timestamp":"2017-11-18T05:12:30Z", "event":"ReceiveText", "From":"$ShipName_PassengerLiner_Cruise;", "From_Localised":"Cruise Ship", "Message":"$CruiseLiner_SCPatrol02;", "Message_Localised":"We will be cruising in-system for a while, please feel free to take advantage of our in-flight entertainment.", "Channel":"npc" }
{ "timestamp":"2017-11-18T05:13:15Z", "event":"ReceiveText", "From":"$ShipName_PassengerLiner_Cruise;", "From_Localised":"Cruise Ship", "Message":"$CruiseLiner_SCPatrol04;", "Message_Localised":"I'd like to direct your attention to our flight attendants for a brief safety demonstration.", "Channel":"npc" }
{ "timestamp":"2017-11-18T05:14:04Z", "event":"ReceiveText", "From":"$ShipName_PassengerLiner_Cruise;", "From_Localised":"Cruise Ship", "Message":"$CruiseLiner_SCPatrol01;", "Message_Localised":"And don't forget, this Liner is in the top 1% of all Liners out there.", "Channel":"npc" }
{ "timestamp":"2017-11-18T05:14:56Z", "event":"SupercruiseExit", "StarSystem":"Eravate", "Body":"Sylvester City", "BodyType":"Station" }
{ "timestamp":"2017-11-18T05:14:56Z", "event":"Music", "MusicTrack":"DestinationFromSupercruise" }
{ "timestamp":"2017-11-18T05:15:01Z", "event":"Music", "MusicTrack":"Exploration" }
{ "timestamp":"2017-11-18T05:15:12Z", "event":"ReceiveText", "From":"Sylvester City", "Message":"$STATION_NoFireZone_entered;", "Message_Localised":"No fire zone entered.", "Channel":"npc" }
{ "timestamp":"2017-11-18T05:15:26Z", "event":"DockingRequested", "StationName":"Sylvester City" }
{ "timestamp":"2017-11-18T05:15:26Z", "event":"ReceiveText", "From":"Sylvester City", "Message":"$DockingChatter_Neutral;", "Message_Localised":"Ensure to observe starport protocol during your visit, pilot.", "Channel":"npc" }
{ "timestamp":"2017-11-18T05:15:27Z", "event":"ReceiveText", "From":"Sylvester City", "Message":"$STATION_docking_granted;", "Message_Localised":"Docking request granted.", "Channel":"npc" }
{ "timestamp":"2017-11-18T05:15:27Z", "event":"DockingGranted", "LandingPad":1, "StationName":"Sylvester City" }
{ "timestamp":"2017-11-18T05:17:19Z", "event":"Docked", "StationName":"Sylvester City", "StationType":"Outpost", "StarSystem":"Eravate", "StationFaction":"Independent Eravate Free", "FactionState":"Boom", "StationGovernment":"$government_Democracy;", "StationGovernment_Localised":"Democracy", "StationServices":[ "Dock", "Autodock", "Commodities", "Contacts", "Exploration", "Missions", "Refuel", "Repair", "Tuning", "MissionsGenerated", "FlightController", "StationOperations", "Powerplay", "SearchAndRescue" ], "StationEconomy":"$economy_Industrial;", "StationEconomy_Localised":"Industrial", "DistFromStarLS":495.150848 }
{ "timestamp":"2017-11-18T05:17:35Z", "event":"MissionCompleted", "Faction":"Traditional Eravate Autocracy", "Name":"Mission_Courier_name", "MissionID":247889127, "TargetFaction":"Traditional Eravate Autocracy", "DestinationSystem":"Eravate", "DestinationStation":"Sylvester City", "Reward":8046 }
{ "timestamp":"2017-11-18T05:18:18Z", "event":"Undocked", "StationName":"Sylvester City", "StationType":"Outpost" }
{ "timestamp":"2017-11-18T05:19:02Z", "event":"Music", "MusicTrack":"SystemMap" }
{ "timestamp":"2017-11-18T05:19:12Z", "event":"Music", "MusicTrack":"Exploration" }
{ "timestamp":"2017-11-18T05:19:42Z", "event":"StartJump", "JumpType":"Supercruise" }
{ "timestamp":"2017-11-18T05:19:47Z", "event":"SupercruiseEntry", "StarSystem":"Eravate" }
{ "timestamp":"2017-11-18T05:19:48Z", "event":"Music", "MusicTrack":"Supercruise" }
{ "timestamp":"2017-11-18T05:20:59Z", "event":"ReceiveText", "From":"$ShipName_PassengerLiner_Cruise;", "From_Localised":"Cruise Ship", "Message":"$CruiseLiner_SCPatrol05;", "Message_Localised":"This is your captain. Due to some unforeseen delays, we will be arriving at our next destination later than scheduled.", "Channel":"npc" }
{ "timestamp":"2017-11-18T05:24:12Z", "event":"SupercruiseExit", "StarSystem":"Eravate", "Body":"McMahon Dock", "BodyType":"Station" }
{ "timestamp":"2017-11-18T05:24:13Z", "event":"Music", "MusicTrack":"DestinationFromSupercruise" }
{ "timestamp":"2017-11-18T05:24:18Z", "event":"Music", "MusicTrack":"Exploration" }
{ "timestamp":"2017-11-18T05:24:33Z", "event":"ReceiveText", "From":"McMahon Dock", "Message":"$STATION_NoFireZone_entered;", "Message_Localised":"No fire zone entered.", "Channel":"npc" }
{ "timestamp":"2017-11-18T05:24:48Z", "event":"DockingRequested", "StationName":"McMahon Dock" }
{ "timestamp":"2017-11-18T05:24:48Z", "event":"ReceiveText", "From":"McMahon Dock", "Message":"$DockingChatter_Neutral;", "Message_Localised":"Ensure to observe starport protocol during your visit, pilot.", "Channel":"npc" }
{ "timestamp":"2017-11-18T05:24:50Z", "event":"ReceiveText", "From":"McMahon Dock", "Message":"$STATION_docking_granted;", "Message_Localised":"Docking request granted.", "Channel":"npc" }
{ "timestamp":"2017-11-18T05:24:50Z", "event":"DockingGranted", "LandingPad":2, "StationName":"McMahon Dock" }
{ "timestamp":"2017-11-18T05:26:49Z", "event":"Docked", "StationName":"McMahon Dock", "StationType":"Outpost", "StarSystem":"Eravate", "StationFaction":"Independent Eravate Free", "FactionState":"Boom", "StationGovernment":"$government_Democracy;", "StationGovernment_Localised":"Democracy", "StationServices":[ "Dock", "Autodock", "BlackMarket", "Commodities", "Contacts", "Exploration", "Missions", "Refuel", "Repair", "Tuning", "MissionsGenerated", "FlightController", "StationOperations", "Powerplay", "SearchAndRescue" ], "StationEconomy":"$economy_Industrial;", "StationEconomy_Localised":"Industrial", "DistFromStarLS":148.890503 }
{ "timestamp":"2017-11-18T05:27:06Z", "event":"MissionCompleted", "Faction":"Independent Eravate Free", "Name":"Mission_Courier_name", "MissionID":247889074, "TargetFaction":"Independent Eravate Free", "DestinationSystem":"Eravate", "DestinationStation":"McMahon Dock", "Reward":2229 }
